<!DOCTYPE html>
<html>
<head>
<meta http-equiv="Content-Type" content="text/html; charset=utf-8"/>
<meta http-equiv="x-ua-compatible" content="IE=edge"/>
<title>Test results - Class de.uka.ilkd.key.proof.proverules.ProveRulesTest</title>
<link href="../css/base-style.css" rel="stylesheet" type="text/css"/>
<link href="../css/style.css" rel="stylesheet" type="text/css"/>
<script src="../js/report.js" type="text/javascript"></script>
</head>
<body>
<div id="content">
<h1>Class de.uka.ilkd.key.proof.proverules.ProveRulesTest</h1>
<div class="breadcrumbs">
<a href="../index.html">all</a> &gt; 
<a href="../packages/de.uka.ilkd.key.proof.proverules.html">de.uka.ilkd.key.proof.proverules</a> &gt; ProveRulesTest</div>
<div id="summary">
<table>
<tr>
<td>
<div class="summaryGroup">
<table>
<tr>
<td>
<div class="infoBox" id="tests">
<div class="counter">198</div>
<p>tests</p>
</div>
</td>
<td>
<div class="infoBox" id="failures">
<div class="counter">1</div>
<p>failures</p>
</div>
</td>
<td>
<div class="infoBox" id="ignored">
<div class="counter">0</div>
<p>ignored</p>
</div>
</td>
<td>
<div class="infoBox" id="duration">
<div class="counter">11m22.69s</div>
<p>duration</p>
</div>
</td>
</tr>
</table>
</div>
</td>
<td>
<div class="infoBox failures" id="successRate">
<div class="percent">99%</div>
<p>successful</p>
</div>
</td>
</tr>
</table>
</div>
<div id="tabs">
<ul class="tabLinks">
<li>
<a href="#tab0">Failed tests</a>
</li>
<li>
<a href="#tab1">Tests</a>
</li>
<li>
<a href="#tab2">Standard output</a>
</li>
</ul>
<div id="tab0" class="tab">
<h2>Failed tests</h2>
<div class="test">
<a name="data()[196]"></a>
<h3 class="failures">schiffl_lemma_2</h3>
<span class="code">
<pre>de.uka.ilkd.key.macros.scripts.ScriptException: Error while executing script: No matching applications.

Command: rule getOfSwap
	at app//de.uka.ilkd.key.macros.scripts.ProofScriptEngine.execute(ProofScriptEngine.java:174)
	at app//de.uka.ilkd.key.proof.proverules.ProveRulesTest.loadTacletProof(ProveRulesTest.java:72)
	at app//de.uka.ilkd.key.proof.proverules.ProveRulesTest.lambda$data$0(ProveRulesTest.java:144)
	at app//org.junit.jupiter.engine.descriptor.DynamicTestTestDescriptor.lambda$execute$0(DynamicTestTestDescriptor.java:53)
	at app//org.junit.jupiter.engine.execution.InvocationInterceptorChain$ValidatingInvocation.proceed(InvocationInterceptorChain.java:131)
	at app//org.junit.jupiter.api.extension.InvocationInterceptor.interceptDynamicTest(InvocationInterceptor.java:167)
	at app//org.junit.jupiter.api.extension.InvocationInterceptor.interceptDynamicTest(InvocationInterceptor.java:184)
	at app//org.junit.jupiter.engine.descriptor.DynamicTestTestDescriptor.lambda$execute$1(DynamicTestTestDescriptor.java:61)
	at app//org.junit.jupiter.engine.execution.InvocationInterceptorChain$InterceptorCall.lambda$ofVoid$0(InvocationInterceptorChain.java:78)
	at app//org.junit.jupiter.engine.execution.InvocationInterceptorChain$InterceptedInvocation.proceed(InvocationInterceptorChain.java:106)
	at app//org.junit.jupiter.engine.execution.InvocationInterceptorChain.proceed(InvocationInterceptorChain.java:64)
	at app//org.junit.jupiter.engine.execution.InvocationInterceptorChain.chainAndInvoke(InvocationInterceptorChain.java:45)
	at app//org.junit.jupiter.engine.execution.InvocationInterceptorChain.invoke(InvocationInterceptorChain.java:37)
	at app//org.junit.jupiter.engine.descriptor.DynamicTestTestDescriptor.execute(DynamicTestTestDescriptor.java:60)
	at app//org.junit.jupiter.engine.descriptor.DynamicTestTestDescriptor.execute(DynamicTestTestDescriptor.java:32)
	at app//org.junit.platform.engine.support.hierarchical.NodeTestTask.lambda$executeRecursively$6(NodeTestTask.java:151)
	at app//org.junit.platform.engine.support.hierarchical.ThrowableCollector.execute(ThrowableCollector.java:73)
	at app//org.junit.platform.engine.support.hierarchical.NodeTestTask.lambda$executeRecursively$8(NodeTestTask.java:141)
	at app//org.junit.platform.engine.support.hierarchical.Node.around(Node.java:137)
	at app//org.junit.platform.engine.support.hierarchical.NodeTestTask.lambda$executeRecursively$9(NodeTestTask.java:139)
	at app//org.junit.platform.engine.support.hierarchical.ThrowableCollector.execute(ThrowableCollector.java:73)
	at app//org.junit.platform.engine.support.hierarchical.NodeTestTask.executeRecursively(NodeTestTask.java:138)
	at app//org.junit.platform.engine.support.hierarchical.NodeTestTask.execute(NodeTestTask.java:95)
	at app//org.junit.platform.engine.support.hierarchical.SameThreadHierarchicalTestExecutorService.submit(SameThreadHierarchicalTestExecutorService.java:35)
	at app//org.junit.platform.engine.support.hierarchical.NodeTestTask$DefaultDynamicTestExecutor.execute(NodeTestTask.java:226)
	at app//org.junit.platform.engine.support.hierarchical.NodeTestTask$DefaultDynamicTestExecutor.execute(NodeTestTask.java:204)
	at java.base@11.0.18/java.util.Optional.ifPresent(Optional.java:183)
	at app//org.junit.jupiter.engine.descriptor.TestFactoryTestDescriptor.lambda$invokeTestMethod$1(TestFactoryTestDescriptor.java:108)
	at app//org.junit.platform.engine.support.hierarchical.ThrowableCollector.execute(ThrowableCollector.java:73)
	at app//org.junit.jupiter.engine.descriptor.TestFactoryTestDescriptor.invokeTestMethod(TestFactoryTestDescriptor.java:95)
	at app//org.junit.jupiter.engine.descriptor.TestMethodTestDescriptor.execute(TestMethodTestDescriptor.java:138)
	at app//org.junit.jupiter.engine.descriptor.TestMethodTestDescriptor.execute(TestMethodTestDescriptor.java:68)
	at app//org.junit.platform.engine.support.hierarchical.NodeTestTask.lambda$executeRecursively$6(NodeTestTask.java:151)
	at app//org.junit.platform.engine.support.hierarchical.ThrowableCollector.execute(ThrowableCollector.java:73)
	at app//org.junit.platform.engine.support.hierarchical.NodeTestTask.lambda$executeRecursively$8(NodeTestTask.java:141)
	at app//org.junit.platform.engine.support.hierarchical.Node.around(Node.java:137)
	at app//org.junit.platform.engine.support.hierarchical.NodeTestTask.lambda$executeRecursively$9(NodeTestTask.java:139)
	at app//org.junit.platform.engine.support.hierarchical.ThrowableCollector.execute(ThrowableCollector.java:73)
	at app//org.junit.platform.engine.support.hierarchical.NodeTestTask.executeRecursively(NodeTestTask.java:138)
	at app//org.junit.platform.engine.support.hierarchical.NodeTestTask.execute(NodeTestTask.java:95)
	at java.base@11.0.18/java.util.ArrayList.forEach(ArrayList.java:1541)
	at app//org.junit.platform.engine.support.hierarchical.SameThreadHierarchicalTestExecutorService.invokeAll(SameThreadHierarchicalTestExecutorService.java:41)
	at app//org.junit.platform.engine.support.hierarchical.NodeTestTask.lambda$executeRecursively$6(NodeTestTask.java:155)
	at app//org.junit.platform.engine.support.hierarchical.ThrowableCollector.execute(ThrowableCollector.java:73)
	at app//org.junit.platform.engine.support.hierarchical.NodeTestTask.lambda$executeRecursively$8(NodeTestTask.java:141)
	at app//org.junit.platform.engine.support.hierarchical.Node.around(Node.java:137)
	at app//org.junit.platform.engine.support.hierarchical.NodeTestTask.lambda$executeRecursively$9(NodeTestTask.java:139)
	at app//org.junit.platform.engine.support.hierarchical.ThrowableCollector.execute(ThrowableCollector.java:73)
	at app//org.junit.platform.engine.support.hierarchical.NodeTestTask.executeRecursively(NodeTestTask.java:138)
	at app//org.junit.platform.engine.support.hierarchical.NodeTestTask.execute(NodeTestTask.java:95)
	at java.base@11.0.18/java.util.ArrayList.forEach(ArrayList.java:1541)
	at app//org.junit.platform.engine.support.hierarchical.SameThreadHierarchicalTestExecutorService.invokeAll(SameThreadHierarchicalTestExecutorService.java:41)
	at app//org.junit.platform.engine.support.hierarchical.NodeTestTask.lambda$executeRecursively$6(NodeTestTask.java:155)
	at app//org.junit.platform.engine.support.hierarchical.ThrowableCollector.execute(ThrowableCollector.java:73)
	at app//org.junit.platform.engine.support.hierarchical.NodeTestTask.lambda$executeRecursively$8(NodeTestTask.java:141)
	at app//org.junit.platform.engine.support.hierarchical.Node.around(Node.java:137)
	at app//org.junit.platform.engine.support.hierarchical.NodeTestTask.lambda$executeRecursively$9(NodeTestTask.java:139)
	at app//org.junit.platform.engine.support.hierarchical.ThrowableCollector.execute(ThrowableCollector.java:73)
	at app//org.junit.platform.engine.support.hierarchical.NodeTestTask.executeRecursively(NodeTestTask.java:138)
	at app//org.junit.platform.engine.support.hierarchical.NodeTestTask.execute(NodeTestTask.java:95)
	at app//org.junit.platform.engine.support.hierarchical.SameThreadHierarchicalTestExecutorService.submit(SameThreadHierarchicalTestExecutorService.java:35)
	at app//org.junit.platform.engine.support.hierarchical.HierarchicalTestExecutor.execute(HierarchicalTestExecutor.java:57)
	at app//org.junit.platform.engine.support.hierarchical.HierarchicalTestEngine.execute(HierarchicalTestEngine.java:54)
	at app//org.junit.platform.launcher.core.EngineExecutionOrchestrator.execute(EngineExecutionOrchestrator.java:107)
	at app//org.junit.platform.launcher.core.EngineExecutionOrchestrator.execute(EngineExecutionOrchestrator.java:88)
	at app//org.junit.platform.launcher.core.EngineExecutionOrchestrator.lambda$execute$0(EngineExecutionOrchestrator.java:54)
	at app//org.junit.platform.launcher.core.EngineExecutionOrchestrator.withInterceptedStreams(EngineExecutionOrchestrator.java:67)
	at app//org.junit.platform.launcher.core.EngineExecutionOrchestrator.execute(EngineExecutionOrchestrator.java:52)
	at app//org.junit.platform.launcher.core.DefaultLauncher.execute(DefaultLauncher.java:114)
	at app//org.junit.platform.launcher.core.DefaultLauncher.execute(DefaultLauncher.java:86)
	at app//org.junit.platform.launcher.core.DefaultLauncherSession$DelegatingLauncher.execute(DefaultLauncherSession.java:86)
	at org.gradle.api.internal.tasks.testing.junitplatform.JUnitPlatformTestClassProcessor$CollectAllTestClassesExecutor.processAllTestClasses(JUnitPlatformTestClassProcessor.java:110)
	at org.gradle.api.internal.tasks.testing.junitplatform.JUnitPlatformTestClassProcessor$CollectAllTestClassesExecutor.access$000(JUnitPlatformTestClassProcessor.java:90)
	at org.gradle.api.internal.tasks.testing.junitplatform.JUnitPlatformTestClassProcessor.stop(JUnitPlatformTestClassProcessor.java:85)
	at org.gradle.api.internal.tasks.testing.SuiteTestClassProcessor.stop(SuiteTestClassProcessor.java:62)
	at java.base@11.0.18/jdk.internal.reflect.NativeMethodAccessorImpl.invoke0(Native Method)
	at java.base@11.0.18/jdk.internal.reflect.NativeMethodAccessorImpl.invoke(NativeMethodAccessorImpl.java:62)
	at java.base@11.0.18/jdk.internal.reflect.DelegatingMethodAccessorImpl.invoke(DelegatingMethodAccessorImpl.java:43)
	at java.base@11.0.18/java.lang.reflect.Method.invoke(Method.java:566)
	at org.gradle.internal.dispatch.ReflectionDispatch.dispatch(ReflectionDispatch.java:36)
	at org.gradle.internal.dispatch.ReflectionDispatch.dispatch(ReflectionDispatch.java:24)
	at org.gradle.internal.dispatch.ContextClassLoaderDispatch.dispatch(ContextClassLoaderDispatch.java:33)
	at org.gradle.internal.dispatch.ProxyDispatchAdapter$DispatchingInvocationHandler.invoke(ProxyDispatchAdapter.java:94)
	at com.sun.proxy.$Proxy2.stop(Unknown Source)
	at org.gradle.api.internal.tasks.testing.worker.TestWorker$3.run(TestWorker.java:193)
	at org.gradle.api.internal.tasks.testing.worker.TestWorker.executeAndMaintainThreadName(TestWorker.java:129)
	at org.gradle.api.internal.tasks.testing.worker.TestWorker.execute(TestWorker.java:100)
	at org.gradle.api.internal.tasks.testing.worker.TestWorker.execute(TestWorker.java:60)
	at org.gradle.process.internal.worker.child.ActionExecutionWorker.execute(ActionExecutionWorker.java:56)
	at org.gradle.process.internal.worker.child.SystemApplicationClassLoaderWorker.call(SystemApplicationClassLoaderWorker.java:113)
	at org.gradle.process.internal.worker.child.SystemApplicationClassLoaderWorker.call(SystemApplicationClassLoaderWorker.java:65)
	at app//worker.org.gradle.process.internal.worker.GradleWorkerMain.run(GradleWorkerMain.java:69)
	at app//worker.org.gradle.process.internal.worker.GradleWorkerMain.main(GradleWorkerMain.java:74)
Caused by: de.uka.ilkd.key.macros.scripts.ScriptException: No matching applications.
	at app//de.uka.ilkd.key.macros.scripts.RuleCommand.findTacletApp(RuleCommand.java:225)
	at app//de.uka.ilkd.key.macros.scripts.RuleCommand.makeRuleApp(RuleCommand.java:99)
	at app//de.uka.ilkd.key.macros.scripts.RuleCommand.execute(RuleCommand.java:55)
	at app//de.uka.ilkd.key.macros.scripts.RuleCommand.execute(RuleCommand.java:35)
	at app//de.uka.ilkd.key.macros.scripts.ProofScriptEngine.execute(ProofScriptEngine.java:148)
	... 92 more
</pre>
</span>
</div>
</div>
<div id="tab1" class="tab">
<h2>Tests</h2>
<table>
<thead>
<tr>
<th>Test</th>
<th>Method name</th>
<th>Duration</th>
<th>Result</th>
</tr>
</thead>
<tr>
<td class="success">powPositive</td>
<td class="success">data()[100]</td>
<td class="success">3.393s</td>
<td class="success">passed</td>
</tr>
<tr>
<td class="success">powPositiveConcrete</td>
<td class="success">data()[101]</td>
<td class="success">3.372s</td>
<td class="success">passed</td>
</tr>
<tr>
<td class="success">powGeq1Concrete</td>
<td class="success">data()[102]</td>
<td class="success">3.380s</td>
<td class="success">passed</td>
</tr>
<tr>
<td class="success">pow2InIntLower</td>
<td class="success">data()[103]</td>
<td class="success">3.376s</td>
<td class="success">passed</td>
</tr>
<tr>
<td class="success">pow2InIntUpper</td>
<td class="success">data()[104]</td>
<td class="success">3.377s</td>
<td class="success">passed</td>
</tr>
<tr>
<td class="success">logSelfConcrete</td>
<td class="success">data()[105]</td>
<td class="success">3.369s</td>
<td class="success">passed</td>
</tr>
<tr>
<td class="success">log1Concrete</td>
<td class="success">data()[106]</td>
<td class="success">3.387s</td>
<td class="success">passed</td>
</tr>
<tr>
<td class="success">logProduct</td>
<td class="success">data()[107]</td>
<td class="success">3.372s</td>
<td class="success">passed</td>
</tr>
<tr>
<td class="success">logTimesBaseConcrete</td>
<td class="success">data()[108]</td>
<td class="success">3.365s</td>
<td class="success">passed</td>
</tr>
<tr>
<td class="success">logProdIdentity</td>
<td class="success">data()[109]</td>
<td class="success">3.375s</td>
<td class="success">passed</td>
</tr>
<tr>
<td class="success">moduloByteIsInByte</td>
<td class="success">data()[10]</td>
<td class="success">3.420s</td>
<td class="success">passed</td>
</tr>
<tr>
<td class="success">logProdIdentityConcrete</td>
<td class="success">data()[110]</td>
<td class="success">3.373s</td>
<td class="success">passed</td>
</tr>
<tr>
<td class="success">logPowIdentity</td>
<td class="success">data()[111]</td>
<td class="success">3.369s</td>
<td class="success">passed</td>
</tr>
<tr>
<td class="success">logPowIdentityConcrete</td>
<td class="success">data()[112]</td>
<td class="success">3.391s</td>
<td class="success">passed</td>
</tr>
<tr>
<td class="success">logPositive</td>
<td class="success">data()[113]</td>
<td class="success">3.388s</td>
<td class="success">passed</td>
</tr>
<tr>
<td class="success">logPositiveConcrete</td>
<td class="success">data()[114]</td>
<td class="success">3.361s</td>
<td class="success">passed</td>
</tr>
<tr>
<td class="success">logMono</td>
<td class="success">data()[115]</td>
<td class="success">3.376s</td>
<td class="success">passed</td>
</tr>
<tr>
<td class="success">logMonoConcrete</td>
<td class="success">data()[116]</td>
<td class="success">3.358s</td>
<td class="success">passed</td>
</tr>
<tr>
<td class="success">powLogLess</td>
<td class="success">data()[117]</td>
<td class="success">3.370s</td>
<td class="success">passed</td>
</tr>
<tr>
<td class="success">powLogMore2</td>
<td class="success">data()[118]</td>
<td class="success">3.402s</td>
<td class="success">passed</td>
</tr>
<tr>
<td class="success">logLessThanPow</td>
<td class="success">data()[119]</td>
<td class="success">3.387s</td>
<td class="success">passed</td>
</tr>
<tr>
<td class="success">moduloCharIsInChar</td>
<td class="success">data()[11]</td>
<td class="success">3.454s</td>
<td class="success">passed</td>
</tr>
<tr>
<td class="success">logLessThanPowConcrete</td>
<td class="success">data()[120]</td>
<td class="success">3.366s</td>
<td class="success">passed</td>
</tr>
<tr>
<td class="success">logSqueeze</td>
<td class="success">data()[121]</td>
<td class="success">3.365s</td>
<td class="success">passed</td>
</tr>
<tr>
<td class="success">ifthenelse_equals</td>
<td class="success">data()[122]</td>
<td class="success">3.386s</td>
<td class="success">passed</td>
</tr>
<tr>
<td class="success">ifthenelse_equals_1</td>
<td class="success">data()[123]</td>
<td class="success">3.382s</td>
<td class="success">passed</td>
</tr>
<tr>
<td class="success">ifthenelse_equals_2</td>
<td class="success">data()[124]</td>
<td class="success">3.366s</td>
<td class="success">passed</td>
</tr>
<tr>
<td class="success">disjointWithSingleton1</td>
<td class="success">data()[125]</td>
<td class="success">3.376s</td>
<td class="success">passed</td>
</tr>
<tr>
<td class="success">disjointWithSingleton2</td>
<td class="success">data()[126]</td>
<td class="success">3.389s</td>
<td class="success">passed</td>
</tr>
<tr>
<td class="success">disjointArrayRanges</td>
<td class="success">data()[127]</td>
<td class="success">3.379s</td>
<td class="success">passed</td>
</tr>
<tr>
<td class="success">disjointArrayRangeAllFields1</td>
<td class="success">data()[128]</td>
<td class="success">3.368s</td>
<td class="success">passed</td>
</tr>
<tr>
<td class="success">disjointArrayRangeAllFields2</td>
<td class="success">data()[129]</td>
<td class="success">3.365s</td>
<td class="success">passed</td>
</tr>
<tr>
<td class="success">div_unique1</td>
<td class="success">data()[12]</td>
<td class="success">3.574s</td>
<td class="success">passed</td>
</tr>
<tr>
<td class="success">seqSelfDefinition</td>
<td class="success">data()[130]</td>
<td class="success">3.407s</td>
<td class="success">passed</td>
</tr>
<tr>
<td class="success">seqOutsideValue</td>
<td class="success">data()[131]</td>
<td class="success">3.378s</td>
<td class="success">passed</td>
</tr>
<tr>
<td class="success">castedGetAny</td>
<td class="success">data()[132]</td>
<td class="success">3.380s</td>
<td class="success">passed</td>
</tr>
<tr>
<td class="success">seqGetAlphaCast</td>
<td class="success">data()[133]</td>
<td class="success">3.401s</td>
<td class="success">passed</td>
</tr>
<tr>
<td class="success">getOfSeqSingleton</td>
<td class="success">data()[134]</td>
<td class="success">3.373s</td>
<td class="success">passed</td>
</tr>
<tr>
<td class="success">getOfSeqSingletonConcrete</td>
<td class="success">data()[135]</td>
<td class="success">3.373s</td>
<td class="success">passed</td>
</tr>
<tr>
<td class="success">getOfSeqConcat</td>
<td class="success">data()[136]</td>
<td class="success">3.396s</td>
<td class="success">passed</td>
</tr>
<tr>
<td class="success">getOfSeqSub</td>
<td class="success">data()[137]</td>
<td class="success">3.381s</td>
<td class="success">passed</td>
</tr>
<tr>
<td class="success">getOfSeqReverse</td>
<td class="success">data()[138]</td>
<td class="success">3.396s</td>
<td class="success">passed</td>
</tr>
<tr>
<td class="success">lenOfSeqEmpty</td>
<td class="success">data()[139]</td>
<td class="success">3.382s</td>
<td class="success">passed</td>
</tr>
<tr>
<td class="success">div_unique2</td>
<td class="success">data()[13]</td>
<td class="success">3.460s</td>
<td class="success">passed</td>
</tr>
<tr>
<td class="success">lenOfSeqSingleton</td>
<td class="success">data()[140]</td>
<td class="success">3.369s</td>
<td class="success">passed</td>
</tr>
<tr>
<td class="success">lenOfSeqConcat</td>
<td class="success">data()[141]</td>
<td class="success">3.395s</td>
<td class="success">passed</td>
</tr>
<tr>
<td class="success">lenOfSeqSub</td>
<td class="success">data()[142]</td>
<td class="success">3.371s</td>
<td class="success">passed</td>
</tr>
<tr>
<td class="success">lenOfSeqReverse</td>
<td class="success">data()[143]</td>
<td class="success">3.390s</td>
<td class="success">passed</td>
</tr>
<tr>
<td class="success">equalityToSeqGetAndSeqLenLeft</td>
<td class="success">data()[144]</td>
<td class="success">3.373s</td>
<td class="success">passed</td>
</tr>
<tr>
<td class="success">equalityToSeqGetAndSeqLenRight</td>
<td class="success">data()[145]</td>
<td class="success">3.393s</td>
<td class="success">passed</td>
</tr>
<tr>
<td class="success">getOfSeqSingletonEQ</td>
<td class="success">data()[146]</td>
<td class="success">3.389s</td>
<td class="success">passed</td>
</tr>
<tr>
<td class="success">getOfSeqConcatEQ</td>
<td class="success">data()[147]</td>
<td class="success">3.398s</td>
<td class="success">passed</td>
</tr>
<tr>
<td class="success">getOfSeqSubEQ</td>
<td class="success">data()[148]</td>
<td class="success">3.375s</td>
<td class="success">passed</td>
</tr>
<tr>
<td class="success">getOfSeqReverseEQ</td>
<td class="success">data()[149]</td>
<td class="success">3.396s</td>
<td class="success">passed</td>
</tr>
<tr>
<td class="success">div_exists</td>
<td class="success">data()[14]</td>
<td class="success">3.537s</td>
<td class="success">passed</td>
</tr>
<tr>
<td class="success">lenOfSeqEmptyEQ</td>
<td class="success">data()[150]</td>
<td class="success">3.389s</td>
<td class="success">passed</td>
</tr>
<tr>
<td class="success">lenOfSeqSingletonEQ</td>
<td class="success">data()[151]</td>
<td class="success">3.391s</td>
<td class="success">passed</td>
</tr>
<tr>
<td class="success">lenOfSeqConcatEQ</td>
<td class="success">data()[152]</td>
<td class="success">3.379s</td>
<td class="success">passed</td>
</tr>
<tr>
<td class="success">lenOfSeqSubEQ</td>
<td class="success">data()[153]</td>
<td class="success">3.393s</td>
<td class="success">passed</td>
</tr>
<tr>
<td class="success">lenOfSeqReverseEQ</td>
<td class="success">data()[154]</td>
<td class="success">3.369s</td>
<td class="success">passed</td>
</tr>
<tr>
<td class="success">getOfSeqDefEQ</td>
<td class="success">data()[155]</td>
<td class="success">3.395s</td>
<td class="success">passed</td>
</tr>
<tr>
<td class="success">lenOfSeqDefEQ</td>
<td class="success">data()[156]</td>
<td class="success">3.372s</td>
<td class="success">passed</td>
</tr>
<tr>
<td class="success">seqConcatWithSeqEmpty1</td>
<td class="success">data()[157]</td>
<td class="success">3.396s</td>
<td class="success">passed</td>
</tr>
<tr>
<td class="success">seqConcatWithSeqEmpty2</td>
<td class="success">data()[158]</td>
<td class="success">3.396s</td>
<td class="success">passed</td>
</tr>
<tr>
<td class="success">seqReverseOfSeqEmpty</td>
<td class="success">data()[159]</td>
<td class="success">3.382s</td>
<td class="success">passed</td>
</tr>
<tr>
<td class="success">div_one</td>
<td class="success">data()[15]</td>
<td class="success">3.451s</td>
<td class="success">passed</td>
</tr>
<tr>
<td class="success">subSeqComplete</td>
<td class="success">data()[160]</td>
<td class="success">3.396s</td>
<td class="success">passed</td>
</tr>
<tr>
<td class="success">subSeqTailR</td>
<td class="success">data()[161]</td>
<td class="success">3.404s</td>
<td class="success">passed</td>
</tr>
<tr>
<td class="success">subSeqTailL</td>
<td class="success">data()[162]</td>
<td class="success">3.387s</td>
<td class="success">passed</td>
</tr>
<tr>
<td class="success">subSeqTailEQR</td>
<td class="success">data()[163]</td>
<td class="success">3.403s</td>
<td class="success">passed</td>
</tr>
<tr>
<td class="success">subSeqTailEQL</td>
<td class="success">data()[164]</td>
<td class="success">3.401s</td>
<td class="success">passed</td>
</tr>
<tr>
<td class="success">seqDef_split</td>
<td class="success">data()[165]</td>
<td class="success">3.393s</td>
<td class="success">passed</td>
</tr>
<tr>
<td class="success">seqDef_induction_upper</td>
<td class="success">data()[166]</td>
<td class="success">3.409s</td>
<td class="success">passed</td>
</tr>
<tr>
<td class="success">seqDef_induction_upper_concrete</td>
<td class="success">data()[167]</td>
<td class="success">3.408s</td>
<td class="success">passed</td>
</tr>
<tr>
<td class="success">seqDef_induction_lower</td>
<td class="success">data()[168]</td>
<td class="success">3.382s</td>
<td class="success">passed</td>
</tr>
<tr>
<td class="success">seqDef_induction_lower_concrete</td>
<td class="success">data()[169]</td>
<td class="success">3.405s</td>
<td class="success">passed</td>
</tr>
<tr>
<td class="success">jdiv_one</td>
<td class="success">data()[16]</td>
<td class="success">3.440s</td>
<td class="success">passed</td>
</tr>
<tr>
<td class="success">seqDef_split_in_three</td>
<td class="success">data()[170]</td>
<td class="success">3.433s</td>
<td class="success">passed</td>
</tr>
<tr>
<td class="success">seqDef_empty</td>
<td class="success">data()[171]</td>
<td class="success">3.399s</td>
<td class="success">passed</td>
</tr>
<tr>
<td class="success">seqDef_one_summand</td>
<td class="success">data()[172]</td>
<td class="success">3.388s</td>
<td class="success">passed</td>
</tr>
<tr>
<td class="success">seqDef_lower_equals_upper</td>
<td class="success">data()[173]</td>
<td class="success">3.370s</td>
<td class="success">passed</td>
</tr>
<tr>
<td class="success">seqDefOfSeq</td>
<td class="success">data()[174]</td>
<td class="success">3.397s</td>
<td class="success">passed</td>
</tr>
<tr>
<td class="success">seqSelfDefinitionEQ2</td>
<td class="success">data()[175]</td>
<td class="success">3.392s</td>
<td class="success">passed</td>
</tr>
<tr>
<td class="success">indexOfSeqSingleton</td>
<td class="success">data()[176]</td>
<td class="success">3.391s</td>
<td class="success">passed</td>
</tr>
<tr>
<td class="success">indexOfSeqConcatFirst</td>
<td class="success">data()[177]</td>
<td class="success">3.394s</td>
<td class="success">passed</td>
</tr>
<tr>
<td class="success">indexOfSeqConcatSecond</td>
<td class="success">data()[178]</td>
<td class="success">3.377s</td>
<td class="success">passed</td>
</tr>
<tr>
<td class="success">indexOfSeqSub</td>
<td class="success">data()[179]</td>
<td class="success">3.402s</td>
<td class="success">passed</td>
</tr>
<tr>
<td class="success">div_zero</td>
<td class="success">data()[17]</td>
<td class="success">3.435s</td>
<td class="success">passed</td>
</tr>
<tr>
<td class="success">lenOfArray2seq</td>
<td class="success">data()[180]</td>
<td class="success">3.392s</td>
<td class="success">passed</td>
</tr>
<tr>
<td class="success">getAnyOfArray2seq</td>
<td class="success">data()[181]</td>
<td class="success">3.392s</td>
<td class="success">passed</td>
</tr>
<tr>
<td class="success">getOfArray2seq</td>
<td class="success">data()[182]</td>
<td class="success">3.394s</td>
<td class="success">passed</td>
</tr>
<tr>
<td class="success">getAnyOfNPermInv</td>
<td class="success">data()[183]</td>
<td class="success">3.385s</td>
<td class="success">passed</td>
</tr>
<tr>
<td class="success">seqNPermRange</td>
<td class="success">data()[184]</td>
<td class="success">3.437s</td>
<td class="success">passed</td>
</tr>
<tr>
<td class="success">seqPermTrans</td>
<td class="success">data()[185]</td>
<td class="success">3.431s</td>
<td class="success">passed</td>
</tr>
<tr>
<td class="success">seqPermRefl</td>
<td class="success">data()[186]</td>
<td class="success">3.406s</td>
<td class="success">passed</td>
</tr>
<tr>
<td class="success">seqPermSplit</td>
<td class="success">data()[187]</td>
<td class="success">3.391s</td>
<td class="success">passed</td>
</tr>
<tr>
<td class="success">seqNPermRight</td>
<td class="success">data()[188]</td>
<td class="success">3.459s</td>
<td class="success">passed</td>
</tr>
<tr>
<td class="success">seqPermFromSwap</td>
<td class="success">data()[189]</td>
<td class="success">3.417s</td>
<td class="success">passed</td>
</tr>
<tr>
<td class="success">divResZero1</td>
<td class="success">data()[18]</td>
<td class="success">3.461s</td>
<td class="success">passed</td>
</tr>
<tr>
<td class="success">seqPermTransAlt0</td>
<td class="success">data()[190]</td>
<td class="success">3.391s</td>
<td class="success">passed</td>
</tr>
<tr>
<td class="success">seqPermTransAlt1</td>
<td class="success">data()[191]</td>
<td class="success">3.389s</td>
<td class="success">passed</td>
</tr>
<tr>
<td class="success">seqPermTransAlt2</td>
<td class="success">data()[192]</td>
<td class="success">3.389s</td>
<td class="success">passed</td>
</tr>
<tr>
<td class="success">seqPermTransAlt3</td>
<td class="success">data()[193]</td>
<td class="success">3.390s</td>
<td class="success">passed</td>
</tr>
<tr>
<td class="success">seqPermForall</td>
<td class="success">data()[194]</td>
<td class="success">3.486s</td>
<td class="success">passed</td>
</tr>
<tr>
<td class="success">seqPermExists</td>
<td class="success">data()[195]</td>
<td class="success">3.462s</td>
<td class="success">passed</td>
</tr>
<tr>
<td class="failures">schiffl_lemma_2</td>
<td class="failures">data()[196]</td>
<td class="failures">10.117s</td>
<td class="failures">failed</td>
</tr>
<tr>
<td class="success">schiffl_thm_1</td>
<td class="success">data()[197]</td>
<td class="success">4.309s</td>
<td class="success">passed</td>
</tr>
<tr>
<td class="success">eqSameSeq</td>
<td class="success">data()[198]</td>
<td class="success">3.598s</td>
<td class="success">passed</td>
</tr>
<tr>
<td class="success">divResZero2</td>
<td class="success">data()[19]</td>
<td class="success">3.419s</td>
<td class="success">passed</td>
</tr>
<tr>
<td class="success">eqTermCut</td>
<td class="success">data()[1]</td>
<td class="success">4.019s</td>
<td class="success">passed</td>
</tr>
<tr>
<td class="success">divResOne1</td>
<td class="success">data()[20]</td>
<td class="success">3.423s</td>
<td class="success">passed</td>
</tr>
<tr>
<td class="success">divResOne2</td>
<td class="success">data()[21]</td>
<td class="success">3.434s</td>
<td class="success">passed</td>
</tr>
<tr>
<td class="success">div_cancel1</td>
<td class="success">data()[22]</td>
<td class="success">3.415s</td>
<td class="success">passed</td>
</tr>
<tr>
<td class="success">div_cancel2</td>
<td class="success">data()[23]</td>
<td class="success">3.397s</td>
<td class="success">passed</td>
</tr>
<tr>
<td class="success">divAddMultDenom</td>
<td class="success">data()[24]</td>
<td class="success">3.448s</td>
<td class="success">passed</td>
</tr>
<tr>
<td class="success">divMinus</td>
<td class="success">data()[25]</td>
<td class="success">3.449s</td>
<td class="success">passed</td>
</tr>
<tr>
<td class="success">divMinusDenom</td>
<td class="success">data()[26]</td>
<td class="success">3.431s</td>
<td class="success">passed</td>
</tr>
<tr>
<td class="success">divLeastDPos</td>
<td class="success">data()[27]</td>
<td class="success">3.399s</td>
<td class="success">passed</td>
</tr>
<tr>
<td class="success">divLeastDNeg</td>
<td class="success">data()[28]</td>
<td class="success">3.397s</td>
<td class="success">passed</td>
</tr>
<tr>
<td class="success">divGreatestDPos</td>
<td class="success">data()[29]</td>
<td class="success">3.425s</td>
<td class="success">passed</td>
</tr>
<tr>
<td class="success">equivAllRight</td>
<td class="success">data()[2]</td>
<td class="success">3.805s</td>
<td class="success">passed</td>
</tr>
<tr>
<td class="success">divGreatestDNeg</td>
<td class="success">data()[30]</td>
<td class="success">3.399s</td>
<td class="success">passed</td>
</tr>
<tr>
<td class="success">divIncreasingPos</td>
<td class="success">data()[31]</td>
<td class="success">3.410s</td>
<td class="success">passed</td>
</tr>
<tr>
<td class="success">divIncreasingNeg</td>
<td class="success">data()[32]</td>
<td class="success">3.389s</td>
<td class="success">passed</td>
</tr>
<tr>
<td class="success">jdiv_zero</td>
<td class="success">data()[33]</td>
<td class="success">3.376s</td>
<td class="success">passed</td>
</tr>
<tr>
<td class="success">jdivPulloutMinusNum</td>
<td class="success">data()[34]</td>
<td class="success">3.385s</td>
<td class="success">passed</td>
</tr>
<tr>
<td class="success">jdivPulloutMinusDenom</td>
<td class="success">data()[35]</td>
<td class="success">3.438s</td>
<td class="success">passed</td>
</tr>
<tr>
<td class="success">jdiv_uniquePosPos</td>
<td class="success">data()[36]</td>
<td class="success">3.402s</td>
<td class="success">passed</td>
</tr>
<tr>
<td class="success">jdiv_uniquePosNeg</td>
<td class="success">data()[37]</td>
<td class="success">3.422s</td>
<td class="success">passed</td>
</tr>
<tr>
<td class="success">jdiv_uniqueNegPos</td>
<td class="success">data()[38]</td>
<td class="success">3.396s</td>
<td class="success">passed</td>
</tr>
<tr>
<td class="success">jdiv_uniqueNegNeg</td>
<td class="success">data()[39]</td>
<td class="success">3.396s</td>
<td class="success">passed</td>
</tr>
<tr>
<td class="success">irrflConcrete1</td>
<td class="success">data()[3]</td>
<td class="success">3.698s</td>
<td class="success">passed</td>
</tr>
<tr>
<td class="success">jdivMultDenom1</td>
<td class="success">data()[40]</td>
<td class="success">3.409s</td>
<td class="success">passed</td>
</tr>
<tr>
<td class="success">jdivMultDenom2</td>
<td class="success">data()[41]</td>
<td class="success">3.418s</td>
<td class="success">passed</td>
</tr>
<tr>
<td class="success">mod_geZero</td>
<td class="success">data()[42]</td>
<td class="success">3.389s</td>
<td class="success">passed</td>
</tr>
<tr>
<td class="success">mod_lessDenom</td>
<td class="success">data()[43]</td>
<td class="success">3.388s</td>
<td class="success">passed</td>
</tr>
<tr>
<td class="success">jmod_NumPos</td>
<td class="success">data()[44]</td>
<td class="success">3.385s</td>
<td class="success">passed</td>
</tr>
<tr>
<td class="success">jmod_NumNeg</td>
<td class="success">data()[45]</td>
<td class="success">3.386s</td>
<td class="success">passed</td>
</tr>
<tr>
<td class="success">jmod_geZero</td>
<td class="success">data()[46]</td>
<td class="success">3.380s</td>
<td class="success">passed</td>
</tr>
<tr>
<td class="success">jmodNumZero</td>
<td class="success">data()[47]</td>
<td class="success">3.493s</td>
<td class="success">passed</td>
</tr>
<tr>
<td class="success">jmod_pulloutminusNum</td>
<td class="success">data()[48]</td>
<td class="success">3.383s</td>
<td class="success">passed</td>
</tr>
<tr>
<td class="success">jmod_pulloutminusDenom</td>
<td class="success">data()[49]</td>
<td class="success">3.373s</td>
<td class="success">passed</td>
</tr>
<tr>
<td class="success">irrflConcrete2</td>
<td class="success">data()[4]</td>
<td class="success">3.587s</td>
<td class="success">passed</td>
</tr>
<tr>
<td class="success">jmodUnique1</td>
<td class="success">data()[50]</td>
<td class="success">3.441s</td>
<td class="success">passed</td>
</tr>
<tr>
<td class="success">jmodUnique2</td>
<td class="success">data()[51]</td>
<td class="success">3.435s</td>
<td class="success">passed</td>
</tr>
<tr>
<td class="success">intDivRem</td>
<td class="success">data()[52]</td>
<td class="success">3.371s</td>
<td class="success">passed</td>
</tr>
<tr>
<td class="success">jmodjmod</td>
<td class="success">data()[53]</td>
<td class="success">3.415s</td>
<td class="success">passed</td>
</tr>
<tr>
<td class="success">jmodDivisible</td>
<td class="success">data()[54]</td>
<td class="success">3.568s</td>
<td class="success">passed</td>
</tr>
<tr>
<td class="success">jmodDivisibleRep</td>
<td class="success">data()[55]</td>
<td class="success">3.430s</td>
<td class="success">passed</td>
</tr>
<tr>
<td class="success">jdivAddMultDenom</td>
<td class="success">data()[56]</td>
<td class="success">3.491s</td>
<td class="success">passed</td>
</tr>
<tr>
<td class="success">jmodAltZero</td>
<td class="success">data()[57]</td>
<td class="success">3.404s</td>
<td class="success">passed</td>
</tr>
<tr>
<td class="success">jmodAddMultDenomZero</td>
<td class="success">data()[58]</td>
<td class="success">3.408s</td>
<td class="success">passed</td>
</tr>
<tr>
<td class="success">polyDiv_zero</td>
<td class="success">data()[59]</td>
<td class="success">3.385s</td>
<td class="success">passed</td>
</tr>
<tr>
<td class="success">cancel_gtPos</td>
<td class="success">data()[5]</td>
<td class="success">3.608s</td>
<td class="success">passed</td>
</tr>
<tr>
<td class="success">polyMod_ltdivDenom</td>
<td class="success">data()[60]</td>
<td class="success">3.389s</td>
<td class="success">passed</td>
</tr>
<tr>
<td class="success">bsum_empty</td>
<td class="success">data()[61]</td>
<td class="success">3.372s</td>
<td class="success">passed</td>
</tr>
<tr>
<td class="success">bsum_induction_upper</td>
<td class="success">data()[62]</td>
<td class="success">3.365s</td>
<td class="success">passed</td>
</tr>
<tr>
<td class="success">bsum_induction_lower</td>
<td class="success">data()[63]</td>
<td class="success">3.381s</td>
<td class="success">passed</td>
</tr>
<tr>
<td class="success">bsum_num_of_bounds</td>
<td class="success">data()[64]</td>
<td class="success">3.421s</td>
<td class="success">passed</td>
</tr>
<tr>
<td class="success">bsum_num_of_bounds2</td>
<td class="success">data()[65]</td>
<td class="success">3.388s</td>
<td class="success">passed</td>
</tr>
<tr>
<td class="success">bsum_induction_upper2</td>
<td class="success">data()[66]</td>
<td class="success">3.376s</td>
<td class="success">passed</td>
</tr>
<tr>
<td class="success">bsum_induction_upper_concrete</td>
<td class="success">data()[67]</td>
<td class="success">3.374s</td>
<td class="success">passed</td>
</tr>
<tr>
<td class="success">bsum_induction_upper_concrete_2</td>
<td class="success">data()[68]</td>
<td class="success">3.366s</td>
<td class="success">passed</td>
</tr>
<tr>
<td class="success">bsum_induction_upper2_concrete</td>
<td class="success">data()[69]</td>
<td class="success">3.366s</td>
<td class="success">passed</td>
</tr>
<tr>
<td class="success">cancel_gtNeg</td>
<td class="success">data()[6]</td>
<td class="success">3.561s</td>
<td class="success">passed</td>
</tr>
<tr>
<td class="success">bsum_induction_lower_concrete</td>
<td class="success">data()[70]</td>
<td class="success">3.400s</td>
<td class="success">passed</td>
</tr>
<tr>
<td class="success">bsum_induction_lower2</td>
<td class="success">data()[71]</td>
<td class="success">3.367s</td>
<td class="success">passed</td>
</tr>
<tr>
<td class="success">bsum_induction_lower2_concrete</td>
<td class="success">data()[72]</td>
<td class="success">3.378s</td>
<td class="success">passed</td>
</tr>
<tr>
<td class="success">bsum_positive</td>
<td class="success">data()[73]</td>
<td class="success">3.432s</td>
<td class="success">passed</td>
</tr>
<tr>
<td class="success">bsum_upper_bound</td>
<td class="success">data()[74]</td>
<td class="success">3.387s</td>
<td class="success">passed</td>
</tr>
<tr>
<td class="success">bsum_lower_bound</td>
<td class="success">data()[75]</td>
<td class="success">3.397s</td>
<td class="success">passed</td>
</tr>
<tr>
<td class="success">bsum_positive_lower_bound_element</td>
<td class="success">data()[76]</td>
<td class="success">3.422s</td>
<td class="success">passed</td>
</tr>
<tr>
<td class="success">bsum_sub_same_index</td>
<td class="success">data()[77]</td>
<td class="success">3.377s</td>
<td class="success">passed</td>
</tr>
<tr>
<td class="success">bsum_less_same_index</td>
<td class="success">data()[78]</td>
<td class="success">3.420s</td>
<td class="success">passed</td>
</tr>
<tr>
<td class="success">bsum_equal_except_one_index</td>
<td class="success">data()[79]</td>
<td class="success">3.375s</td>
<td class="success">passed</td>
</tr>
<tr>
<td class="success">moduloIntIsInInt</td>
<td class="success">data()[7]</td>
<td class="success">3.496s</td>
<td class="success">passed</td>
</tr>
<tr>
<td class="success">bsum_num_of_is_max</td>
<td class="success">data()[80]</td>
<td class="success">3.370s</td>
<td class="success">passed</td>
</tr>
<tr>
<td class="success">bsum_num_of_is_max2</td>
<td class="success">data()[81]</td>
<td class="success">3.366s</td>
<td class="success">passed</td>
</tr>
<tr>
<td class="success">bsum_num_of_is_max3</td>
<td class="success">data()[82]</td>
<td class="success">3.391s</td>
<td class="success">passed</td>
</tr>
<tr>
<td class="success">bsum_num_of_is_max4</td>
<td class="success">data()[83]</td>
<td class="success">3.376s</td>
<td class="success">passed</td>
</tr>
<tr>
<td class="success">bsum_num_of_lt_max</td>
<td class="success">data()[84]</td>
<td class="success">3.380s</td>
<td class="success">passed</td>
</tr>
<tr>
<td class="success">bsum_num_of_lt_max2</td>
<td class="success">data()[85]</td>
<td class="success">3.390s</td>
<td class="success">passed</td>
</tr>
<tr>
<td class="success">bsum_num_of_lt_max3</td>
<td class="success">data()[86]</td>
<td class="success">3.389s</td>
<td class="success">passed</td>
</tr>
<tr>
<td class="success">bsum_num_of_lt_max4</td>
<td class="success">data()[87]</td>
<td class="success">3.380s</td>
<td class="success">passed</td>
</tr>
<tr>
<td class="success">bsum_num_of_gt0</td>
<td class="success">data()[88]</td>
<td class="success">3.406s</td>
<td class="success">passed</td>
</tr>
<tr>
<td class="success">bsum_num_of_gt0_alt</td>
<td class="success">data()[89]</td>
<td class="success">3.387s</td>
<td class="success">passed</td>
</tr>
<tr>
<td class="success">moduloLongIsInLong</td>
<td class="success">data()[8]</td>
<td class="success">3.462s</td>
<td class="success">passed</td>
</tr>
<tr>
<td class="success">bsum_add_concrete</td>
<td class="success">data()[90]</td>
<td class="success">3.373s</td>
<td class="success">passed</td>
</tr>
<tr>
<td class="success">bprod_all_positive</td>
<td class="success">data()[91]</td>
<td class="success">3.380s</td>
<td class="success">passed</td>
</tr>
<tr>
<td class="success">bprod_split</td>
<td class="success">data()[92]</td>
<td class="success">3.366s</td>
<td class="success">passed</td>
</tr>
<tr>
<td class="success">powConcrete0</td>
<td class="success">data()[93]</td>
<td class="success">3.368s</td>
<td class="success">passed</td>
</tr>
<tr>
<td class="success">powConcrete1</td>
<td class="success">data()[94]</td>
<td class="success">3.384s</td>
<td class="success">passed</td>
</tr>
<tr>
<td class="success">powSplitFactor</td>
<td class="success">data()[95]</td>
<td class="success">3.377s</td>
<td class="success">passed</td>
</tr>
<tr>
<td class="success">powAdd</td>
<td class="success">data()[96]</td>
<td class="success">3.377s</td>
<td class="success">passed</td>
</tr>
<tr>
<td class="success">powMono</td>
<td class="success">data()[97]</td>
<td class="success">3.379s</td>
<td class="success">passed</td>
</tr>
<tr>
<td class="success">powMonoConcrete</td>
<td class="success">data()[98]</td>
<td class="success">3.370s</td>
<td class="success">passed</td>
</tr>
<tr>
<td class="success">powMonoConcreteRight</td>
<td class="success">data()[99]</td>
<td class="success">3.366s</td>
<td class="success">passed</td>
</tr>
<tr>
<td class="success">moduloShortIsInShort</td>
<td class="success">data()[9]</td>
<td class="success">3.466s</td>
<td class="success">passed</td>
</tr>
</table>
</div>
<div id="tab2" class="tab">
<h2>Standard output</h2>
<span class="code">
<pre>552        INFO  Test worker     d.u.i.k.p.i.AbstractProblemLoader Loading environment from src/test/resources/testcase/dummyTrue.key 
574        DEBUG Test worker     d.u.i.k.p.i.AbstractProblemLoader Environment load took 9.29ms 
834        INFO  Test worker     d.u.i.k.p.i.AbstractProblemLoader Creating init config 
851        WARN  Test worker     d.u.i.k.s.ProofSettings   No proof-settings could be loaded, using defaults java.io.FileNotFoundException: /home/runner/.key/proof-settings.props (No such file or directory)
	at java.base/java.io.FileInputStream.open0(Native Method)

1788       DEBUG Test worker     d.u.i.k.j.TypeConverter   No LDT found for Meta 
1794       DEBUG Test worker     d.u.i.k.j.TypeConverter   No LDT found for Meta 
1796       DEBUG Test worker     d.u.i.k.j.TypeConverter   No LDT found for Meta 
1797       DEBUG Test worker     d.u.i.k.j.TypeConverter   No LDT found for Meta 
3107       DEBUG Test worker     d.u.i.k.j.TypeConverter   No LDT found for JavaBigintExpression 
8727       DEBUG Test worker     d.u.i.k.p.i.AbstractProblemLoader Init config took 7.89s 
8820       INFO  Test worker     d.u.i.k.p.i.AbstractProblemLoader Replaying proof dummyTrue.key 
8855       DEBUG Test worker     d.u.i.k.p.i.IntermediateProofReplayer Proof replay took 33.8ns 
8869       INFO  Test worker     d.u.i.k.p.i.AbstractProblemLoader Loading environment from tacletProofs/firstOrder/Taclet_eqTermCut.proof 
8869       DEBUG Test worker     d.u.i.k.p.i.AbstractProblemLoader Environment load took 307.9ns 
8876       INFO  Test worker     d.u.i.k.p.i.AbstractProblemLoader Creating init config 
11835      DEBUG Test worker     d.u.i.k.p.i.AbstractProblemLoader Init config took 2.96s 
11838      INFO  Test worker     d.u.i.k.t.l.TacletProofObligationInput Proof obligation for taclet: eqTermCut 
12857      INFO  Test worker     d.u.i.k.p.i.AbstractProblemLoader Replaying proof Taclet: eqTermCut 
12880      DEBUG Test worker     d.u.i.k.p.i.IntermediateProofReplayer Proof replay took 18.25ms 
12889      INFO  Test worker     d.u.i.k.p.i.AbstractProblemLoader Loading environment from tacletProofs/firstOrder/Taclet_equivAllRight.proof 
12890      DEBUG Test worker     d.u.i.k.p.i.AbstractProblemLoader Environment load took 246.7ns 
12891      INFO  Test worker     d.u.i.k.p.i.AbstractProblemLoader Creating init config 
15690      DEBUG Test worker     d.u.i.k.p.i.AbstractProblemLoader Init config took 2.8s 
15691      INFO  Test worker     d.u.i.k.t.l.TacletProofObligationInput Proof obligation for taclet: equivAllRight 
16669      INFO  Test worker     d.u.i.k.p.i.AbstractProblemLoader Replaying proof Taclet: equivAllRight 
16691      DEBUG Test worker     d.u.i.k.p.i.IntermediateProofReplayer Proof replay took 17.78ms 
16695      INFO  Test worker     d.u.i.k.p.i.AbstractProblemLoader Loading environment from tacletProofs/IntDiv/Taclet_irrflConcrete1.proof 
16695      DEBUG Test worker     d.u.i.k.p.i.AbstractProblemLoader Environment load took 311.2ns 
16699      INFO  Test worker     d.u.i.k.p.i.AbstractProblemLoader Creating init config 
19443      DEBUG Test worker     d.u.i.k.p.i.AbstractProblemLoader Init config took 2.74s 
19443      INFO  Test worker     d.u.i.k.t.l.TacletProofObligationInput Proof obligation for taclet: irrflConcrete1 
20385      INFO  Test worker     d.u.i.k.p.i.AbstractProblemLoader Replaying proof Taclet: irrflConcrete1 
20391      DEBUG Test worker     d.u.i.k.p.i.IntermediateProofReplayer Proof replay took 2.6ms 
20394      INFO  Test worker     d.u.i.k.p.i.AbstractProblemLoader Loading environment from tacletProofs/IntDiv/Taclet_irrflConcrete2.proof 
20394      DEBUG Test worker     d.u.i.k.p.i.AbstractProblemLoader Environment load took 329.3ns 
20395      INFO  Test worker     d.u.i.k.p.i.AbstractProblemLoader Creating init config 
23094      DEBUG Test worker     d.u.i.k.p.i.AbstractProblemLoader Init config took 2.7s 
23095      INFO  Test worker     d.u.i.k.t.l.TacletProofObligationInput Proof obligation for taclet: irrflConcrete2 
23966      INFO  Test worker     d.u.i.k.p.i.AbstractProblemLoader Replaying proof Taclet: irrflConcrete2 
23977      DEBUG Test worker     d.u.i.k.p.i.IntermediateProofReplayer Proof replay took 8.61ms 
23981      INFO  Test worker     d.u.i.k.p.i.AbstractProblemLoader Loading environment from tacletProofs/IntDiv/Taclet_cancel_gtPos.proof 
23982      DEBUG Test worker     d.u.i.k.p.i.AbstractProblemLoader Environment load took 890.71ns 
23984      INFO  Test worker     d.u.i.k.p.i.AbstractProblemLoader Creating init config 
26681      DEBUG Test worker     d.u.i.k.p.i.AbstractProblemLoader Init config took 2.7s 
26682      INFO  Test worker     d.u.i.k.t.l.TacletProofObligationInput Proof obligation for taclet: cancel_gtPos 
27533      INFO  Test worker     d.u.i.k.p.i.AbstractProblemLoader Replaying proof Taclet: cancel_gtPos 
27586      DEBUG Test worker     d.u.i.k.p.i.IntermediateProofReplayer Proof replay took 44.93ms 
27592      INFO  Test worker     d.u.i.k.p.i.AbstractProblemLoader Loading environment from tacletProofs/IntDiv/Taclet_cancel_gtNeg.proof 
27592      DEBUG Test worker     d.u.i.k.p.i.AbstractProblemLoader Environment load took 591.41ns 
27594      INFO  Test worker     d.u.i.k.p.i.AbstractProblemLoader Creating init config 
30250      DEBUG Test worker     d.u.i.k.p.i.AbstractProblemLoader Init config took 2.66s 
30251      INFO  Test worker     d.u.i.k.t.l.TacletProofObligationInput Proof obligation for taclet: cancel_gtNeg 
31132      INFO  Test worker     d.u.i.k.p.i.AbstractProblemLoader Replaying proof Taclet: cancel_gtNeg 
31149      DEBUG Test worker     d.u.i.k.p.i.IntermediateProofReplayer Proof replay took 14.69ms 
31151      INFO  Test worker     d.u.i.k.p.i.AbstractProblemLoader Loading environment from tacletProofs/intRulesIgnoringOF/Taclet_moduloIntIsInInt.proof 
31151      DEBUG Test worker     d.u.i.k.p.i.AbstractProblemLoader Environment load took 108.7ns 
31152      INFO  Test worker     d.u.i.k.p.i.AbstractProblemLoader Creating init config 
33782      DEBUG Test worker     d.u.i.k.p.i.AbstractProblemLoader Init config took 2.63s 
33782      INFO  Test worker     d.u.i.k.t.l.TacletProofObligationInput Proof obligation for taclet: moduloIntIsInInt 
34641      INFO  Test worker     d.u.i.k.p.i.AbstractProblemLoader Replaying proof Taclet: moduloIntIsInInt 
34645      DEBUG Test worker     d.u.i.k.p.i.IntermediateProofReplayer Proof replay took 733.51ns 
34647      INFO  Test worker     d.u.i.k.p.i.AbstractProblemLoader Loading environment from tacletProofs/intRulesIgnoringOF/Taclet_moduloLongIsInLong.proof 
34647      DEBUG Test worker     d.u.i.k.p.i.AbstractProblemLoader Environment load took 218.1ns 
34648      INFO  Test worker     d.u.i.k.p.i.AbstractProblemLoader Creating init config 
37239      DEBUG Test worker     d.u.i.k.p.i.AbstractProblemLoader Init config took 2.59s 
37239      INFO  Test worker     d.u.i.k.t.l.TacletProofObligationInput Proof obligation for taclet: moduloLongIsInLong 
38104      INFO  Test worker     d.u.i.k.p.i.AbstractProblemLoader Replaying proof Taclet: moduloLongIsInLong 
38107      DEBUG Test worker     d.u.i.k.p.i.IntermediateProofReplayer Proof replay took 641.31ns 
38112      INFO  Test worker     d.u.i.k.p.i.AbstractProblemLoader Loading environment from tacletProofs/intRulesIgnoringOF/Taclet_moduloShortIsInShort.proof 
38113      DEBUG Test worker     d.u.i.k.p.i.AbstractProblemLoader Environment load took 124.4ns 
38114      INFO  Test worker     d.u.i.k.p.i.AbstractProblemLoader Creating init config 
40719      DEBUG Test worker     d.u.i.k.p.i.AbstractProblemLoader Init config took 2.61s 
40720      INFO  Test worker     d.u.i.k.t.l.TacletProofObligationInput Proof obligation for taclet: moduloShortIsInShort 
41575      INFO  Test worker     d.u.i.k.p.i.AbstractProblemLoader Replaying proof Taclet: moduloShortIsInShort 
41577      DEBUG Test worker     d.u.i.k.p.i.IntermediateProofReplayer Proof replay took 607.81ns 
41579      INFO  Test worker     d.u.i.k.p.i.AbstractProblemLoader Loading environment from tacletProofs/intRulesIgnoringOF/Taclet_moduloByteIsInByte.proof 
41579      DEBUG Test worker     d.u.i.k.p.i.AbstractProblemLoader Environment load took 200.3ns 
41580      INFO  Test worker     d.u.i.k.p.i.AbstractProblemLoader Creating init config 
44170      DEBUG Test worker     d.u.i.k.p.i.AbstractProblemLoader Init config took 2.59s 
44170      INFO  Test worker     d.u.i.k.t.l.TacletProofObligationInput Proof obligation for taclet: moduloByteIsInByte 
44994      INFO  Test worker     d.u.i.k.p.i.AbstractProblemLoader Replaying proof Taclet: moduloByteIsInByte 
44997      DEBUG Test worker     d.u.i.k.p.i.IntermediateProofReplayer Proof replay took 603.91ns 
44999      INFO  Test worker     d.u.i.k.p.i.AbstractProblemLoader Loading environment from tacletProofs/intRulesIgnoringOF/Taclet_moduloCharIsInChar.proof 
44999      DEBUG Test worker     d.u.i.k.p.i.AbstractProblemLoader Environment load took 193ns 
45000      INFO  Test worker     d.u.i.k.p.i.AbstractProblemLoader Creating init config 
47622      DEBUG Test worker     d.u.i.k.p.i.AbstractProblemLoader Init config took 2.62s 
47623      INFO  Test worker     d.u.i.k.t.l.TacletProofObligationInput Proof obligation for taclet: moduloCharIsInChar 
48448      INFO  Test worker     d.u.i.k.p.i.AbstractProblemLoader Replaying proof Taclet: moduloCharIsInChar 
48451      DEBUG Test worker     d.u.i.k.p.i.IntermediateProofReplayer Proof replay took 673.31ns 
48454      INFO  Test worker     d.u.i.k.p.i.AbstractProblemLoader Loading environment from tacletProofs/IntDiv/Taclet_div_unique1.proof 
48455      DEBUG Test worker     d.u.i.k.p.i.AbstractProblemLoader Environment load took 624.81ns 
48456      INFO  Test worker     d.u.i.k.p.i.AbstractProblemLoader Creating init config 
51059      DEBUG Test worker     d.u.i.k.p.i.AbstractProblemLoader Init config took 2.6s 
51060      INFO  Test worker     d.u.i.k.t.l.TacletProofObligationInput Proof obligation for taclet: div_unique1 
51991      INFO  Test worker     d.u.i.k.p.i.AbstractProblemLoader Replaying proof Taclet: div_unique1 
52025      DEBUG Test worker     d.u.i.k.p.i.IntermediateProofReplayer Proof replay took 30.97ms 
52027      INFO  Test worker     d.u.i.k.p.i.AbstractProblemLoader Loading environment from tacletProofs/IntDiv/Taclet_div_unique2.proof 
52027      DEBUG Test worker     d.u.i.k.p.i.AbstractProblemLoader Environment load took 148.1ns 
52028      INFO  Test worker     d.u.i.k.p.i.AbstractProblemLoader Creating init config 
54596      DEBUG Test worker     d.u.i.k.p.i.AbstractProblemLoader Init config took 2.57s 
54597      INFO  Test worker     d.u.i.k.t.l.TacletProofObligationInput Proof obligation for taclet: div_unique2 
55456      INFO  Test worker     d.u.i.k.p.i.AbstractProblemLoader Replaying proof Taclet: div_unique2 
55485      DEBUG Test worker     d.u.i.k.p.i.IntermediateProofReplayer Proof replay took 26.19ms 
55487      INFO  Test worker     d.u.i.k.p.i.AbstractProblemLoader Loading environment from tacletProofs/IntDiv/Taclet_div_exists.proof 
55487      DEBUG Test worker     d.u.i.k.p.i.AbstractProblemLoader Environment load took 136.4ns 
55488      INFO  Test worker     d.u.i.k.p.i.AbstractProblemLoader Creating init config 
58058      DEBUG Test worker     d.u.i.k.p.i.AbstractProblemLoader Init config took 2.57s 
58058      INFO  Test worker     d.u.i.k.t.l.TacletProofObligationInput Proof obligation for taclet: div_exists 
58905      INFO  Test worker     d.u.i.k.p.i.AbstractProblemLoader Replaying proof Taclet: div_exists 
59022      DEBUG Test worker     d.u.i.k.p.i.IntermediateProofReplayer Proof replay took 108.09ms 
59024      INFO  Test worker     d.u.i.k.p.i.AbstractProblemLoader Loading environment from tacletProofs/IntDiv/Taclet_div_one.proof 
59024      DEBUG Test worker     d.u.i.k.p.i.AbstractProblemLoader Environment load took 164.5ns 
59025      INFO  Test worker     d.u.i.k.p.i.AbstractProblemLoader Creating init config 
61611      DEBUG Test worker     d.u.i.k.p.i.AbstractProblemLoader Init config took 2.59s 
61612      INFO  Test worker     d.u.i.k.t.l.TacletProofObligationInput Proof obligation for taclet: div_one 
62465      INFO  Test worker     d.u.i.k.p.i.AbstractProblemLoader Replaying proof Taclet: div_one 
62473      DEBUG Test worker     d.u.i.k.p.i.IntermediateProofReplayer Proof replay took 3.24ms 
62476      INFO  Test worker     d.u.i.k.p.i.AbstractProblemLoader Loading environment from tacletProofs/IntDiv/Taclet_jdiv_one.proof 
62477      DEBUG Test worker     d.u.i.k.p.i.AbstractProblemLoader Environment load took 350.7ns 
62479      INFO  Test worker     d.u.i.k.p.i.AbstractProblemLoader Creating init config 
65090      DEBUG Test worker     d.u.i.k.p.i.AbstractProblemLoader Init config took 2.61s 
65091      INFO  Test worker     d.u.i.k.t.l.TacletProofObligationInput Proof obligation for taclet: jdiv_one 
65910      INFO  Test worker     d.u.i.k.p.i.AbstractProblemLoader Replaying proof Taclet: jdiv_one 
65913      DEBUG Test worker     d.u.i.k.p.i.IntermediateProofReplayer Proof replay took 1.25ms 
65922      INFO  Test worker     d.u.i.k.p.i.AbstractProblemLoader Loading environment from tacletProofs/IntDiv/Taclet_div_zero.proof 
65923      DEBUG Test worker     d.u.i.k.p.i.AbstractProblemLoader Environment load took 326.5ns 
65924      INFO  Test worker     d.u.i.k.p.i.AbstractProblemLoader Creating init config 
68500      DEBUG Test worker     d.u.i.k.p.i.AbstractProblemLoader Init config took 2.58s 
68502      INFO  Test worker     d.u.i.k.t.l.TacletProofObligationInput Proof obligation for taclet: div_zero 
69319      INFO  Test worker     d.u.i.k.p.i.AbstractProblemLoader Replaying proof Taclet: div_zero 
69356      DEBUG Test worker     d.u.i.k.p.i.IntermediateProofReplayer Proof replay took 31.94ms 
69359      INFO  Test worker     d.u.i.k.p.i.AbstractProblemLoader Loading environment from tacletProofs/IntDiv/Taclet_divResZero1.proof 
69359      DEBUG Test worker     d.u.i.k.p.i.AbstractProblemLoader Environment load took 347.2ns 
69360      INFO  Test worker     d.u.i.k.p.i.AbstractProblemLoader Creating init config 
71949      DEBUG Test worker     d.u.i.k.p.i.AbstractProblemLoader Init config took 2.59s 
71950      INFO  Test worker     d.u.i.k.t.l.TacletProofObligationInput Proof obligation for taclet: divResZero1 
72804      INFO  Test worker     d.u.i.k.p.i.AbstractProblemLoader Replaying proof Taclet: divResZero1 
72817      DEBUG Test worker     d.u.i.k.p.i.IntermediateProofReplayer Proof replay took 9.25ms 
72818      INFO  Test worker     d.u.i.k.p.i.AbstractProblemLoader Loading environment from tacletProofs/IntDiv/Taclet_divResZero2.proof 
72819      DEBUG Test worker     d.u.i.k.p.i.AbstractProblemLoader Environment load took 149.1ns 
72820      INFO  Test worker     d.u.i.k.p.i.AbstractProblemLoader Creating init config 
75380      DEBUG Test worker     d.u.i.k.p.i.AbstractProblemLoader Init config took 2.56s 
75380      INFO  Test worker     d.u.i.k.t.l.TacletProofObligationInput Proof obligation for taclet: divResZero2 
76224      INFO  Test worker     d.u.i.k.p.i.AbstractProblemLoader Replaying proof Taclet: divResZero2 
76236      DEBUG Test worker     d.u.i.k.p.i.IntermediateProofReplayer Proof replay took 8.89ms 
76237      INFO  Test worker     d.u.i.k.p.i.AbstractProblemLoader Loading environment from tacletProofs/IntDiv/Taclet_divResOne1.proof 
76238      DEBUG Test worker     d.u.i.k.p.i.AbstractProblemLoader Environment load took 134.3ns 
76238      INFO  Test worker     d.u.i.k.p.i.AbstractProblemLoader Creating init config 
78796      DEBUG Test worker     d.u.i.k.p.i.AbstractProblemLoader Init config took 2.56s 
78797      INFO  Test worker     d.u.i.k.t.l.TacletProofObligationInput Proof obligation for taclet: divResOne1 
79646      INFO  Test worker     d.u.i.k.p.i.AbstractProblemLoader Replaying proof Taclet: divResOne1 
79659      DEBUG Test worker     d.u.i.k.p.i.IntermediateProofReplayer Proof replay took 10.43ms 
79661      INFO  Test worker     d.u.i.k.p.i.AbstractProblemLoader Loading environment from tacletProofs/IntDiv/Taclet_divResOne2.proof 
79661      DEBUG Test worker     d.u.i.k.p.i.AbstractProblemLoader Environment load took 116.1ns 
79662      INFO  Test worker     d.u.i.k.p.i.AbstractProblemLoader Creating init config 
82236      DEBUG Test worker     d.u.i.k.p.i.AbstractProblemLoader Init config took 2.57s 
82236      INFO  Test worker     d.u.i.k.t.l.TacletProofObligationInput Proof obligation for taclet: divResOne2 
83081      INFO  Test worker     d.u.i.k.p.i.AbstractProblemLoader Replaying proof Taclet: divResOne2 
83093      DEBUG Test worker     d.u.i.k.p.i.IntermediateProofReplayer Proof replay took 9.4ms 
83096      INFO  Test worker     d.u.i.k.p.i.AbstractProblemLoader Loading environment from tacletProofs/IntDiv/Taclet_div_cancel1.proof 
83096      DEBUG Test worker     d.u.i.k.p.i.AbstractProblemLoader Environment load took 318ns 
83097      INFO  Test worker     d.u.i.k.p.i.AbstractProblemLoader Creating init config 
85666      DEBUG Test worker     d.u.i.k.p.i.AbstractProblemLoader Init config took 2.57s 
85667      INFO  Test worker     d.u.i.k.t.l.TacletProofObligationInput Proof obligation for taclet: div_cancel1 
86490      INFO  Test worker     d.u.i.k.p.i.AbstractProblemLoader Replaying proof Taclet: div_cancel1 
86508      DEBUG Test worker     d.u.i.k.p.i.IntermediateProofReplayer Proof replay took 14.29ms 
86509      INFO  Test worker     d.u.i.k.p.i.AbstractProblemLoader Loading environment from tacletProofs/IntDiv/Taclet_div_cancel2.proof 
86510      DEBUG Test worker     d.u.i.k.p.i.AbstractProblemLoader Environment load took 104.7ns 
86510      INFO  Test worker     d.u.i.k.p.i.AbstractProblemLoader Creating init config 
89086      DEBUG Test worker     d.u.i.k.p.i.AbstractProblemLoader Init config took 2.58s 
89086      INFO  Test worker     d.u.i.k.t.l.TacletProofObligationInput Proof obligation for taclet: div_cancel2 
89902      INFO  Test worker     d.u.i.k.p.i.AbstractProblemLoader Replaying proof Taclet: div_cancel2 
89906      DEBUG Test worker     d.u.i.k.p.i.IntermediateProofReplayer Proof replay took 1.39ms 
89907      INFO  Test worker     d.u.i.k.p.i.AbstractProblemLoader Loading environment from tacletProofs/IntDiv/Taclet_divAddMultDenom.proof 
89907      DEBUG Test worker     d.u.i.k.p.i.AbstractProblemLoader Environment load took 96ns 
89908      INFO  Test worker     d.u.i.k.p.i.AbstractProblemLoader Creating init config 
92481      DEBUG Test worker     d.u.i.k.p.i.AbstractProblemLoader Init config took 2.57s 
92481      INFO  Test worker     d.u.i.k.t.l.TacletProofObligationInput Proof obligation for taclet: divAddMultDenom 
93321      INFO  Test worker     d.u.i.k.p.i.AbstractProblemLoader Replaying proof Taclet: divAddMultDenom 
93353      DEBUG Test worker     d.u.i.k.p.i.IntermediateProofReplayer Proof replay took 26.77ms 
93355      INFO  Test worker     d.u.i.k.p.i.AbstractProblemLoader Loading environment from tacletProofs/IntDiv/Taclet_divMinus.proof 
93355      DEBUG Test worker     d.u.i.k.p.i.AbstractProblemLoader Environment load took 135.1ns 
93356      INFO  Test worker     d.u.i.k.p.i.AbstractProblemLoader Creating init config 
95915      DEBUG Test worker     d.u.i.k.p.i.AbstractProblemLoader Init config took 2.56s 
95916      INFO  Test worker     d.u.i.k.t.l.TacletProofObligationInput Proof obligation for taclet: divMinus 
96757      INFO  Test worker     d.u.i.k.p.i.AbstractProblemLoader Replaying proof Taclet: divMinus 
96802      DEBUG Test worker     d.u.i.k.p.i.IntermediateProofReplayer Proof replay took 38.62ms 
96805      INFO  Test worker     d.u.i.k.p.i.AbstractProblemLoader Loading environment from tacletProofs/IntDiv/Taclet_divMinusDenom.proof 
96805      DEBUG Test worker     d.u.i.k.p.i.AbstractProblemLoader Environment load took 401.11ns 
96806      INFO  Test worker     d.u.i.k.p.i.AbstractProblemLoader Creating init config 
99364      DEBUG Test worker     d.u.i.k.p.i.AbstractProblemLoader Init config took 2.56s 
99364      INFO  Test worker     d.u.i.k.t.l.TacletProofObligationInput Proof obligation for taclet: divMinusDenom 
100203     INFO  Test worker     d.u.i.k.p.i.AbstractProblemLoader Replaying proof Taclet: divMinusDenom 
100234     DEBUG Test worker     d.u.i.k.p.i.IntermediateProofReplayer Proof replay took 26.24ms 
100236     INFO  Test worker     d.u.i.k.p.i.AbstractProblemLoader Loading environment from tacletProofs/IntDiv/Taclet_divLeastDPos.proof 
100236     DEBUG Test worker     d.u.i.k.p.i.AbstractProblemLoader Environment load took 124.1ns 
100237     INFO  Test worker     d.u.i.k.p.i.AbstractProblemLoader Creating init config 
102783     DEBUG Test worker     d.u.i.k.p.i.AbstractProblemLoader Init config took 2.55s 
102783     INFO  Test worker     d.u.i.k.t.l.TacletProofObligationInput Proof obligation for taclet: divLeastDPos 
103626     INFO  Test worker     d.u.i.k.p.i.AbstractProblemLoader Replaying proof Taclet: divLeastDPos 
103633     DEBUG Test worker     d.u.i.k.p.i.IntermediateProofReplayer Proof replay took 4.8ms 
103634     INFO  Test worker     d.u.i.k.p.i.AbstractProblemLoader Loading environment from tacletProofs/IntDiv/Taclet_divLeastDNeg.proof 
103634     DEBUG Test worker     d.u.i.k.p.i.AbstractProblemLoader Environment load took 108.7ns 
103635     INFO  Test worker     d.u.i.k.p.i.AbstractProblemLoader Creating init config 
106202     DEBUG Test worker     d.u.i.k.p.i.AbstractProblemLoader Init config took 2.57s 
106202     INFO  Test worker     d.u.i.k.t.l.TacletProofObligationInput Proof obligation for taclet: divLeastDNeg 
107018     INFO  Test worker     d.u.i.k.p.i.AbstractProblemLoader Replaying proof Taclet: divLeastDNeg 
107030     DEBUG Test worker     d.u.i.k.p.i.IntermediateProofReplayer Proof replay took 9.4ms 
107031     INFO  Test worker     d.u.i.k.p.i.AbstractProblemLoader Loading environment from tacletProofs/IntDiv/Taclet_divGreatestDPos.proof 
107031     DEBUG Test worker     d.u.i.k.p.i.AbstractProblemLoader Environment load took 112.1ns 
107032     INFO  Test worker     d.u.i.k.p.i.AbstractProblemLoader Creating init config 
109603     DEBUG Test worker     d.u.i.k.p.i.AbstractProblemLoader Init config took 2.57s 
109603     INFO  Test worker     d.u.i.k.t.l.TacletProofObligationInput Proof obligation for taclet: divGreatestDPos 
110445     INFO  Test worker     d.u.i.k.p.i.AbstractProblemLoader Replaying proof Taclet: divGreatestDPos 
110455     DEBUG Test worker     d.u.i.k.p.i.IntermediateProofReplayer Proof replay took 7.95ms 
110456     INFO  Test worker     d.u.i.k.p.i.AbstractProblemLoader Loading environment from tacletProofs/IntDiv/Taclet_divGreatestDNeg.proof 
110457     DEBUG Test worker     d.u.i.k.p.i.AbstractProblemLoader Environment load took 107.5ns 
110457     INFO  Test worker     d.u.i.k.p.i.AbstractProblemLoader Creating init config 
113004     DEBUG Test worker     d.u.i.k.p.i.AbstractProblemLoader Init config took 2.55s 
113004     INFO  Test worker     d.u.i.k.t.l.TacletProofObligationInput Proof obligation for taclet: divGreatestDNeg 
113844     INFO  Test worker     d.u.i.k.p.i.AbstractProblemLoader Replaying proof Taclet: divGreatestDNeg 
113853     DEBUG Test worker     d.u.i.k.p.i.IntermediateProofReplayer Proof replay took 7.1ms 
113857     INFO  Test worker     d.u.i.k.p.i.AbstractProblemLoader Loading environment from tacletProofs/IntDiv/Taclet_divIncreasingPos.proof 
113857     DEBUG Test worker     d.u.i.k.p.i.AbstractProblemLoader Environment load took 118.7ns 
113858     INFO  Test worker     d.u.i.k.p.i.AbstractProblemLoader Creating init config 
116415     DEBUG Test worker     d.u.i.k.p.i.AbstractProblemLoader Init config took 2.56s 
116416     INFO  Test worker     d.u.i.k.t.l.TacletProofObligationInput Proof obligation for taclet: divIncreasingPos 
117258     INFO  Test worker     d.u.i.k.p.i.AbstractProblemLoader Replaying proof Taclet: divIncreasingPos 
117266     DEBUG Test worker     d.u.i.k.p.i.IntermediateProofReplayer Proof replay took 4.91ms 
117269     INFO  Test worker     d.u.i.k.p.i.AbstractProblemLoader Loading environment from tacletProofs/IntDiv/Taclet_divIncreasingNeg.proof 
117270     DEBUG Test worker     d.u.i.k.p.i.AbstractProblemLoader Environment load took 628.41ns 
117271     INFO  Test worker     d.u.i.k.p.i.AbstractProblemLoader Creating init config 
119811     DEBUG Test worker     d.u.i.k.p.i.AbstractProblemLoader Init config took 2.54s 
119812     INFO  Test worker     d.u.i.k.t.l.TacletProofObligationInput Proof obligation for taclet: divIncreasingNeg 
120650     INFO  Test worker     d.u.i.k.p.i.AbstractProblemLoader Replaying proof Taclet: divIncreasingNeg 
120656     DEBUG Test worker     d.u.i.k.p.i.IntermediateProofReplayer Proof replay took 4.37ms 
120658     INFO  Test worker     d.u.i.k.p.i.AbstractProblemLoader Loading environment from tacletProofs/IntDiv/Taclet_jdiv_zero.proof 
120658     DEBUG Test worker     d.u.i.k.p.i.AbstractProblemLoader Environment load took 90.8ns 
120659     INFO  Test worker     d.u.i.k.p.i.AbstractProblemLoader Creating init config 
123195     DEBUG Test worker     d.u.i.k.p.i.AbstractProblemLoader Init config took 2.54s 
123195     INFO  Test worker     d.u.i.k.t.l.TacletProofObligationInput Proof obligation for taclet: jdiv_zero 
124029     INFO  Test worker     d.u.i.k.p.i.AbstractProblemLoader Replaying proof Taclet: jdiv_zero 
124033     DEBUG Test worker     d.u.i.k.p.i.IntermediateProofReplayer Proof replay took 1.39ms 
124034     INFO  Test worker     d.u.i.k.p.i.AbstractProblemLoader Loading environment from tacletProofs/IntDiv/Taclet_jdivPulloutMinusNum.proof 
124034     DEBUG Test worker     d.u.i.k.p.i.AbstractProblemLoader Environment load took 93.5ns 
124035     INFO  Test worker     d.u.i.k.p.i.AbstractProblemLoader Creating init config 
126595     DEBUG Test worker     d.u.i.k.p.i.AbstractProblemLoader Init config took 2.56s 
126595     INFO  Test worker     d.u.i.k.t.l.TacletProofObligationInput Proof obligation for taclet: jdivPulloutMinusNum 
127408     INFO  Test worker     d.u.i.k.p.i.AbstractProblemLoader Replaying proof Taclet: jdivPulloutMinusNum 
127417     DEBUG Test worker     d.u.i.k.p.i.IntermediateProofReplayer Proof replay took 6.85ms 
127419     INFO  Test worker     d.u.i.k.p.i.AbstractProblemLoader Loading environment from tacletProofs/IntDiv/Taclet_jdivPulloutMinusDenom.proof 
127419     DEBUG Test worker     d.u.i.k.p.i.AbstractProblemLoader Environment load took 242.8ns 
127420     INFO  Test worker     d.u.i.k.p.i.AbstractProblemLoader Creating init config 
129984     DEBUG Test worker     d.u.i.k.p.i.AbstractProblemLoader Init config took 2.56s 
129984     INFO  Test worker     d.u.i.k.t.l.TacletProofObligationInput Proof obligation for taclet: jdivPulloutMinusDenom 
130824     INFO  Test worker     d.u.i.k.p.i.AbstractProblemLoader Replaying proof Taclet: jdivPulloutMinusDenom 
130855     DEBUG Test worker     d.u.i.k.p.i.IntermediateProofReplayer Proof replay took 26.72ms 
130857     INFO  Test worker     d.u.i.k.p.i.AbstractProblemLoader Loading environment from tacletProofs/IntDiv/Taclet_jdiv_uniquePosPos.proof 
130857     DEBUG Test worker     d.u.i.k.p.i.AbstractProblemLoader Environment load took 107.8ns 
130859     INFO  Test worker     d.u.i.k.p.i.AbstractProblemLoader Creating init config 
133404     DEBUG Test worker     d.u.i.k.p.i.AbstractProblemLoader Init config took 2.55s 
133404     INFO  Test worker     d.u.i.k.t.l.TacletProofObligationInput Proof obligation for taclet: jdiv_uniquePosPos 
134242     INFO  Test worker     d.u.i.k.p.i.AbstractProblemLoader Replaying proof Taclet: jdiv_uniquePosPos 
134257     DEBUG Test worker     d.u.i.k.p.i.IntermediateProofReplayer Proof replay took 10.97ms 
134259     INFO  Test worker     d.u.i.k.p.i.AbstractProblemLoader Loading environment from tacletProofs/IntDiv/Taclet_jdiv_uniquePosNeg.proof 
134260     DEBUG Test worker     d.u.i.k.p.i.AbstractProblemLoader Environment load took 327.6ns 
134261     INFO  Test worker     d.u.i.k.p.i.AbstractProblemLoader Creating init config 
136828     DEBUG Test worker     d.u.i.k.p.i.AbstractProblemLoader Init config took 2.57s 
136829     INFO  Test worker     d.u.i.k.t.l.TacletProofObligationInput Proof obligation for taclet: jdiv_uniquePosNeg 
137665     INFO  Test worker     d.u.i.k.p.i.AbstractProblemLoader Replaying proof Taclet: jdiv_uniquePosNeg 
137679     DEBUG Test worker     d.u.i.k.p.i.IntermediateProofReplayer Proof replay took 11.23ms 
137681     INFO  Test worker     d.u.i.k.p.i.AbstractProblemLoader Loading environment from tacletProofs/IntDiv/Taclet_jdiv_uniqueNegPos.proof 
137681     DEBUG Test worker     d.u.i.k.p.i.AbstractProblemLoader Environment load took 87.1ns 
137681     INFO  Test worker     d.u.i.k.p.i.AbstractProblemLoader Creating init config 
140224     DEBUG Test worker     d.u.i.k.p.i.AbstractProblemLoader Init config took 2.54s 
140224     INFO  Test worker     d.u.i.k.t.l.TacletProofObligationInput Proof obligation for taclet: jdiv_uniqueNegPos 
141060     INFO  Test worker     d.u.i.k.p.i.AbstractProblemLoader Replaying proof Taclet: jdiv_uniqueNegPos 
141075     DEBUG Test worker     d.u.i.k.p.i.IntermediateProofReplayer Proof replay took 11.59ms 
141076     INFO  Test worker     d.u.i.k.p.i.AbstractProblemLoader Loading environment from tacletProofs/IntDiv/Taclet_jdiv_uniqueNegNeg.proof 
141077     DEBUG Test worker     d.u.i.k.p.i.AbstractProblemLoader Environment load took 113ns 
141077     INFO  Test worker     d.u.i.k.p.i.AbstractProblemLoader Creating init config 
143621     DEBUG Test worker     d.u.i.k.p.i.AbstractProblemLoader Init config took 2.54s 
143621     INFO  Test worker     d.u.i.k.t.l.TacletProofObligationInput Proof obligation for taclet: jdiv_uniqueNegNeg 
144457     INFO  Test worker     d.u.i.k.p.i.AbstractProblemLoader Replaying proof Taclet: jdiv_uniqueNegNeg 
144471     DEBUG Test worker     d.u.i.k.p.i.IntermediateProofReplayer Proof replay took 11.2ms 
144473     INFO  Test worker     d.u.i.k.p.i.AbstractProblemLoader Loading environment from tacletProofs/IntDiv/Taclet_jdivMultDenom1.proof 
144473     DEBUG Test worker     d.u.i.k.p.i.AbstractProblemLoader Environment load took 107.4ns 
144474     INFO  Test worker     d.u.i.k.p.i.AbstractProblemLoader Creating init config 
147037     DEBUG Test worker     d.u.i.k.p.i.AbstractProblemLoader Init config took 2.56s 
147037     INFO  Test worker     d.u.i.k.t.l.TacletProofObligationInput Proof obligation for taclet: jdivMultDenom1 
147850     INFO  Test worker     d.u.i.k.p.i.AbstractProblemLoader Replaying proof Taclet: jdivMultDenom1 
147880     DEBUG Test worker     d.u.i.k.p.i.IntermediateProofReplayer Proof replay took 25.27ms 
147882     INFO  Test worker     d.u.i.k.p.i.AbstractProblemLoader Loading environment from tacletProofs/IntDiv/Taclet_jdivMultDenom2.proof 
147882     DEBUG Test worker     d.u.i.k.p.i.AbstractProblemLoader Environment load took 86.3ns 
147882     INFO  Test worker     d.u.i.k.p.i.AbstractProblemLoader Creating init config 
150453     DEBUG Test worker     d.u.i.k.p.i.AbstractProblemLoader Init config took 2.57s 
150453     INFO  Test worker     d.u.i.k.t.l.TacletProofObligationInput Proof obligation for taclet: jdivMultDenom2 
151291     INFO  Test worker     d.u.i.k.p.i.AbstractProblemLoader Replaying proof Taclet: jdivMultDenom2 
151294     DEBUG Test worker     d.u.i.k.p.i.IntermediateProofReplayer Proof replay took 1.17ms 
151301     INFO  Test worker     d.u.i.k.p.i.AbstractProblemLoader Loading environment from tacletProofs/IntDiv/Taclet_mod_geZero.proof 
151301     DEBUG Test worker     d.u.i.k.p.i.AbstractProblemLoader Environment load took 695.91ns 
151302     INFO  Test worker     d.u.i.k.p.i.AbstractProblemLoader Creating init config 
153847     DEBUG Test worker     d.u.i.k.p.i.AbstractProblemLoader Init config took 2.54s 
153847     INFO  Test worker     d.u.i.k.t.l.TacletProofObligationInput Proof obligation for taclet: mod_geZero 
154683     INFO  Test worker     d.u.i.k.p.i.AbstractProblemLoader Replaying proof Taclet: mod_geZero 
154687     DEBUG Test worker     d.u.i.k.p.i.IntermediateProofReplayer Proof replay took 2.09ms 
154688     INFO  Test worker     d.u.i.k.p.i.AbstractProblemLoader Loading environment from tacletProofs/IntDiv/Taclet_mod_lessDenom.proof 
154688     DEBUG Test worker     d.u.i.k.p.i.AbstractProblemLoader Environment load took 82.6ns 
154689     INFO  Test worker     d.u.i.k.p.i.AbstractProblemLoader Creating init config 
157230     DEBUG Test worker     d.u.i.k.p.i.AbstractProblemLoader Init config took 2.54s 
157230     INFO  Test worker     d.u.i.k.t.l.TacletProofObligationInput Proof obligation for taclet: mod_lessDenom 
158067     INFO  Test worker     d.u.i.k.p.i.AbstractProblemLoader Replaying proof Taclet: mod_lessDenom 
158075     DEBUG Test worker     d.u.i.k.p.i.IntermediateProofReplayer Proof replay took 5.47ms 
158076     INFO  Test worker     d.u.i.k.p.i.AbstractProblemLoader Loading environment from tacletProofs/IntDiv/Taclet_jmod_NumPos.proof 
158076     DEBUG Test worker     d.u.i.k.p.i.AbstractProblemLoader Environment load took 85.4ns 
158077     INFO  Test worker     d.u.i.k.p.i.AbstractProblemLoader Creating init config 
160618     DEBUG Test worker     d.u.i.k.p.i.AbstractProblemLoader Init config took 2.54s 
160618     INFO  Test worker     d.u.i.k.t.l.TacletProofObligationInput Proof obligation for taclet: jmod_NumPos 
161453     INFO  Test worker     d.u.i.k.p.i.AbstractProblemLoader Replaying proof Taclet: jmod_NumPos 
161460     DEBUG Test worker     d.u.i.k.p.i.IntermediateProofReplayer Proof replay took 4.76ms 
161461     INFO  Test worker     d.u.i.k.p.i.AbstractProblemLoader Loading environment from tacletProofs/IntDiv/Taclet_jmod_NumNeg.proof 
161461     DEBUG Test worker     d.u.i.k.p.i.AbstractProblemLoader Environment load took 86.7ns 
161462     INFO  Test worker     d.u.i.k.p.i.AbstractProblemLoader Creating init config 
163997     DEBUG Test worker     d.u.i.k.p.i.AbstractProblemLoader Init config took 2.53s 
163997     INFO  Test worker     d.u.i.k.t.l.TacletProofObligationInput Proof obligation for taclet: jmod_NumNeg 
164831     INFO  Test worker     d.u.i.k.p.i.AbstractProblemLoader Replaying proof Taclet: jmod_NumNeg 
164846     DEBUG Test worker     d.u.i.k.p.i.IntermediateProofReplayer Proof replay took 12.74ms 
164847     INFO  Test worker     d.u.i.k.p.i.AbstractProblemLoader Loading environment from tacletProofs/IntDiv/Taclet_jmod_geZero.proof 
164847     DEBUG Test worker     d.u.i.k.p.i.AbstractProblemLoader Environment load took 100.9ns 
164848     INFO  Test worker     d.u.i.k.p.i.AbstractProblemLoader Creating init config 
167404     DEBUG Test worker     d.u.i.k.p.i.AbstractProblemLoader Init config took 2.56s 
167404     INFO  Test worker     d.u.i.k.t.l.TacletProofObligationInput Proof obligation for taclet: jmod_geZero 
168220     INFO  Test worker     d.u.i.k.p.i.AbstractProblemLoader Replaying proof Taclet: jmod_geZero 
168227     DEBUG Test worker     d.u.i.k.p.i.IntermediateProofReplayer Proof replay took 4.77ms 
168228     INFO  Test worker     d.u.i.k.p.i.AbstractProblemLoader Loading environment from tacletProofs/IntDiv/Taclet_jmodNumZero.proof 
168228     DEBUG Test worker     d.u.i.k.p.i.AbstractProblemLoader Environment load took 103ns 
168229     INFO  Test worker     d.u.i.k.p.i.AbstractProblemLoader Creating init config 
170784     DEBUG Test worker     d.u.i.k.p.i.AbstractProblemLoader Init config took 2.56s 
170784     INFO  Test worker     d.u.i.k.t.l.TacletProofObligationInput Proof obligation for taclet: jmodNumZero 
171716     INFO  Test worker     d.u.i.k.p.i.AbstractProblemLoader Replaying proof Taclet: jmodNumZero 
171719     DEBUG Test worker     d.u.i.k.p.i.IntermediateProofReplayer Proof replay took 1.15ms 
171721     INFO  Test worker     d.u.i.k.p.i.AbstractProblemLoader Loading environment from tacletProofs/IntDiv/Taclet_jmod_pulloutminusNum.proof 
171722     DEBUG Test worker     d.u.i.k.p.i.AbstractProblemLoader Environment load took 300.3ns 
171723     INFO  Test worker     d.u.i.k.p.i.AbstractProblemLoader Creating init config 
174262     DEBUG Test worker     d.u.i.k.p.i.AbstractProblemLoader Init config took 2.54s 
174262     INFO  Test worker     d.u.i.k.t.l.TacletProofObligationInput Proof obligation for taclet: jmod_pulloutminusNum 
175099     INFO  Test worker     d.u.i.k.p.i.AbstractProblemLoader Replaying proof Taclet: jmod_pulloutminusNum 
175103     DEBUG Test worker     d.u.i.k.p.i.IntermediateProofReplayer Proof replay took 1.4ms 
175104     INFO  Test worker     d.u.i.k.p.i.AbstractProblemLoader Loading environment from tacletProofs/IntDiv/Taclet_jmod_pulloutminusDenom.proof 
175104     DEBUG Test worker     d.u.i.k.p.i.AbstractProblemLoader Environment load took 96.7ns 
175105     INFO  Test worker     d.u.i.k.p.i.AbstractProblemLoader Creating init config 
177639     DEBUG Test worker     d.u.i.k.p.i.AbstractProblemLoader Init config took 2.53s 
177639     INFO  Test worker     d.u.i.k.t.l.TacletProofObligationInput Proof obligation for taclet: jmod_pulloutminusDenom 
178472     INFO  Test worker     d.u.i.k.p.i.AbstractProblemLoader Replaying proof Taclet: jmod_pulloutminusDenom 
178475     DEBUG Test worker     d.u.i.k.p.i.IntermediateProofReplayer Proof replay took 1.58ms 
178477     INFO  Test worker     d.u.i.k.p.i.AbstractProblemLoader Loading environment from tacletProofs/IntDiv/Taclet_jmodUnique1.proof 
178477     DEBUG Test worker     d.u.i.k.p.i.AbstractProblemLoader Environment load took 98.9ns 
178478     INFO  Test worker     d.u.i.k.p.i.AbstractProblemLoader Creating init config 
181006     DEBUG Test worker     d.u.i.k.p.i.AbstractProblemLoader Init config took 2.53s 
181006     INFO  Test worker     d.u.i.k.t.l.TacletProofObligationInput Proof obligation for taclet: jmodUnique1 
181851     INFO  Test worker     d.u.i.k.p.i.AbstractProblemLoader Replaying proof Taclet: jmodUnique1 
181916     DEBUG Test worker     d.u.i.k.p.i.IntermediateProofReplayer Proof replay took 57.59ms 
181919     INFO  Test worker     d.u.i.k.p.i.AbstractProblemLoader Loading environment from tacletProofs/IntDiv/Taclet_jmodUnique2.proof 
181919     DEBUG Test worker     d.u.i.k.p.i.AbstractProblemLoader Environment load took 316.5ns 
181920     INFO  Test worker     d.u.i.k.p.i.AbstractProblemLoader Creating init config 
184477     DEBUG Test worker     d.u.i.k.p.i.AbstractProblemLoader Init config took 2.56s 
184477     INFO  Test worker     d.u.i.k.t.l.TacletProofObligationInput Proof obligation for taclet: jmodUnique2 
185288     INFO  Test worker     d.u.i.k.p.i.AbstractProblemLoader Replaying proof Taclet: jmodUnique2 
185351     DEBUG Test worker     d.u.i.k.p.i.IntermediateProofReplayer Proof replay took 55.31ms 
185353     INFO  Test worker     d.u.i.k.p.i.AbstractProblemLoader Loading environment from tacletProofs/IntDiv/Taclet_intDivRem.proof 
185353     DEBUG Test worker     d.u.i.k.p.i.AbstractProblemLoader Environment load took 101ns 
185353     INFO  Test worker     d.u.i.k.p.i.AbstractProblemLoader Creating init config 
187903     DEBUG Test worker     d.u.i.k.p.i.AbstractProblemLoader Init config took 2.55s 
187903     INFO  Test worker     d.u.i.k.t.l.TacletProofObligationInput Proof obligation for taclet: intDivRem 
188719     INFO  Test worker     d.u.i.k.p.i.AbstractProblemLoader Replaying proof Taclet: intDivRem 
188722     DEBUG Test worker     d.u.i.k.p.i.IntermediateProofReplayer Proof replay took 1.26ms 
188725     INFO  Test worker     d.u.i.k.p.i.AbstractProblemLoader Loading environment from tacletProofs/IntDiv/Taclet_jmodjmod.proof 
188725     DEBUG Test worker     d.u.i.k.p.i.AbstractProblemLoader Environment load took 278.4ns 
188726     INFO  Test worker     d.u.i.k.p.i.AbstractProblemLoader Creating init config 
191271     DEBUG Test worker     d.u.i.k.p.i.AbstractProblemLoader Init config took 2.55s 
191271     INFO  Test worker     d.u.i.k.t.l.TacletProofObligationInput Proof obligation for taclet: jmodjmod 
192108     INFO  Test worker     d.u.i.k.p.i.AbstractProblemLoader Replaying proof Taclet: jmodjmod 
192137     DEBUG Test worker     d.u.i.k.p.i.IntermediateProofReplayer Proof replay took 23.85ms 
192138     INFO  Test worker     d.u.i.k.p.i.AbstractProblemLoader Loading environment from tacletProofs/IntDiv/Taclet_jmodDivisible.proof 
192139     DEBUG Test worker     d.u.i.k.p.i.AbstractProblemLoader Environment load took 111.8ns 
192140     INFO  Test worker     d.u.i.k.p.i.AbstractProblemLoader Creating init config 
194693     DEBUG Test worker     d.u.i.k.p.i.AbstractProblemLoader Init config took 2.55s 
194694     INFO  Test worker     d.u.i.k.t.l.TacletProofObligationInput Proof obligation for taclet: jmodDivisible 
195649     INFO  Test worker     d.u.i.k.p.i.AbstractProblemLoader Replaying proof Taclet: jmodDivisible 
195705     DEBUG Test worker     d.u.i.k.p.i.IntermediateProofReplayer Proof replay took 51.88ms 
195709     INFO  Test worker     d.u.i.k.p.i.AbstractProblemLoader Loading environment from tacletProofs/IntDiv/Taclet_jmodDivisibleRep.proof 
195709     DEBUG Test worker     d.u.i.k.p.i.AbstractProblemLoader Environment load took 342.8ns 
195710     INFO  Test worker     d.u.i.k.p.i.AbstractProblemLoader Creating init config 
198290     DEBUG Test worker     d.u.i.k.p.i.AbstractProblemLoader Init config took 2.58s 
198290     INFO  Test worker     d.u.i.k.t.l.TacletProofObligationInput Proof obligation for taclet: jmodDivisibleRep 
199135     INFO  Test worker     d.u.i.k.p.i.AbstractProblemLoader Replaying proof Taclet: jmodDivisibleRep 
199138     DEBUG Test worker     d.u.i.k.p.i.IntermediateProofReplayer Proof replay took 885.61ns 
199139     INFO  Test worker     d.u.i.k.p.i.AbstractProblemLoader Loading environment from tacletProofs/IntDiv/Taclet_jdivAddMultDenom.proof 
199139     DEBUG Test worker     d.u.i.k.p.i.AbstractProblemLoader Environment load took 75.4ns 
199140     INFO  Test worker     d.u.i.k.p.i.AbstractProblemLoader Creating init config 
201676     DEBUG Test worker     d.u.i.k.p.i.AbstractProblemLoader Init config took 2.54s 
201676     INFO  Test worker     d.u.i.k.t.l.TacletProofObligationInput Proof obligation for taclet: jdivAddMultDenom 
202518     INFO  Test worker     d.u.i.k.p.i.AbstractProblemLoader Replaying proof Taclet: jdivAddMultDenom 
202628     DEBUG Test worker     d.u.i.k.p.i.IntermediateProofReplayer Proof replay took 98.95ms 
202631     INFO  Test worker     d.u.i.k.p.i.AbstractProblemLoader Loading environment from tacletProofs/IntDiv/Taclet_jmodAltZero.proof 
202631     DEBUG Test worker     d.u.i.k.p.i.AbstractProblemLoader Environment load took 275.7ns 
202632     INFO  Test worker     d.u.i.k.p.i.AbstractProblemLoader Creating init config 
205214     DEBUG Test worker     d.u.i.k.p.i.AbstractProblemLoader Init config took 2.58s 
205214     INFO  Test worker     d.u.i.k.t.l.TacletProofObligationInput Proof obligation for taclet: jmodAltZero 
206024     INFO  Test worker     d.u.i.k.p.i.AbstractProblemLoader Replaying proof Taclet: jmodAltZero 
206032     DEBUG Test worker     d.u.i.k.p.i.IntermediateProofReplayer Proof replay took 6.31ms 
206033     INFO  Test worker     d.u.i.k.p.i.AbstractProblemLoader Loading environment from tacletProofs/IntDiv/Taclet_jmodAddMultDenomZero.proof 
206033     DEBUG Test worker     d.u.i.k.p.i.AbstractProblemLoader Environment load took 71.8ns 
206034     INFO  Test worker     d.u.i.k.p.i.AbstractProblemLoader Creating init config 
208591     DEBUG Test worker     d.u.i.k.p.i.AbstractProblemLoader Init config took 2.56s 
208592     INFO  Test worker     d.u.i.k.t.l.TacletProofObligationInput Proof obligation for taclet: jmodAddMultDenomZero 
209434     INFO  Test worker     d.u.i.k.p.i.AbstractProblemLoader Replaying proof Taclet: jmodAddMultDenomZero 
209440     DEBUG Test worker     d.u.i.k.p.i.IntermediateProofReplayer Proof replay took 4.09ms 
209442     INFO  Test worker     d.u.i.k.p.i.AbstractProblemLoader Loading environment from tacletProofs/IntDiv/Taclet_polyDiv_zero.proof 
209442     DEBUG Test worker     d.u.i.k.p.i.AbstractProblemLoader Environment load took 245.3ns 
209443     INFO  Test worker     d.u.i.k.p.i.AbstractProblemLoader Creating init config 
211978     DEBUG Test worker     d.u.i.k.p.i.AbstractProblemLoader Init config took 2.53s 
211978     INFO  Test worker     d.u.i.k.t.l.TacletProofObligationInput Proof obligation for taclet: polyDiv_zero 
212811     INFO  Test worker     d.u.i.k.p.i.AbstractProblemLoader Replaying proof Taclet: polyDiv_zero 
212825     DEBUG Test worker     d.u.i.k.p.i.IntermediateProofReplayer Proof replay took 11.12ms 
212826     INFO  Test worker     d.u.i.k.p.i.AbstractProblemLoader Loading environment from tacletProofs/IntDiv/Taclet_polyMod_ltdivDenom.proof 
212826     DEBUG Test worker     d.u.i.k.p.i.AbstractProblemLoader Environment load took 71.5ns 
212827     INFO  Test worker     d.u.i.k.p.i.AbstractProblemLoader Creating init config 
215370     DEBUG Test worker     d.u.i.k.p.i.AbstractProblemLoader Init config took 2.54s 
215370     INFO  Test worker     d.u.i.k.t.l.TacletProofObligationInput Proof obligation for taclet: polyMod_ltdivDenom 
216203     INFO  Test worker     d.u.i.k.p.i.AbstractProblemLoader Replaying proof Taclet: polyMod_ltdivDenom 
216213     DEBUG Test worker     d.u.i.k.p.i.IntermediateProofReplayer Proof replay took 4.3ms 
216216     INFO  Test worker     d.u.i.k.p.i.AbstractProblemLoader Loading environment from tacletProofs/bsum/Taclet_bsum_empty.proof 
216216     DEBUG Test worker     d.u.i.k.p.i.AbstractProblemLoader Environment load took 96.5ns 
216217     INFO  Test worker     d.u.i.k.p.i.AbstractProblemLoader Creating init config 
218748     DEBUG Test worker     d.u.i.k.p.i.AbstractProblemLoader Init config took 2.53s 
218748     INFO  Test worker     d.u.i.k.t.l.TacletProofObligationInput Proof obligation for taclet: bsum_empty 
219582     INFO  Test worker     d.u.i.k.p.i.AbstractProblemLoader Replaying proof Taclet: bsum_empty 
219586     DEBUG Test worker     d.u.i.k.p.i.IntermediateProofReplayer Proof replay took 1.4ms 
219587     INFO  Test worker     d.u.i.k.p.i.AbstractProblemLoader Loading environment from tacletProofs/bsum/Taclet_bsum_induction_upper.proof 
219587     DEBUG Test worker     d.u.i.k.p.i.AbstractProblemLoader Environment load took 65ns 
219588     INFO  Test worker     d.u.i.k.p.i.AbstractProblemLoader Creating init config 
222113     DEBUG Test worker     d.u.i.k.p.i.AbstractProblemLoader Init config took 2.53s 
222114     INFO  Test worker     d.u.i.k.t.l.TacletProofObligationInput Proof obligation for taclet: bsum_induction_upper 
222948     INFO  Test worker     d.u.i.k.p.i.AbstractProblemLoader Replaying proof Taclet: bsum_induction_upper 
222951     DEBUG Test worker     d.u.i.k.p.i.IntermediateProofReplayer Proof replay took 1.95ms 
222953     INFO  Test worker     d.u.i.k.p.i.AbstractProblemLoader Loading environment from tacletProofs/bsum/Taclet_bsum_induction_lower.proof 
222953     DEBUG Test worker     d.u.i.k.p.i.AbstractProblemLoader Environment load took 63.7ns 
222954     INFO  Test worker     d.u.i.k.p.i.AbstractProblemLoader Creating init config 
225507     DEBUG Test worker     d.u.i.k.p.i.AbstractProblemLoader Init config took 2.55s 
225507     INFO  Test worker     d.u.i.k.t.l.TacletProofObligationInput Proof obligation for taclet: bsum_induction_lower 
226318     INFO  Test worker     d.u.i.k.p.i.AbstractProblemLoader Replaying proof Taclet: bsum_induction_lower 
226332     DEBUG Test worker     d.u.i.k.p.i.IntermediateProofReplayer Proof replay took 11.05ms 
226333     INFO  Test worker     d.u.i.k.p.i.AbstractProblemLoader Loading environment from tacletProofs/bsum/Taclet_bsum_num_of_bounds.proof 
226334     DEBUG Test worker     d.u.i.k.p.i.AbstractProblemLoader Environment load took 72.9ns 
226334     INFO  Test worker     d.u.i.k.p.i.AbstractProblemLoader Creating init config 
228892     DEBUG Test worker     d.u.i.k.p.i.AbstractProblemLoader Init config took 2.56s 
228892     INFO  Test worker     d.u.i.k.t.l.TacletProofObligationInput Proof obligation for taclet: bsum_num_of_bounds 
229712     INFO  Test worker     d.u.i.k.p.i.AbstractProblemLoader Replaying proof Taclet: bsum_num_of_bounds 
229753     DEBUG Test worker     d.u.i.k.p.i.IntermediateProofReplayer Proof replay took 38.53ms 
229754     INFO  Test worker     d.u.i.k.p.i.AbstractProblemLoader Loading environment from tacletProofs/bsum/Taclet_bsum_num_of_bounds2.proof 
229754     DEBUG Test worker     d.u.i.k.p.i.AbstractProblemLoader Environment load took 77.9ns 
229755     INFO  Test worker     d.u.i.k.p.i.AbstractProblemLoader Creating init config 
232289     DEBUG Test worker     d.u.i.k.p.i.AbstractProblemLoader Init config took 2.53s 
232289     INFO  Test worker     d.u.i.k.t.l.TacletProofObligationInput Proof obligation for taclet: bsum_num_of_bounds2 
233125     INFO  Test worker     d.u.i.k.p.i.AbstractProblemLoader Replaying proof Taclet: bsum_num_of_bounds2 
233141     DEBUG Test worker     d.u.i.k.p.i.IntermediateProofReplayer Proof replay took 13.32ms 
233144     INFO  Test worker     d.u.i.k.p.i.AbstractProblemLoader Loading environment from tacletProofs/bsum/Taclet_bsum_induction_upper2.proof 
233145     DEBUG Test worker     d.u.i.k.p.i.AbstractProblemLoader Environment load took 254.8ns 
233146     INFO  Test worker     d.u.i.k.p.i.AbstractProblemLoader Creating init config 
235679     DEBUG Test worker     d.u.i.k.p.i.AbstractProblemLoader Init config took 2.53s 
235679     INFO  Test worker     d.u.i.k.t.l.TacletProofObligationInput Proof obligation for taclet: bsum_induction_upper2 
236516     INFO  Test worker     d.u.i.k.p.i.AbstractProblemLoader Replaying proof Taclet: bsum_induction_upper2 
236519     DEBUG Test worker     d.u.i.k.p.i.IntermediateProofReplayer Proof replay took 1.05ms 
236520     INFO  Test worker     d.u.i.k.p.i.AbstractProblemLoader Loading environment from tacletProofs/bsum/Taclet_bsum_induction_upper_concrete.proof 
236520     DEBUG Test worker     d.u.i.k.p.i.AbstractProblemLoader Environment load took 76.4ns 
236521     INFO  Test worker     d.u.i.k.p.i.AbstractProblemLoader Creating init config 
239055     DEBUG Test worker     d.u.i.k.p.i.AbstractProblemLoader Init config took 2.53s 
239055     INFO  Test worker     d.u.i.k.t.l.TacletProofObligationInput Proof obligation for taclet: bsum_induction_upper_concrete 
239889     INFO  Test worker     d.u.i.k.p.i.AbstractProblemLoader Replaying proof Taclet: bsum_induction_upper_concrete 
239892     DEBUG Test worker     d.u.i.k.p.i.IntermediateProofReplayer Proof replay took 1.22ms 
239893     INFO  Test worker     d.u.i.k.p.i.AbstractProblemLoader Loading environment from tacletProofs/bsum/Taclet_bsum_induction_upper_concrete_2.proof 
239893     DEBUG Test worker     d.u.i.k.p.i.AbstractProblemLoader Environment load took 71.6ns 
239894     INFO  Test worker     d.u.i.k.p.i.AbstractProblemLoader Creating init config 
242421     DEBUG Test worker     d.u.i.k.p.i.AbstractProblemLoader Init config took 2.53s 
242421     INFO  Test worker     d.u.i.k.t.l.TacletProofObligationInput Proof obligation for taclet: bsum_induction_upper_concrete_2 
243254     INFO  Test worker     d.u.i.k.p.i.AbstractProblemLoader Replaying proof Taclet: bsum_induction_upper_concrete_2 
243259     DEBUG Test worker     d.u.i.k.p.i.IntermediateProofReplayer Proof replay took 3.19ms 
243260     INFO  Test worker     d.u.i.k.p.i.AbstractProblemLoader Loading environment from tacletProofs/bsum/Taclet_bsum_induction_upper2_concrete.proof 
243260     DEBUG Test worker     d.u.i.k.p.i.AbstractProblemLoader Environment load took 78.8ns 
243261     INFO  Test worker     d.u.i.k.p.i.AbstractProblemLoader Creating init config 
245812     DEBUG Test worker     d.u.i.k.p.i.AbstractProblemLoader Init config took 2.55s 
245812     INFO  Test worker     d.u.i.k.t.l.TacletProofObligationInput Proof obligation for taclet: bsum_induction_upper2_concrete 
246622     INFO  Test worker     d.u.i.k.p.i.AbstractProblemLoader Replaying proof Taclet: bsum_induction_upper2_concrete 
246624     DEBUG Test worker     d.u.i.k.p.i.IntermediateProofReplayer Proof replay took 852.81ns 
246625     INFO  Test worker     d.u.i.k.p.i.AbstractProblemLoader Loading environment from tacletProofs/bsum/Taclet_bsum_induction_lower_concrete.proof 
246626     DEBUG Test worker     d.u.i.k.p.i.AbstractProblemLoader Environment load took 75.8ns 
246626     INFO  Test worker     d.u.i.k.p.i.AbstractProblemLoader Creating init config 
249175     DEBUG Test worker     d.u.i.k.p.i.AbstractProblemLoader Init config took 2.55s 
249175     INFO  Test worker     d.u.i.k.t.l.TacletProofObligationInput Proof obligation for taclet: bsum_induction_lower_concrete 
250022     INFO  Test worker     d.u.i.k.p.i.AbstractProblemLoader Replaying proof Taclet: bsum_induction_lower_concrete 
250024     DEBUG Test worker     d.u.i.k.p.i.IntermediateProofReplayer Proof replay took 555.21ns 
250025     INFO  Test worker     d.u.i.k.p.i.AbstractProblemLoader Loading environment from tacletProofs/bsum/Taclet_bsum_induction_lower2.proof 
250025     DEBUG Test worker     d.u.i.k.p.i.AbstractProblemLoader Environment load took 62.8ns 
250026     INFO  Test worker     d.u.i.k.p.i.AbstractProblemLoader Creating init config 
252554     DEBUG Test worker     d.u.i.k.p.i.AbstractProblemLoader Init config took 2.53s 
252554     INFO  Test worker     d.u.i.k.t.l.TacletProofObligationInput Proof obligation for taclet: bsum_induction_lower2 
253387     INFO  Test worker     d.u.i.k.p.i.AbstractProblemLoader Replaying proof Taclet: bsum_induction_lower2 
253391     DEBUG Test worker     d.u.i.k.p.i.IntermediateProofReplayer Proof replay took 1.9ms 
253392     INFO  Test worker     d.u.i.k.p.i.AbstractProblemLoader Loading environment from tacletProofs/bsum/Taclet_bsum_induction_lower2_concrete.proof 
253392     DEBUG Test worker     d.u.i.k.p.i.AbstractProblemLoader Environment load took 81.4ns 
253393     INFO  Test worker     d.u.i.k.p.i.AbstractProblemLoader Creating init config 
255930     DEBUG Test worker     d.u.i.k.p.i.AbstractProblemLoader Init config took 2.54s 
255931     INFO  Test worker     d.u.i.k.t.l.TacletProofObligationInput Proof obligation for taclet: bsum_induction_lower2_concrete 
256767     INFO  Test worker     d.u.i.k.p.i.AbstractProblemLoader Replaying proof Taclet: bsum_induction_lower2_concrete 
256770     DEBUG Test worker     d.u.i.k.p.i.IntermediateProofReplayer Proof replay took 837.41ns 
256771     INFO  Test worker     d.u.i.k.p.i.AbstractProblemLoader Loading environment from tacletProofs/bsum/Taclet_bsum_positive.proof 
256771     DEBUG Test worker     d.u.i.k.p.i.AbstractProblemLoader Environment load took 80.7ns 
256772     INFO  Test worker     d.u.i.k.p.i.AbstractProblemLoader Creating init config 
259305     DEBUG Test worker     d.u.i.k.p.i.AbstractProblemLoader Init config took 2.53s 
259305     INFO  Test worker     d.u.i.k.t.l.TacletProofObligationInput Proof obligation for taclet: bsum_positive 
260147     INFO  Test worker     d.u.i.k.p.i.AbstractProblemLoader Replaying proof Taclet: bsum_positive 
260201     DEBUG Test worker     d.u.i.k.p.i.IntermediateProofReplayer Proof replay took 51.55ms 
260204     INFO  Test worker     d.u.i.k.p.i.AbstractProblemLoader Loading environment from tacletProofs/bsum/Taclet_bsum_upper_bound.proof 
260204     DEBUG Test worker     d.u.i.k.p.i.AbstractProblemLoader Environment load took 90.6ns 
260204     INFO  Test worker     d.u.i.k.p.i.AbstractProblemLoader Creating init config 
262737     DEBUG Test worker     d.u.i.k.p.i.AbstractProblemLoader Init config took 2.53s 
262737     INFO  Test worker     d.u.i.k.t.l.TacletProofObligationInput Proof obligation for taclet: bsum_upper_bound 
263569     INFO  Test worker     d.u.i.k.p.i.AbstractProblemLoader Replaying proof Taclet: bsum_upper_bound 
263588     DEBUG Test worker     d.u.i.k.p.i.IntermediateProofReplayer Proof replay took 16.84ms 
263590     INFO  Test worker     d.u.i.k.p.i.AbstractProblemLoader Loading environment from tacletProofs/bsum/Taclet_bsum_lower_bound.proof 
263590     DEBUG Test worker     d.u.i.k.p.i.AbstractProblemLoader Environment load took 83.2ns 
263591     INFO  Test worker     d.u.i.k.p.i.AbstractProblemLoader Creating init config 
266142     DEBUG Test worker     d.u.i.k.p.i.AbstractProblemLoader Init config took 2.55s 
266142     INFO  Test worker     d.u.i.k.t.l.TacletProofObligationInput Proof obligation for taclet: bsum_lower_bound 
266958     INFO  Test worker     d.u.i.k.p.i.AbstractProblemLoader Replaying proof Taclet: bsum_lower_bound 
266985     DEBUG Test worker     d.u.i.k.p.i.IntermediateProofReplayer Proof replay took 23.98ms 
266988     INFO  Test worker     d.u.i.k.p.i.AbstractProblemLoader Loading environment from tacletProofs/bsum/Taclet_bsum_positive_lower_bound_element.proof 
266988     DEBUG Test worker     d.u.i.k.p.i.AbstractProblemLoader Environment load took 114.4ns 
266989     INFO  Test worker     d.u.i.k.p.i.AbstractProblemLoader Creating init config 
269549     DEBUG Test worker     d.u.i.k.p.i.AbstractProblemLoader Init config took 2.56s 
269549     INFO  Test worker     d.u.i.k.t.l.TacletProofObligationInput Proof obligation for taclet: bsum_positive_lower_bound_element 
270383     INFO  Test worker     d.u.i.k.p.i.AbstractProblemLoader Replaying proof Taclet: bsum_positive_lower_bound_element 
270407     DEBUG Test worker     d.u.i.k.p.i.IntermediateProofReplayer Proof replay took 20.49ms 
270408     INFO  Test worker     d.u.i.k.p.i.AbstractProblemLoader Loading environment from tacletProofs/bsum/Taclet_bsum_sub_same_index.proof 
270409     DEBUG Test worker     d.u.i.k.p.i.AbstractProblemLoader Environment load took 75.9ns 
270409     INFO  Test worker     d.u.i.k.p.i.AbstractProblemLoader Creating init config 
272936     DEBUG Test worker     d.u.i.k.p.i.AbstractProblemLoader Init config took 2.53s 
272936     INFO  Test worker     d.u.i.k.t.l.TacletProofObligationInput Proof obligation for taclet: bsum_sub_same_index 
273769     INFO  Test worker     d.u.i.k.p.i.AbstractProblemLoader Replaying proof Taclet: bsum_sub_same_index 
273784     DEBUG Test worker     d.u.i.k.p.i.IntermediateProofReplayer Proof replay took 12.72ms 
273786     INFO  Test worker     d.u.i.k.p.i.AbstractProblemLoader Loading environment from tacletProofs/bsum/Taclet_bsum_less_same_index.proof 
273786     DEBUG Test worker     d.u.i.k.p.i.AbstractProblemLoader Environment load took 90.3ns 
273787     INFO  Test worker     d.u.i.k.p.i.AbstractProblemLoader Creating init config 
276318     DEBUG Test worker     d.u.i.k.p.i.AbstractProblemLoader Init config took 2.53s 
276318     INFO  Test worker     d.u.i.k.t.l.TacletProofObligationInput Proof obligation for taclet: bsum_less_same_index 
277176     INFO  Test worker     d.u.i.k.p.i.AbstractProblemLoader Replaying proof Taclet: bsum_less_same_index 
277204     DEBUG Test worker     d.u.i.k.p.i.IntermediateProofReplayer Proof replay took 24.49ms 
277206     INFO  Test worker     d.u.i.k.p.i.AbstractProblemLoader Loading environment from tacletProofs/bsum/Taclet_bsum_equal_except_one_index.proof 
277206     DEBUG Test worker     d.u.i.k.p.i.AbstractProblemLoader Environment load took 162.1ns 
277207     INFO  Test worker     d.u.i.k.p.i.AbstractProblemLoader Creating init config 
279730     DEBUG Test worker     d.u.i.k.p.i.AbstractProblemLoader Init config took 2.52s 
279731     INFO  Test worker     d.u.i.k.t.l.TacletProofObligationInput Proof obligation for taclet: bsum_equal_except_one_index 
280563     INFO  Test worker     d.u.i.k.p.i.AbstractProblemLoader Replaying proof Taclet: bsum_equal_except_one_index 
280579     DEBUG Test worker     d.u.i.k.p.i.IntermediateProofReplayer Proof replay took 12.2ms 
280580     INFO  Test worker     d.u.i.k.p.i.AbstractProblemLoader Loading environment from tacletProofs/bsum/Taclet_bsum_num_of_is_max.proof 
280580     DEBUG Test worker     d.u.i.k.p.i.AbstractProblemLoader Environment load took 81.9ns 
280581     INFO  Test worker     d.u.i.k.p.i.AbstractProblemLoader Creating init config 
283106     DEBUG Test worker     d.u.i.k.p.i.AbstractProblemLoader Init config took 2.53s 
283107     INFO  Test worker     d.u.i.k.t.l.TacletProofObligationInput Proof obligation for taclet: bsum_num_of_is_max 
283938     INFO  Test worker     d.u.i.k.p.i.AbstractProblemLoader Replaying proof Taclet: bsum_num_of_is_max 
283950     DEBUG Test worker     d.u.i.k.p.i.IntermediateProofReplayer Proof replay took 9.34ms 
283951     INFO  Test worker     d.u.i.k.p.i.AbstractProblemLoader Loading environment from tacletProofs/bsum/Taclet_bsum_num_of_is_max2.proof 
283951     DEBUG Test worker     d.u.i.k.p.i.AbstractProblemLoader Environment load took 72.6ns 
283952     INFO  Test worker     d.u.i.k.p.i.AbstractProblemLoader Creating init config 
286493     DEBUG Test worker     d.u.i.k.p.i.AbstractProblemLoader Init config took 2.54s 
286493     INFO  Test worker     d.u.i.k.t.l.TacletProofObligationInput Proof obligation for taclet: bsum_num_of_is_max2 
287302     INFO  Test worker     d.u.i.k.p.i.AbstractProblemLoader Replaying proof Taclet: bsum_num_of_is_max2 
287315     DEBUG Test worker     d.u.i.k.p.i.IntermediateProofReplayer Proof replay took 10.87ms 
287317     INFO  Test worker     d.u.i.k.p.i.AbstractProblemLoader Loading environment from tacletProofs/bsum/Taclet_bsum_num_of_is_max3.proof 
287317     DEBUG Test worker     d.u.i.k.p.i.AbstractProblemLoader Environment load took 104.8ns 
287318     INFO  Test worker     d.u.i.k.p.i.AbstractProblemLoader Creating init config 
289863     DEBUG Test worker     d.u.i.k.p.i.AbstractProblemLoader Init config took 2.54s 
289863     INFO  Test worker     d.u.i.k.t.l.TacletProofObligationInput Proof obligation for taclet: bsum_num_of_is_max3 
290695     INFO  Test worker     d.u.i.k.p.i.AbstractProblemLoader Replaying proof Taclet: bsum_num_of_is_max3 
290706     DEBUG Test worker     d.u.i.k.p.i.IntermediateProofReplayer Proof replay took 8.93ms 
290708     INFO  Test worker     d.u.i.k.p.i.AbstractProblemLoader Loading environment from tacletProofs/bsum/Taclet_bsum_num_of_is_max4.proof 
290708     DEBUG Test worker     d.u.i.k.p.i.AbstractProblemLoader Environment load took 65.9ns 
290709     INFO  Test worker     d.u.i.k.p.i.AbstractProblemLoader Creating init config 
293232     DEBUG Test worker     d.u.i.k.p.i.AbstractProblemLoader Init config took 2.52s 
293232     INFO  Test worker     d.u.i.k.t.l.TacletProofObligationInput Proof obligation for taclet: bsum_num_of_is_max4 
294067     INFO  Test worker     d.u.i.k.p.i.AbstractProblemLoader Replaying proof Taclet: bsum_num_of_is_max4 
294083     DEBUG Test worker     d.u.i.k.p.i.IntermediateProofReplayer Proof replay took 12.63ms 
294084     INFO  Test worker     d.u.i.k.p.i.AbstractProblemLoader Loading environment from tacletProofs/bsum/Taclet_bsum_num_of_lt_max.proof 
294084     DEBUG Test worker     d.u.i.k.p.i.AbstractProblemLoader Environment load took 80ns 
294085     INFO  Test worker     d.u.i.k.p.i.AbstractProblemLoader Creating init config 
296612     DEBUG Test worker     d.u.i.k.p.i.AbstractProblemLoader Init config took 2.53s 
296612     INFO  Test worker     d.u.i.k.t.l.TacletProofObligationInput Proof obligation for taclet: bsum_num_of_lt_max 
297447     INFO  Test worker     d.u.i.k.p.i.AbstractProblemLoader Replaying proof Taclet: bsum_num_of_lt_max 
297463     DEBUG Test worker     d.u.i.k.p.i.IntermediateProofReplayer Proof replay took 12.06ms 
297464     INFO  Test worker     d.u.i.k.p.i.AbstractProblemLoader Loading environment from tacletProofs/bsum/Taclet_bsum_num_of_lt_max2.proof 
297464     DEBUG Test worker     d.u.i.k.p.i.AbstractProblemLoader Environment load took 86.2ns 
297465     INFO  Test worker     d.u.i.k.p.i.AbstractProblemLoader Creating init config 
299994     DEBUG Test worker     d.u.i.k.p.i.AbstractProblemLoader Init config took 2.53s 
299994     INFO  Test worker     d.u.i.k.t.l.TacletProofObligationInput Proof obligation for taclet: bsum_num_of_lt_max2 
300836     INFO  Test worker     d.u.i.k.p.i.AbstractProblemLoader Replaying proof Taclet: bsum_num_of_lt_max2 
300852     DEBUG Test worker     d.u.i.k.p.i.IntermediateProofReplayer Proof replay took 12.14ms 
300853     INFO  Test worker     d.u.i.k.p.i.AbstractProblemLoader Loading environment from tacletProofs/bsum/Taclet_bsum_num_of_lt_max3.proof 
300853     DEBUG Test worker     d.u.i.k.p.i.AbstractProblemLoader Environment load took 81.7ns 
300854     INFO  Test worker     d.u.i.k.p.i.AbstractProblemLoader Creating init config 
303411     DEBUG Test worker     d.u.i.k.p.i.AbstractProblemLoader Init config took 2.56s 
303411     INFO  Test worker     d.u.i.k.t.l.TacletProofObligationInput Proof obligation for taclet: bsum_num_of_lt_max3 
304227     INFO  Test worker     d.u.i.k.p.i.AbstractProblemLoader Replaying proof Taclet: bsum_num_of_lt_max3 
304241     DEBUG Test worker     d.u.i.k.p.i.IntermediateProofReplayer Proof replay took 11.49ms 
304242     INFO  Test worker     d.u.i.k.p.i.AbstractProblemLoader Loading environment from tacletProofs/bsum/Taclet_bsum_num_of_lt_max4.proof 
304242     DEBUG Test worker     d.u.i.k.p.i.AbstractProblemLoader Environment load took 85.5ns 
304243     INFO  Test worker     d.u.i.k.p.i.AbstractProblemLoader Creating init config 
306797     DEBUG Test worker     d.u.i.k.p.i.AbstractProblemLoader Init config took 2.55s 
306797     INFO  Test worker     d.u.i.k.t.l.TacletProofObligationInput Proof obligation for taclet: bsum_num_of_lt_max4 
307607     INFO  Test worker     d.u.i.k.p.i.AbstractProblemLoader Replaying proof Taclet: bsum_num_of_lt_max4 
307621     DEBUG Test worker     d.u.i.k.p.i.IntermediateProofReplayer Proof replay took 10.72ms 
307622     INFO  Test worker     d.u.i.k.p.i.AbstractProblemLoader Loading environment from tacletProofs/bsum/Taclet_bsum_num_of_gt0.proof 
307622     DEBUG Test worker     d.u.i.k.p.i.AbstractProblemLoader Environment load took 79.7ns 
307623     INFO  Test worker     d.u.i.k.p.i.AbstractProblemLoader Creating init config 
310172     DEBUG Test worker     d.u.i.k.p.i.AbstractProblemLoader Init config took 2.55s 
310172     INFO  Test worker     d.u.i.k.t.l.TacletProofObligationInput Proof obligation for taclet: bsum_num_of_gt0 
311005     INFO  Test worker     d.u.i.k.p.i.AbstractProblemLoader Replaying proof Taclet: bsum_num_of_gt0 
311027     DEBUG Test worker     d.u.i.k.p.i.IntermediateProofReplayer Proof replay took 19.59ms 
311028     INFO  Test worker     d.u.i.k.p.i.AbstractProblemLoader Loading environment from tacletProofs/bsum/Taclet_bsum_num_of_gt0_alt.proof 
311028     DEBUG Test worker     d.u.i.k.p.i.AbstractProblemLoader Environment load took 78.2ns 
311029     INFO  Test worker     d.u.i.k.p.i.AbstractProblemLoader Creating init config 
313566     DEBUG Test worker     d.u.i.k.p.i.AbstractProblemLoader Init config took 2.54s 
313566     INFO  Test worker     d.u.i.k.t.l.TacletProofObligationInput Proof obligation for taclet: bsum_num_of_gt0_alt 
314399     INFO  Test worker     d.u.i.k.p.i.AbstractProblemLoader Replaying proof Taclet: bsum_num_of_gt0_alt 
314414     DEBUG Test worker     d.u.i.k.p.i.IntermediateProofReplayer Proof replay took 12.08ms 
314415     INFO  Test worker     d.u.i.k.p.i.AbstractProblemLoader Loading environment from tacletProofs/bsum/Taclet_bsum_add_concrete.proof 
314415     DEBUG Test worker     d.u.i.k.p.i.AbstractProblemLoader Environment load took 78.6ns 
314416     INFO  Test worker     d.u.i.k.p.i.AbstractProblemLoader Creating init config 
316943     DEBUG Test worker     d.u.i.k.p.i.AbstractProblemLoader Init config took 2.53s 
316944     INFO  Test worker     d.u.i.k.t.l.TacletProofObligationInput Proof obligation for taclet: bsum_add_concrete 
317777     INFO  Test worker     d.u.i.k.p.i.AbstractProblemLoader Replaying proof Taclet: bsum_add_concrete 
317787     DEBUG Test worker     d.u.i.k.p.i.IntermediateProofReplayer Proof replay took 8.11ms 
317790     INFO  Test worker     d.u.i.k.p.i.AbstractProblemLoader Loading environment from tacletProofs/bprod/Taclet_bprod_all_positive.proof 
317790     DEBUG Test worker     d.u.i.k.p.i.AbstractProblemLoader Environment load took 319.5ns 
317791     INFO  Test worker     d.u.i.k.p.i.AbstractProblemLoader Creating init config 
320325     DEBUG Test worker     d.u.i.k.p.i.AbstractProblemLoader Init config took 2.53s 
320326     INFO  Test worker     d.u.i.k.t.l.TacletProofObligationInput Proof obligation for taclet: bprod_all_positive 
321158     INFO  Test worker     d.u.i.k.p.i.AbstractProblemLoader Replaying proof Taclet: bprod_all_positive 
321169     DEBUG Test worker     d.u.i.k.p.i.IntermediateProofReplayer Proof replay took 8.32ms 
321170     INFO  Test worker     d.u.i.k.p.i.AbstractProblemLoader Loading environment from tacletProofs/bprod/Taclet_bprod_split.proof 
321170     DEBUG Test worker     d.u.i.k.p.i.AbstractProblemLoader Environment load took 70.5ns 
321171     INFO  Test worker     d.u.i.k.p.i.AbstractProblemLoader Creating init config 
323721     DEBUG Test worker     d.u.i.k.p.i.AbstractProblemLoader Init config took 2.55s 
323721     INFO  Test worker     d.u.i.k.t.l.TacletProofObligationInput Proof obligation for taclet: bprod_split 
324531     INFO  Test worker     d.u.i.k.p.i.AbstractProblemLoader Replaying proof Taclet: bprod_split 
324535     DEBUG Test worker     d.u.i.k.p.i.IntermediateProofReplayer Proof replay took 1.58ms 
324536     INFO  Test worker     d.u.i.k.p.i.AbstractProblemLoader Loading environment from tacletProofs/intPow/Taclet_powConcrete0.proof 
324536     DEBUG Test worker     d.u.i.k.p.i.AbstractProblemLoader Environment load took 66.3ns 
324537     INFO  Test worker     d.u.i.k.p.i.AbstractProblemLoader Creating init config 
327089     DEBUG Test worker     d.u.i.k.p.i.AbstractProblemLoader Init config took 2.55s 
327089     INFO  Test worker     d.u.i.k.t.l.TacletProofObligationInput Proof obligation for taclet: powConcrete0 
327900     INFO  Test worker     d.u.i.k.p.i.AbstractProblemLoader Replaying proof Taclet: powConcrete0 
327902     DEBUG Test worker     d.u.i.k.p.i.IntermediateProofReplayer Proof replay took 577.71ns 
327904     INFO  Test worker     d.u.i.k.p.i.AbstractProblemLoader Loading environment from tacletProofs/intPow/Taclet_powConcrete1.proof 
327904     DEBUG Test worker     d.u.i.k.p.i.AbstractProblemLoader Environment load took 67.5ns 
327905     INFO  Test worker     d.u.i.k.p.i.AbstractProblemLoader Creating init config 
330448     DEBUG Test worker     d.u.i.k.p.i.AbstractProblemLoader Init config took 2.54s 
330448     INFO  Test worker     d.u.i.k.t.l.TacletProofObligationInput Proof obligation for taclet: powConcrete1 
331284     INFO  Test worker     d.u.i.k.p.i.AbstractProblemLoader Replaying proof Taclet: powConcrete1 
331287     DEBUG Test worker     d.u.i.k.p.i.IntermediateProofReplayer Proof replay took 664.51ns 
331288     INFO  Test worker     d.u.i.k.p.i.AbstractProblemLoader Loading environment from tacletProofs/intPow/Taclet_powSplitFactor.proof 
331288     DEBUG Test worker     d.u.i.k.p.i.AbstractProblemLoader Environment load took 59.2ns 
331289     INFO  Test worker     d.u.i.k.p.i.AbstractProblemLoader Creating init config 
333824     DEBUG Test worker     d.u.i.k.p.i.AbstractProblemLoader Init config took 2.54s 
333824     INFO  Test worker     d.u.i.k.t.l.TacletProofObligationInput Proof obligation for taclet: powSplitFactor 
334658     INFO  Test worker     d.u.i.k.p.i.AbstractProblemLoader Replaying proof Taclet: powSplitFactor 
334663     DEBUG Test worker     d.u.i.k.p.i.IntermediateProofReplayer Proof replay took 3.2ms 
334665     INFO  Test worker     d.u.i.k.p.i.AbstractProblemLoader Loading environment from tacletProofs/intPow/Taclet_powAdd.proof 
334665     DEBUG Test worker     d.u.i.k.p.i.AbstractProblemLoader Environment load took 92.1ns 
334666     INFO  Test worker     d.u.i.k.p.i.AbstractProblemLoader Creating init config 
337195     DEBUG Test worker     d.u.i.k.p.i.AbstractProblemLoader Init config took 2.53s 
337195     INFO  Test worker     d.u.i.k.t.l.TacletProofObligationInput Proof obligation for taclet: powAdd 
338035     INFO  Test worker     d.u.i.k.p.i.AbstractProblemLoader Replaying proof Taclet: powAdd 
338040     DEBUG Test worker     d.u.i.k.p.i.IntermediateProofReplayer Proof replay took 3.26ms 
338041     INFO  Test worker     d.u.i.k.p.i.AbstractProblemLoader Loading environment from tacletProofs/intPow/Taclet_powMono.proof 
338041     DEBUG Test worker     d.u.i.k.p.i.AbstractProblemLoader Environment load took 70.6ns 
338042     INFO  Test worker     d.u.i.k.p.i.AbstractProblemLoader Creating init config 
340571     DEBUG Test worker     d.u.i.k.p.i.AbstractProblemLoader Init config took 2.53s 
340571     INFO  Test worker     d.u.i.k.t.l.TacletProofObligationInput Proof obligation for taclet: powMono 
341410     INFO  Test worker     d.u.i.k.p.i.AbstractProblemLoader Replaying proof Taclet: powMono 
341419     DEBUG Test worker     d.u.i.k.p.i.IntermediateProofReplayer Proof replay took 7.13ms 
341420     INFO  Test worker     d.u.i.k.p.i.AbstractProblemLoader Loading environment from tacletProofs/intPow/Taclet_powMonoConcrete.proof 
341421     DEBUG Test worker     d.u.i.k.p.i.AbstractProblemLoader Environment load took 54.7ns 
341421     INFO  Test worker     d.u.i.k.p.i.AbstractProblemLoader Creating init config 
343969     DEBUG Test worker     d.u.i.k.p.i.AbstractProblemLoader Init config took 2.55s 
343970     INFO  Test worker     d.u.i.k.t.l.TacletProofObligationInput Proof obligation for taclet: powMonoConcrete 
344786     INFO  Test worker     d.u.i.k.p.i.AbstractProblemLoader Replaying proof Taclet: powMonoConcrete 
344789     DEBUG Test worker     d.u.i.k.p.i.IntermediateProofReplayer Proof replay took 1.63ms 
344790     INFO  Test worker     d.u.i.k.p.i.AbstractProblemLoader Loading environment from tacletProofs/intPow/Taclet_powMonoConcreteRight.proof 
344790     DEBUG Test worker     d.u.i.k.p.i.AbstractProblemLoader Environment load took 56.3ns 
344791     INFO  Test worker     d.u.i.k.p.i.AbstractProblemLoader Creating init config 
347342     DEBUG Test worker     d.u.i.k.p.i.AbstractProblemLoader Init config took 2.55s 
347342     INFO  Test worker     d.u.i.k.t.l.TacletProofObligationInput Proof obligation for taclet: powMonoConcreteRight 
348154     INFO  Test worker     d.u.i.k.p.i.AbstractProblemLoader Replaying proof Taclet: powMonoConcreteRight 
348156     DEBUG Test worker     d.u.i.k.p.i.IntermediateProofReplayer Proof replay took 495ns 
348157     INFO  Test worker     d.u.i.k.p.i.AbstractProblemLoader Loading environment from tacletProofs/intPow/Taclet_powPositive.proof 
348157     DEBUG Test worker     d.u.i.k.p.i.AbstractProblemLoader Environment load took 68.3ns 
348158     INFO  Test worker     d.u.i.k.p.i.AbstractProblemLoader Creating init config 
350704     DEBUG Test worker     d.u.i.k.p.i.AbstractProblemLoader Init config took 2.55s 
350704     INFO  Test worker     d.u.i.k.t.l.TacletProofObligationInput Proof obligation for taclet: powPositive 
351541     INFO  Test worker     d.u.i.k.p.i.AbstractProblemLoader Replaying proof Taclet: powPositive 
351548     DEBUG Test worker     d.u.i.k.p.i.IntermediateProofReplayer Proof replay took 3.42ms 
351550     INFO  Test worker     d.u.i.k.p.i.AbstractProblemLoader Loading environment from tacletProofs/intPow/Taclet_powPositiveConcrete.proof 
351551     DEBUG Test worker     d.u.i.k.p.i.AbstractProblemLoader Environment load took 219.4ns 
351552     INFO  Test worker     d.u.i.k.p.i.AbstractProblemLoader Creating init config 
354082     DEBUG Test worker     d.u.i.k.p.i.AbstractProblemLoader Init config took 2.53s 
354082     INFO  Test worker     d.u.i.k.t.l.TacletProofObligationInput Proof obligation for taclet: powPositiveConcrete 
354918     INFO  Test worker     d.u.i.k.p.i.AbstractProblemLoader Replaying proof Taclet: powPositiveConcrete 
354920     DEBUG Test worker     d.u.i.k.p.i.IntermediateProofReplayer Proof replay took 589.31ns 
354921     INFO  Test worker     d.u.i.k.p.i.AbstractProblemLoader Loading environment from tacletProofs/intPow/Taclet_powGeq1Concrete.proof 
354921     DEBUG Test worker     d.u.i.k.p.i.AbstractProblemLoader Environment load took 57.3ns 
354922     INFO  Test worker     d.u.i.k.p.i.AbstractProblemLoader Creating init config 
357461     DEBUG Test worker     d.u.i.k.p.i.AbstractProblemLoader Init config took 2.54s 
357462     INFO  Test worker     d.u.i.k.t.l.TacletProofObligationInput Proof obligation for taclet: powGeq1Concrete 
358298     INFO  Test worker     d.u.i.k.p.i.AbstractProblemLoader Replaying proof Taclet: powGeq1Concrete 
358300     DEBUG Test worker     d.u.i.k.p.i.IntermediateProofReplayer Proof replay took 506.7ns 
358302     INFO  Test worker     d.u.i.k.p.i.AbstractProblemLoader Loading environment from tacletProofs/intPow/Taclet_pow2InIntLower.proof 
358302     DEBUG Test worker     d.u.i.k.p.i.AbstractProblemLoader Environment load took 71.1ns 
358302     INFO  Test worker     d.u.i.k.p.i.AbstractProblemLoader Creating init config 
360832     DEBUG Test worker     d.u.i.k.p.i.AbstractProblemLoader Init config took 2.53s 
360833     INFO  Test worker     d.u.i.k.t.l.TacletProofObligationInput Proof obligation for taclet: pow2InIntLower 
361674     INFO  Test worker     d.u.i.k.p.i.AbstractProblemLoader Replaying proof Taclet: pow2InIntLower 
361676     DEBUG Test worker     d.u.i.k.p.i.IntermediateProofReplayer Proof replay took 547.31ns 
361678     INFO  Test worker     d.u.i.k.p.i.AbstractProblemLoader Loading environment from tacletProofs/intPow/Taclet_pow2InIntUpper.proof 
361679     DEBUG Test worker     d.u.i.k.p.i.AbstractProblemLoader Environment load took 225.3ns 
361680     INFO  Test worker     d.u.i.k.p.i.AbstractProblemLoader Creating init config 
364237     DEBUG Test worker     d.u.i.k.p.i.AbstractProblemLoader Init config took 2.56s 
364237     INFO  Test worker     d.u.i.k.t.l.TacletProofObligationInput Proof obligation for taclet: pow2InIntUpper 
365050     INFO  Test worker     d.u.i.k.p.i.AbstractProblemLoader Replaying proof Taclet: pow2InIntUpper 
365053     DEBUG Test worker     d.u.i.k.p.i.IntermediateProofReplayer Proof replay took 1.77ms 
365055     INFO  Test worker     d.u.i.k.p.i.AbstractProblemLoader Loading environment from tacletProofs/intPow/Taclet_logSelfConcrete.proof 
365055     DEBUG Test worker     d.u.i.k.p.i.AbstractProblemLoader Environment load took 65.2ns 
365055     INFO  Test worker     d.u.i.k.p.i.AbstractProblemLoader Creating init config 
367603     DEBUG Test worker     d.u.i.k.p.i.AbstractProblemLoader Init config took 2.55s 
367603     INFO  Test worker     d.u.i.k.t.l.TacletProofObligationInput Proof obligation for taclet: logSelfConcrete 
368416     INFO  Test worker     d.u.i.k.p.i.AbstractProblemLoader Replaying proof Taclet: logSelfConcrete 
368423     DEBUG Test worker     d.u.i.k.p.i.IntermediateProofReplayer Proof replay took 4.71ms 
368424     INFO  Test worker     d.u.i.k.p.i.AbstractProblemLoader Loading environment from tacletProofs/intPow/Taclet_log1Concrete.proof 
368424     DEBUG Test worker     d.u.i.k.p.i.AbstractProblemLoader Environment load took 71.6ns 
368424     INFO  Test worker     d.u.i.k.p.i.AbstractProblemLoader Creating init config 
370970     DEBUG Test worker     d.u.i.k.p.i.AbstractProblemLoader Init config took 2.55s 
370970     INFO  Test worker     d.u.i.k.t.l.TacletProofObligationInput Proof obligation for taclet: log1Concrete 
371806     INFO  Test worker     d.u.i.k.p.i.AbstractProblemLoader Replaying proof Taclet: log1Concrete 
371809     DEBUG Test worker     d.u.i.k.p.i.IntermediateProofReplayer Proof replay took 1.49ms 
371810     INFO  Test worker     d.u.i.k.p.i.AbstractProblemLoader Loading environment from tacletProofs/intPow/Taclet_logProduct.proof 
371810     DEBUG Test worker     d.u.i.k.p.i.AbstractProblemLoader Environment load took 57.9ns 
371811     INFO  Test worker     d.u.i.k.p.i.AbstractProblemLoader Creating init config 
374342     DEBUG Test worker     d.u.i.k.p.i.AbstractProblemLoader Init config took 2.53s 
374343     INFO  Test worker     d.u.i.k.t.l.TacletProofObligationInput Proof obligation for taclet: logProduct 
375176     INFO  Test worker     d.u.i.k.p.i.AbstractProblemLoader Replaying proof Taclet: logProduct 
375182     DEBUG Test worker     d.u.i.k.p.i.IntermediateProofReplayer Proof replay took 3.35ms 
375183     INFO  Test worker     d.u.i.k.p.i.AbstractProblemLoader Loading environment from tacletProofs/intPow/Taclet_logTimesBaseConcrete.proof 
375183     DEBUG Test worker     d.u.i.k.p.i.AbstractProblemLoader Environment load took 69.7ns 
375184     INFO  Test worker     d.u.i.k.p.i.AbstractProblemLoader Creating init config 
377707     DEBUG Test worker     d.u.i.k.p.i.AbstractProblemLoader Init config took 2.52s 
377707     INFO  Test worker     d.u.i.k.t.l.TacletProofObligationInput Proof obligation for taclet: logTimesBaseConcrete 
378542     INFO  Test worker     d.u.i.k.p.i.AbstractProblemLoader Replaying proof Taclet: logTimesBaseConcrete 
378546     DEBUG Test worker     d.u.i.k.p.i.IntermediateProofReplayer Proof replay took 2.09ms 
378547     INFO  Test worker     d.u.i.k.p.i.AbstractProblemLoader Loading environment from tacletProofs/intPow/Taclet_logProdIdentity.proof 
378547     DEBUG Test worker     d.u.i.k.p.i.AbstractProblemLoader Environment load took 73.8ns 
378548     INFO  Test worker     d.u.i.k.p.i.AbstractProblemLoader Creating init config 
381077     DEBUG Test worker     d.u.i.k.p.i.AbstractProblemLoader Init config took 2.53s 
381077     INFO  Test worker     d.u.i.k.t.l.TacletProofObligationInput Proof obligation for taclet: logProdIdentity 
381910     INFO  Test worker     d.u.i.k.p.i.AbstractProblemLoader Replaying proof Taclet: logProdIdentity 
381921     DEBUG Test worker     d.u.i.k.p.i.IntermediateProofReplayer Proof replay took 9.2ms 
381923     INFO  Test worker     d.u.i.k.p.i.AbstractProblemLoader Loading environment from tacletProofs/intPow/Taclet_logProdIdentityConcrete.proof 
381923     DEBUG Test worker     d.u.i.k.p.i.AbstractProblemLoader Environment load took 76.1ns 
381924     INFO  Test worker     d.u.i.k.p.i.AbstractProblemLoader Creating init config 
384473     DEBUG Test worker     d.u.i.k.p.i.AbstractProblemLoader Init config took 2.55s 
384473     INFO  Test worker     d.u.i.k.t.l.TacletProofObligationInput Proof obligation for taclet: logProdIdentityConcrete 
385291     INFO  Test worker     d.u.i.k.p.i.AbstractProblemLoader Replaying proof Taclet: logProdIdentityConcrete 
385294     DEBUG Test worker     d.u.i.k.p.i.IntermediateProofReplayer Proof replay took 1.56ms 
385296     INFO  Test worker     d.u.i.k.p.i.AbstractProblemLoader Loading environment from tacletProofs/intPow/Taclet_logPowIdentity.proof 
385296     DEBUG Test worker     d.u.i.k.p.i.AbstractProblemLoader Environment load took 59.5ns 
385296     INFO  Test worker     d.u.i.k.p.i.AbstractProblemLoader Creating init config 
387844     DEBUG Test worker     d.u.i.k.p.i.AbstractProblemLoader Init config took 2.55s 
387844     INFO  Test worker     d.u.i.k.t.l.TacletProofObligationInput Proof obligation for taclet: logPowIdentity 
388660     INFO  Test worker     d.u.i.k.p.i.AbstractProblemLoader Replaying proof Taclet: logPowIdentity 
388663     DEBUG Test worker     d.u.i.k.p.i.IntermediateProofReplayer Proof replay took 1.08ms 
388664     INFO  Test worker     d.u.i.k.p.i.AbstractProblemLoader Loading environment from tacletProofs/intPow/Taclet_logPowIdentityConcrete.proof 
388664     DEBUG Test worker     d.u.i.k.p.i.AbstractProblemLoader Environment load took 69ns 
388665     INFO  Test worker     d.u.i.k.p.i.AbstractProblemLoader Creating init config 
391214     DEBUG Test worker     d.u.i.k.p.i.AbstractProblemLoader Init config took 2.55s 
391214     INFO  Test worker     d.u.i.k.t.l.TacletProofObligationInput Proof obligation for taclet: logPowIdentityConcrete 
392051     INFO  Test worker     d.u.i.k.p.i.AbstractProblemLoader Replaying proof Taclet: logPowIdentityConcrete 
392054     DEBUG Test worker     d.u.i.k.p.i.IntermediateProofReplayer Proof replay took 1.65ms 
392055     INFO  Test worker     d.u.i.k.p.i.AbstractProblemLoader Loading environment from tacletProofs/intPow/Taclet_logPositive.proof 
392055     DEBUG Test worker     d.u.i.k.p.i.AbstractProblemLoader Environment load took 54.9ns 
392056     INFO  Test worker     d.u.i.k.p.i.AbstractProblemLoader Creating init config 
394589     DEBUG Test worker     d.u.i.k.p.i.AbstractProblemLoader Init config took 2.53s 
394589     INFO  Test worker     d.u.i.k.t.l.TacletProofObligationInput Proof obligation for taclet: logPositive 
395430     INFO  Test worker     d.u.i.k.p.i.AbstractProblemLoader Replaying proof Taclet: logPositive 
395443     DEBUG Test worker     d.u.i.k.p.i.IntermediateProofReplayer Proof replay took 9.76ms 
395444     INFO  Test worker     d.u.i.k.p.i.AbstractProblemLoader Loading environment from tacletProofs/intPow/Taclet_logPositiveConcrete.proof 
395444     DEBUG Test worker     d.u.i.k.p.i.AbstractProblemLoader Environment load took 64.1ns 
395445     INFO  Test worker     d.u.i.k.p.i.AbstractProblemLoader Creating init config 
397964     DEBUG Test worker     d.u.i.k.p.i.AbstractProblemLoader Init config took 2.52s 
397964     INFO  Test worker     d.u.i.k.t.l.TacletProofObligationInput Proof obligation for taclet: logPositiveConcrete 
398799     INFO  Test worker     d.u.i.k.p.i.AbstractProblemLoader Replaying proof Taclet: logPositiveConcrete 
398803     DEBUG Test worker     d.u.i.k.p.i.IntermediateProofReplayer Proof replay took 298.3ns 
398805     INFO  Test worker     d.u.i.k.p.i.AbstractProblemLoader Loading environment from tacletProofs/intPow/Taclet_logMono.proof 
398805     DEBUG Test worker     d.u.i.k.p.i.AbstractProblemLoader Environment load took 67.2ns 
398806     INFO  Test worker     d.u.i.k.p.i.AbstractProblemLoader Creating init config 
401326     DEBUG Test worker     d.u.i.k.p.i.AbstractProblemLoader Init config took 2.52s 
401327     INFO  Test worker     d.u.i.k.t.l.TacletProofObligationInput Proof obligation for taclet: logMono 
402155     INFO  Test worker     d.u.i.k.p.i.AbstractProblemLoader Replaying proof Taclet: logMono 
402179     DEBUG Test worker     d.u.i.k.p.i.IntermediateProofReplayer Proof replay took 20.51ms 
402181     INFO  Test worker     d.u.i.k.p.i.AbstractProblemLoader Loading environment from tacletProofs/intPow/Taclet_logMonoConcrete.proof 
402181     DEBUG Test worker     d.u.i.k.p.i.AbstractProblemLoader Environment load took 82.1ns 
402181     INFO  Test worker     d.u.i.k.p.i.AbstractProblemLoader Creating init config 
404722     DEBUG Test worker     d.u.i.k.p.i.AbstractProblemLoader Init config took 2.54s 
404722     INFO  Test worker     d.u.i.k.t.l.TacletProofObligationInput Proof obligation for taclet: logMonoConcrete 
405534     INFO  Test worker     d.u.i.k.p.i.AbstractProblemLoader Replaying proof Taclet: logMonoConcrete 
405537     DEBUG Test worker     d.u.i.k.p.i.IntermediateProofReplayer Proof replay took 1.47ms 
405538     INFO  Test worker     d.u.i.k.p.i.AbstractProblemLoader Loading environment from tacletProofs/intPow/Taclet_powLogLess.proof 
405538     DEBUG Test worker     d.u.i.k.p.i.AbstractProblemLoader Environment load took 51.8ns 
405539     INFO  Test worker     d.u.i.k.p.i.AbstractProblemLoader Creating init config 
408083     DEBUG Test worker     d.u.i.k.p.i.AbstractProblemLoader Init config took 2.54s 
408083     INFO  Test worker     d.u.i.k.t.l.TacletProofObligationInput Proof obligation for taclet: powLogLess 
408893     INFO  Test worker     d.u.i.k.p.i.AbstractProblemLoader Replaying proof Taclet: powLogLess 
408908     DEBUG Test worker     d.u.i.k.p.i.IntermediateProofReplayer Proof replay took 11.72ms 
408909     INFO  Test worker     d.u.i.k.p.i.AbstractProblemLoader Loading environment from tacletProofs/intPow/Taclet_powLogMore2.proof 
408909     DEBUG Test worker     d.u.i.k.p.i.AbstractProblemLoader Environment load took 77.6ns 
408910     INFO  Test worker     d.u.i.k.p.i.AbstractProblemLoader Creating init config 
411462     DEBUG Test worker     d.u.i.k.p.i.AbstractProblemLoader Init config took 2.55s 
411462     INFO  Test worker     d.u.i.k.t.l.TacletProofObligationInput Proof obligation for taclet: powLogMore2 
412295     INFO  Test worker     d.u.i.k.p.i.AbstractProblemLoader Replaying proof Taclet: powLogMore2 
412309     DEBUG Test worker     d.u.i.k.p.i.IntermediateProofReplayer Proof replay took 11.18ms 
412310     INFO  Test worker     d.u.i.k.p.i.AbstractProblemLoader Loading environment from tacletProofs/intPow/Taclet_logLessThanPow.proof 
412310     DEBUG Test worker     d.u.i.k.p.i.AbstractProblemLoader Environment load took 67.1ns 
412311     INFO  Test worker     d.u.i.k.p.i.AbstractProblemLoader Creating init config 
414842     DEBUG Test worker     d.u.i.k.p.i.AbstractProblemLoader Init config took 2.53s 
414842     INFO  Test worker     d.u.i.k.t.l.TacletProofObligationInput Proof obligation for taclet: logLessThanPow 
415677     INFO  Test worker     d.u.i.k.p.i.AbstractProblemLoader Replaying proof Taclet: logLessThanPow 
415696     DEBUG Test worker     d.u.i.k.p.i.IntermediateProofReplayer Proof replay took 15.54ms 
415698     INFO  Test worker     d.u.i.k.p.i.AbstractProblemLoader Loading environment from tacletProofs/intPow/Taclet_logLessThanPowConcrete.proof 
415698     DEBUG Test worker     d.u.i.k.p.i.AbstractProblemLoader Environment load took 214.9ns 
415699     INFO  Test worker     d.u.i.k.p.i.AbstractProblemLoader Creating init config 
418223     DEBUG Test worker     d.u.i.k.p.i.AbstractProblemLoader Init config took 2.52s 
418223     INFO  Test worker     d.u.i.k.t.l.TacletProofObligationInput Proof obligation for taclet: logLessThanPowConcrete 
419060     INFO  Test worker     d.u.i.k.p.i.AbstractProblemLoader Replaying proof Taclet: logLessThanPowConcrete 
419062     DEBUG Test worker     d.u.i.k.p.i.IntermediateProofReplayer Proof replay took 462.2ns 
419063     INFO  Test worker     d.u.i.k.p.i.AbstractProblemLoader Loading environment from tacletProofs/intPow/Taclet_logSqueeze.proof 
419063     DEBUG Test worker     d.u.i.k.p.i.AbstractProblemLoader Environment load took 53.3ns 
419064     INFO  Test worker     d.u.i.k.p.i.AbstractProblemLoader Creating init config 
421612     DEBUG Test worker     d.u.i.k.p.i.AbstractProblemLoader Init config took 2.55s 
421613     INFO  Test worker     d.u.i.k.t.l.TacletProofObligationInput Proof obligation for taclet: logSqueeze 
422423     INFO  Test worker     d.u.i.k.p.i.AbstractProblemLoader Replaying proof Taclet: logSqueeze 
422427     DEBUG Test worker     d.u.i.k.p.i.IntermediateProofReplayer Proof replay took 3.14ms 
422429     INFO  Test worker     d.u.i.k.p.i.AbstractProblemLoader Loading environment from tacletProofs/booleanRules/Taclet_ifthenelse_equals.proof 
422429     DEBUG Test worker     d.u.i.k.p.i.AbstractProblemLoader Environment load took 65.8ns 
422430     INFO  Test worker     d.u.i.k.p.i.AbstractProblemLoader Creating init config 
424974     DEBUG Test worker     d.u.i.k.p.i.AbstractProblemLoader Init config took 2.54s 
424974     INFO  Test worker     d.u.i.k.t.l.TacletProofObligationInput Proof obligation for taclet: ifthenelse_equals 
425810     INFO  Test worker     d.u.i.k.p.i.AbstractProblemLoader Replaying proof Taclet: ifthenelse_equals 
425813     DEBUG Test worker     d.u.i.k.p.i.IntermediateProofReplayer Proof replay took 1.29ms 
425814     INFO  Test worker     d.u.i.k.p.i.AbstractProblemLoader Loading environment from tacletProofs/booleanRules/Taclet_ifthenelse_equals_1.proof 
425815     DEBUG Test worker     d.u.i.k.p.i.AbstractProblemLoader Environment load took 62.1ns 
425815     INFO  Test worker     d.u.i.k.p.i.AbstractProblemLoader Creating init config 
428355     DEBUG Test worker     d.u.i.k.p.i.AbstractProblemLoader Init config took 2.54s 
428355     INFO  Test worker     d.u.i.k.t.l.TacletProofObligationInput Proof obligation for taclet: ifthenelse_equals_1 
429193     INFO  Test worker     d.u.i.k.p.i.AbstractProblemLoader Replaying proof Taclet: ifthenelse_equals_1 
429195     DEBUG Test worker     d.u.i.k.p.i.IntermediateProofReplayer Proof replay took 715.11ns 
429196     INFO  Test worker     d.u.i.k.p.i.AbstractProblemLoader Loading environment from tacletProofs/booleanRules/Taclet_ifthenelse_equals_2.proof 
429196     DEBUG Test worker     d.u.i.k.p.i.AbstractProblemLoader Environment load took 54.9ns 
429197     INFO  Test worker     d.u.i.k.p.i.AbstractProblemLoader Creating init config 
431721     DEBUG Test worker     d.u.i.k.p.i.AbstractProblemLoader Init config took 2.52s 
431722     INFO  Test worker     d.u.i.k.t.l.TacletProofObligationInput Proof obligation for taclet: ifthenelse_equals_2 
432560     INFO  Test worker     d.u.i.k.p.i.AbstractProblemLoader Replaying proof Taclet: ifthenelse_equals_2 
432562     DEBUG Test worker     d.u.i.k.p.i.IntermediateProofReplayer Proof replay took 706.51ns 
432563     INFO  Test worker     d.u.i.k.p.i.AbstractProblemLoader Loading environment from tacletProofs/locSet/Taclet_disjointWithSingleton1.proof 
432563     DEBUG Test worker     d.u.i.k.p.i.AbstractProblemLoader Environment load took 56ns 
432564     INFO  Test worker     d.u.i.k.p.i.AbstractProblemLoader Creating init config 
435113     DEBUG Test worker     d.u.i.k.p.i.AbstractProblemLoader Init config took 2.55s 
435113     INFO  Test worker     d.u.i.k.t.l.TacletProofObligationInput Proof obligation for taclet: disjointWithSingleton1 
435934     INFO  Test worker     d.u.i.k.p.i.AbstractProblemLoader Replaying proof Taclet: disjointWithSingleton1 
435937     DEBUG Test worker     d.u.i.k.p.i.IntermediateProofReplayer Proof replay took 1.42ms 
435939     INFO  Test worker     d.u.i.k.p.i.AbstractProblemLoader Loading environment from tacletProofs/locSet/Taclet_disjointWithSingleton2.proof 
435939     DEBUG Test worker     d.u.i.k.p.i.AbstractProblemLoader Environment load took 56.2ns 
435939     INFO  Test worker     d.u.i.k.p.i.AbstractProblemLoader Creating init config 
438483     DEBUG Test worker     d.u.i.k.p.i.AbstractProblemLoader Init config took 2.54s 
438484     INFO  Test worker     d.u.i.k.t.l.TacletProofObligationInput Proof obligation for taclet: disjointWithSingleton2 
439323     INFO  Test worker     d.u.i.k.p.i.AbstractProblemLoader Replaying proof Taclet: disjointWithSingleton2 
439326     DEBUG Test worker     d.u.i.k.p.i.IntermediateProofReplayer Proof replay took 1.27ms 
439328     INFO  Test worker     d.u.i.k.p.i.AbstractProblemLoader Loading environment from tacletProofs/locSet/Taclet_disjointArrayRanges.proof 
439328     DEBUG Test worker     d.u.i.k.p.i.AbstractProblemLoader Environment load took 61.8ns 
439328     INFO  Test worker     d.u.i.k.p.i.AbstractProblemLoader Creating init config 
441858     DEBUG Test worker     d.u.i.k.p.i.AbstractProblemLoader Init config took 2.53s 
441858     INFO  Test worker     d.u.i.k.t.l.TacletProofObligationInput Proof obligation for taclet: disjointArrayRanges 
442699     INFO  Test worker     d.u.i.k.p.i.AbstractProblemLoader Replaying proof Taclet: disjointArrayRanges 
442706     DEBUG Test worker     d.u.i.k.p.i.IntermediateProofReplayer Proof replay took 4.97ms 
442707     INFO  Test worker     d.u.i.k.p.i.AbstractProblemLoader Loading environment from tacletProofs/locSet/Taclet_disjointArrayRangeAllFields1.proof 
442707     DEBUG Test worker     d.u.i.k.p.i.AbstractProblemLoader Environment load took 61.4ns 
442708     INFO  Test worker     d.u.i.k.p.i.AbstractProblemLoader Creating init config 
445229     DEBUG Test worker     d.u.i.k.p.i.AbstractProblemLoader Init config took 2.52s 
445229     INFO  Test worker     d.u.i.k.t.l.TacletProofObligationInput Proof obligation for taclet: disjointArrayRangeAllFields1 
446067     INFO  Test worker     d.u.i.k.p.i.AbstractProblemLoader Replaying proof Taclet: disjointArrayRangeAllFields1 
446073     DEBUG Test worker     d.u.i.k.p.i.IntermediateProofReplayer Proof replay took 4.34ms 
446074     INFO  Test worker     d.u.i.k.p.i.AbstractProblemLoader Loading environment from tacletProofs/locSet/Taclet_disjointArrayRangeAllFields2.proof 
446074     DEBUG Test worker     d.u.i.k.p.i.AbstractProblemLoader Environment load took 59.5ns 
446075     INFO  Test worker     d.u.i.k.p.i.AbstractProblemLoader Creating init config 
448616     DEBUG Test worker     d.u.i.k.p.i.AbstractProblemLoader Init config took 2.54s 
448616     INFO  Test worker     d.u.i.k.t.l.TacletProofObligationInput Proof obligation for taclet: disjointArrayRangeAllFields2 
449432     INFO  Test worker     d.u.i.k.p.i.AbstractProblemLoader Replaying proof Taclet: disjointArrayRangeAllFields2 
449438     DEBUG Test worker     d.u.i.k.p.i.IntermediateProofReplayer Proof replay took 4.13ms 
449439     INFO  Test worker     d.u.i.k.p.i.AbstractProblemLoader Loading environment from tacletProofs/seqRules/Taclet_seqSelfDefinition.proof 
449439     DEBUG Test worker     d.u.i.k.p.i.AbstractProblemLoader Environment load took 67.5ns 
449440     INFO  Test worker     d.u.i.k.p.i.AbstractProblemLoader Creating init config 
451991     DEBUG Test worker     d.u.i.k.p.i.AbstractProblemLoader Init config took 2.55s 
451991     INFO  Test worker     d.u.i.k.t.l.TacletProofObligationInput Proof obligation for taclet: seqSelfDefinition 
452838     INFO  Test worker     d.u.i.k.p.i.AbstractProblemLoader Replaying proof Taclet: seqSelfDefinition 
452846     DEBUG Test worker     d.u.i.k.p.i.IntermediateProofReplayer Proof replay took 5.42ms 
452847     INFO  Test worker     d.u.i.k.p.i.AbstractProblemLoader Loading environment from tacletProofs/seqRules/Taclet_seqOutsideValue.proof 
452847     DEBUG Test worker     d.u.i.k.p.i.AbstractProblemLoader Environment load took 82.7ns 
452848     INFO  Test worker     d.u.i.k.p.i.AbstractProblemLoader Creating init config 
455374     DEBUG Test worker     d.u.i.k.p.i.AbstractProblemLoader Init config took 2.53s 
455374     INFO  Test worker     d.u.i.k.t.l.TacletProofObligationInput Proof obligation for taclet: seqOutsideValue 
456220     INFO  Test worker     d.u.i.k.p.i.AbstractProblemLoader Replaying proof Taclet: seqOutsideValue 
456224     DEBUG Test worker     d.u.i.k.p.i.IntermediateProofReplayer Proof replay took 2.16ms 
456225     INFO  Test worker     d.u.i.k.p.i.AbstractProblemLoader Loading environment from tacletProofs/seqRules/Taclet_castedGetAny.proof 
456225     DEBUG Test worker     d.u.i.k.p.i.AbstractProblemLoader Environment load took 53.8ns 
456226     INFO  Test worker     d.u.i.k.p.i.AbstractProblemLoader Creating init config 
458776     DEBUG Test worker     d.u.i.k.p.i.AbstractProblemLoader Init config took 2.55s 
458777     INFO  Test worker     d.u.i.k.t.l.TacletProofObligationInput Proof obligation for taclet: castedGetAny 
459599     INFO  Test worker     d.u.i.k.p.i.AbstractProblemLoader Replaying proof Taclet: castedGetAny 
459603     DEBUG Test worker     d.u.i.k.p.i.IntermediateProofReplayer Proof replay took 2.43ms 
459604     INFO  Test worker     d.u.i.k.p.i.AbstractProblemLoader Loading environment from tacletProofs/seqRules/Taclet_seqGetAlphaCast.proof 
459604     DEBUG Test worker     d.u.i.k.p.i.AbstractProblemLoader Environment load took 52.3ns 
459605     INFO  Test worker     d.u.i.k.p.i.AbstractProblemLoader Creating init config 
462157     DEBUG Test worker     d.u.i.k.p.i.AbstractProblemLoader Init config took 2.55s 
462158     INFO  Test worker     d.u.i.k.t.l.TacletProofObligationInput Proof obligation for taclet: seqGetAlphaCast 
463002     INFO  Test worker     d.u.i.k.p.i.AbstractProblemLoader Replaying proof Taclet: seqGetAlphaCast 
463004     DEBUG Test worker     d.u.i.k.p.i.IntermediateProofReplayer Proof replay took 742.41ns 
463005     INFO  Test worker     d.u.i.k.p.i.AbstractProblemLoader Loading environment from tacletProofs/seqRules/Taclet_getOfSeqSingleton.proof 
463005     DEBUG Test worker     d.u.i.k.p.i.AbstractProblemLoader Environment load took 62.5ns 
463006     INFO  Test worker     d.u.i.k.p.i.AbstractProblemLoader Creating init config 
465529     DEBUG Test worker     d.u.i.k.p.i.AbstractProblemLoader Init config took 2.52s 
465530     INFO  Test worker     d.u.i.k.t.l.TacletProofObligationInput Proof obligation for taclet: getOfSeqSingleton 
466375     INFO  Test worker     d.u.i.k.p.i.AbstractProblemLoader Replaying proof Taclet: getOfSeqSingleton 
466377     DEBUG Test worker     d.u.i.k.p.i.IntermediateProofReplayer Proof replay took 1.06ms 
466379     INFO  Test worker     d.u.i.k.p.i.AbstractProblemLoader Loading environment from tacletProofs/seqRules/Taclet_getOfSeqSingletonConcrete.proof 
466379     DEBUG Test worker     d.u.i.k.p.i.AbstractProblemLoader Environment load took 66.1ns 
466379     INFO  Test worker     d.u.i.k.p.i.AbstractProblemLoader Creating init config 
468926     DEBUG Test worker     d.u.i.k.p.i.AbstractProblemLoader Init config took 2.55s 
468926     INFO  Test worker     d.u.i.k.t.l.TacletProofObligationInput Proof obligation for taclet: getOfSeqSingletonConcrete 
469748     INFO  Test worker     d.u.i.k.p.i.AbstractProblemLoader Replaying proof Taclet: getOfSeqSingletonConcrete 
469750     DEBUG Test worker     d.u.i.k.p.i.IntermediateProofReplayer Proof replay took 969.01ns 
469751     INFO  Test worker     d.u.i.k.p.i.AbstractProblemLoader Loading environment from tacletProofs/seqRules/Taclet_getOfSeqConcat.proof 
469751     DEBUG Test worker     d.u.i.k.p.i.AbstractProblemLoader Environment load took 62.1ns 
469752     INFO  Test worker     d.u.i.k.p.i.AbstractProblemLoader Creating init config 
472294     DEBUG Test worker     d.u.i.k.p.i.AbstractProblemLoader Init config took 2.54s 
472294     INFO  Test worker     d.u.i.k.t.l.TacletProofObligationInput Proof obligation for taclet: getOfSeqConcat 
473138     INFO  Test worker     d.u.i.k.p.i.AbstractProblemLoader Replaying proof Taclet: getOfSeqConcat 
473146     DEBUG Test worker     d.u.i.k.p.i.IntermediateProofReplayer Proof replay took 6.62ms 
473148     INFO  Test worker     d.u.i.k.p.i.AbstractProblemLoader Loading environment from tacletProofs/seqRules/Taclet_getOfSeqSub.proof 
473148     DEBUG Test worker     d.u.i.k.p.i.AbstractProblemLoader Environment load took 69.3ns 
473148     INFO  Test worker     d.u.i.k.p.i.AbstractProblemLoader Creating init config 
475677     DEBUG Test worker     d.u.i.k.p.i.AbstractProblemLoader Init config took 2.53s 
475677     INFO  Test worker     d.u.i.k.t.l.TacletProofObligationInput Proof obligation for taclet: getOfSeqSub 
476524     INFO  Test worker     d.u.i.k.p.i.AbstractProblemLoader Replaying proof Taclet: getOfSeqSub 
476527     DEBUG Test worker     d.u.i.k.p.i.IntermediateProofReplayer Proof replay took 1.14ms 
476528     INFO  Test worker     d.u.i.k.p.i.AbstractProblemLoader Loading environment from tacletProofs/seqRules/Taclet_getOfSeqReverse.proof 
476528     DEBUG Test worker     d.u.i.k.p.i.AbstractProblemLoader Environment load took 65.2ns 
476529     INFO  Test worker     d.u.i.k.p.i.AbstractProblemLoader Creating init config 
479071     DEBUG Test worker     d.u.i.k.p.i.AbstractProblemLoader Init config took 2.54s 
479071     INFO  Test worker     d.u.i.k.t.l.TacletProofObligationInput Proof obligation for taclet: getOfSeqReverse 
479918     INFO  Test worker     d.u.i.k.p.i.AbstractProblemLoader Replaying proof Taclet: getOfSeqReverse 
479923     DEBUG Test worker     d.u.i.k.p.i.IntermediateProofReplayer Proof replay took 3.52ms 
479924     INFO  Test worker     d.u.i.k.p.i.AbstractProblemLoader Loading environment from tacletProofs/seqRules/Taclet_lenOfSeqEmpty.proof 
479924     DEBUG Test worker     d.u.i.k.p.i.AbstractProblemLoader Environment load took 60.2ns 
479925     INFO  Test worker     d.u.i.k.p.i.AbstractProblemLoader Creating init config 
482458     DEBUG Test worker     d.u.i.k.p.i.AbstractProblemLoader Init config took 2.53s 
482458     INFO  Test worker     d.u.i.k.t.l.TacletProofObligationInput Proof obligation for taclet: lenOfSeqEmpty 
483303     INFO  Test worker     d.u.i.k.p.i.AbstractProblemLoader Replaying proof Taclet: lenOfSeqEmpty 
483306     DEBUG Test worker     d.u.i.k.p.i.IntermediateProofReplayer Proof replay took 834.41ns 
483307     INFO  Test worker     d.u.i.k.p.i.AbstractProblemLoader Loading environment from tacletProofs/seqRules/Taclet_lenOfSeqSingleton.proof 
483307     DEBUG Test worker     d.u.i.k.p.i.AbstractProblemLoader Environment load took 68.1ns 
483308     INFO  Test worker     d.u.i.k.p.i.AbstractProblemLoader Creating init config 
485850     DEBUG Test worker     d.u.i.k.p.i.AbstractProblemLoader Init config took 2.54s 
485850     INFO  Test worker     d.u.i.k.t.l.TacletProofObligationInput Proof obligation for taclet: lenOfSeqSingleton 
486672     INFO  Test worker     d.u.i.k.p.i.AbstractProblemLoader Replaying proof Taclet: lenOfSeqSingleton 
486675     DEBUG Test worker     d.u.i.k.p.i.IntermediateProofReplayer Proof replay took 618.81ns 
486676     INFO  Test worker     d.u.i.k.p.i.AbstractProblemLoader Loading environment from tacletProofs/seqRules/Taclet_lenOfSeqConcat.proof 
486676     DEBUG Test worker     d.u.i.k.p.i.AbstractProblemLoader Environment load took 65.1ns 
486677     INFO  Test worker     d.u.i.k.p.i.AbstractProblemLoader Creating init config 
489221     DEBUG Test worker     d.u.i.k.p.i.AbstractProblemLoader Init config took 2.54s 
489221     INFO  Test worker     d.u.i.k.t.l.TacletProofObligationInput Proof obligation for taclet: lenOfSeqConcat 
490067     INFO  Test worker     d.u.i.k.p.i.AbstractProblemLoader Replaying proof Taclet: lenOfSeqConcat 
490070     DEBUG Test worker     d.u.i.k.p.i.IntermediateProofReplayer Proof replay took 1.32ms 
490071     INFO  Test worker     d.u.i.k.p.i.AbstractProblemLoader Loading environment from tacletProofs/seqRules/Taclet_lenOfSeqSub.proof 
490071     DEBUG Test worker     d.u.i.k.p.i.AbstractProblemLoader Environment load took 72.2ns 
490072     INFO  Test worker     d.u.i.k.p.i.AbstractProblemLoader Creating init config 
492593     DEBUG Test worker     d.u.i.k.p.i.AbstractProblemLoader Init config took 2.52s 
492593     INFO  Test worker     d.u.i.k.t.l.TacletProofObligationInput Proof obligation for taclet: lenOfSeqSub 
493438     INFO  Test worker     d.u.i.k.p.i.AbstractProblemLoader Replaying proof Taclet: lenOfSeqSub 
493441     DEBUG Test worker     d.u.i.k.p.i.IntermediateProofReplayer Proof replay took 772.01ns 
493442     INFO  Test worker     d.u.i.k.p.i.AbstractProblemLoader Loading environment from tacletProofs/seqRules/Taclet_lenOfSeqReverse.proof 
493442     DEBUG Test worker     d.u.i.k.p.i.AbstractProblemLoader Environment load took 74ns 
493443     INFO  Test worker     d.u.i.k.p.i.AbstractProblemLoader Creating init config 
495984     DEBUG Test worker     d.u.i.k.p.i.AbstractProblemLoader Init config took 2.54s 
495984     INFO  Test worker     d.u.i.k.t.l.TacletProofObligationInput Proof obligation for taclet: lenOfSeqReverse 
496828     INFO  Test worker     d.u.i.k.p.i.AbstractProblemLoader Replaying proof Taclet: lenOfSeqReverse 
496830     DEBUG Test worker     d.u.i.k.p.i.IntermediateProofReplayer Proof replay took 967.01ns 
496831     INFO  Test worker     d.u.i.k.p.i.AbstractProblemLoader Loading environment from tacletProofs/seqRules/Taclet_equalityToSeqGetAndSeqLenLeft.proof 
496831     DEBUG Test worker     d.u.i.k.p.i.AbstractProblemLoader Environment load took 75ns 
496832     INFO  Test worker     d.u.i.k.p.i.AbstractProblemLoader Creating init config 
499355     DEBUG Test worker     d.u.i.k.p.i.AbstractProblemLoader Init config took 2.52s 
499355     INFO  Test worker     d.u.i.k.t.l.TacletProofObligationInput Proof obligation for taclet: equalityToSeqGetAndSeqLenLeft 
500201     INFO  Test worker     d.u.i.k.p.i.AbstractProblemLoader Replaying proof Taclet: equalityToSeqGetAndSeqLenLeft 
500203     DEBUG Test worker     d.u.i.k.p.i.IntermediateProofReplayer Proof replay took 974.41ns 
500204     INFO  Test worker     d.u.i.k.p.i.AbstractProblemLoader Loading environment from tacletProofs/seqRules/Taclet_equalityToSeqGetAndSeqLenRight.proof 
500204     DEBUG Test worker     d.u.i.k.p.i.AbstractProblemLoader Environment load took 63.3ns 
500205     INFO  Test worker     d.u.i.k.p.i.AbstractProblemLoader Creating init config 
502749     DEBUG Test worker     d.u.i.k.p.i.AbstractProblemLoader Init config took 2.54s 
502749     INFO  Test worker     d.u.i.k.t.l.TacletProofObligationInput Proof obligation for taclet: equalityToSeqGetAndSeqLenRight 
503593     INFO  Test worker     d.u.i.k.p.i.AbstractProblemLoader Replaying proof Taclet: equalityToSeqGetAndSeqLenRight 
503596     DEBUG Test worker     d.u.i.k.p.i.IntermediateProofReplayer Proof replay took 1.98ms 
503598     INFO  Test worker     d.u.i.k.p.i.AbstractProblemLoader Loading environment from tacletProofs/seqRules/Taclet_getOfSeqSingletonEQ.proof 
503598     DEBUG Test worker     d.u.i.k.p.i.AbstractProblemLoader Environment load took 55.3ns 
503598     INFO  Test worker     d.u.i.k.p.i.AbstractProblemLoader Creating init config 
506133     DEBUG Test worker     d.u.i.k.p.i.AbstractProblemLoader Init config took 2.53s 
506133     INFO  Test worker     d.u.i.k.t.l.TacletProofObligationInput Proof obligation for taclet: getOfSeqSingletonEQ 
506983     INFO  Test worker     d.u.i.k.p.i.AbstractProblemLoader Replaying proof Taclet: getOfSeqSingletonEQ 
506985     DEBUG Test worker     d.u.i.k.p.i.IntermediateProofReplayer Proof replay took 873.81ns 
506987     INFO  Test worker     d.u.i.k.p.i.AbstractProblemLoader Loading environment from tacletProofs/seqRules/Taclet_getOfSeqConcatEQ.proof 
506987     DEBUG Test worker     d.u.i.k.p.i.AbstractProblemLoader Environment load took 77.6ns 
506988     INFO  Test worker     d.u.i.k.p.i.AbstractProblemLoader Creating init config 
509531     DEBUG Test worker     d.u.i.k.p.i.AbstractProblemLoader Init config took 2.54s 
509531     INFO  Test worker     d.u.i.k.t.l.TacletProofObligationInput Proof obligation for taclet: getOfSeqConcatEQ 
510375     INFO  Test worker     d.u.i.k.p.i.AbstractProblemLoader Replaying proof Taclet: getOfSeqConcatEQ 
510383     DEBUG Test worker     d.u.i.k.p.i.IntermediateProofReplayer Proof replay took 6.22ms 
510384     INFO  Test worker     d.u.i.k.p.i.AbstractProblemLoader Loading environment from tacletProofs/seqRules/Taclet_getOfSeqSubEQ.proof 
510384     DEBUG Test worker     d.u.i.k.p.i.AbstractProblemLoader Environment load took 52.7ns 
510385     INFO  Test worker     d.u.i.k.p.i.AbstractProblemLoader Creating init config 
512910     DEBUG Test worker     d.u.i.k.p.i.AbstractProblemLoader Init config took 2.53s 
512910     INFO  Test worker     d.u.i.k.t.l.TacletProofObligationInput Proof obligation for taclet: getOfSeqSubEQ 
513756     INFO  Test worker     d.u.i.k.p.i.AbstractProblemLoader Replaying proof Taclet: getOfSeqSubEQ 
513758     DEBUG Test worker     d.u.i.k.p.i.IntermediateProofReplayer Proof replay took 543.61ns 
513760     INFO  Test worker     d.u.i.k.p.i.AbstractProblemLoader Loading environment from tacletProofs/seqRules/Taclet_getOfSeqReverseEQ.proof 
513760     DEBUG Test worker     d.u.i.k.p.i.AbstractProblemLoader Environment load took 68ns 
513760     INFO  Test worker     d.u.i.k.p.i.AbstractProblemLoader Creating init config 
516304     DEBUG Test worker     d.u.i.k.p.i.AbstractProblemLoader Init config took 2.54s 
516304     INFO  Test worker     d.u.i.k.t.l.TacletProofObligationInput Proof obligation for taclet: getOfSeqReverseEQ 
517149     INFO  Test worker     d.u.i.k.p.i.AbstractProblemLoader Replaying proof Taclet: getOfSeqReverseEQ 
517155     DEBUG Test worker     d.u.i.k.p.i.IntermediateProofReplayer Proof replay took 3.48ms 
517156     INFO  Test worker     d.u.i.k.p.i.AbstractProblemLoader Loading environment from tacletProofs/seqRules/Taclet_lenOfSeqEmptyEQ.proof 
517156     DEBUG Test worker     d.u.i.k.p.i.AbstractProblemLoader Environment load took 61ns 
517157     INFO  Test worker     d.u.i.k.p.i.AbstractProblemLoader Creating init config 
519696     DEBUG Test worker     d.u.i.k.p.i.AbstractProblemLoader Init config took 2.54s 
519696     INFO  Test worker     d.u.i.k.t.l.TacletProofObligationInput Proof obligation for taclet: lenOfSeqEmptyEQ 
520541     INFO  Test worker     d.u.i.k.p.i.AbstractProblemLoader Replaying proof Taclet: lenOfSeqEmptyEQ 
520544     DEBUG Test worker     d.u.i.k.p.i.IntermediateProofReplayer Proof replay took 1.01ms 
520546     INFO  Test worker     d.u.i.k.p.i.AbstractProblemLoader Loading environment from tacletProofs/seqRules/Taclet_lenOfSeqSingletonEQ.proof 
520546     DEBUG Test worker     d.u.i.k.p.i.AbstractProblemLoader Environment load took 208.2ns 
520547     INFO  Test worker     d.u.i.k.p.i.AbstractProblemLoader Creating init config 
523089     DEBUG Test worker     d.u.i.k.p.i.AbstractProblemLoader Init config took 2.54s 
523089     INFO  Test worker     d.u.i.k.t.l.TacletProofObligationInput Proof obligation for taclet: lenOfSeqSingletonEQ 
523932     INFO  Test worker     d.u.i.k.p.i.AbstractProblemLoader Replaying proof Taclet: lenOfSeqSingletonEQ 
523934     DEBUG Test worker     d.u.i.k.p.i.IntermediateProofReplayer Proof replay took 852.71ns 
523936     INFO  Test worker     d.u.i.k.p.i.AbstractProblemLoader Loading environment from tacletProofs/seqRules/Taclet_lenOfSeqConcatEQ.proof 
523936     DEBUG Test worker     d.u.i.k.p.i.AbstractProblemLoader Environment load took 64.1ns 
523936     INFO  Test worker     d.u.i.k.p.i.AbstractProblemLoader Creating init config 
526465     DEBUG Test worker     d.u.i.k.p.i.AbstractProblemLoader Init config took 2.53s 
526466     INFO  Test worker     d.u.i.k.t.l.TacletProofObligationInput Proof obligation for taclet: lenOfSeqConcatEQ 
527310     INFO  Test worker     d.u.i.k.p.i.AbstractProblemLoader Replaying proof Taclet: lenOfSeqConcatEQ 
527313     DEBUG Test worker     d.u.i.k.p.i.IntermediateProofReplayer Proof replay took 1.74ms 
527314     INFO  Test worker     d.u.i.k.p.i.AbstractProblemLoader Loading environment from tacletProofs/seqRules/Taclet_lenOfSeqSubEQ.proof 
527314     DEBUG Test worker     d.u.i.k.p.i.AbstractProblemLoader Environment load took 51.9ns 
527315     INFO  Test worker     d.u.i.k.p.i.AbstractProblemLoader Creating init config 
529861     DEBUG Test worker     d.u.i.k.p.i.AbstractProblemLoader Init config took 2.55s 
529861     INFO  Test worker     d.u.i.k.t.l.TacletProofObligationInput Proof obligation for taclet: lenOfSeqSubEQ 
530704     INFO  Test worker     d.u.i.k.p.i.AbstractProblemLoader Replaying proof Taclet: lenOfSeqSubEQ 
530707     DEBUG Test worker     d.u.i.k.p.i.IntermediateProofReplayer Proof replay took 829.81ns 
530708     INFO  Test worker     d.u.i.k.p.i.AbstractProblemLoader Loading environment from tacletProofs/seqRules/Taclet_lenOfSeqReverseEQ.proof 
530708     DEBUG Test worker     d.u.i.k.p.i.AbstractProblemLoader Environment load took 64.1ns 
530709     INFO  Test worker     d.u.i.k.p.i.AbstractProblemLoader Creating init config 
533228     DEBUG Test worker     d.u.i.k.p.i.AbstractProblemLoader Init config took 2.52s 
533229     INFO  Test worker     d.u.i.k.t.l.TacletProofObligationInput Proof obligation for taclet: lenOfSeqReverseEQ 
534073     INFO  Test worker     d.u.i.k.p.i.AbstractProblemLoader Replaying proof Taclet: lenOfSeqReverseEQ 
534076     DEBUG Test worker     d.u.i.k.p.i.IntermediateProofReplayer Proof replay took 1.14ms 
534077     INFO  Test worker     d.u.i.k.p.i.AbstractProblemLoader Loading environment from tacletProofs/seqRules/Taclet_getOfSeqDefEQ.proof 
534077     DEBUG Test worker     d.u.i.k.p.i.AbstractProblemLoader Environment load took 72.4ns 
534077     INFO  Test worker     d.u.i.k.p.i.AbstractProblemLoader Creating init config 
536624     DEBUG Test worker     d.u.i.k.p.i.AbstractProblemLoader Init config took 2.55s 
536624     INFO  Test worker     d.u.i.k.t.l.TacletProofObligationInput Proof obligation for taclet: getOfSeqDefEQ 
537468     INFO  Test worker     d.u.i.k.p.i.AbstractProblemLoader Replaying proof Taclet: getOfSeqDefEQ 
537471     DEBUG Test worker     d.u.i.k.p.i.IntermediateProofReplayer Proof replay took 1.03ms 
537472     INFO  Test worker     d.u.i.k.p.i.AbstractProblemLoader Loading environment from tacletProofs/seqRules/Taclet_lenOfSeqDefEQ.proof 
537472     DEBUG Test worker     d.u.i.k.p.i.AbstractProblemLoader Environment load took 62.7ns 
537472     INFO  Test worker     d.u.i.k.p.i.AbstractProblemLoader Creating init config 
540014     DEBUG Test worker     d.u.i.k.p.i.AbstractProblemLoader Init config took 2.54s 
540014     INFO  Test worker     d.u.i.k.t.l.TacletProofObligationInput Proof obligation for taclet: lenOfSeqDefEQ 
540839     INFO  Test worker     d.u.i.k.p.i.AbstractProblemLoader Replaying proof Taclet: lenOfSeqDefEQ 
540842     DEBUG Test worker     d.u.i.k.p.i.IntermediateProofReplayer Proof replay took 2.14ms 
540844     INFO  Test worker     d.u.i.k.p.i.AbstractProblemLoader Loading environment from tacletProofs/seqRules/Taclet_seqConcatWithSeqEmpty1.proof 
540844     DEBUG Test worker     d.u.i.k.p.i.AbstractProblemLoader Environment load took 65ns 
540844     INFO  Test worker     d.u.i.k.p.i.AbstractProblemLoader Creating init config 
543386     DEBUG Test worker     d.u.i.k.p.i.AbstractProblemLoader Init config took 2.54s 
543386     INFO  Test worker     d.u.i.k.t.l.TacletProofObligationInput Proof obligation for taclet: seqConcatWithSeqEmpty1 
544231     INFO  Test worker     d.u.i.k.p.i.AbstractProblemLoader Replaying proof Taclet: seqConcatWithSeqEmpty1 
544238     DEBUG Test worker     d.u.i.k.p.i.IntermediateProofReplayer Proof replay took 5.34ms 
544239     INFO  Test worker     d.u.i.k.p.i.AbstractProblemLoader Loading environment from tacletProofs/seqRules/Taclet_seqConcatWithSeqEmpty2.proof 
544239     DEBUG Test worker     d.u.i.k.p.i.AbstractProblemLoader Environment load took 64.8ns 
544240     INFO  Test worker     d.u.i.k.p.i.AbstractProblemLoader Creating init config 
546782     DEBUG Test worker     d.u.i.k.p.i.AbstractProblemLoader Init config took 2.54s 
546782     INFO  Test worker     d.u.i.k.t.l.TacletProofObligationInput Proof obligation for taclet: seqConcatWithSeqEmpty2 
547627     INFO  Test worker     d.u.i.k.p.i.AbstractProblemLoader Replaying proof Taclet: seqConcatWithSeqEmpty2 
547635     DEBUG Test worker     d.u.i.k.p.i.IntermediateProofReplayer Proof replay took 5.47ms 
547636     INFO  Test worker     d.u.i.k.p.i.AbstractProblemLoader Loading environment from tacletProofs/seqRules/Taclet_seqReverseOfSeqEmpty.proof 
547636     DEBUG Test worker     d.u.i.k.p.i.AbstractProblemLoader Environment load took 51.1ns 
547636     INFO  Test worker     d.u.i.k.p.i.AbstractProblemLoader Creating init config 
550167     DEBUG Test worker     d.u.i.k.p.i.AbstractProblemLoader Init config took 2.53s 
550167     INFO  Test worker     d.u.i.k.t.l.TacletProofObligationInput Proof obligation for taclet: seqReverseOfSeqEmpty 
551011     INFO  Test worker     d.u.i.k.p.i.AbstractProblemLoader Replaying proof Taclet: seqReverseOfSeqEmpty 
551017     DEBUG Test worker     d.u.i.k.p.i.IntermediateProofReplayer Proof replay took 4.07ms 
551018     INFO  Test worker     d.u.i.k.p.i.AbstractProblemLoader Loading environment from tacletProofs/seqRules/Taclet_subSeqComplete.proof 
551018     DEBUG Test worker     d.u.i.k.p.i.AbstractProblemLoader Environment load took 62.5ns 
551019     INFO  Test worker     d.u.i.k.p.i.AbstractProblemLoader Creating init config 
553562     DEBUG Test worker     d.u.i.k.p.i.AbstractProblemLoader Init config took 2.54s 
553562     INFO  Test worker     d.u.i.k.t.l.TacletProofObligationInput Proof obligation for taclet: subSeqComplete 
554406     INFO  Test worker     d.u.i.k.p.i.AbstractProblemLoader Replaying proof Taclet: subSeqComplete 
554412     DEBUG Test worker     d.u.i.k.p.i.IntermediateProofReplayer Proof replay took 4.05ms 
554413     INFO  Test worker     d.u.i.k.p.i.AbstractProblemLoader Loading environment from tacletProofs/seqRules/Taclet_subSeqTailR.proof 
554413     DEBUG Test worker     d.u.i.k.p.i.AbstractProblemLoader Environment load took 56.8ns 
554414     INFO  Test worker     d.u.i.k.p.i.AbstractProblemLoader Creating init config 
556960     DEBUG Test worker     d.u.i.k.p.i.AbstractProblemLoader Init config took 2.55s 
556960     INFO  Test worker     d.u.i.k.t.l.TacletProofObligationInput Proof obligation for taclet: subSeqTailR 
557806     INFO  Test worker     d.u.i.k.p.i.AbstractProblemLoader Replaying proof Taclet: subSeqTailR 
557816     DEBUG Test worker     d.u.i.k.p.i.IntermediateProofReplayer Proof replay took 7.44ms 
557817     INFO  Test worker     d.u.i.k.p.i.AbstractProblemLoader Loading environment from tacletProofs/seqRules/Taclet_subSeqTailL.proof 
557817     DEBUG Test worker     d.u.i.k.p.i.AbstractProblemLoader Environment load took 69.3ns 
557818     INFO  Test worker     d.u.i.k.p.i.AbstractProblemLoader Creating init config 
560348     DEBUG Test worker     d.u.i.k.p.i.AbstractProblemLoader Init config took 2.53s 
560348     INFO  Test worker     d.u.i.k.t.l.TacletProofObligationInput Proof obligation for taclet: subSeqTailL 
561193     INFO  Test worker     d.u.i.k.p.i.AbstractProblemLoader Replaying proof Taclet: subSeqTailL 
561203     DEBUG Test worker     d.u.i.k.p.i.IntermediateProofReplayer Proof replay took 7.42ms 
561204     INFO  Test worker     d.u.i.k.p.i.AbstractProblemLoader Loading environment from tacletProofs/seqRules/Taclet_subSeqTailEQR.proof 
561204     DEBUG Test worker     d.u.i.k.p.i.AbstractProblemLoader Environment load took 65.5ns 
561205     INFO  Test worker     d.u.i.k.p.i.AbstractProblemLoader Creating init config 
563752     DEBUG Test worker     d.u.i.k.p.i.AbstractProblemLoader Init config took 2.55s 
563752     INFO  Test worker     d.u.i.k.t.l.TacletProofObligationInput Proof obligation for taclet: subSeqTailEQR 
564598     INFO  Test worker     d.u.i.k.p.i.AbstractProblemLoader Replaying proof Taclet: subSeqTailEQR 
564607     DEBUG Test worker     d.u.i.k.p.i.IntermediateProofReplayer Proof replay took 6.97ms 
564608     INFO  Test worker     d.u.i.k.p.i.AbstractProblemLoader Loading environment from tacletProofs/seqRules/Taclet_subSeqTailEQL.proof 
564608     DEBUG Test worker     d.u.i.k.p.i.AbstractProblemLoader Environment load took 67.8ns 
564609     INFO  Test worker     d.u.i.k.p.i.AbstractProblemLoader Creating init config 
567157     DEBUG Test worker     d.u.i.k.p.i.AbstractProblemLoader Init config took 2.55s 
567157     INFO  Test worker     d.u.i.k.t.l.TacletProofObligationInput Proof obligation for taclet: subSeqTailEQL 
568000     INFO  Test worker     d.u.i.k.p.i.AbstractProblemLoader Replaying proof Taclet: subSeqTailEQL 
568007     DEBUG Test worker     d.u.i.k.p.i.IntermediateProofReplayer Proof replay took 4.63ms 
568008     INFO  Test worker     d.u.i.k.p.i.AbstractProblemLoader Loading environment from tacletProofs/seqRules/Taclet_seqDef_split.proof 
568008     DEBUG Test worker     d.u.i.k.p.i.AbstractProblemLoader Environment load took 67.5ns 
568009     INFO  Test worker     d.u.i.k.p.i.AbstractProblemLoader Creating init config 
570535     DEBUG Test worker     d.u.i.k.p.i.AbstractProblemLoader Init config took 2.53s 
570535     INFO  Test worker     d.u.i.k.t.l.TacletProofObligationInput Proof obligation for taclet: seqDef_split 
571382     INFO  Test worker     d.u.i.k.p.i.AbstractProblemLoader Replaying proof Taclet: seqDef_split 
571401     DEBUG Test worker     d.u.i.k.p.i.IntermediateProofReplayer Proof replay took 15.94ms 
571402     INFO  Test worker     d.u.i.k.p.i.AbstractProblemLoader Loading environment from tacletProofs/seqRules/Taclet_seqDef_induction_upper.proof 
571402     DEBUG Test worker     d.u.i.k.p.i.AbstractProblemLoader Environment load took 63.6ns 
571403     INFO  Test worker     d.u.i.k.p.i.AbstractProblemLoader Creating init config 
573944     DEBUG Test worker     d.u.i.k.p.i.AbstractProblemLoader Init config took 2.54s 
573944     INFO  Test worker     d.u.i.k.t.l.TacletProofObligationInput Proof obligation for taclet: seqDef_induction_upper 
574789     INFO  Test worker     d.u.i.k.p.i.AbstractProblemLoader Replaying proof Taclet: seqDef_induction_upper 
574809     DEBUG Test worker     d.u.i.k.p.i.IntermediateProofReplayer Proof replay took 16.87ms 
574812     INFO  Test worker     d.u.i.k.p.i.AbstractProblemLoader Loading environment from tacletProofs/seqRules/Taclet_seqDef_induction_upper_concrete.proof 
574812     DEBUG Test worker     d.u.i.k.p.i.AbstractProblemLoader Environment load took 215.9ns 
574813     INFO  Test worker     d.u.i.k.p.i.AbstractProblemLoader Creating init config 
577353     DEBUG Test worker     d.u.i.k.p.i.AbstractProblemLoader Init config took 2.54s 
577353     INFO  Test worker     d.u.i.k.t.l.TacletProofObligationInput Proof obligation for taclet: seqDef_induction_upper_concrete 
578199     INFO  Test worker     d.u.i.k.p.i.AbstractProblemLoader Replaying proof Taclet: seqDef_induction_upper_concrete 
578217     DEBUG Test worker     d.u.i.k.p.i.IntermediateProofReplayer Proof replay took 15.04ms 
578218     INFO  Test worker     d.u.i.k.p.i.AbstractProblemLoader Loading environment from tacletProofs/seqRules/Taclet_seqDef_induction_lower.proof 
578218     DEBUG Test worker     d.u.i.k.p.i.AbstractProblemLoader Environment load took 51ns 
578219     INFO  Test worker     d.u.i.k.p.i.AbstractProblemLoader Creating init config 
580759     DEBUG Test worker     d.u.i.k.p.i.AbstractProblemLoader Init config took 2.54s 
580759     INFO  Test worker     d.u.i.k.t.l.TacletProofObligationInput Proof obligation for taclet: seqDef_induction_lower 
581582     INFO  Test worker     d.u.i.k.p.i.AbstractProblemLoader Replaying proof Taclet: seqDef_induction_lower 
581599     DEBUG Test worker     d.u.i.k.p.i.IntermediateProofReplayer Proof replay took 14.24ms 
581601     INFO  Test worker     d.u.i.k.p.i.AbstractProblemLoader Loading environment from tacletProofs/seqRules/Taclet_seqDef_induction_lower_concrete.proof 
581601     DEBUG Test worker     d.u.i.k.p.i.AbstractProblemLoader Environment load took 63.2ns 
581601     INFO  Test worker     d.u.i.k.p.i.AbstractProblemLoader Creating init config 
584141     DEBUG Test worker     d.u.i.k.p.i.AbstractProblemLoader Init config took 2.54s 
584141     INFO  Test worker     d.u.i.k.t.l.TacletProofObligationInput Proof obligation for taclet: seqDef_induction_lower_concrete 
584986     INFO  Test worker     d.u.i.k.p.i.AbstractProblemLoader Replaying proof Taclet: seqDef_induction_lower_concrete 
585004     DEBUG Test worker     d.u.i.k.p.i.IntermediateProofReplayer Proof replay took 14.73ms 
585005     INFO  Test worker     d.u.i.k.p.i.AbstractProblemLoader Loading environment from tacletProofs/seqRules/Taclet_seqDef_split_in_three.proof 
585005     DEBUG Test worker     d.u.i.k.p.i.AbstractProblemLoader Environment load took 67.1ns 
585006     INFO  Test worker     d.u.i.k.p.i.AbstractProblemLoader Creating init config 
587547     DEBUG Test worker     d.u.i.k.p.i.AbstractProblemLoader Init config took 2.54s 
587547     INFO  Test worker     d.u.i.k.t.l.TacletProofObligationInput Proof obligation for taclet: seqDef_split_in_three 
588392     INFO  Test worker     d.u.i.k.p.i.AbstractProblemLoader Replaying proof Taclet: seqDef_split_in_three 
588437     DEBUG Test worker     d.u.i.k.p.i.IntermediateProofReplayer Proof replay took 38.33ms 
588439     INFO  Test worker     d.u.i.k.p.i.AbstractProblemLoader Loading environment from tacletProofs/seqRules/Taclet_seqDef_empty.proof 
588439     DEBUG Test worker     d.u.i.k.p.i.AbstractProblemLoader Environment load took 69.4ns 
588439     INFO  Test worker     d.u.i.k.p.i.AbstractProblemLoader Creating init config 
590987     DEBUG Test worker     d.u.i.k.p.i.AbstractProblemLoader Init config took 2.55s 
590987     INFO  Test worker     d.u.i.k.t.l.TacletProofObligationInput Proof obligation for taclet: seqDef_empty 
591832     INFO  Test worker     d.u.i.k.p.i.AbstractProblemLoader Replaying proof Taclet: seqDef_empty 
591836     DEBUG Test worker     d.u.i.k.p.i.IntermediateProofReplayer Proof replay took 2.72ms 
591838     INFO  Test worker     d.u.i.k.p.i.AbstractProblemLoader Loading environment from tacletProofs/seqRules/Taclet_seqDef_one_summand.proof 
591838     DEBUG Test worker     d.u.i.k.p.i.AbstractProblemLoader Environment load took 52ns 
591839     INFO  Test worker     d.u.i.k.p.i.AbstractProblemLoader Creating init config 
594376     DEBUG Test worker     d.u.i.k.p.i.AbstractProblemLoader Init config took 2.54s 
594376     INFO  Test worker     d.u.i.k.t.l.TacletProofObligationInput Proof obligation for taclet: seqDef_one_summand 
595220     INFO  Test worker     d.u.i.k.p.i.AbstractProblemLoader Replaying proof Taclet: seqDef_one_summand 
595225     DEBUG Test worker     d.u.i.k.p.i.IntermediateProofReplayer Proof replay took 2.86ms 
595226     INFO  Test worker     d.u.i.k.p.i.AbstractProblemLoader Loading environment from tacletProofs/seqRules/Taclet_seqDef_lower_equals_upper.proof 
595226     DEBUG Test worker     d.u.i.k.p.i.AbstractProblemLoader Environment load took 62.9ns 
595227     INFO  Test worker     d.u.i.k.p.i.AbstractProblemLoader Creating init config 
597747     DEBUG Test worker     d.u.i.k.p.i.AbstractProblemLoader Init config took 2.52s 
597747     INFO  Test worker     d.u.i.k.t.l.TacletProofObligationInput Proof obligation for taclet: seqDef_lower_equals_upper 
598591     INFO  Test worker     d.u.i.k.p.i.AbstractProblemLoader Replaying proof Taclet: seqDef_lower_equals_upper 
598595     DEBUG Test worker     d.u.i.k.p.i.IntermediateProofReplayer Proof replay took 1.83ms 
598596     INFO  Test worker     d.u.i.k.p.i.AbstractProblemLoader Loading environment from tacletProofs/seqRules/Taclet_seqDefOfSeq.proof 
598596     DEBUG Test worker     d.u.i.k.p.i.AbstractProblemLoader Environment load took 49.7ns 
598597     INFO  Test worker     d.u.i.k.p.i.AbstractProblemLoader Creating init config 
601136     DEBUG Test worker     d.u.i.k.p.i.AbstractProblemLoader Init config took 2.54s 
601136     INFO  Test worker     d.u.i.k.t.l.TacletProofObligationInput Proof obligation for taclet: seqDefOfSeq 
601979     INFO  Test worker     d.u.i.k.p.i.AbstractProblemLoader Replaying proof Taclet: seqDefOfSeq 
601991     DEBUG Test worker     d.u.i.k.p.i.IntermediateProofReplayer Proof replay took 9.29ms 
601993     INFO  Test worker     d.u.i.k.p.i.AbstractProblemLoader Loading environment from tacletProofs/seqRules/Taclet_seqSelfDefinitionEQ2.proof 
601993     DEBUG Test worker     d.u.i.k.p.i.AbstractProblemLoader Environment load took 63ns 
601994     INFO  Test worker     d.u.i.k.p.i.AbstractProblemLoader Creating init config 
604531     DEBUG Test worker     d.u.i.k.p.i.AbstractProblemLoader Init config took 2.54s 
604531     INFO  Test worker     d.u.i.k.t.l.TacletProofObligationInput Proof obligation for taclet: seqSelfDefinitionEQ2 
605377     INFO  Test worker     d.u.i.k.p.i.AbstractProblemLoader Replaying proof Taclet: seqSelfDefinitionEQ2 
605383     DEBUG Test worker     d.u.i.k.p.i.IntermediateProofReplayer Proof replay took 3.87ms 
605385     INFO  Test worker     d.u.i.k.p.i.AbstractProblemLoader Loading environment from tacletProofs/seqRules/Taclet_indexOfSeqSingleton.proof 
605385     DEBUG Test worker     d.u.i.k.p.i.AbstractProblemLoader Environment load took 59ns 
605385     INFO  Test worker     d.u.i.k.p.i.AbstractProblemLoader Creating init config 
607926     DEBUG Test worker     d.u.i.k.p.i.AbstractProblemLoader Init config took 2.54s 
607926     INFO  Test worker     d.u.i.k.t.l.TacletProofObligationInput Proof obligation for taclet: indexOfSeqSingleton 
608772     INFO  Test worker     d.u.i.k.p.i.AbstractProblemLoader Replaying proof Taclet: indexOfSeqSingleton 
608775     DEBUG Test worker     d.u.i.k.p.i.IntermediateProofReplayer Proof replay took 1.28ms 
608776     INFO  Test worker     d.u.i.k.p.i.AbstractProblemLoader Loading environment from tacletProofs/seqRules/Taclet_indexOfSeqConcatFirst.proof 
608776     DEBUG Test worker     d.u.i.k.p.i.AbstractProblemLoader Environment load took 64ns 
608776     INFO  Test worker     d.u.i.k.p.i.AbstractProblemLoader Creating init config 
611315     DEBUG Test worker     d.u.i.k.p.i.AbstractProblemLoader Init config took 2.54s 
611315     INFO  Test worker     d.u.i.k.t.l.TacletProofObligationInput Proof obligation for taclet: indexOfSeqConcatFirst 
612160     INFO  Test worker     d.u.i.k.p.i.AbstractProblemLoader Replaying proof Taclet: indexOfSeqConcatFirst 
612169     DEBUG Test worker     d.u.i.k.p.i.IntermediateProofReplayer Proof replay took 7.09ms 
612170     INFO  Test worker     d.u.i.k.p.i.AbstractProblemLoader Loading environment from tacletProofs/seqRules/Taclet_indexOfSeqConcatSecond.proof 
612170     DEBUG Test worker     d.u.i.k.p.i.AbstractProblemLoader Environment load took 78.8ns 
612171     INFO  Test worker     d.u.i.k.p.i.AbstractProblemLoader Creating init config 
614710     DEBUG Test worker     d.u.i.k.p.i.AbstractProblemLoader Init config took 2.54s 
614711     INFO  Test worker     d.u.i.k.t.l.TacletProofObligationInput Proof obligation for taclet: indexOfSeqConcatSecond 
615536     INFO  Test worker     d.u.i.k.p.i.AbstractProblemLoader Replaying proof Taclet: indexOfSeqConcatSecond 
615546     DEBUG Test worker     d.u.i.k.p.i.IntermediateProofReplayer Proof replay took 7.51ms 
615547     INFO  Test worker     d.u.i.k.p.i.AbstractProblemLoader Loading environment from tacletProofs/seqRules/Taclet_indexOfSeqSub.proof 
615547     DEBUG Test worker     d.u.i.k.p.i.AbstractProblemLoader Environment load took 77.7ns 
615548     INFO  Test worker     d.u.i.k.p.i.AbstractProblemLoader Creating init config 
618092     DEBUG Test worker     d.u.i.k.p.i.AbstractProblemLoader Init config took 2.54s 
618092     INFO  Test worker     d.u.i.k.t.l.TacletProofObligationInput Proof obligation for taclet: indexOfSeqSub 
618935     INFO  Test worker     d.u.i.k.p.i.AbstractProblemLoader Replaying proof Taclet: indexOfSeqSub 
618948     DEBUG Test worker     d.u.i.k.p.i.IntermediateProofReplayer Proof replay took 9.7ms 
618949     INFO  Test worker     d.u.i.k.p.i.AbstractProblemLoader Loading environment from tacletProofs/seqRules/Taclet_lenOfArray2seq.proof 
618949     DEBUG Test worker     d.u.i.k.p.i.AbstractProblemLoader Environment load took 61.9ns 
618950     INFO  Test worker     d.u.i.k.p.i.AbstractProblemLoader Creating init config 
621491     DEBUG Test worker     d.u.i.k.p.i.AbstractProblemLoader Init config took 2.54s 
621491     INFO  Test worker     d.u.i.k.t.l.TacletProofObligationInput Proof obligation for taclet: lenOfArray2seq 
622337     INFO  Test worker     d.u.i.k.p.i.AbstractProblemLoader Replaying proof Taclet: lenOfArray2seq 
622339     DEBUG Test worker     d.u.i.k.p.i.IntermediateProofReplayer Proof replay took 958.31ns 
622340     INFO  Test worker     d.u.i.k.p.i.AbstractProblemLoader Loading environment from tacletProofs/seqRules/Taclet_getAnyOfArray2seq.proof 
622341     DEBUG Test worker     d.u.i.k.p.i.AbstractProblemLoader Environment load took 59.9ns 
622341     INFO  Test worker     d.u.i.k.p.i.AbstractProblemLoader Creating init config 
624882     DEBUG Test worker     d.u.i.k.p.i.AbstractProblemLoader Init config took 2.54s 
624883     INFO  Test worker     d.u.i.k.t.l.TacletProofObligationInput Proof obligation for taclet: getAnyOfArray2seq 
625728     INFO  Test worker     d.u.i.k.p.i.AbstractProblemLoader Replaying proof Taclet: getAnyOfArray2seq 
625732     DEBUG Test worker     d.u.i.k.p.i.IntermediateProofReplayer Proof replay took 1.59ms 
625733     INFO  Test worker     d.u.i.k.p.i.AbstractProblemLoader Loading environment from tacletProofs/seqRules/Taclet_getOfArray2seq.proof 
625733     DEBUG Test worker     d.u.i.k.p.i.AbstractProblemLoader Environment load took 77.8ns 
625734     INFO  Test worker     d.u.i.k.p.i.AbstractProblemLoader Creating init config 
628273     DEBUG Test worker     d.u.i.k.p.i.AbstractProblemLoader Init config took 2.54s 
628273     INFO  Test worker     d.u.i.k.t.l.TacletProofObligationInput Proof obligation for taclet: getOfArray2seq 
629120     INFO  Test worker     d.u.i.k.p.i.AbstractProblemLoader Replaying proof Taclet: getOfArray2seq 
629126     DEBUG Test worker     d.u.i.k.p.i.IntermediateProofReplayer Proof replay took 4.18ms 
629127     INFO  Test worker     d.u.i.k.p.i.AbstractProblemLoader Loading environment from tacletProofs/seqPerm/Taclet_getAnyOfNPermInv.proof 
629127     DEBUG Test worker     d.u.i.k.p.i.AbstractProblemLoader Environment load took 62.2ns 
629128     INFO  Test worker     d.u.i.k.p.i.AbstractProblemLoader Creating init config 
631660     DEBUG Test worker     d.u.i.k.p.i.AbstractProblemLoader Init config took 2.53s 
631661     INFO  Test worker     d.u.i.k.t.l.TacletProofObligationInput Proof obligation for taclet: getAnyOfNPermInv 
632506     INFO  Test worker     d.u.i.k.p.i.AbstractProblemLoader Replaying proof Taclet: getAnyOfNPermInv 
632510     DEBUG Test worker     d.u.i.k.p.i.IntermediateProofReplayer Proof replay took 2.7ms 
632511     INFO  Test worker     d.u.i.k.p.i.AbstractProblemLoader Loading environment from tacletProofs/seqPerm/Taclet_seqNPermRange.proof 
632511     DEBUG Test worker     d.u.i.k.p.i.AbstractProblemLoader Environment load took 61.4ns 
632512     INFO  Test worker     d.u.i.k.p.i.AbstractProblemLoader Creating init config 
635053     DEBUG Test worker     d.u.i.k.p.i.AbstractProblemLoader Init config took 2.54s 
635054     INFO  Test worker     d.u.i.k.t.l.TacletProofObligationInput Proof obligation for taclet: seqNPermRange 
635902     INFO  Test worker     d.u.i.k.p.i.AbstractProblemLoader Replaying proof Taclet: seqNPermRange 
635947     DEBUG Test worker     d.u.i.k.p.i.IntermediateProofReplayer Proof replay took 39.94ms 
635949     INFO  Test worker     d.u.i.k.p.i.AbstractProblemLoader Loading environment from tacletProofs/seqPerm/Taclet_seqPermTrans.proof 
635950     DEBUG Test worker     d.u.i.k.p.i.AbstractProblemLoader Environment load took 222.9ns 
635950     INFO  Test worker     d.u.i.k.p.i.AbstractProblemLoader Creating init config 
638509     DEBUG Test worker     d.u.i.k.p.i.AbstractProblemLoader Init config took 2.56s 
638509     INFO  Test worker     d.u.i.k.t.l.TacletProofObligationInput Proof obligation for taclet: seqPermTrans 
639358     INFO  Test worker     d.u.i.k.p.i.AbstractProblemLoader Replaying proof Taclet: seqPermTrans 
639377     DEBUG Test worker     d.u.i.k.p.i.IntermediateProofReplayer Proof replay took 15.52ms 
639380     INFO  Test worker     d.u.i.k.p.i.AbstractProblemLoader Loading environment from tacletProofs/seqPerm/Taclet_seqPermRefl.proof 
639380     DEBUG Test worker     d.u.i.k.p.i.AbstractProblemLoader Environment load took 214ns 
639381     INFO  Test worker     d.u.i.k.p.i.AbstractProblemLoader Creating init config 
641925     DEBUG Test worker     d.u.i.k.p.i.AbstractProblemLoader Init config took 2.54s 
641925     INFO  Test worker     d.u.i.k.t.l.TacletProofObligationInput Proof obligation for taclet: seqPermRefl 
642771     INFO  Test worker     d.u.i.k.p.i.AbstractProblemLoader Replaying proof Taclet: seqPermRefl 
642784     DEBUG Test worker     d.u.i.k.p.i.IntermediateProofReplayer Proof replay took 10.56ms 
642786     INFO  Test worker     d.u.i.k.p.i.AbstractProblemLoader Loading environment from tacletProofs/seqPerm/Taclet_seqPermSplit.proof 
642786     DEBUG Test worker     d.u.i.k.p.i.AbstractProblemLoader Environment load took 225ns 
642787     INFO  Test worker     d.u.i.k.p.i.AbstractProblemLoader Creating init config 
645329     DEBUG Test worker     d.u.i.k.p.i.AbstractProblemLoader Init config took 2.54s 
645329     INFO  Test worker     d.u.i.k.t.l.TacletProofObligationInput Proof obligation for taclet: seqPermSplit 
646174     INFO  Test worker     d.u.i.k.p.i.AbstractProblemLoader Replaying proof Taclet: seqPermSplit 
646176     DEBUG Test worker     d.u.i.k.p.i.IntermediateProofReplayer Proof replay took 195.2ns 
646177     INFO  Test worker     d.u.i.k.p.i.AbstractProblemLoader Loading environment from tacletProofs/seqRules/Taclet_seqNPermRight.proof 
646177     DEBUG Test worker     d.u.i.k.p.i.AbstractProblemLoader Environment load took 59.1ns 
646178     INFO  Test worker     d.u.i.k.p.i.AbstractProblemLoader Creating init config 
648714     DEBUG Test worker     d.u.i.k.p.i.AbstractProblemLoader Init config took 2.54s 
648714     INFO  Test worker     d.u.i.k.t.l.TacletProofObligationInput Proof obligation for taclet: seqNPermRight 
649560     INFO  Test worker     d.u.i.k.p.i.AbstractProblemLoader Replaying proof Taclet: seqNPermRight 
649633     DEBUG Test worker     d.u.i.k.p.i.IntermediateProofReplayer Proof replay took 63.77ms 
649635     INFO  Test worker     d.u.i.k.p.i.AbstractProblemLoader Loading environment from tacletProofs/seqPerm/Taclet_seqPermFromSwap.proof 
649635     DEBUG Test worker     d.u.i.k.p.i.AbstractProblemLoader Environment load took 71.9ns 
649636     INFO  Test worker     d.u.i.k.p.i.AbstractProblemLoader Creating init config 
652173     DEBUG Test worker     d.u.i.k.p.i.AbstractProblemLoader Init config took 2.54s 
652173     INFO  Test worker     d.u.i.k.t.l.TacletProofObligationInput Proof obligation for taclet: seqPermFromSwap 
653020     INFO  Test worker     d.u.i.k.p.i.AbstractProblemLoader Replaying proof Taclet: seqPermFromSwap 
653051     DEBUG Test worker     d.u.i.k.p.i.IntermediateProofReplayer Proof replay took 27.12ms 
653052     INFO  Test worker     d.u.i.k.p.i.AbstractProblemLoader Loading environment from tacletProofs/seqPerm/Taclet_seqPermTransAlt0.proof 
653052     DEBUG Test worker     d.u.i.k.p.i.AbstractProblemLoader Environment load took 61ns 
653053     INFO  Test worker     d.u.i.k.p.i.AbstractProblemLoader Creating init config 
655593     DEBUG Test worker     d.u.i.k.p.i.AbstractProblemLoader Init config took 2.54s 
655593     INFO  Test worker     d.u.i.k.t.l.TacletProofObligationInput Proof obligation for taclet: seqPermTransAlt0 
656440     INFO  Test worker     d.u.i.k.p.i.AbstractProblemLoader Replaying proof Taclet: seqPermTransAlt0 
656442     DEBUG Test worker     d.u.i.k.p.i.IntermediateProofReplayer Proof replay took 200.6ns 
656444     INFO  Test worker     d.u.i.k.p.i.AbstractProblemLoader Loading environment from tacletProofs/seqPerm/Taclet_seqPermTransAlt1.proof 
656444     DEBUG Test worker     d.u.i.k.p.i.AbstractProblemLoader Environment load took 64.6ns 
656444     INFO  Test worker     d.u.i.k.p.i.AbstractProblemLoader Creating init config 
658983     DEBUG Test worker     d.u.i.k.p.i.AbstractProblemLoader Init config took 2.54s 
658983     INFO  Test worker     d.u.i.k.t.l.TacletProofObligationInput Proof obligation for taclet: seqPermTransAlt1 
659829     INFO  Test worker     d.u.i.k.p.i.AbstractProblemLoader Replaying proof Taclet: seqPermTransAlt1 
659831     DEBUG Test worker     d.u.i.k.p.i.IntermediateProofReplayer Proof replay took 223.8ns 
659832     INFO  Test worker     d.u.i.k.p.i.AbstractProblemLoader Loading environment from tacletProofs/seqPerm/Taclet_seqPermTransAlt2.proof 
659833     DEBUG Test worker     d.u.i.k.p.i.AbstractProblemLoader Environment load took 64.4ns 
659833     INFO  Test worker     d.u.i.k.p.i.AbstractProblemLoader Creating init config 
662373     DEBUG Test worker     d.u.i.k.p.i.AbstractProblemLoader Init config took 2.54s 
662374     INFO  Test worker     d.u.i.k.t.l.TacletProofObligationInput Proof obligation for taclet: seqPermTransAlt2 
663219     INFO  Test worker     d.u.i.k.p.i.AbstractProblemLoader Replaying proof Taclet: seqPermTransAlt2 
663221     DEBUG Test worker     d.u.i.k.p.i.IntermediateProofReplayer Proof replay took 213.2ns 
663222     INFO  Test worker     d.u.i.k.p.i.AbstractProblemLoader Loading environment from tacletProofs/seqPerm/Taclet_seqPermTransAlt3.proof 
663222     DEBUG Test worker     d.u.i.k.p.i.AbstractProblemLoader Environment load took 49.2ns 
663223     INFO  Test worker     d.u.i.k.p.i.AbstractProblemLoader Creating init config 
665760     DEBUG Test worker     d.u.i.k.p.i.AbstractProblemLoader Init config took 2.54s 
665760     INFO  Test worker     d.u.i.k.t.l.TacletProofObligationInput Proof obligation for taclet: seqPermTransAlt3 
666609     INFO  Test worker     d.u.i.k.p.i.AbstractProblemLoader Replaying proof Taclet: seqPermTransAlt3 
666610     DEBUG Test worker     d.u.i.k.p.i.IntermediateProofReplayer Proof replay took 329.5ns 
666612     INFO  Test worker     d.u.i.k.p.i.AbstractProblemLoader Loading environment from tacletProofs/seqPerm/Taclet_seqPermForall.proof 
666612     DEBUG Test worker     d.u.i.k.p.i.AbstractProblemLoader Environment load took 61.6ns 
666612     INFO  Test worker     d.u.i.k.p.i.AbstractProblemLoader Creating init config 
669152     DEBUG Test worker     d.u.i.k.p.i.AbstractProblemLoader Init config took 2.54s 
669152     INFO  Test worker     d.u.i.k.t.l.TacletProofObligationInput Proof obligation for taclet: seqPermForall 
669998     INFO  Test worker     d.u.i.k.p.i.AbstractProblemLoader Replaying proof Taclet: seqPermForall 
670095     DEBUG Test worker     d.u.i.k.p.i.IntermediateProofReplayer Proof replay took 95.13ms 
670099     INFO  Test worker     d.u.i.k.p.i.AbstractProblemLoader Loading environment from tacletProofs/seqPerm/Taclet_seqPermExists.proof 
670099     DEBUG Test worker     d.u.i.k.p.i.AbstractProblemLoader Environment load took 252.5ns 
670101     INFO  Test worker     d.u.i.k.p.i.AbstractProblemLoader Creating init config 
672662     DEBUG Test worker     d.u.i.k.p.i.AbstractProblemLoader Init config took 2.56s 
672662     INFO  Test worker     d.u.i.k.t.l.TacletProofObligationInput Proof obligation for taclet: seqPermExists 
673511     INFO  Test worker     d.u.i.k.p.i.AbstractProblemLoader Replaying proof Taclet: seqPermExists 
673558     DEBUG Test worker     d.u.i.k.p.i.IntermediateProofReplayer Proof replay took 44.41ms 
673559     INFO  Test worker     d.u.i.k.p.i.AbstractProblemLoader Loading environment from tacletProofs/seqPerm2/Taclet_schiffl_lemma_2.proof 
673559     DEBUG Test worker     d.u.i.k.p.i.AbstractProblemLoader Environment load took 74.1ns 
673562     INFO  Test worker     d.u.i.k.p.i.AbstractProblemLoader Creating init config 
676112     DEBUG Test worker     d.u.i.k.p.i.AbstractProblemLoader Init config took 2.55s 
676113     INFO  Test worker     d.u.i.k.t.l.TacletProofObligationInput Proof obligation for taclet: schiffl_lemma_2 
676966     INFO  Test worker     d.u.i.k.p.i.AbstractProblemLoader Replaying proof Taclet: schiffl_lemma_2 
676968     DEBUG Test worker     d.u.i.k.p.i.IntermediateProofReplayer Proof replay took 3.3ns 
676994     DEBUG Test worker     d.u.i.k.m.s.ProofScriptEngine 1: 'macro split-prop' 
677047     DEBUG Test worker     d.u.i.k.m.s.ProofScriptEngine 2: 'rule allRight' 
677060     DEBUG Test worker     d.u.i.k.m.s.ProofScriptEngine 3: 'rule allRight' 
677067     DEBUG Test worker     d.u.i.k.m.s.ProofScriptEngine 4: 'macro split-prop' 
677082     DEBUG Test worker     d.u.i.k.m.s.ProofScriptEngine 5: 'rule 'seqPermDefLeft'' 
677083     DEBUG Test worker     d.u.i.k.m.s.ProofScriptEngine 6: 'rule 'andLeft'' 
677085     DEBUG Test worker     d.u.i.k.m.s.ProofScriptEngine 7: 'rule 'exLeft'' 
677087     DEBUG Test worker     d.u.i.k.m.s.ProofScriptEngine 8: 'macro split-prop' 
677094     DEBUG Test worker     d.u.i.k.m.s.ProofScriptEngine 9: 'rule  seqNPermRange' 
677095     DEBUG Test worker     d.u.i.k.m.s.ProofScriptEngine 10: 'instantiate var=iv with='v_x_0' occ=1' 
677100     DEBUG Test worker     d.u.i.k.m.s.ProofScriptEngine 11: 'rule impLeft' 
677102     DEBUG Test worker     d.u.i.k.m.s.ProofScriptEngine 12: 'tryclose branch' 
677330     DEBUG Test worker     d.u.i.k.m.s.ProofScriptEngine 13: 'rule andLeft' 
677332     DEBUG Test worker     d.u.i.k.m.s.ProofScriptEngine 14: 'rule andLeft' 
677333     DEBUG Test worker     d.u.i.k.m.s.ProofScriptEngine 15: 'instantiate var=iv with='v_y_0' occ=1' 
677334     DEBUG Test worker     d.u.i.k.m.s.ProofScriptEngine 16: 'rule impLeft' 
677335     DEBUG Test worker     d.u.i.k.m.s.ProofScriptEngine 17: 'tryclose branch' 
677469     DEBUG Test worker     d.u.i.k.m.s.ProofScriptEngine 18: 'rule andLeft' 
677470     DEBUG Test worker     d.u.i.k.m.s.ProofScriptEngine 19: 'rule andLeft' 
677473     DEBUG Test worker     d.u.i.k.m.s.ProofScriptEngine 20: 'rule seqNPermDefLeft' 
677474     DEBUG Test worker     d.u.i.k.m.s.ProofScriptEngine 21: 'instantiate var=iv with='v_x_0' occ=2' 
677475     DEBUG Test worker     d.u.i.k.m.s.ProofScriptEngine 22: 'rule impLeft' 
677477     DEBUG Test worker     d.u.i.k.m.s.ProofScriptEngine 23: 'tryclose branch' 
677634     DEBUG Test worker     d.u.i.k.m.s.ProofScriptEngine 24: 'rule exLeft' 
677636     DEBUG Test worker     d.u.i.k.m.s.ProofScriptEngine 25: 'rule andLeft' 
677637     DEBUG Test worker     d.u.i.k.m.s.ProofScriptEngine 26: 'rule andLeft' 
677638     DEBUG Test worker     d.u.i.k.m.s.ProofScriptEngine 27: 'instantiate hide var=iv with='v_y_0' occ=2' 
677639     DEBUG Test worker     d.u.i.k.m.s.ProofScriptEngine 28: 'rule impLeft' 
677643     DEBUG Test worker     d.u.i.k.m.s.ProofScriptEngine 29: 'tryclose branch' 
677751     DEBUG Test worker     d.u.i.k.m.s.ProofScriptEngine 30: 'rule exLeft' 
677753     DEBUG Test worker     d.u.i.k.m.s.ProofScriptEngine 31: 'rule andLeft' 
677754     DEBUG Test worker     d.u.i.k.m.s.ProofScriptEngine 32: 'rule andLeft' 
677755     DEBUG Test worker     d.u.i.k.m.s.ProofScriptEngine 33: 'instantiate var=iv with='jv_0' occ=1' 
677756     DEBUG Test worker     d.u.i.k.m.s.ProofScriptEngine 34: 'rule impLeft' 
677757     DEBUG Test worker     d.u.i.k.m.s.ProofScriptEngine 35: 'tryclose branch' 
677769     DEBUG Test worker     d.u.i.k.m.s.ProofScriptEngine 36: 'rule andLeft' 
677770     DEBUG Test worker     d.u.i.k.m.s.ProofScriptEngine 37: 'rule andLeft' 
677771     DEBUG Test worker     d.u.i.k.m.s.ProofScriptEngine 38: 'rule castAdd formula='s_0[jv_0]=v_x_0' occ=0' 
677774     DEBUG Test worker     d.u.i.k.m.s.ProofScriptEngine 39: 'instantiate hide var=iv with='jv_1' occ=1' 
677776     DEBUG Test worker     d.u.i.k.m.s.ProofScriptEngine 40: 'rule impLeft' 
677777     DEBUG Test worker     d.u.i.k.m.s.ProofScriptEngine 41: 'tryclose branch' 
677784     DEBUG Test worker     d.u.i.k.m.s.ProofScriptEngine 42: 'rule andLeft' 
677785     DEBUG Test worker     d.u.i.k.m.s.ProofScriptEngine 43: 'rule andLeft' 
677787     DEBUG Test worker     d.u.i.k.m.s.ProofScriptEngine 44: 'rule castAdd formula='s_0[jv_1]=v_y_0' occ=0' 
677790     DEBUG Test worker     d.u.i.k.m.s.ProofScriptEngine 45: 'instantiate var=iv  with='v_x_0'' 
677790     DEBUG Test worker     d.u.i.k.m.s.ProofScriptEngine 46: 'rule impLeft' 
677791     DEBUG Test worker     d.u.i.k.m.s.ProofScriptEngine 47: 'tryclose branch' 
677932     DEBUG Test worker     d.u.i.k.m.s.ProofScriptEngine 48: 'instantiate var=iv  with='v_y_0'' 
677933     DEBUG Test worker     d.u.i.k.m.s.ProofScriptEngine 49: 'rule impLeft' 
677935     DEBUG Test worker     d.u.i.k.m.s.ProofScriptEngine 50: 'tryclose branch' 
678030     DEBUG Test worker     d.u.i.k.m.s.ProofScriptEngine 51: 'cut 'v_x_0 = v_y_0'' 
678032     DEBUG Test worker     d.u.i.k.m.s.ProofScriptEngine 52: 'instantiate hide var='v_r' with='seqSwap(s_0,v_x_0,jv_0)'' 
678033     DEBUG Test worker     d.u.i.k.m.s.ProofScriptEngine 53: 'rule andRight' 
678035     DEBUG Test worker     d.u.i.k.m.s.ProofScriptEngine 54: 'rule andRight' 
678036     DEBUG Test worker     d.u.i.k.m.s.ProofScriptEngine 55: 'rule andRight' 
678037     DEBUG Test worker     d.u.i.k.m.s.ProofScriptEngine 56: 'rule andRight' 
678038     DEBUG Test worker     d.u.i.k.m.s.ProofScriptEngine 57: 'rule lenOfSwap' 
678038     DEBUG Test worker     d.u.i.k.m.s.ProofScriptEngine 58: 'tryclose branch' 
678045     DEBUG Test worker     d.u.i.k.m.s.ProofScriptEngine 59: 'rule seqNPermSwapNPerm' 
678046     DEBUG Test worker     d.u.i.k.m.s.ProofScriptEngine 60: 'instantiate hide var='iv' with='v_x_0' occ=1' 
678047     DEBUG Test worker     d.u.i.k.m.s.ProofScriptEngine 61: 'instantiate hide var='jv' with='jv_0'' 
678048     DEBUG Test worker     d.u.i.k.m.s.ProofScriptEngine 62: 'rule impLeft' 
678049     DEBUG Test worker     d.u.i.k.m.s.ProofScriptEngine 63: 'tryclose branch' 
678137     DEBUG Test worker     d.u.i.k.m.s.ProofScriptEngine 64: 'tryclose branch' 
678140     DEBUG Test worker     d.u.i.k.m.s.ProofScriptEngine 65: 'rule allRight' 
678141     DEBUG Test worker     d.u.i.k.m.s.ProofScriptEngine 66: 'rule impRight' 
678142     DEBUG Test worker     d.u.i.k.m.s.ProofScriptEngine 67: 'rule andLeft' 
678143     DEBUG Test worker     d.u.i.k.m.s.ProofScriptEngine 68: 'instantiate var=iv with='v_iv_0'' 
678144     DEBUG Test worker     d.u.i.k.m.s.ProofScriptEngine 69: 'rule impLeft' 
678145     DEBUG Test worker     d.u.i.k.m.s.ProofScriptEngine 70: 'tryclose branch' 
678235     DEBUG Test worker     d.u.i.k.m.s.ProofScriptEngine 71: 'rule getOfSwap' 
678236     DEBUG Test worker     d.u.i.k.m.s.ProofScriptEngine 72: 'rule ifthenelse_negated' 
678237     DEBUG Test worker     d.u.i.k.m.s.ProofScriptEngine 73: 'rule ifthenelse_split occ=0' 
678239     DEBUG Test worker     d.u.i.k.m.s.ProofScriptEngine 74: 'rule andLeft' 
678239     DEBUG Test worker     d.u.i.k.m.s.ProofScriptEngine 75: 'rule andLeft' 
678240     DEBUG Test worker     d.u.i.k.m.s.ProofScriptEngine 76: 'rule andLeft' 
678241     DEBUG Test worker     d.u.i.k.m.s.ProofScriptEngine 77: 'rule ifthenelse_split occ=0' 
678241     DEBUG Test worker     d.u.i.k.m.s.ProofScriptEngine 78: 'tryclose branch' 
678317     DEBUG Test worker     d.u.i.k.m.s.ProofScriptEngine 79: 'rule ifthenelse_split occ=0' 
678318     DEBUG Test worker     d.u.i.k.m.s.ProofScriptEngine 80: 'tryclose branch' 
678389     DEBUG Test worker     d.u.i.k.m.s.ProofScriptEngine 81: 'tryclose branch' 
678393     DEBUG Test worker     d.u.i.k.m.s.ProofScriptEngine 82: 'tryclose branch' 
678397     DEBUG Test worker     d.u.i.k.m.s.ProofScriptEngine 83: 'rule getOfSwap' 
678398     DEBUG Test worker     d.u.i.k.m.s.ProofScriptEngine 84: 'rule ifthenelse_negated' 
678399     DEBUG Test worker     d.u.i.k.m.s.ProofScriptEngine 85: 'rule ifthenelse_split occ=0' 
678400     DEBUG Test worker     d.u.i.k.m.s.ProofScriptEngine 86: 'rule andLeft' 
678400     DEBUG Test worker     d.u.i.k.m.s.ProofScriptEngine 87: 'rule andLeft' 
678401     DEBUG Test worker     d.u.i.k.m.s.ProofScriptEngine 88: 'rule andLeft' 
678401     DEBUG Test worker     d.u.i.k.m.s.ProofScriptEngine 89: 'rule ifthenelse_split occ=0' 
678402     DEBUG Test worker     d.u.i.k.m.s.ProofScriptEngine 90: 'tryclose branch' 
678409     DEBUG Test worker     d.u.i.k.m.s.ProofScriptEngine 91: 'tryclose branch' 
678413     DEBUG Test worker     d.u.i.k.m.s.ProofScriptEngine 92: 'tryclose branch' 
678494     DEBUG Test worker     d.u.i.k.m.s.ProofScriptEngine 93: 'rule getOfSwap' 
678495     DEBUG Test worker     d.u.i.k.m.s.ProofScriptEngine 94: 'rule ifthenelse_negated' 
678496     DEBUG Test worker     d.u.i.k.m.s.ProofScriptEngine 95: 'rule ifthenelse_split occ=0' 
678497     DEBUG Test worker     d.u.i.k.m.s.ProofScriptEngine 96: 'rule andLeft' 
678497     DEBUG Test worker     d.u.i.k.m.s.ProofScriptEngine 97: 'rule andLeft' 
678498     DEBUG Test worker     d.u.i.k.m.s.ProofScriptEngine 98: 'rule andLeft' 
678498     DEBUG Test worker     d.u.i.k.m.s.ProofScriptEngine 99: 'rule ifthenelse_split occ=0' 
678499     DEBUG Test worker     d.u.i.k.m.s.ProofScriptEngine 100: 'tryclose branch' 
678540     DEBUG Test worker     d.u.i.k.m.s.ProofScriptEngine 101: 'tryclose branch' 
678544     DEBUG Test worker     d.u.i.k.m.s.ProofScriptEngine 102: 'tryclose branch' 
678623     DEBUG Test worker     d.u.i.k.m.s.ProofScriptEngine 103: 'cut '(int)s_0[v_x_0]=(int)s_0[v_y_0]'' 
678624     DEBUG Test worker     d.u.i.k.m.s.ProofScriptEngine 104: 'rule seqNPermInjective' 
678625     DEBUG Test worker     d.u.i.k.m.s.ProofScriptEngine 105: 'instantiate hide var=iv with='v_x_0'' 
678627     DEBUG Test worker     d.u.i.k.m.s.ProofScriptEngine 106: 'instantiate hide var=jv with='v_y_0'' 
678628     DEBUG Test worker     d.u.i.k.m.s.ProofScriptEngine 107: 'rule impLeft' 
678629     DEBUG Test worker     d.u.i.k.m.s.ProofScriptEngine 108: 'tryclose branch' 
678740     DEBUG Test worker     d.u.i.k.m.s.ProofScriptEngine 109: 'tryclose branch' 
678744     DEBUG Test worker     d.u.i.k.m.s.ProofScriptEngine 110: 'cut '(int)s_0[v_x_0] = v_x_0'' 
678745     DEBUG Test worker     d.u.i.k.m.s.ProofScriptEngine 111: 'instantiate hide var=v_r with='seqSwap(s_0,v_y_0,jv_1)'' 
678746     DEBUG Test worker     d.u.i.k.m.s.ProofScriptEngine 112: 'rule andRight' 
678748     DEBUG Test worker     d.u.i.k.m.s.ProofScriptEngine 113: 'rule andRight' 
678749     DEBUG Test worker     d.u.i.k.m.s.ProofScriptEngine 114: 'rule andRight' 
678749     DEBUG Test worker     d.u.i.k.m.s.ProofScriptEngine 115: 'rule andRight' 
678750     DEBUG Test worker     d.u.i.k.m.s.ProofScriptEngine 116: 'tryclose branch' 
678758     DEBUG Test worker     d.u.i.k.m.s.ProofScriptEngine 117: 'rule seqNPermSwapNPerm' 
678759     DEBUG Test worker     d.u.i.k.m.s.ProofScriptEngine 118: 'instantiate hide var=iv with='v_y_0'' 
678760     DEBUG Test worker     d.u.i.k.m.s.ProofScriptEngine 119: 'instantiate hide var=jv with='jv_1'' 
678761     DEBUG Test worker     d.u.i.k.m.s.ProofScriptEngine 120: 'tryclose branch' 
678843     DEBUG Test worker     d.u.i.k.m.s.ProofScriptEngine 121: 'rule allRight' 
678844     DEBUG Test worker     d.u.i.k.m.s.ProofScriptEngine 122: 'rule impRight' 
678845     DEBUG Test worker     d.u.i.k.m.s.ProofScriptEngine 123: 'rule andLeft' 
678846     DEBUG Test worker     d.u.i.k.m.s.ProofScriptEngine 124: 'instantiate var=iv with='v_iv_0'' 
678846     DEBUG Test worker     d.u.i.k.m.s.ProofScriptEngine 125: 'rule impLeft' 
678847     DEBUG Test worker     d.u.i.k.m.s.ProofScriptEngine 126: 'tryclose branch' 
678934     DEBUG Test worker     d.u.i.k.m.s.ProofScriptEngine 127: 'rule getOfSwap' 
678935     DEBUG Test worker     d.u.i.k.m.s.ProofScriptEngine 128: 'rule ifthenelse_negated' 
678936     DEBUG Test worker     d.u.i.k.m.s.ProofScriptEngine 129: 'rule ifthenelse_split occ=0' 
678937     DEBUG Test worker     d.u.i.k.m.s.ProofScriptEngine 130: 'rule andLeft' 
678938     DEBUG Test worker     d.u.i.k.m.s.ProofScriptEngine 131: 'rule andLeft' 
678939     DEBUG Test worker     d.u.i.k.m.s.ProofScriptEngine 132: 'rule andLeft' 
678939     DEBUG Test worker     d.u.i.k.m.s.ProofScriptEngine 133: 'rule ifthenelse_split occ=0' 
678940     DEBUG Test worker     d.u.i.k.m.s.ProofScriptEngine 134: 'tryclose branch' 
679008     DEBUG Test worker     d.u.i.k.m.s.ProofScriptEngine 135: 'rule ifthenelse_split occ=0' 
679009     DEBUG Test worker     d.u.i.k.m.s.ProofScriptEngine 136: 'tryclose branch' 
679077     DEBUG Test worker     d.u.i.k.m.s.ProofScriptEngine 137: 'instantiate var=iv with='v_y_0'' 
679077     DEBUG Test worker     d.u.i.k.m.s.ProofScriptEngine 138: 'rule impLeft' 
679078     DEBUG Test worker     d.u.i.k.m.s.ProofScriptEngine 139: 'tryclose branch' 
679083     DEBUG Test worker     d.u.i.k.m.s.ProofScriptEngine 140: 'tryclose branch' 
679086     DEBUG Test worker     d.u.i.k.m.s.ProofScriptEngine 141: 'tryclose branch' 
679091     DEBUG Test worker     d.u.i.k.m.s.ProofScriptEngine 142: 'tryclose branch' 
679206     DEBUG Test worker     d.u.i.k.m.s.ProofScriptEngine 143: 'rule getOfSwap' 
679207     DEBUG Test worker     d.u.i.k.m.s.ProofScriptEngine 144: 'rule ifthenelse_negated' 
679208     DEBUG Test worker     d.u.i.k.m.s.ProofScriptEngine 145: 'rule ifthenelse_split occ=0' 
679214     DEBUG Test worker     d.u.i.k.m.s.ProofScriptEngine 146: 'tryclose branch' 
679223     DEBUG Test worker     d.u.i.k.m.s.ProofScriptEngine 147: 'tryclose branch' 
679307     DEBUG Test worker     d.u.i.k.m.s.ProofScriptEngine 148: 'tryclose branch' 
682656     DEBUG Test worker     d.u.i.k.m.s.ProofScriptEngine 149: 'cut  '(int)s_0[v_y_0] = v_y_0'' 
682657     DEBUG Test worker     d.u.i.k.m.s.ProofScriptEngine 150: 'instantiate hide var=v_r with='seqSwap(s_0,v_x_0,jv_0)'' 
682661     DEBUG Test worker     d.u.i.k.m.s.ProofScriptEngine 151: 'rule andRight' 
682663     DEBUG Test worker     d.u.i.k.m.s.ProofScriptEngine 152: 'rule andRight' 
682663     DEBUG Test worker     d.u.i.k.m.s.ProofScriptEngine 153: 'rule andRight' 
682665     DEBUG Test worker     d.u.i.k.m.s.ProofScriptEngine 154: 'rule andRight' 
682666     DEBUG Test worker     d.u.i.k.m.s.ProofScriptEngine 155: 'tryclose branch' 
682673     DEBUG Test worker     d.u.i.k.m.s.ProofScriptEngine 156: 'rule seqNPermSwapNPerm' 
682674     DEBUG Test worker     d.u.i.k.m.s.ProofScriptEngine 157: 'instantiate hide var=iv with='v_x_0'' 
682675     DEBUG Test worker     d.u.i.k.m.s.ProofScriptEngine 158: 'instantiate hide var=jv with='jv_0'' 
682676     DEBUG Test worker     d.u.i.k.m.s.ProofScriptEngine 159: 'rule impLeft' 
682677     DEBUG Test worker     d.u.i.k.m.s.ProofScriptEngine 160: 'tryclose branch' 
682758     DEBUG Test worker     d.u.i.k.m.s.ProofScriptEngine 161: 'tryclose branch' 
682762     DEBUG Test worker     d.u.i.k.m.s.ProofScriptEngine 162: 'rule allRight' 
682763     DEBUG Test worker     d.u.i.k.m.s.ProofScriptEngine 163: 'rule impRight' 
682764     DEBUG Test worker     d.u.i.k.m.s.ProofScriptEngine 164: 'rule andLeft' 
682765     DEBUG Test worker     d.u.i.k.m.s.ProofScriptEngine 165: 'instantiate var=iv with='v_iv_0'' 
682767     DEBUG Test worker     d.u.i.k.m.s.ProofScriptEngine 166: 'rule impLeft' 
682768     DEBUG Test worker     d.u.i.k.m.s.ProofScriptEngine 167: 'tryclose branch' 
682853     DEBUG Test worker     d.u.i.k.m.s.ProofScriptEngine 168: 'rule getOfSwap' 
682854     DEBUG Test worker     d.u.i.k.m.s.ProofScriptEngine 169: 'rule ifthenelse_negated' 
682855     DEBUG Test worker     d.u.i.k.m.s.ProofScriptEngine 170: 'rule ifthenelse_split occ=0' 
682856     DEBUG Test worker     d.u.i.k.m.s.ProofScriptEngine 171: 'rule andLeft' 
682857     DEBUG Test worker     d.u.i.k.m.s.ProofScriptEngine 172: 'rule andLeft' 
682858     DEBUG Test worker     d.u.i.k.m.s.ProofScriptEngine 173: 'rule andLeft' 
682858     DEBUG Test worker     d.u.i.k.m.s.ProofScriptEngine 174: 'rule ifthenelse_split occ=0' 
682859     DEBUG Test worker     d.u.i.k.m.s.ProofScriptEngine 175: 'tryclose branch' 
682925     DEBUG Test worker     d.u.i.k.m.s.ProofScriptEngine 176: 'rule ifthenelse_split occ=0' 
682926     DEBUG Test worker     d.u.i.k.m.s.ProofScriptEngine 177: 'tryclose branch' 
682989     DEBUG Test worker     d.u.i.k.m.s.ProofScriptEngine 178: 'tryclose branch' 
682993     DEBUG Test worker     d.u.i.k.m.s.ProofScriptEngine 179: 'tryclose branch' 
682997     DEBUG Test worker     d.u.i.k.m.s.ProofScriptEngine 180: 'rule getOfSwap' 
682998     DEBUG Test worker     d.u.i.k.m.s.ProofScriptEngine 181: 'rule ifthenelse_negated' 
682999     DEBUG Test worker     d.u.i.k.m.s.ProofScriptEngine 182: 'rule ifthenelse_split occ=0' 
683000     DEBUG Test worker     d.u.i.k.m.s.ProofScriptEngine 183: 'tryclose branch' 
683008     DEBUG Test worker     d.u.i.k.m.s.ProofScriptEngine 184: 'tryclose branch' 
683078     DEBUG Test worker     d.u.i.k.m.s.ProofScriptEngine 185: 'rule getOfSwap' 
683079     DEBUG Test worker     d.u.i.k.m.s.ProofScriptEngine 186: 'rule ifthenelse_negated' 
683080     DEBUG Test worker     d.u.i.k.m.s.ProofScriptEngine 187: 'rule ifthenelse_split occ=0' 
683081     DEBUG Test worker     d.u.i.k.m.s.ProofScriptEngine 188: 'tryclose branch' 
683143     DEBUG Test worker     d.u.i.k.m.s.ProofScriptEngine 189: 'tryclose branch' 
683155     DEBUG Test worker     d.u.i.k.m.s.ProofScriptEngine 190: 'cut '(int)s_0[v_x_0]=v_y_0'' 
683156     DEBUG Test worker     d.u.i.k.m.s.ProofScriptEngine 191: 'instantiate hide var=v_r with='seqSwap(seqSwap(s_0,jv_0,v_x_0),jv_0,v_y_0)'' 
683157     DEBUG Test worker     d.u.i.k.m.s.ProofScriptEngine 192: 'rule andRight' 
683158     DEBUG Test worker     d.u.i.k.m.s.ProofScriptEngine 193: 'rule andRight' 
683159     DEBUG Test worker     d.u.i.k.m.s.ProofScriptEngine 194: 'rule andRight' 
683159     DEBUG Test worker     d.u.i.k.m.s.ProofScriptEngine 195: 'rule andRight' 
683160     DEBUG Test worker     d.u.i.k.m.s.ProofScriptEngine 196: 'tryclose branch' 
683169     DEBUG Test worker     d.u.i.k.m.s.ProofScriptEngine 197: 'rule seqNPermSwapNPerm' 
683170     DEBUG Test worker     d.u.i.k.m.s.ProofScriptEngine 198: 'instantiate hide var=iv with='jv_0'' 
683171     DEBUG Test worker     d.u.i.k.m.s.ProofScriptEngine 199: 'instantiate hide var=jv with='v_x_0'' 
683172     DEBUG Test worker     d.u.i.k.m.s.ProofScriptEngine 200: 'rule impLeft' 
683172     DEBUG Test worker     d.u.i.k.m.s.ProofScriptEngine 201: 'tryclose branch' 
683247     DEBUG Test worker     d.u.i.k.m.s.ProofScriptEngine 202: 'rule seqNPermSwapNPerm formula='seqNPerm(seqSwap(s_0,jv_0,v_x_0))'' 
683248     DEBUG Test worker     d.u.i.k.m.s.ProofScriptEngine 203: 'instantiate hide var=iv with='jv_0'' 
683249     DEBUG Test worker     d.u.i.k.m.s.ProofScriptEngine 204: 'instantiate hide var=jv with='v_y_0'' 
683250     DEBUG Test worker     d.u.i.k.m.s.ProofScriptEngine 205: 'rule impLeft' 
683251     DEBUG Test worker     d.u.i.k.m.s.ProofScriptEngine 206: 'tryclose branch' 
683330     DEBUG Test worker     d.u.i.k.m.s.ProofScriptEngine 207: 'tryclose branch' 
683334     DEBUG Test worker     d.u.i.k.m.s.ProofScriptEngine 208: 'rule allRight' 
683335     DEBUG Test worker     d.u.i.k.m.s.ProofScriptEngine 209: 'rule impRight' 
683336     DEBUG Test worker     d.u.i.k.m.s.ProofScriptEngine 210: 'rule andLeft' 
683336     DEBUG Test worker     d.u.i.k.m.s.ProofScriptEngine 211: 'instantiate var=iv with='v_iv_0'' 
683337     DEBUG Test worker     d.u.i.k.m.s.ProofScriptEngine 212: 'rule impLeft' 
683337     DEBUG Test worker     d.u.i.k.m.s.ProofScriptEngine 213: 'tryclose branch' 
683423     DEBUG Test worker     d.u.i.k.m.s.ProofScriptEngine 214: 'rule getOfSwap' 
683424     DEBUG Test worker     d.u.i.k.m.s.ProofScriptEngine 215: 'rule ifthenelse_negated' 
683425     DEBUG Test worker     d.u.i.k.m.s.ProofScriptEngine 216: 'rule ifthenelse_split occ=0' 
683426     DEBUG Test worker     d.u.i.k.m.s.ProofScriptEngine 217: 'rule andLeft' 
683427     DEBUG Test worker     d.u.i.k.m.s.ProofScriptEngine 218: 'rule andLeft' 
683427     DEBUG Test worker     d.u.i.k.m.s.ProofScriptEngine 219: 'rule andLeft' 
683428     DEBUG Test worker     d.u.i.k.m.s.ProofScriptEngine 220: 'rule ifthenelse_split occ=0' 
683429     DEBUG Test worker     d.u.i.k.m.s.ProofScriptEngine 221: 'rule getOfSwap' 
683430     DEBUG Test worker     d.u.i.k.m.s.ProofScriptEngine 222: 'rule ifthenelse_negated' 
683430     DEBUG Test worker     d.u.i.k.m.s.ProofScriptEngine 223: 'rule ifthenelse_split occ=0' 
683431     DEBUG Test worker     d.u.i.k.m.s.ProofScriptEngine 224: 'rule andLeft' 
683432     DEBUG Test worker     d.u.i.k.m.s.ProofScriptEngine 225: 'rule andLeft' 
683432     DEBUG Test worker     d.u.i.k.m.s.ProofScriptEngine 226: 'rule andLeft' 
683433     DEBUG Test worker     d.u.i.k.m.s.ProofScriptEngine 227: 'rule ifthenelse_split occ=0' 
683434     DEBUG Test worker     d.u.i.k.m.s.ProofScriptEngine 228: 'tryclose branch' 
683515     DEBUG Test worker     d.u.i.k.m.s.ProofScriptEngine 229: 'rule ifthenelse_split occ=0' 
683516     DEBUG Test worker     d.u.i.k.m.s.ProofScriptEngine 230: 'tryclose branch' 
683523     DEBUG Test worker     d.u.i.k.m.s.ProofScriptEngine 231: 'tryclose branch' 
683591     DEBUG Test worker     d.u.i.k.m.s.ProofScriptEngine 232: 'tryclose branch' 
683661     DEBUG Test worker     d.u.i.k.m.s.ProofScriptEngine 233: 'rule ifthenelse_split' 
683662     DEBUG Test worker     d.u.i.k.m.s.ProofScriptEngine 234: 'rule getOfSwap' 
683662     DEBUG Test worker     d.u.i.k.m.s.ProofScriptEngine 235: 'rule ifthenelse_negated' 
683663     DEBUG Test worker     d.u.i.k.m.s.ProofScriptEngine 236: 'rule ifthenelse_split occ=0' 
683664     DEBUG Test worker     d.u.i.k.m.s.ProofScriptEngine 237: 'rule andLeft' 
683664     DEBUG Test worker     d.u.i.k.m.s.ProofScriptEngine 238: 'rule andLeft' 
683665     DEBUG Test worker     d.u.i.k.m.s.ProofScriptEngine 239: 'rule andLeft' 
683665     DEBUG Test worker     d.u.i.k.m.s.ProofScriptEngine 240: 'rule ifthenelse_split occ=0' 
683666     DEBUG Test worker     d.u.i.k.m.s.ProofScriptEngine 241: 'tryclose branch' 
683669     WARN  Test worker     d.u.i.k.p.i.ApplyStrategy doWork exception java.lang.AssertionError: Formula Term top level of equals(any::seqGet(f_s,v_iv_0),any::seqGet(f_t,if-then-else(equals(jv_0,jv_0),int::seqGet(s_0,v_x_0),if-then-else(equals(jv_0,v_x_0),int::seqGet(s_0,jv_0),int::seqGet(s_0,jv_0))))) does not exist
	at de.uka.ilkd.key.strategy.BuiltInRuleAppContainer.&lt;init&gt;(BuiltInRuleAppContainer.java:42)

683670     DEBUG Test worker     d.u.i.k.m.s.ProofScriptEngine 242: 'tryclose branch' 
683670     WARN  Test worker     d.u.i.k.p.i.ApplyStrategy doWork exception java.lang.AssertionError: Formula Term top level of equals(any::seqGet(f_s,v_iv_0),any::seqGet(f_t,if-then-else(equals(jv_0,jv_0),int::seqGet(s_0,v_x_0),if-then-else(equals(jv_0,v_x_0),int::seqGet(s_0,jv_0),int::seqGet(s_0,jv_0))))) does not exist
	at de.uka.ilkd.key.strategy.BuiltInRuleAppContainer.&lt;init&gt;(BuiltInRuleAppContainer.java:42)

683670     DEBUG Test worker     d.u.i.k.m.s.ProofScriptEngine 243: 'tryclose branch' 
683670     WARN  Test worker     d.u.i.k.p.i.ApplyStrategy doWork exception java.lang.AssertionError: Formula Term top level of equals(any::seqGet(f_s,v_iv_0),any::seqGet(f_t,if-then-else(equals(jv_0,jv_0),int::seqGet(s_0,v_x_0),if-then-else(equals(jv_0,v_x_0),int::seqGet(s_0,jv_0),int::seqGet(s_0,jv_0))))) does not exist
	at de.uka.ilkd.key.strategy.BuiltInRuleAppContainer.&lt;init&gt;(BuiltInRuleAppContainer.java:42)

683671     DEBUG Test worker     d.u.i.k.m.s.ProofScriptEngine 244: 'rule getOfSwap' 
683671     DEBUG Test worker     d.u.i.k.m.s.ProofScriptEngine GOALS: 8 
683672     DEBUG Test worker     d.u.i.k.m.s.ProofScriptEngine [equals(any::seqGet(f_s,v_x_0),any::seqGet(f_t,v_x_0)),equals(any::seqGet(f_s,v_y_0),any::seqGet(f_t,v_y_0)),leq(Z(0(#)),v_x_0),lt(v_x_0,seqLen(f_s)),leq(Z(0(#)),v_y_0),lt(v_y_0,seqLen(f_s)),equals(seqLen(f_s),seqLen(f_t)),equals(seqLen(s_0),seqLen(f_s)),leq(Z(0(#)),int::seqGet(s_0,v_x_0)),lt(int::seqGet(s_0,v_x_0),seqLen(s_0)),equals(int::instance(any::seqGet(s_0,v_x_0)),TRUE),leq(Z(0(#)),int::seqGet(s_0,v_y_0)),lt(int::seqGet(s_0,v_y_0),seqLen(s_0)),equals(int::instance(any::seqGet(s_0,v_y_0)),TRUE),leq(Z(0(#)),int::seqGet(s_0,jv_0)),lt(int::seqGet(s_0,jv_0),seqLen(s_0)),equals(int::instance(any::seqGet(s_0,jv_0)),TRUE),leq(Z(0(#)),int::seqGet(s_0,jv_1)),lt(int::seqGet(s_0,jv_1),seqLen(s_0)),equals(int::instance(any::seqGet(s_0,jv_1)),TRUE),leq(Z(0(#)),jv_0),lt(jv_0,seqLen(s_0)),equals(int::cast(any::seqGet(s_0,jv_0)),v_x_0),leq(Z(0(#)),jv_1),lt(jv_1,seqLen(s_0)),equals(int::cast(any::seqGet(s_0,jv_1)),v_y_0),seqNPerm(s_0),equals(any::seqGet(f_s,v_x_0),any::seqGet(f_t,int::seqGet(s_0,v_x_0))),equals(any::seqGet(f_s,v_y_0),any::seqGet(f_t,int::seqGet(s_0,v_y_0))),all{iv:int}(imp(and(leq(Z(0(#)),iv),lt(iv,seqLen(s_0))),equals(any::seqGet(f_s,iv),any::seqGet(f_t,int::seqGet(s_0,iv))))),seqPerm(f_s,f_t)]==&gt;[equals(int::cast(any::seqGet(s_0,v_x_0)),v_y_0),equals(int::cast(any::seqGet(s_0,v_y_0)),v_y_0),equals(int::cast(any::seqGet(s_0,v_x_0)),v_x_0),equals(int::cast(any::seqGet(s_0,v_x_0)),int::cast(any::seqGet(s_0,v_y_0))),equals(v_x_0,v_y_0),exists{v_r:Seq}(and(and(and(and(equals(seqLen(v_r),seqLen(f_s)),seqNPerm(v_r)),all{v_iv:int}(imp(and(leq(Z(0(#)),v_iv),lt(v_iv,seqLen(f_s))),equals(any::seqGet(f_s,v_iv),any::seqGet(f_t,int::seqGet(v_r,v_iv)))))),equals(int::seqGet(v_r,v_x_0),v_x_0)),equals(int::seqGet(v_r,v_y_0),v_y_0)))] 
683672     DEBUG Test worker     d.u.i.k.m.s.ProofScriptEngine [equals(int::cast(any::seqGet(s_0,v_x_0)),v_y_0),equals(any::seqGet(f_s,v_x_0),any::seqGet(f_t,v_x_0)),equals(any::seqGet(f_s,v_y_0),any::seqGet(f_t,v_y_0)),leq(Z(0(#)),v_x_0),lt(v_x_0,seqLen(f_s)),leq(Z(0(#)),v_y_0),lt(v_y_0,seqLen(f_s)),equals(seqLen(f_s),seqLen(f_t)),equals(seqLen(s_0),seqLen(f_s)),leq(Z(0(#)),int::seqGet(s_0,v_x_0)),lt(int::seqGet(s_0,v_x_0),seqLen(s_0)),equals(int::instance(any::seqGet(s_0,v_x_0)),TRUE),leq(Z(0(#)),int::seqGet(s_0,v_y_0)),lt(int::seqGet(s_0,v_y_0),seqLen(s_0)),equals(int::instance(any::seqGet(s_0,v_y_0)),TRUE),leq(Z(0(#)),int::seqGet(s_0,jv_0)),lt(int::seqGet(s_0,jv_0),seqLen(s_0)),equals(int::instance(any::seqGet(s_0,jv_0)),TRUE),leq(Z(0(#)),int::seqGet(s_0,jv_1)),lt(int::seqGet(s_0,jv_1),seqLen(s_0)),equals(int::instance(any::seqGet(s_0,jv_1)),TRUE),leq(Z(0(#)),jv_0),lt(jv_0,seqLen(s_0)),equals(int::cast(any::seqGet(s_0,jv_0)),v_x_0),leq(Z(0(#)),jv_1),lt(jv_1,seqLen(s_0)),equals(int::cast(any::seqGet(s_0,jv_1)),v_y_0),seqNPerm(s_0),equals(any::seqGet(f_s,v_x_0),any::seqGet(f_t,int::seqGet(s_0,v_x_0))),equals(any::seqGet(f_s,v_y_0),any::seqGet(f_t,int::seqGet(s_0,v_y_0))),all{iv:int}(imp(and(leq(Z(0(#)),iv),lt(iv,seqLen(s_0))),equals(any::seqGet(f_s,iv),any::seqGet(f_t,int::seqGet(s_0,iv))))),seqPerm(f_s,f_t)]==&gt;[equals(int::cast(any::seqGet(s_0,v_y_0)),v_y_0),equals(int::cast(any::seqGet(s_0,v_x_0)),v_x_0),equals(int::cast(any::seqGet(s_0,v_x_0)),int::cast(any::seqGet(s_0,v_y_0))),equals(v_x_0,v_y_0),equals(int::seqGet(seqSwap(seqSwap(s_0,jv_0,v_x_0),jv_0,v_y_0),v_y_0),v_y_0)] 
683673     DEBUG Test worker     d.u.i.k.m.s.ProofScriptEngine [equals(int::cast(any::seqGet(s_0,v_x_0)),v_y_0),equals(any::seqGet(f_s,v_x_0),any::seqGet(f_t,v_x_0)),equals(any::seqGet(f_s,v_y_0),any::seqGet(f_t,v_y_0)),leq(Z(0(#)),v_x_0),lt(v_x_0,seqLen(f_s)),leq(Z(0(#)),v_y_0),lt(v_y_0,seqLen(f_s)),equals(seqLen(f_s),seqLen(f_t)),equals(seqLen(s_0),seqLen(f_s)),leq(Z(0(#)),int::seqGet(s_0,v_x_0)),lt(int::seqGet(s_0,v_x_0),seqLen(s_0)),equals(int::instance(any::seqGet(s_0,v_x_0)),TRUE),leq(Z(0(#)),int::seqGet(s_0,v_y_0)),lt(int::seqGet(s_0,v_y_0),seqLen(s_0)),equals(int::instance(any::seqGet(s_0,v_y_0)),TRUE),leq(Z(0(#)),int::seqGet(s_0,jv_0)),lt(int::seqGet(s_0,jv_0),seqLen(s_0)),equals(int::instance(any::seqGet(s_0,jv_0)),TRUE),leq(Z(0(#)),int::seqGet(s_0,jv_1)),lt(int::seqGet(s_0,jv_1),seqLen(s_0)),equals(int::instance(any::seqGet(s_0,jv_1)),TRUE),leq(Z(0(#)),jv_0),lt(jv_0,seqLen(s_0)),equals(int::cast(any::seqGet(s_0,jv_0)),v_x_0),leq(Z(0(#)),jv_1),lt(jv_1,seqLen(s_0)),equals(int::cast(any::seqGet(s_0,jv_1)),v_y_0),seqNPerm(s_0),equals(any::seqGet(f_s,v_x_0),any::seqGet(f_t,int::seqGet(s_0,v_x_0))),equals(any::seqGet(f_s,v_y_0),any::seqGet(f_t,int::seqGet(s_0,v_y_0))),all{iv:int}(imp(and(leq(Z(0(#)),iv),lt(iv,seqLen(s_0))),equals(any::seqGet(f_s,iv),any::seqGet(f_t,int::seqGet(s_0,iv))))),seqPerm(f_s,f_t)]==&gt;[equals(int::cast(any::seqGet(s_0,v_y_0)),v_y_0),equals(int::cast(any::seqGet(s_0,v_x_0)),v_x_0),equals(int::cast(any::seqGet(s_0,v_x_0)),int::cast(any::seqGet(s_0,v_y_0))),equals(v_x_0,v_y_0),equals(int::seqGet(seqSwap(seqSwap(s_0,jv_0,v_x_0),jv_0,v_y_0),v_x_0),v_x_0)] 
683673     DEBUG Test worker     d.u.i.k.m.s.ProofScriptEngine [leq(Z(0(#)),v_iv_0),lt(v_iv_0,seqLen(f_s)),equals(int::cast(any::seqGet(s_0,v_x_0)),v_y_0),equals(any::seqGet(f_s,v_x_0),any::seqGet(f_t,v_x_0)),equals(any::seqGet(f_s,v_y_0),any::seqGet(f_t,v_y_0)),leq(Z(0(#)),v_x_0),lt(v_x_0,seqLen(f_s)),leq(Z(0(#)),v_y_0),lt(v_y_0,seqLen(f_s)),equals(seqLen(f_s),seqLen(f_t)),equals(seqLen(s_0),seqLen(f_s)),leq(Z(0(#)),int::seqGet(s_0,v_x_0)),lt(int::seqGet(s_0,v_x_0),seqLen(s_0)),equals(int::instance(any::seqGet(s_0,v_x_0)),TRUE),leq(Z(0(#)),int::seqGet(s_0,v_y_0)),lt(int::seqGet(s_0,v_y_0),seqLen(s_0)),equals(int::instance(any::seqGet(s_0,v_y_0)),TRUE),leq(Z(0(#)),int::seqGet(s_0,jv_0)),lt(int::seqGet(s_0,jv_0),seqLen(s_0)),equals(int::instance(any::seqGet(s_0,jv_0)),TRUE),leq(Z(0(#)),int::seqGet(s_0,jv_1)),lt(int::seqGet(s_0,jv_1),seqLen(s_0)),equals(int::instance(any::seqGet(s_0,jv_1)),TRUE),leq(Z(0(#)),jv_0),lt(jv_0,seqLen(s_0)),equals(int::cast(any::seqGet(s_0,jv_0)),v_x_0),leq(Z(0(#)),jv_1),lt(jv_1,seqLen(s_0)),equals(int::cast(any::seqGet(s_0,jv_1)),v_y_0),seqNPerm(s_0),equals(any::seqGet(f_s,v_x_0),any::seqGet(f_t,int::seqGet(s_0,v_x_0))),equals(any::seqGet(f_s,v_y_0),any::seqGet(f_t,int::seqGet(s_0,v_y_0))),equals(any::seqGet(f_s,v_iv_0),any::seqGet(f_t,int::seqGet(s_0,v_iv_0))),all{iv:int}(imp(and(leq(Z(0(#)),iv),lt(iv,seqLen(s_0))),equals(any::seqGet(f_s,iv),any::seqGet(f_t,int::seqGet(s_0,iv))))),seqPerm(f_s,f_t)]==&gt;[equals(int::cast(any::seqGet(s_0,v_y_0)),v_y_0),equals(int::cast(any::seqGet(s_0,v_x_0)),v_x_0),equals(int::cast(any::seqGet(s_0,v_x_0)),int::cast(any::seqGet(s_0,v_y_0))),equals(v_x_0,v_y_0),and(and(and(leq(Z(0(#)),jv_0),leq(Z(0(#)),v_y_0)),lt(jv_0,seqLen(seqSwap(s_0,jv_0,v_x_0)))),lt(v_y_0,seqLen(seqSwap(s_0,jv_0,v_x_0)))),equals(any::seqGet(f_s,v_iv_0),any::seqGet(f_t,int::seqGet(seqSwap(s_0,jv_0,v_x_0),v_iv_0)))] 
683673     DEBUG Test worker     d.u.i.k.m.s.ProofScriptEngine [lt(jv_0,seqLen(seqSwap(s_0,jv_0,v_x_0))),lt(v_y_0,seqLen(seqSwap(s_0,jv_0,v_x_0))),leq(Z(0(#)),v_iv_0),lt(v_iv_0,seqLen(f_s)),equals(int::cast(any::seqGet(s_0,v_x_0)),v_y_0),equals(any::seqGet(f_s,v_x_0),any::seqGet(f_t,v_x_0)),equals(any::seqGet(f_s,v_y_0),any::seqGet(f_t,v_y_0)),leq(Z(0(#)),v_x_0),lt(v_x_0,seqLen(f_s)),leq(Z(0(#)),v_y_0),lt(v_y_0,seqLen(f_s)),equals(seqLen(f_s),seqLen(f_t)),equals(seqLen(s_0),seqLen(f_s)),leq(Z(0(#)),int::seqGet(s_0,v_x_0)),lt(int::seqGet(s_0,v_x_0),seqLen(s_0)),equals(int::instance(any::seqGet(s_0,v_x_0)),TRUE),leq(Z(0(#)),int::seqGet(s_0,v_y_0)),lt(int::seqGet(s_0,v_y_0),seqLen(s_0)),equals(int::instance(any::seqGet(s_0,v_y_0)),TRUE),leq(Z(0(#)),int::seqGet(s_0,jv_0)),lt(int::seqGet(s_0,jv_0),seqLen(s_0)),equals(int::instance(any::seqGet(s_0,jv_0)),TRUE),leq(Z(0(#)),int::seqGet(s_0,jv_1)),lt(int::seqGet(s_0,jv_1),seqLen(s_0)),equals(int::instance(any::seqGet(s_0,jv_1)),TRUE),leq(Z(0(#)),jv_0),lt(jv_0,seqLen(s_0)),equals(int::cast(any::seqGet(s_0,jv_0)),v_x_0),leq(Z(0(#)),jv_1),lt(jv_1,seqLen(s_0)),equals(int::cast(any::seqGet(s_0,jv_1)),v_y_0),seqNPerm(s_0),equals(any::seqGet(f_s,v_x_0),any::seqGet(f_t,int::seqGet(s_0,v_x_0))),equals(any::seqGet(f_s,v_y_0),any::seqGet(f_t,int::seqGet(s_0,v_y_0))),equals(any::seqGet(f_s,v_iv_0),any::seqGet(f_t,int::seqGet(s_0,v_iv_0))),all{iv:int}(imp(and(leq(Z(0(#)),iv),lt(iv,seqLen(s_0))),equals(any::seqGet(f_s,iv),any::seqGet(f_t,int::seqGet(s_0,iv))))),seqPerm(f_s,f_t)]==&gt;[equals(int::cast(any::seqGet(s_0,v_y_0)),v_y_0),equals(int::cast(any::seqGet(s_0,v_x_0)),v_x_0),equals(int::cast(any::seqGet(s_0,v_x_0)),int::cast(any::seqGet(s_0,v_y_0))),equals(v_x_0,v_y_0),equals(v_iv_0,jv_0),equals(v_iv_0,v_y_0),equals(any::seqGet(f_s,v_iv_0),any::seqGet(f_t,int::seqGet(seqSwap(s_0,jv_0,v_x_0),v_iv_0)))] 
683673     DEBUG Test worker     d.u.i.k.m.s.ProofScriptEngine [equals(v_iv_0,v_y_0),lt(jv_0,seqLen(seqSwap(s_0,jv_0,v_x_0))),lt(v_y_0,seqLen(seqSwap(s_0,jv_0,v_x_0))),leq(Z(0(#)),v_iv_0),lt(v_iv_0,seqLen(f_s)),equals(int::cast(any::seqGet(s_0,v_x_0)),v_y_0),equals(any::seqGet(f_s,v_x_0),any::seqGet(f_t,v_x_0)),equals(any::seqGet(f_s,v_y_0),any::seqGet(f_t,v_y_0)),leq(Z(0(#)),v_x_0),lt(v_x_0,seqLen(f_s)),leq(Z(0(#)),v_y_0),lt(v_y_0,seqLen(f_s)),equals(seqLen(f_s),seqLen(f_t)),equals(seqLen(s_0),seqLen(f_s)),leq(Z(0(#)),int::seqGet(s_0,v_x_0)),lt(int::seqGet(s_0,v_x_0),seqLen(s_0)),equals(int::instance(any::seqGet(s_0,v_x_0)),TRUE),leq(Z(0(#)),int::seqGet(s_0,v_y_0)),lt(int::seqGet(s_0,v_y_0),seqLen(s_0)),equals(int::instance(any::seqGet(s_0,v_y_0)),TRUE),leq(Z(0(#)),int::seqGet(s_0,jv_0)),lt(int::seqGet(s_0,jv_0),seqLen(s_0)),equals(int::instance(any::seqGet(s_0,jv_0)),TRUE),leq(Z(0(#)),int::seqGet(s_0,jv_1)),lt(int::seqGet(s_0,jv_1),seqLen(s_0)),equals(int::instance(any::seqGet(s_0,jv_1)),TRUE),leq(Z(0(#)),jv_0),lt(jv_0,seqLen(s_0)),equals(int::cast(any::seqGet(s_0,jv_0)),v_x_0),leq(Z(0(#)),jv_1),lt(jv_1,seqLen(s_0)),equals(int::cast(any::seqGet(s_0,jv_1)),v_y_0),seqNPerm(s_0),equals(any::seqGet(f_s,v_x_0),any::seqGet(f_t,int::seqGet(s_0,v_x_0))),equals(any::seqGet(f_s,v_y_0),any::seqGet(f_t,int::seqGet(s_0,v_y_0))),equals(any::seqGet(f_s,v_iv_0),any::seqGet(f_t,int::seqGet(s_0,v_iv_0))),all{iv:int}(imp(and(leq(Z(0(#)),iv),lt(iv,seqLen(s_0))),equals(any::seqGet(f_s,iv),any::seqGet(f_t,int::seqGet(s_0,iv))))),seqPerm(f_s,f_t)]==&gt;[equals(int::cast(any::seqGet(s_0,v_y_0)),v_y_0),equals(int::cast(any::seqGet(s_0,v_x_0)),v_x_0),equals(int::cast(any::seqGet(s_0,v_x_0)),int::cast(any::seqGet(s_0,v_y_0))),equals(v_x_0,v_y_0),equals(v_iv_0,jv_0),and(and(and(leq(Z(0(#)),jv_0),leq(Z(0(#)),v_x_0)),lt(jv_0,seqLen(s_0))),lt(v_x_0,seqLen(s_0))),equals(any::seqGet(f_s,v_iv_0),any::seqGet(f_t,int::seqGet(s_0,jv_0)))] 
683673     DEBUG Test worker     d.u.i.k.m.s.ProofScriptEngine [equals(jv_0,jv_0),lt(v_x_0,seqLen(s_0)),equals(v_iv_0,v_y_0),lt(jv_0,seqLen(seqSwap(s_0,jv_0,v_x_0))),lt(v_y_0,seqLen(seqSwap(s_0,jv_0,v_x_0))),leq(Z(0(#)),v_iv_0),lt(v_iv_0,seqLen(f_s)),equals(int::cast(any::seqGet(s_0,v_x_0)),v_y_0),equals(any::seqGet(f_s,v_x_0),any::seqGet(f_t,v_x_0)),equals(any::seqGet(f_s,v_y_0),any::seqGet(f_t,v_y_0)),leq(Z(0(#)),v_x_0),lt(v_x_0,seqLen(f_s)),leq(Z(0(#)),v_y_0),lt(v_y_0,seqLen(f_s)),equals(seqLen(f_s),seqLen(f_t)),equals(seqLen(s_0),seqLen(f_s)),leq(Z(0(#)),int::seqGet(s_0,v_x_0)),lt(int::seqGet(s_0,v_x_0),seqLen(s_0)),equals(int::instance(any::seqGet(s_0,v_x_0)),TRUE),leq(Z(0(#)),int::seqGet(s_0,v_y_0)),lt(int::seqGet(s_0,v_y_0),seqLen(s_0)),equals(int::instance(any::seqGet(s_0,v_y_0)),TRUE),leq(Z(0(#)),int::seqGet(s_0,jv_0)),lt(int::seqGet(s_0,jv_0),seqLen(s_0)),equals(int::instance(any::seqGet(s_0,jv_0)),TRUE),leq(Z(0(#)),int::seqGet(s_0,jv_1)),lt(int::seqGet(s_0,jv_1),seqLen(s_0)),equals(int::instance(any::seqGet(s_0,jv_1)),TRUE),leq(Z(0(#)),jv_0),lt(jv_0,seqLen(s_0)),equals(int::cast(any::seqGet(s_0,jv_0)),v_x_0),leq(Z(0(#)),jv_1),lt(jv_1,seqLen(s_0)),equals(int::cast(any::seqGet(s_0,jv_1)),v_y_0),seqNPerm(s_0),equals(any::seqGet(f_s,v_x_0),any::seqGet(f_t,int::seqGet(s_0,v_x_0))),equals(any::seqGet(f_s,v_y_0),any::seqGet(f_t,int::seqGet(s_0,v_y_0))),equals(any::seqGet(f_s,v_iv_0),any::seqGet(f_t,int::seqGet(s_0,v_iv_0))),all{iv:int}(imp(and(leq(Z(0(#)),iv),lt(iv,seqLen(s_0))),equals(any::seqGet(f_s,iv),any::seqGet(f_t,int::seqGet(s_0,iv))))),seqPerm(f_s,f_t)]==&gt;[equals(int::cast(any::seqGet(s_0,v_y_0)),v_y_0),equals(int::cast(any::seqGet(s_0,v_x_0)),v_x_0),equals(int::cast(any::seqGet(s_0,v_x_0)),int::cast(any::seqGet(s_0,v_y_0))),equals(v_x_0,v_y_0),equals(v_iv_0,jv_0),equals(any::seqGet(f_s,v_iv_0),any::seqGet(f_t,int::seqGet(s_0,v_x_0)))] 
683674     DEBUG Test worker     d.u.i.k.m.s.ProofScriptEngine [lt(v_x_0,seqLen(s_0)),equals(v_iv_0,v_y_0),lt(jv_0,seqLen(seqSwap(s_0,jv_0,v_x_0))),lt(v_y_0,seqLen(seqSwap(s_0,jv_0,v_x_0))),leq(Z(0(#)),v_iv_0),lt(v_iv_0,seqLen(f_s)),equals(int::cast(any::seqGet(s_0,v_x_0)),v_y_0),equals(any::seqGet(f_s,v_x_0),any::seqGet(f_t,v_x_0)),equals(any::seqGet(f_s,v_y_0),any::seqGet(f_t,v_y_0)),leq(Z(0(#)),v_x_0),lt(v_x_0,seqLen(f_s)),leq(Z(0(#)),v_y_0),lt(v_y_0,seqLen(f_s)),equals(seqLen(f_s),seqLen(f_t)),equals(seqLen(s_0),seqLen(f_s)),leq(Z(0(#)),int::seqGet(s_0,v_x_0)),lt(int::seqGet(s_0,v_x_0),seqLen(s_0)),equals(int::instance(any::seqGet(s_0,v_x_0)),TRUE),leq(Z(0(#)),int::seqGet(s_0,v_y_0)),lt(int::seqGet(s_0,v_y_0),seqLen(s_0)),equals(int::instance(any::seqGet(s_0,v_y_0)),TRUE),leq(Z(0(#)),int::seqGet(s_0,jv_0)),lt(int::seqGet(s_0,jv_0),seqLen(s_0)),equals(int::instance(any::seqGet(s_0,jv_0)),TRUE),leq(Z(0(#)),int::seqGet(s_0,jv_1)),lt(int::seqGet(s_0,jv_1),seqLen(s_0)),equals(int::instance(any::seqGet(s_0,jv_1)),TRUE),leq(Z(0(#)),jv_0),lt(jv_0,seqLen(s_0)),equals(int::cast(any::seqGet(s_0,jv_0)),v_x_0),leq(Z(0(#)),jv_1),lt(jv_1,seqLen(s_0)),equals(int::cast(any::seqGet(s_0,jv_1)),v_y_0),seqNPerm(s_0),equals(any::seqGet(f_s,v_x_0),any::seqGet(f_t,int::seqGet(s_0,v_x_0))),equals(any::seqGet(f_s,v_y_0),any::seqGet(f_t,int::seqGet(s_0,v_y_0))),equals(any::seqGet(f_s,v_iv_0),any::seqGet(f_t,int::seqGet(s_0,v_iv_0))),all{iv:int}(imp(and(leq(Z(0(#)),iv),lt(iv,seqLen(s_0))),equals(any::seqGet(f_s,iv),any::seqGet(f_t,int::seqGet(s_0,iv))))),seqPerm(f_s,f_t)]==&gt;[equals(int::cast(any::seqGet(s_0,v_y_0)),v_y_0),equals(int::cast(any::seqGet(s_0,v_x_0)),v_x_0),equals(int::cast(any::seqGet(s_0,v_x_0)),int::cast(any::seqGet(s_0,v_y_0))),equals(v_x_0,v_y_0),equals(v_iv_0,jv_0),equals(jv_0,jv_0),equals(any::seqGet(f_s,v_iv_0),any::seqGet(f_t,if-then-else(equals(jv_0,v_x_0),int::seqGet(s_0,jv_0),int::seqGet(s_0,jv_0))))] 
683677     INFO  Test worker     d.u.i.k.p.i.AbstractProblemLoader Loading environment from tacletProofs/seqPerm2/Taclet_schiffl_thm_1.proof 
683677     DEBUG Test worker     d.u.i.k.p.i.AbstractProblemLoader Environment load took 59.2ns 
683678     INFO  Test worker     d.u.i.k.p.i.AbstractProblemLoader Creating init config 
686438     DEBUG Test worker     d.u.i.k.p.i.AbstractProblemLoader Init config took 2.76s 
686438     INFO  Test worker     d.u.i.k.t.l.TacletProofObligationInput Proof obligation for taclet: schiffl_thm_1 
687317     INFO  Test worker     d.u.i.k.p.i.AbstractProblemLoader Replaying proof Taclet: schiffl_thm_1 
687319     DEBUG Test worker     d.u.i.k.p.i.IntermediateProofReplayer Proof replay took 6.8ns 
687319     DEBUG Test worker     d.u.i.k.m.s.ProofScriptEngine 1: 'macro split-prop' 
687335     DEBUG Test worker     d.u.i.k.m.s.ProofScriptEngine 2: 'rule schiffl_lemma_2 formula='seqPerm(f_s,f_t)'' 
687344     DEBUG Test worker     d.u.i.k.m.s.ProofScriptEngine 3: 'instantiate hide var=x with='f_x'' 
687346     DEBUG Test worker     d.u.i.k.m.s.ProofScriptEngine 4: 'instantiate hide var=y with='f_y'' 
687348     DEBUG Test worker     d.u.i.k.m.s.ProofScriptEngine 5: 'rule impLeft' 
687350     DEBUG Test worker     d.u.i.k.m.s.ProofScriptEngine 6: 'tryclose branch' 
687355     DEBUG Test worker     d.u.i.k.m.s.ProofScriptEngine 7: 'rule exLeft' 
687356     DEBUG Test worker     d.u.i.k.m.s.ProofScriptEngine 8: 'macro split-prop' 
687359     DEBUG Test worker     d.u.i.k.m.s.ProofScriptEngine 9: 'rule seqPermDef occ=1' 
687360     DEBUG Test worker     d.u.i.k.m.s.ProofScriptEngine 10: 'rule andRight' 
687362     DEBUG Test worker     d.u.i.k.m.s.ProofScriptEngine 11: 'tryclose branch' 
687371     DEBUG Test worker     d.u.i.k.m.s.ProofScriptEngine 12: 'instantiate hide var=s with='r_0'' 
687371     DEBUG Test worker     d.u.i.k.m.s.ProofScriptEngine 13: 'rule andRight' 
687373     DEBUG Test worker     d.u.i.k.m.s.ProofScriptEngine 14: 'tryclose branch' 
687420     DEBUG Test worker     d.u.i.k.m.s.ProofScriptEngine 15: 'rule allRight' 
687421     DEBUG Test worker     d.u.i.k.m.s.ProofScriptEngine 16: 'rule impRight' 
687422     DEBUG Test worker     d.u.i.k.m.s.ProofScriptEngine 17: 'instantiate hide var=iv with='iv_0'' 
687422     DEBUG Test worker     d.u.i.k.m.s.ProofScriptEngine 18: 'rule impLeft' 
687423     DEBUG Test worker     d.u.i.k.m.s.ProofScriptEngine 19: 'tryclose branch' 
687482     DEBUG Test worker     d.u.i.k.m.s.ProofScriptEngine 20: 'rule andLeft' 
687483     DEBUG Test worker     d.u.i.k.m.s.ProofScriptEngine 21: 'rule seqNPermRange' 
687484     DEBUG Test worker     d.u.i.k.m.s.ProofScriptEngine 22: 'instantiate hide var=iv with='iv_0'' 
687485     DEBUG Test worker     d.u.i.k.m.s.ProofScriptEngine 23: 'rule impLeft' 
687485     DEBUG Test worker     d.u.i.k.m.s.ProofScriptEngine 24: 'tryclose branch' 
687489     DEBUG Test worker     d.u.i.k.m.s.ProofScriptEngine 25: 'rule andLeft' 
687489     DEBUG Test worker     d.u.i.k.m.s.ProofScriptEngine 26: 'rule andLeft' 
687490     DEBUG Test worker     d.u.i.k.m.s.ProofScriptEngine 27: 'rule seqNPermRange' 
687490     DEBUG Test worker     d.u.i.k.m.s.ProofScriptEngine 28: 'instantiate hide var=iv with='f_x'' 
687491     DEBUG Test worker     d.u.i.k.m.s.ProofScriptEngine 29: 'rule impLeft' 
687492     DEBUG Test worker     d.u.i.k.m.s.ProofScriptEngine 30: 'tryclose branch' 
687570     DEBUG Test worker     d.u.i.k.m.s.ProofScriptEngine 31: 'rule andLeft' 
687571     DEBUG Test worker     d.u.i.k.m.s.ProofScriptEngine 32: 'rule andLeft' 
687572     DEBUG Test worker     d.u.i.k.m.s.ProofScriptEngine 33: 'rule seqNPermRange' 
687572     DEBUG Test worker     d.u.i.k.m.s.ProofScriptEngine 34: 'instantiate hide var=iv with='f_y'' 
687573     DEBUG Test worker     d.u.i.k.m.s.ProofScriptEngine 35: 'rule impLeft' 
687574     DEBUG Test worker     d.u.i.k.m.s.ProofScriptEngine 36: 'tryclose branch' 
687651     DEBUG Test worker     d.u.i.k.m.s.ProofScriptEngine 37: 'rule andLeft' 
687652     DEBUG Test worker     d.u.i.k.m.s.ProofScriptEngine 38: 'rule andLeft' 
687653     DEBUG Test worker     d.u.i.k.m.s.ProofScriptEngine 39: 'rule getOfSeqDef occ=0' 
687653     DEBUG Test worker     d.u.i.k.m.s.ProofScriptEngine 40: 'rule getOfSeqDef' 
687654     DEBUG Test worker     d.u.i.k.m.s.ProofScriptEngine 41: 'rule ifthenelse_split occ=0' 
687655     DEBUG Test worker     d.u.i.k.m.s.ProofScriptEngine 42: 'rule andLeft occ=0' 
687655     DEBUG Test worker     d.u.i.k.m.s.ProofScriptEngine 43: 'rule sub_zero_2 occ=0' 
687656     DEBUG Test worker     d.u.i.k.m.s.ProofScriptEngine 44: 'rule ifthenelse_split occ=2' 
687657     DEBUG Test worker     d.u.i.k.m.s.ProofScriptEngine 45: 'rule andLeft' 
687657     DEBUG Test worker     d.u.i.k.m.s.ProofScriptEngine 46: 'rule sub_zero_2 occ=0' 
687658     DEBUG Test worker     d.u.i.k.m.s.ProofScriptEngine 47: 'rule add_zero_right occ=0' 
687658     DEBUG Test worker     d.u.i.k.m.s.ProofScriptEngine 48: 'rule add_zero_right occ=0' 
687659     DEBUG Test worker     d.u.i.k.m.s.ProofScriptEngine 49: 'rule add_zero_right occ=0' 
687659     DEBUG Test worker     d.u.i.k.m.s.ProofScriptEngine 50: 'rule add_zero_right occ=0' 
687660     DEBUG Test worker     d.u.i.k.m.s.ProofScriptEngine 51: 'rule add_zero_right occ=0' 
687660     DEBUG Test worker     d.u.i.k.m.s.ProofScriptEngine 52: 'rule add_zero_right occ=0' 
687661     DEBUG Test worker     d.u.i.k.m.s.ProofScriptEngine 53: 'rule ifthenelse_split occ=0' 
687661     DEBUG Test worker     d.u.i.k.m.s.ProofScriptEngine 54: 'rule ifthenelse_split occ=0' 
687662     DEBUG Test worker     d.u.i.k.m.s.ProofScriptEngine 55: 'tryclose branch' 
687665     DEBUG Test worker     d.u.i.k.m.s.ProofScriptEngine 56: 'tryclose branch' 
687705     DEBUG Test worker     d.u.i.k.m.s.ProofScriptEngine 57: 'rule ifthenelse_split occ=0' 
687706     DEBUG Test worker     d.u.i.k.m.s.ProofScriptEngine 58: 'tryclose branch' 
687753     DEBUG Test worker     d.u.i.k.m.s.ProofScriptEngine 59: 'rule ifthenelse_split occ=0' 
687754     DEBUG Test worker     d.u.i.k.m.s.ProofScriptEngine 60: 'rule seqNPermInjective' 
687755     DEBUG Test worker     d.u.i.k.m.s.ProofScriptEngine 61: 'instantiate hide var=iv with='iv_0'' 
687756     DEBUG Test worker     d.u.i.k.m.s.ProofScriptEngine 62: 'instantiate hide var=jv with='f_y'' 
687757     DEBUG Test worker     d.u.i.k.m.s.ProofScriptEngine 63: 'rule impLeft' 
687758     DEBUG Test worker     d.u.i.k.m.s.ProofScriptEngine 64: 'tryclose branch' 
687819     DEBUG Test worker     d.u.i.k.m.s.ProofScriptEngine 65: 'tryclose branch' 
687821     DEBUG Test worker     d.u.i.k.m.s.ProofScriptEngine 66: 'rule ifthenelse_split occ=0' 
687822     DEBUG Test worker     d.u.i.k.m.s.ProofScriptEngine 67: 'rule seqNPermInjective' 
687823     DEBUG Test worker     d.u.i.k.m.s.ProofScriptEngine 68: 'instantiate hide var=iv with='iv_0'' 
687824     DEBUG Test worker     d.u.i.k.m.s.ProofScriptEngine 69: 'instantiate hide var=jv with='f_x'' 
687825     DEBUG Test worker     d.u.i.k.m.s.ProofScriptEngine 70: 'rule impLeft' 
687826     DEBUG Test worker     d.u.i.k.m.s.ProofScriptEngine 71: 'tryclose branch' 
687869     DEBUG Test worker     d.u.i.k.m.s.ProofScriptEngine 72: 'tryclose branch' 
687872     DEBUG Test worker     d.u.i.k.m.s.ProofScriptEngine 73: 'tryclose branch' 
687875     DEBUG Test worker     d.u.i.k.m.s.ProofScriptEngine 74: 'tryclose branch' 
687930     DEBUG Test worker     d.u.i.k.m.s.ProofScriptEngine 75: 'tryclose branch' 
687987     INFO  Test worker     d.u.i.k.p.i.AbstractProblemLoader Loading environment from tacletProofs/seqRules/Taclet_eqSameSeq.proof 
687987     DEBUG Test worker     d.u.i.k.p.i.AbstractProblemLoader Environment load took 228.5ns 
687988     INFO  Test worker     d.u.i.k.p.i.AbstractProblemLoader Creating init config 
690667     DEBUG Test worker     d.u.i.k.p.i.AbstractProblemLoader Init config took 2.68s 
690668     INFO  Test worker     d.u.i.k.t.l.TacletProofObligationInput Proof obligation for taclet: eqSameSeq 
691567     INFO  Test worker     d.u.i.k.p.i.AbstractProblemLoader Replaying proof Taclet: eqSameSeq 
691583     DEBUG Test worker     d.u.i.k.p.i.IntermediateProofReplayer Proof replay took 12.66ms 
</pre>
</span>
</div>
</div>
<div id="footer">
<p>
<div>
<label class="hidden" id="label-for-line-wrapping-toggle" for="line-wrapping-toggle">Wrap lines
<input id="line-wrapping-toggle" type="checkbox" autocomplete="off"/>
</label>
</div>Generated by 
<a href="http://www.gradle.org">Gradle 8.0.2</a> at Apr 19, 2023, 10:01:37 AM</p>
</div>
</div>
</body>
</html>
