<testsuites> <testsuite name="runallproofs.MethodContracts" tests="22" id="0" disabled="0" errors="0" failures="0" time="0.000000"><testcase name="contract.IFMethodContract(contract.IFMethodContract__secure_recursion_2((I,int)).JML normal_behavior operation contract.0.key"  classname="runallproofs.MethodContracts.MethodContracts" time="0.000000"><system-out><![CDATA[375        INFO  Timeout watchdog d.u.i.k.p.r.p.ForkedTestFileRunner Timeout watcher launched (1000 secs.) 
407        WARN  main            d.u.i.k.s.ProofSettings   The settings in /home/runner/.key/proof-settings.props are *not* read. 
436        INFO  main            d.u.i.k.p.r.p.TestFile    Now processing file /home/runner/work/key/key/key.core/../key.ui/examples/InformationFlow/MethodContracts/contract.IFMethodContract(contract.IFMethodContract__secure_recursion_2((I,int)).JML normal_behavior operation contract.0.key 
544        INFO  main            d.u.i.k.p.i.AbstractProblemLoader Loading environment from /home/runner/work/key/key/key.core/../key.ui/examples/InformationFlow/MethodContracts/contract.IFMethodContract(contract.IFMethodContract__secure_recursion_2((I,int)).JML normal_behavior operation contract.0.key 
562        DEBUG main            d.u.i.k.p.i.AbstractProblemLoader Environment load took 2.23ms 
777        INFO  main            d.u.i.k.p.i.AbstractProblemLoader Creating init config 
1689       DEBUG main            d.u.i.k.j.TypeConverter   No LDT found for Meta 
1689       DEBUG main            d.u.i.k.j.TypeConverter   No LDT found for Meta 
1690       DEBUG main            d.u.i.k.j.TypeConverter   No LDT found for Meta 
1691       DEBUG main            d.u.i.k.j.TypeConverter   No LDT found for Meta 
2931       DEBUG main            d.u.i.k.j.TypeConverter   No LDT found for JavaBigintExpression 
8196       DEBUG main            d.u.i.k.p.i.AbstractProblemLoader Init config took 7.42s 
8325       INFO  main            d.u.i.k.p.i.AbstractProblemLoader Replaying proof contract.IFMethodContract[contract.IFMethodContract::secure_recursion_2([I,int)].JML normal_behavior operation contract.0 
8363       DEBUG main            d.u.i.k.p.i.IntermediateProofReplayer Proof replay took 306.9ns 
9299       INFO  main            d.u.i.k.p.r.p.TestFile    ... finished proof: closed. 

pass: Verifying property "provable" was successful for file: /home/runner/work/key/key/key.core/../key.ui/examples/InformationFlow/MethodContracts/contract.IFMethodContract(contract.IFMethodContract__secure_recursion_2((I,int)).JML normal_behavior operation contract.0.key]]></system-out></testcase><testcase name="contract.IFMethodContract(contract.IFMethodContract__secure_recursion(int)).JML normal_behavior operation contract.0.key"  classname="runallproofs.MethodContracts.MethodContracts" time="0.000000"><system-out><![CDATA[9426       INFO  main            d.u.i.k.p.r.p.TestFile    Now processing file /home/runner/work/key/key/key.core/../key.ui/examples/InformationFlow/MethodContracts/contract.IFMethodContract(contract.IFMethodContract__secure_recursion(int)).JML normal_behavior operation contract.0.key 
9426       INFO  main            d.u.i.k.p.i.AbstractProblemLoader Loading environment from /home/runner/work/key/key/key.core/../key.ui/examples/InformationFlow/MethodContracts/contract.IFMethodContract(contract.IFMethodContract__secure_recursion(int)).JML normal_behavior operation contract.0.key 
9427       DEBUG main            d.u.i.k.p.i.AbstractProblemLoader Environment load took 1.17ms 
9429       INFO  main            d.u.i.k.p.i.AbstractProblemLoader Creating init config 
12522      DEBUG main            d.u.i.k.p.i.AbstractProblemLoader Init config took 3.09s 
12612      INFO  main            d.u.i.k.p.i.AbstractProblemLoader Replaying proof contract.IFMethodContract[contract.IFMethodContract::secure_recursion(int)].JML normal_behavior operation contract.0 
12625      DEBUG main            d.u.i.k.p.i.IntermediateProofReplayer Proof replay took 13.8ns 
12930      INFO  main            d.u.i.k.p.r.p.TestFile    ... finished proof: closed. 

pass: Verifying property "provable" was successful for file: /home/runner/work/key/key/key.core/../key.ui/examples/InformationFlow/MethodContracts/contract.IFMethodContract(contract.IFMethodContract__secure_recursion(int)).JML normal_behavior operation contract.0.key]]></system-out></testcase><testcase name="contract.IFMethodContract(contract.IFMethodContract__secure_catch_exception()).JML operation contract.0.key"  classname="runallproofs.MethodContracts.MethodContracts" time="0.000000"><system-out><![CDATA[13049      INFO  main            d.u.i.k.p.r.p.TestFile    Now processing file /home/runner/work/key/key/key.core/../key.ui/examples/InformationFlow/MethodContracts/contract.IFMethodContract(contract.IFMethodContract__secure_catch_exception()).JML operation contract.0.key 
13049      INFO  main            d.u.i.k.p.i.AbstractProblemLoader Loading environment from /home/runner/work/key/key/key.core/../key.ui/examples/InformationFlow/MethodContracts/contract.IFMethodContract(contract.IFMethodContract__secure_catch_exception()).JML operation contract.0.key 
13049      DEBUG main            d.u.i.k.p.i.AbstractProblemLoader Environment load took 98ns 
13056      INFO  main            d.u.i.k.p.i.AbstractProblemLoader Creating init config 
15794      DEBUG main            d.u.i.k.p.i.AbstractProblemLoader Init config took 2.74s 
15852      INFO  main            d.u.i.k.p.i.AbstractProblemLoader Replaying proof contract.IFMethodContract[contract.IFMethodContract::secure_catch_exception()].JML operation contract.0 
15855      DEBUG main            d.u.i.k.p.i.IntermediateProofReplayer Proof replay took 24.9ns 
16057      INFO  main            d.u.i.k.p.r.p.TestFile    ... finished proof: closed. 

pass: Verifying property "provable" was successful for file: /home/runner/work/key/key/key.core/../key.ui/examples/InformationFlow/MethodContracts/contract.IFMethodContract(contract.IFMethodContract__secure_catch_exception()).JML operation contract.0.key]]></system-out></testcase><testcase name="contract.IFMethodContract(contract.IFMethodContract__n6()).JML normal_behavior operation contract.0.key"  classname="runallproofs.MethodContracts.MethodContracts" time="0.000000"><system-out><![CDATA[16177      INFO  main            d.u.i.k.p.r.p.TestFile    Now processing file /home/runner/work/key/key/key.core/../key.ui/examples/InformationFlow/MethodContracts/contract.IFMethodContract(contract.IFMethodContract__n6()).JML normal_behavior operation contract.0.key 
16178      INFO  main            d.u.i.k.p.i.AbstractProblemLoader Loading environment from /home/runner/work/key/key/key.core/../key.ui/examples/InformationFlow/MethodContracts/contract.IFMethodContract(contract.IFMethodContract__n6()).JML normal_behavior operation contract.0.key 
16178      DEBUG main            d.u.i.k.p.i.AbstractProblemLoader Environment load took 74.9ns 
16179      INFO  main            d.u.i.k.p.i.AbstractProblemLoader Creating init config 
18929      DEBUG main            d.u.i.k.p.i.AbstractProblemLoader Init config took 2.75s 
18980      INFO  main            d.u.i.k.p.i.AbstractProblemLoader Replaying proof contract.IFMethodContract[contract.IFMethodContract::n6()].JML normal_behavior operation contract.0 
18982      DEBUG main            d.u.i.k.p.i.IntermediateProofReplayer Proof replay took 11.7ns 
19085      INFO  main            d.u.i.k.p.r.p.TestFile    ... finished proof: closed. 

pass: Verifying property "provable" was successful for file: /home/runner/work/key/key/key.core/../key.ui/examples/InformationFlow/MethodContracts/contract.IFMethodContract(contract.IFMethodContract__n6()).JML normal_behavior operation contract.0.key]]></system-out></testcase><testcase name="contract.IFMethodContract(contract.IFMethodContract__secure_n6()).JML operation contract.0.key"  classname="runallproofs.MethodContracts.MethodContracts" time="0.000000"><system-out><![CDATA[19227      INFO  main            d.u.i.k.p.r.p.TestFile    Now processing file /home/runner/work/key/key/key.core/../key.ui/examples/InformationFlow/MethodContracts/contract.IFMethodContract(contract.IFMethodContract__secure_n6()).JML operation contract.0.key 
19228      INFO  main            d.u.i.k.p.i.AbstractProblemLoader Loading environment from /home/runner/work/key/key/key.core/../key.ui/examples/InformationFlow/MethodContracts/contract.IFMethodContract(contract.IFMethodContract__secure_n6()).JML operation contract.0.key 
19228      DEBUG main            d.u.i.k.p.i.AbstractProblemLoader Environment load took 85.3ns 
19233      INFO  main            d.u.i.k.p.i.AbstractProblemLoader Creating init config 
22025      DEBUG main            d.u.i.k.p.i.AbstractProblemLoader Init config took 2.79s 
22073      INFO  main            d.u.i.k.p.i.AbstractProblemLoader Replaying proof contract.IFMethodContract[contract.IFMethodContract::secure_n6()].JML operation contract.0 
22076      DEBUG main            d.u.i.k.p.i.IntermediateProofReplayer Proof replay took 13.2ns 
22178      INFO  main            d.u.i.k.p.r.p.TestFile    ... finished proof: closed. 

pass: Verifying property "provable" was successful for file: /home/runner/work/key/key/key.core/../key.ui/examples/InformationFlow/MethodContracts/contract.IFMethodContract(contract.IFMethodContract__secure_n6()).JML operation contract.0.key]]></system-out></testcase><testcase name="contract.IFMethodContract(contract.IFMethodContract__secure_array_param_helper()).JML normal_behavior operation contract.0.key"  classname="runallproofs.MethodContracts.MethodContracts" time="0.000000"><system-out><![CDATA[22300      INFO  main            d.u.i.k.p.r.p.TestFile    Now processing file /home/runner/work/key/key/key.core/../key.ui/examples/InformationFlow/MethodContracts/contract.IFMethodContract(contract.IFMethodContract__secure_array_param_helper()).JML normal_behavior operation contract.0.key 
22300      INFO  main            d.u.i.k.p.i.AbstractProblemLoader Loading environment from /home/runner/work/key/key/key.core/../key.ui/examples/InformationFlow/MethodContracts/contract.IFMethodContract(contract.IFMethodContract__secure_array_param_helper()).JML normal_behavior operation contract.0.key 
22300      DEBUG main            d.u.i.k.p.i.AbstractProblemLoader Environment load took 67.7ns 
22301      INFO  main            d.u.i.k.p.i.AbstractProblemLoader Creating init config 
25015      DEBUG main            d.u.i.k.p.i.AbstractProblemLoader Init config took 2.71s 
25060      INFO  main            d.u.i.k.p.i.AbstractProblemLoader Replaying proof contract.IFMethodContract[contract.IFMethodContract::secure_array_param_helper()].JML normal_behavior operation contract.0 
25064      DEBUG main            d.u.i.k.p.i.IntermediateProofReplayer Proof replay took 12.1ns 
25166      INFO  main            d.u.i.k.p.r.p.TestFile    ... finished proof: closed. 

pass: Verifying property "provable" was successful for file: /home/runner/work/key/key/key.core/../key.ui/examples/InformationFlow/MethodContracts/contract.IFMethodContract(contract.IFMethodContract__secure_array_param_helper()).JML normal_behavior operation contract.0.key]]></system-out></testcase><testcase name="contract.IFMethodContract(contract.IFMethodContract__secure_array_param((I,int)).JML operation contract.0.key"  classname="runallproofs.MethodContracts.MethodContracts" time="0.000000"><system-out><![CDATA[25291      INFO  main            d.u.i.k.p.r.p.TestFile    Now processing file /home/runner/work/key/key/key.core/../key.ui/examples/InformationFlow/MethodContracts/contract.IFMethodContract(contract.IFMethodContract__secure_array_param((I,int)).JML operation contract.0.key 
25291      INFO  main            d.u.i.k.p.i.AbstractProblemLoader Loading environment from /home/runner/work/key/key/key.core/../key.ui/examples/InformationFlow/MethodContracts/contract.IFMethodContract(contract.IFMethodContract__secure_array_param((I,int)).JML operation contract.0.key 
25292      DEBUG main            d.u.i.k.p.i.AbstractProblemLoader Environment load took 74.1ns 
25293      INFO  main            d.u.i.k.p.i.AbstractProblemLoader Creating init config 
27965      DEBUG main            d.u.i.k.p.i.AbstractProblemLoader Init config took 2.67s 
28008      INFO  main            d.u.i.k.p.i.AbstractProblemLoader Replaying proof contract.IFMethodContract[contract.IFMethodContract::secure_array_param([I,int)].JML operation contract.0 
28011      DEBUG main            d.u.i.k.p.i.IntermediateProofReplayer Proof replay took 12.5ns 
28113      INFO  main            d.u.i.k.p.r.p.TestFile    ... finished proof: closed. 

pass: Verifying property "provable" was successful for file: /home/runner/work/key/key/key.core/../key.ui/examples/InformationFlow/MethodContracts/contract.IFMethodContract(contract.IFMethodContract__secure_array_param((I,int)).JML operation contract.0.key]]></system-out></testcase><testcase name="contract.IFMethodContract(contract.IFMethodContract__n9()).JML normal_behavior operation contract.0.key"  classname="runallproofs.MethodContracts.MethodContracts" time="0.000000"><system-out><![CDATA[28250      INFO  main            d.u.i.k.p.r.p.TestFile    Now processing file /home/runner/work/key/key/key.core/../key.ui/examples/InformationFlow/MethodContracts/contract.IFMethodContract(contract.IFMethodContract__n9()).JML normal_behavior operation contract.0.key 
28251      INFO  main            d.u.i.k.p.i.AbstractProblemLoader Loading environment from /home/runner/work/key/key/key.core/../key.ui/examples/InformationFlow/MethodContracts/contract.IFMethodContract(contract.IFMethodContract__n9()).JML normal_behavior operation contract.0.key 
28251      DEBUG main            d.u.i.k.p.i.AbstractProblemLoader Environment load took 71.6ns 
28252      INFO  main            d.u.i.k.p.i.AbstractProblemLoader Creating init config 
30930      DEBUG main            d.u.i.k.p.i.AbstractProblemLoader Init config took 2.68s 
30972      INFO  main            d.u.i.k.p.i.AbstractProblemLoader Replaying proof contract.IFMethodContract[contract.IFMethodContract::n9()].JML normal_behavior operation contract.0 
30975      DEBUG main            d.u.i.k.p.i.IntermediateProofReplayer Proof replay took 13ns 
31081      INFO  main            d.u.i.k.p.r.p.TestFile    ... finished proof: closed. 

pass: Verifying property "provable" was successful for file: /home/runner/work/key/key/key.core/../key.ui/examples/InformationFlow/MethodContracts/contract.IFMethodContract(contract.IFMethodContract__n9()).JML normal_behavior operation contract.0.key]]></system-out></testcase><testcase name="contract.IFMethodContract(contract.IFMethodContract__secure_assignment_0_n9()).JML operation contract.0.key"  classname="runallproofs.MethodContracts.MethodContracts" time="0.000000"><system-out><![CDATA[31217      INFO  main            d.u.i.k.p.r.p.TestFile    Now processing file /home/runner/work/key/key/key.core/../key.ui/examples/InformationFlow/MethodContracts/contract.IFMethodContract(contract.IFMethodContract__secure_assignment_0_n9()).JML operation contract.0.key 
31217      INFO  main            d.u.i.k.p.i.AbstractProblemLoader Loading environment from /home/runner/work/key/key/key.core/../key.ui/examples/InformationFlow/MethodContracts/contract.IFMethodContract(contract.IFMethodContract__secure_assignment_0_n9()).JML operation contract.0.key 
31217      DEBUG main            d.u.i.k.p.i.AbstractProblemLoader Environment load took 87ns 
31219      INFO  main            d.u.i.k.p.i.AbstractProblemLoader Creating init config 
33866      DEBUG main            d.u.i.k.p.i.AbstractProblemLoader Init config took 2.65s 
33908      INFO  main            d.u.i.k.p.i.AbstractProblemLoader Replaying proof contract.IFMethodContract[contract.IFMethodContract::secure_assignment_0_n9()].JML operation contract.0 
33912      DEBUG main            d.u.i.k.p.i.IntermediateProofReplayer Proof replay took 13.6ns 
34014      INFO  main            d.u.i.k.p.r.p.TestFile    ... finished proof: closed. 

pass: Verifying property "provable" was successful for file: /home/runner/work/key/key/key.core/../key.ui/examples/InformationFlow/MethodContracts/contract.IFMethodContract(contract.IFMethodContract__secure_assignment_0_n9()).JML operation contract.0.key]]></system-out></testcase><testcase name="contract.IFMethodContract(contract.IFMethodContract__insecure_if_high_n5_n1()).JML operation contract.0.key"  classname="runallproofs.MethodContracts.MethodContracts" time="0.000000"><system-out><![CDATA[34234      INFO  main            d.u.i.k.p.r.p.TestFile    Now processing file /home/runner/work/key/key/key.core/../key.ui/examples/InformationFlow/MethodContracts/contract.IFMethodContract(contract.IFMethodContract__insecure_if_high_n5_n1()).JML operation contract.0.key 
34234      INFO  main            d.u.i.k.p.i.AbstractProblemLoader Loading environment from /home/runner/work/key/key/key.core/../key.ui/examples/InformationFlow/MethodContracts/contract.IFMethodContract(contract.IFMethodContract__insecure_if_high_n5_n1()).JML operation contract.0.key 
34235      DEBUG main            d.u.i.k.p.i.AbstractProblemLoader Environment load took 620.71ns 
34237      INFO  main            d.u.i.k.p.i.AbstractProblemLoader Creating init config 
36899      DEBUG main            d.u.i.k.p.i.AbstractProblemLoader Init config took 2.66s 
36942      INFO  main            d.u.i.k.p.i.AbstractProblemLoader Replaying proof contract.IFMethodContract[contract.IFMethodContract::insecure_if_high_n5_n1()].JML operation contract.0 
36954      DEBUG main            d.u.i.k.p.i.IntermediateProofReplayer Proof replay took 13.3ns 
37159      INFO  main            d.u.i.k.p.r.p.TestFile    ... finished proof: closed. 

pass: Verifying property "provable" was successful for file: /home/runner/work/key/key/key.core/../key.ui/examples/InformationFlow/MethodContracts/contract.IFMethodContract(contract.IFMethodContract__insecure_if_high_n5_n1()).JML operation contract.0.key]]></system-out></testcase><testcase name="contract.IFMethodContract(contract.IFMethodContract__n5(int)).JML normal_behavior operation contract.0.key"  classname="runallproofs.MethodContracts.MethodContracts" time="0.000000"><system-out><![CDATA[37308      INFO  main            d.u.i.k.p.r.p.TestFile    Now processing file /home/runner/work/key/key/key.core/../key.ui/examples/InformationFlow/MethodContracts/contract.IFMethodContract(contract.IFMethodContract__n5(int)).JML normal_behavior operation contract.0.key 
37309      INFO  main            d.u.i.k.p.i.AbstractProblemLoader Loading environment from /home/runner/work/key/key/key.core/../key.ui/examples/InformationFlow/MethodContracts/contract.IFMethodContract(contract.IFMethodContract__n5(int)).JML normal_behavior operation contract.0.key 
37309      DEBUG main            d.u.i.k.p.i.AbstractProblemLoader Environment load took 161.6ns 
37310      INFO  main            d.u.i.k.p.i.AbstractProblemLoader Creating init config 
39947      DEBUG main            d.u.i.k.p.i.AbstractProblemLoader Init config took 2.64s 
39987      INFO  main            d.u.i.k.p.i.AbstractProblemLoader Replaying proof contract.IFMethodContract[contract.IFMethodContract::n5(int)].JML normal_behavior operation contract.0 
40001      DEBUG main            d.u.i.k.p.i.IntermediateProofReplayer Proof replay took 14.1ns 
40104      INFO  main            d.u.i.k.p.r.p.TestFile    ... finished proof: closed. 

pass: Verifying property "provable" was successful for file: /home/runner/work/key/key/key.core/../key.ui/examples/InformationFlow/MethodContracts/contract.IFMethodContract(contract.IFMethodContract__n5(int)).JML normal_behavior operation contract.0.key]]></system-out></testcase><testcase name="contract.IFMethodContract(contract.IFMethodContract__secure_if_high_n5_n1()).JML operation contract.0.key"  classname="runallproofs.MethodContracts.MethodContracts" time="0.000000"><system-out><![CDATA[40247      INFO  main            d.u.i.k.p.r.p.TestFile    Now processing file /home/runner/work/key/key/key.core/../key.ui/examples/InformationFlow/MethodContracts/contract.IFMethodContract(contract.IFMethodContract__secure_if_high_n5_n1()).JML operation contract.0.key 
40247      INFO  main            d.u.i.k.p.i.AbstractProblemLoader Loading environment from /home/runner/work/key/key/key.core/../key.ui/examples/InformationFlow/MethodContracts/contract.IFMethodContract(contract.IFMethodContract__secure_if_high_n5_n1()).JML operation contract.0.key 
40247      DEBUG main            d.u.i.k.p.i.AbstractProblemLoader Environment load took 62.8ns 
40248      INFO  main            d.u.i.k.p.i.AbstractProblemLoader Creating init config 
42848      DEBUG main            d.u.i.k.p.i.AbstractProblemLoader Init config took 2.6s 
42899      INFO  main            d.u.i.k.p.i.AbstractProblemLoader Replaying proof contract.IFMethodContract[contract.IFMethodContract::secure_if_high_n5_n1()].JML operation contract.0 
42904      DEBUG main            d.u.i.k.p.i.IntermediateProofReplayer Proof replay took 13.8ns 
43208      INFO  main            d.u.i.k.p.r.p.TestFile    ... finished proof: closed. 

pass: Verifying property "provable" was successful for file: /home/runner/work/key/key/key.core/../key.ui/examples/InformationFlow/MethodContracts/contract.IFMethodContract(contract.IFMethodContract__secure_if_high_n5_n1()).JML operation contract.0.key]]></system-out></testcase><testcase name="contract.IFMethodContract(contract.IFMethodContract__secure_if_high_n1()).JML operation contract.0.key"  classname="runallproofs.MethodContracts.MethodContracts" time="0.000000"><system-out><![CDATA[43366      INFO  main            d.u.i.k.p.r.p.TestFile    Now processing file /home/runner/work/key/key/key.core/../key.ui/examples/InformationFlow/MethodContracts/contract.IFMethodContract(contract.IFMethodContract__secure_if_high_n1()).JML operation contract.0.key 
43366      INFO  main            d.u.i.k.p.i.AbstractProblemLoader Loading environment from /home/runner/work/key/key/key.core/../key.ui/examples/InformationFlow/MethodContracts/contract.IFMethodContract(contract.IFMethodContract__secure_if_high_n1()).JML operation contract.0.key 
43366      DEBUG main            d.u.i.k.p.i.AbstractProblemLoader Environment load took 69.1ns 
43368      INFO  main            d.u.i.k.p.i.AbstractProblemLoader Creating init config 
45955      DEBUG main            d.u.i.k.p.i.AbstractProblemLoader Init config took 2.59s 
45995      INFO  main            d.u.i.k.p.i.AbstractProblemLoader Replaying proof contract.IFMethodContract[contract.IFMethodContract::secure_if_high_n1()].JML operation contract.0 
46000      DEBUG main            d.u.i.k.p.i.IntermediateProofReplayer Proof replay took 13.5ns 
46202      INFO  main            d.u.i.k.p.r.p.TestFile    ... finished proof: closed. 

pass: Verifying property "provable" was successful for file: /home/runner/work/key/key/key.core/../key.ui/examples/InformationFlow/MethodContracts/contract.IFMethodContract(contract.IFMethodContract__secure_if_high_n1()).JML operation contract.0.key]]></system-out></testcase><testcase name="contract.IFMethodContract(contract.IFMethodContract__secure_n5()).JML operation contract.0.key"  classname="runallproofs.MethodContracts.MethodContracts" time="0.000000"><system-out><![CDATA[46346      INFO  main            d.u.i.k.p.r.p.TestFile    Now processing file /home/runner/work/key/key/key.core/../key.ui/examples/InformationFlow/MethodContracts/contract.IFMethodContract(contract.IFMethodContract__secure_n5()).JML operation contract.0.key 
46346      INFO  main            d.u.i.k.p.i.AbstractProblemLoader Loading environment from /home/runner/work/key/key/key.core/../key.ui/examples/InformationFlow/MethodContracts/contract.IFMethodContract(contract.IFMethodContract__secure_n5()).JML operation contract.0.key 
46347      DEBUG main            d.u.i.k.p.i.AbstractProblemLoader Environment load took 613.91ns 
46348      INFO  main            d.u.i.k.p.i.AbstractProblemLoader Creating init config 
48941      DEBUG main            d.u.i.k.p.i.AbstractProblemLoader Init config took 2.59s 
48978      INFO  main            d.u.i.k.p.i.AbstractProblemLoader Replaying proof contract.IFMethodContract[contract.IFMethodContract::secure_n5()].JML operation contract.0 
48981      DEBUG main            d.u.i.k.p.i.IntermediateProofReplayer Proof replay took 12ns 
49083      INFO  main            d.u.i.k.p.r.p.TestFile    ... finished proof: closed. 

pass: Verifying property "provable" was successful for file: /home/runner/work/key/key/key.core/../key.ui/examples/InformationFlow/MethodContracts/contract.IFMethodContract(contract.IFMethodContract__secure_n5()).JML operation contract.0.key]]></system-out></testcase><testcase name="contract.IFMethodContract(contract.IFMethodContract__n4()).JML normal_behavior operation contract.0.key"  classname="runallproofs.MethodContracts.MethodContracts" time="0.000000"><system-out><![CDATA[49227      INFO  main            d.u.i.k.p.r.p.TestFile    Now processing file /home/runner/work/key/key/key.core/../key.ui/examples/InformationFlow/MethodContracts/contract.IFMethodContract(contract.IFMethodContract__n4()).JML normal_behavior operation contract.0.key 
49227      INFO  main            d.u.i.k.p.i.AbstractProblemLoader Loading environment from /home/runner/work/key/key/key.core/../key.ui/examples/InformationFlow/MethodContracts/contract.IFMethodContract(contract.IFMethodContract__n4()).JML normal_behavior operation contract.0.key 
49227      DEBUG main            d.u.i.k.p.i.AbstractProblemLoader Environment load took 113.4ns 
49229      INFO  main            d.u.i.k.p.i.AbstractProblemLoader Creating init config 
51829      DEBUG main            d.u.i.k.p.i.AbstractProblemLoader Init config took 2.6s 
51868      INFO  main            d.u.i.k.p.i.AbstractProblemLoader Replaying proof contract.IFMethodContract[contract.IFMethodContract::n4()].JML normal_behavior operation contract.0 
51871      DEBUG main            d.u.i.k.p.i.IntermediateProofReplayer Proof replay took 14.7ns 
51975      INFO  main            d.u.i.k.p.r.p.TestFile    ... finished proof: closed. 

pass: Verifying property "provable" was successful for file: /home/runner/work/key/key/key.core/../key.ui/examples/InformationFlow/MethodContracts/contract.IFMethodContract(contract.IFMethodContract__n4()).JML normal_behavior operation contract.0.key]]></system-out></testcase><testcase name="contract.IFMethodContract(contract.IFMethodContract__n3()).JML normal_behavior operation contract.0.key"  classname="runallproofs.MethodContracts.MethodContracts" time="0.000000"><system-out><![CDATA[52133      INFO  main            d.u.i.k.p.r.p.TestFile    Now processing file /home/runner/work/key/key/key.core/../key.ui/examples/InformationFlow/MethodContracts/contract.IFMethodContract(contract.IFMethodContract__n3()).JML normal_behavior operation contract.0.key 
52134      INFO  main            d.u.i.k.p.i.AbstractProblemLoader Loading environment from /home/runner/work/key/key/key.core/../key.ui/examples/InformationFlow/MethodContracts/contract.IFMethodContract(contract.IFMethodContract__n3()).JML normal_behavior operation contract.0.key 
52134      DEBUG main            d.u.i.k.p.i.AbstractProblemLoader Environment load took 117.4ns 
52135      INFO  main            d.u.i.k.p.i.AbstractProblemLoader Creating init config 
54736      DEBUG main            d.u.i.k.p.i.AbstractProblemLoader Init config took 2.6s 
54774      INFO  main            d.u.i.k.p.i.AbstractProblemLoader Replaying proof contract.IFMethodContract[contract.IFMethodContract::n3()].JML normal_behavior operation contract.0 
54776      DEBUG main            d.u.i.k.p.i.IntermediateProofReplayer Proof replay took 14.1ns 
54881      INFO  main            d.u.i.k.p.r.p.TestFile    ... finished proof: closed. 

pass: Verifying property "provable" was successful for file: /home/runner/work/key/key/key.core/../key.ui/examples/InformationFlow/MethodContracts/contract.IFMethodContract(contract.IFMethodContract__n3()).JML normal_behavior operation contract.0.key]]></system-out></testcase><testcase name="contract.IFMethodContract(contract.IFMethodContract__secure_sequential_n3_precond_n4()).JML operation contract.0.key"  classname="runallproofs.MethodContracts.MethodContracts" time="0.000000"><system-out><![CDATA[55035      INFO  main            d.u.i.k.p.r.p.TestFile    Now processing file /home/runner/work/key/key/key.core/../key.ui/examples/InformationFlow/MethodContracts/contract.IFMethodContract(contract.IFMethodContract__secure_sequential_n3_precond_n4()).JML operation contract.0.key 
55036      INFO  main            d.u.i.k.p.i.AbstractProblemLoader Loading environment from /home/runner/work/key/key/key.core/../key.ui/examples/InformationFlow/MethodContracts/contract.IFMethodContract(contract.IFMethodContract__secure_sequential_n3_precond_n4()).JML operation contract.0.key 
55036      DEBUG main            d.u.i.k.p.i.AbstractProblemLoader Environment load took 92.5ns 
55037      INFO  main            d.u.i.k.p.i.AbstractProblemLoader Creating init config 
57637      DEBUG main            d.u.i.k.p.i.AbstractProblemLoader Init config took 2.6s 
57674      INFO  main            d.u.i.k.p.i.AbstractProblemLoader Replaying proof contract.IFMethodContract[contract.IFMethodContract::secure_sequential_n3_precond_n4()].JML operation contract.0 
57677      DEBUG main            d.u.i.k.p.i.IntermediateProofReplayer Proof replay took 14ns 
57786      INFO  main            d.u.i.k.p.r.p.TestFile    ... finished proof: closed. 

pass: Verifying property "provable" was successful for file: /home/runner/work/key/key/key.core/../key.ui/examples/InformationFlow/MethodContracts/contract.IFMethodContract(contract.IFMethodContract__secure_sequential_n3_precond_n4()).JML operation contract.0.key]]></system-out></testcase><testcase name="contract.IFMethodContract(contract.IFMethodContract__insecure_assignment_n2()).JML operation contract.0.key"  classname="runallproofs.MethodContracts.MethodContracts" time="0.000000"><system-out><![CDATA[57952      INFO  main            d.u.i.k.p.r.p.TestFile    Now processing file /home/runner/work/key/key/key.core/../key.ui/examples/InformationFlow/MethodContracts/contract.IFMethodContract(contract.IFMethodContract__insecure_assignment_n2()).JML operation contract.0.key 
57953      INFO  main            d.u.i.k.p.i.AbstractProblemLoader Loading environment from /home/runner/work/key/key/key.core/../key.ui/examples/InformationFlow/MethodContracts/contract.IFMethodContract(contract.IFMethodContract__insecure_assignment_n2()).JML operation contract.0.key 
57953      DEBUG main            d.u.i.k.p.i.AbstractProblemLoader Environment load took 65.2ns 
57954      INFO  main            d.u.i.k.p.i.AbstractProblemLoader Creating init config 
60540      DEBUG main            d.u.i.k.p.i.AbstractProblemLoader Init config took 2.59s 
60577      INFO  main            d.u.i.k.p.i.AbstractProblemLoader Replaying proof contract.IFMethodContract[contract.IFMethodContract::insecure_assignment_n2()].JML operation contract.0 
60580      DEBUG main            d.u.i.k.p.i.IntermediateProofReplayer Proof replay took 12.7ns 
60682      INFO  main            d.u.i.k.p.r.p.TestFile    ... finished proof: closed. 

pass: Verifying property "provable" was successful for file: /home/runner/work/key/key/key.core/../key.ui/examples/InformationFlow/MethodContracts/contract.IFMethodContract(contract.IFMethodContract__insecure_assignment_n2()).JML operation contract.0.key]]></system-out></testcase><testcase name="contract.IFMethodContract(contract.IFMethodContract__secure_assignments_n2()).JML operation contract.0.key"  classname="runallproofs.MethodContracts.MethodContracts" time="0.000000"><system-out><![CDATA[60843      INFO  main            d.u.i.k.p.r.p.TestFile    Now processing file /home/runner/work/key/key/key.core/../key.ui/examples/InformationFlow/MethodContracts/contract.IFMethodContract(contract.IFMethodContract__secure_assignments_n2()).JML operation contract.0.key 
60843      INFO  main            d.u.i.k.p.i.AbstractProblemLoader Loading environment from /home/runner/work/key/key/key.core/../key.ui/examples/InformationFlow/MethodContracts/contract.IFMethodContract(contract.IFMethodContract__secure_assignments_n2()).JML operation contract.0.key 
60843      DEBUG main            d.u.i.k.p.i.AbstractProblemLoader Environment load took 68.9ns 
60845      INFO  main            d.u.i.k.p.i.AbstractProblemLoader Creating init config 
63468      DEBUG main            d.u.i.k.p.i.AbstractProblemLoader Init config took 2.62s 
63503      INFO  main            d.u.i.k.p.i.AbstractProblemLoader Replaying proof contract.IFMethodContract[contract.IFMethodContract::secure_assignments_n2()].JML operation contract.0 
63506      DEBUG main            d.u.i.k.p.i.IntermediateProofReplayer Proof replay took 13.1ns 
63609      INFO  main            d.u.i.k.p.r.p.TestFile    ... finished proof: closed. 

pass: Verifying property "provable" was successful for file: /home/runner/work/key/key/key.core/../key.ui/examples/InformationFlow/MethodContracts/contract.IFMethodContract(contract.IFMethodContract__secure_assignments_n2()).JML operation contract.0.key]]></system-out></testcase><testcase name="contract.IFMethodContract(contract.IFMethodContract__n2()).JML normal_behavior operation contract.0.key"  classname="runallproofs.MethodContracts.MethodContracts" time="0.000000"><system-out><![CDATA[63777      INFO  main            d.u.i.k.p.r.p.TestFile    Now processing file /home/runner/work/key/key/key.core/../key.ui/examples/InformationFlow/MethodContracts/contract.IFMethodContract(contract.IFMethodContract__n2()).JML normal_behavior operation contract.0.key 
63777      INFO  main            d.u.i.k.p.i.AbstractProblemLoader Loading environment from /home/runner/work/key/key/key.core/../key.ui/examples/InformationFlow/MethodContracts/contract.IFMethodContract(contract.IFMethodContract__n2()).JML normal_behavior operation contract.0.key 
63777      DEBUG main            d.u.i.k.p.i.AbstractProblemLoader Environment load took 633.71ns 
63778      INFO  main            d.u.i.k.p.i.AbstractProblemLoader Creating init config 
66367      DEBUG main            d.u.i.k.p.i.AbstractProblemLoader Init config took 2.59s 
66403      INFO  main            d.u.i.k.p.i.AbstractProblemLoader Replaying proof contract.IFMethodContract[contract.IFMethodContract::n2()].JML normal_behavior operation contract.0 
66406      DEBUG main            d.u.i.k.p.i.IntermediateProofReplayer Proof replay took 12.9ns 
66509      INFO  main            d.u.i.k.p.r.p.TestFile    ... finished proof: closed. 

pass: Verifying property "provable" was successful for file: /home/runner/work/key/key/key.core/../key.ui/examples/InformationFlow/MethodContracts/contract.IFMethodContract(contract.IFMethodContract__n2()).JML normal_behavior operation contract.0.key]]></system-out></testcase><testcase name="contract.IFMethodContract(contract.IFMethodContract__n1()).JML normal_behavior operation contract.0.key"  classname="runallproofs.MethodContracts.MethodContracts" time="0.000000"><system-out><![CDATA[66668      INFO  main            d.u.i.k.p.r.p.TestFile    Now processing file /home/runner/work/key/key/key.core/../key.ui/examples/InformationFlow/MethodContracts/contract.IFMethodContract(contract.IFMethodContract__n1()).JML normal_behavior operation contract.0.key 
66668      INFO  main            d.u.i.k.p.i.AbstractProblemLoader Loading environment from /home/runner/work/key/key/key.core/../key.ui/examples/InformationFlow/MethodContracts/contract.IFMethodContract(contract.IFMethodContract__n1()).JML normal_behavior operation contract.0.key 
66668      DEBUG main            d.u.i.k.p.i.AbstractProblemLoader Environment load took 64.5ns 
66669      INFO  main            d.u.i.k.p.i.AbstractProblemLoader Creating init config 
69252      DEBUG main            d.u.i.k.p.i.AbstractProblemLoader Init config took 2.58s 
69288      INFO  main            d.u.i.k.p.i.AbstractProblemLoader Replaying proof contract.IFMethodContract[contract.IFMethodContract::n1()].JML normal_behavior operation contract.0 
69291      DEBUG main            d.u.i.k.p.i.IntermediateProofReplayer Proof replay took 13.5ns 
69393      INFO  main            d.u.i.k.p.r.p.TestFile    ... finished proof: closed. 

pass: Verifying property "provable" was successful for file: /home/runner/work/key/key/key.core/../key.ui/examples/InformationFlow/MethodContracts/contract.IFMethodContract(contract.IFMethodContract__n1()).JML normal_behavior operation contract.0.key]]></system-out></testcase><testcase name="contract.IFMethodContract(contract.IFMethodContract__secure_sequential_n1_n2()).JML operation contract.0.key"  classname="runallproofs.MethodContracts.MethodContracts" time="0.000000"><system-out><![CDATA[69558      INFO  main            d.u.i.k.p.r.p.TestFile    Now processing file /home/runner/work/key/key/key.core/../key.ui/examples/InformationFlow/MethodContracts/contract.IFMethodContract(contract.IFMethodContract__secure_sequential_n1_n2()).JML operation contract.0.key 
69558      INFO  main            d.u.i.k.p.i.AbstractProblemLoader Loading environment from /home/runner/work/key/key/key.core/../key.ui/examples/InformationFlow/MethodContracts/contract.IFMethodContract(contract.IFMethodContract__secure_sequential_n1_n2()).JML operation contract.0.key 
69558      DEBUG main            d.u.i.k.p.i.AbstractProblemLoader Environment load took 64.8ns 
69560      INFO  main            d.u.i.k.p.i.AbstractProblemLoader Creating init config 
72170      DEBUG main            d.u.i.k.p.i.AbstractProblemLoader Init config took 2.61s 
72206      INFO  main            d.u.i.k.p.i.AbstractProblemLoader Replaying proof contract.IFMethodContract[contract.IFMethodContract::secure_sequential_n1_n2()].JML operation contract.0 
72211      DEBUG main            d.u.i.k.p.i.IntermediateProofReplayer Proof replay took 13.6ns 
72313      INFO  main            d.u.i.k.p.r.p.TestFile    ... finished proof: closed. 

pass: Verifying property "provable" was successful for file: /home/runner/work/key/key/key.core/../key.ui/examples/InformationFlow/MethodContracts/contract.IFMethodContract(contract.IFMethodContract__secure_sequential_n1_n2()).JML operation contract.0.key]]></system-out></testcase></testsuite></testsuites>