<testsuites> <testsuite name="runallproofs.arithmetic" tests="76" id="0" disabled="0" errors="0" failures="0" time="0.000000"><testcase name="binomial1.key"  classname="runallproofs.arithmetic.arithmetic" time="0.000000"><system-out><![CDATA[453        INFO  Timeout watchdog d.u.i.k.p.r.p.ForkedTestFileRunner Timeout watcher launched (2000 secs.) 
462        WARN  main            d.u.i.k.s.ProofSettings   The settings in /home/runner/.key/proof-settings.props are *not* read. 
513        INFO  main            d.u.i.k.p.r.p.TestFile    Now processing file /home/runner/work/key/key/key.core/../key.ui/examples/standard_key/arith/binomial1.key 
677        INFO  main            d.u.i.k.p.i.AbstractProblemLoader Loading environment from /home/runner/work/key/key/key.core/../key.ui/examples/standard_key/arith/binomial1.key 
697        DEBUG main            d.u.i.k.p.i.AbstractProblemLoader Environment load took 2.24ms 
1015       INFO  main            d.u.i.k.p.i.AbstractProblemLoader Creating init config 
2424       DEBUG main            d.u.i.k.j.TypeConverter   No LDT found for Meta 
2424       DEBUG main            d.u.i.k.j.TypeConverter   No LDT found for Meta 
2428       DEBUG main            d.u.i.k.j.TypeConverter   No LDT found for Meta 
2428       DEBUG main            d.u.i.k.j.TypeConverter   No LDT found for Meta 
3953       DEBUG main            d.u.i.k.j.TypeConverter   No LDT found for JavaBigintExpression 
10313      DEBUG main            d.u.i.k.p.i.AbstractProblemLoader Init config took 9.3s 
10383      INFO  main            d.u.i.k.p.i.AbstractProblemLoader Replaying proof binomial1.key 
10428      DEBUG main            d.u.i.k.p.i.IntermediateProofReplayer Proof replay took 44.5ns 
10716      INFO  main            d.u.i.k.p.r.p.TestFile    ... finished proof: closed. 
10901      INFO  main            d.u.i.k.p.i.AbstractProblemLoader Loading environment from /home/runner/work/key/key/key.core/../key.ui/examples/standard_key/arith/binomial1.key.proof 
10903      DEBUG main            d.u.i.k.p.i.AbstractProblemLoader Environment load took 1.69ms 
10908      INFO  main            d.u.i.k.p.i.AbstractProblemLoader Creating init config 
14315      DEBUG main            d.u.i.k.p.i.AbstractProblemLoader Init config took 3.41s 
14362      INFO  main            d.u.i.k.p.i.AbstractProblemLoader Replaying proof binomial1.key.proof 
14405      DEBUG main            d.u.i.k.p.i.IntermediateProofReplayer Proof replay took 33.98ms 
14423      DEBUG main            d.u.i.k.p.r.p.TestFile    ... success: reloaded. 

pass: Verifying property "provable" was successful for file: /home/runner/work/key/key/key.core/../key.ui/examples/standard_key/arith/binomial1.key]]></system-out></testcase><testcase name="binomial2.key"  classname="runallproofs.arithmetic.arithmetic" time="0.000000"><system-out><![CDATA[14428      INFO  main            d.u.i.k.p.r.p.TestFile    Now processing file /home/runner/work/key/key/key.core/../key.ui/examples/standard_key/arith/binomial2.key 
14428      INFO  main            d.u.i.k.p.i.AbstractProblemLoader Loading environment from /home/runner/work/key/key/key.core/../key.ui/examples/standard_key/arith/binomial2.key 
14429      DEBUG main            d.u.i.k.p.i.AbstractProblemLoader Environment load took 292.21ns 
14432      INFO  main            d.u.i.k.p.i.AbstractProblemLoader Creating init config 
17585      DEBUG main            d.u.i.k.p.i.AbstractProblemLoader Init config took 3.15s 
17628      INFO  main            d.u.i.k.p.i.AbstractProblemLoader Replaying proof binomial2.key 
17635      DEBUG main            d.u.i.k.p.i.IntermediateProofReplayer Proof replay took 7.2ns 
17841      INFO  main            d.u.i.k.p.r.p.TestFile    ... finished proof: closed. 
17991      INFO  main            d.u.i.k.p.i.AbstractProblemLoader Loading environment from /home/runner/work/key/key/key.core/../key.ui/examples/standard_key/arith/binomial2.key.proof 
17992      DEBUG main            d.u.i.k.p.i.AbstractProblemLoader Environment load took 505.51ns 
17994      INFO  main            d.u.i.k.p.i.AbstractProblemLoader Creating init config 
21126      DEBUG main            d.u.i.k.p.i.AbstractProblemLoader Init config took 3.13s 
21154      INFO  main            d.u.i.k.p.i.AbstractProblemLoader Replaying proof binomial2.key.proof 
21170      DEBUG main            d.u.i.k.p.i.IntermediateProofReplayer Proof replay took 12.99ms 
21171      DEBUG main            d.u.i.k.p.r.p.TestFile    ... success: reloaded. 

pass: Verifying property "provable" was successful for file: /home/runner/work/key/key/key.core/../key.ui/examples/standard_key/arith/binomial2.key]]></system-out></testcase><testcase name="check_jdiv.key"  classname="runallproofs.arithmetic.arithmetic" time="0.000000"><system-out><![CDATA[21173      INFO  main            d.u.i.k.p.r.p.TestFile    Now processing file /home/runner/work/key/key/key.core/../key.ui/examples/standard_key/arith/check_jdiv.key 
21173      INFO  main            d.u.i.k.p.i.AbstractProblemLoader Loading environment from /home/runner/work/key/key/key.core/../key.ui/examples/standard_key/arith/check_jdiv.key 
21173      DEBUG main            d.u.i.k.p.i.AbstractProblemLoader Environment load took 256.31ns 
21175      INFO  main            d.u.i.k.p.i.AbstractProblemLoader Creating init config 
24168      DEBUG main            d.u.i.k.p.i.AbstractProblemLoader Init config took 2.99s 
24197      INFO  main            d.u.i.k.p.i.AbstractProblemLoader Replaying proof check_jdiv.key 
24205      DEBUG main            d.u.i.k.p.i.IntermediateProofReplayer Proof replay took 7.7ns 
30840      INFO  main            d.u.i.k.p.r.p.TestFile    ... finished proof: closed. 
31092      INFO  main            d.u.i.k.p.i.AbstractProblemLoader Loading environment from /home/runner/work/key/key/key.core/../key.ui/examples/standard_key/arith/check_jdiv.key.proof 
31093      DEBUG main            d.u.i.k.p.i.AbstractProblemLoader Environment load took 513.21ns 
31100      INFO  main            d.u.i.k.p.i.AbstractProblemLoader Creating init config 
34161      DEBUG main            d.u.i.k.p.i.AbstractProblemLoader Init config took 3.06s 
34185      INFO  main            d.u.i.k.p.i.AbstractProblemLoader Replaying proof check_jdiv.key.proof 
34738      DEBUG main            d.u.i.k.p.i.IntermediateProofReplayer Proof replay took 516.85ms 
34741      DEBUG main            d.u.i.k.p.r.p.TestFile    ... success: reloaded. 

pass: Verifying property "provable" was successful for file: /home/runner/work/key/key/key.core/../key.ui/examples/standard_key/arith/check_jdiv.key]]></system-out></testcase><testcase name="check_jdiv_concrete.key"  classname="runallproofs.arithmetic.arithmetic" time="0.000000"><system-out><![CDATA[34742      INFO  main            d.u.i.k.p.r.p.TestFile    Now processing file /home/runner/work/key/key/key.core/../key.ui/examples/standard_key/arith/check_jdiv_concrete.key 
34743      INFO  main            d.u.i.k.p.i.AbstractProblemLoader Loading environment from /home/runner/work/key/key/key.core/../key.ui/examples/standard_key/arith/check_jdiv_concrete.key 
34743      DEBUG main            d.u.i.k.p.i.AbstractProblemLoader Environment load took 258.11ns 
34745      INFO  main            d.u.i.k.p.i.AbstractProblemLoader Creating init config 
37788      DEBUG main            d.u.i.k.p.i.AbstractProblemLoader Init config took 3.04s 
37812      INFO  main            d.u.i.k.p.i.AbstractProblemLoader Replaying proof check_jdiv_concrete.key 
37814      DEBUG main            d.u.i.k.p.i.IntermediateProofReplayer Proof replay took 6.8ns 
37920      INFO  main            d.u.i.k.p.r.p.TestFile    ... finished proof: closed. 
38156      INFO  main            d.u.i.k.p.i.AbstractProblemLoader Loading environment from /home/runner/work/key/key/key.core/../key.ui/examples/standard_key/arith/check_jdiv_concrete.key.proof 
38156      DEBUG main            d.u.i.k.p.i.AbstractProblemLoader Environment load took 138.9ns 
38157      INFO  main            d.u.i.k.p.i.AbstractProblemLoader Creating init config 
41127      DEBUG main            d.u.i.k.p.i.AbstractProblemLoader Init config took 2.97s 
41154      INFO  main            d.u.i.k.p.i.AbstractProblemLoader Replaying proof check_jdiv_concrete.key.proof 
41161      DEBUG main            d.u.i.k.p.i.IntermediateProofReplayer Proof replay took 4.55ms 
41162      DEBUG main            d.u.i.k.p.r.p.TestFile    ... success: reloaded. 

pass: Verifying property "provable" was successful for file: /home/runner/work/key/key/key.core/../key.ui/examples/standard_key/arith/check_jdiv_concrete.key]]></system-out></testcase><testcase name="check_jdiv_instantiated.key"  classname="runallproofs.arithmetic.arithmetic" time="0.000000"><system-out><![CDATA[41163      INFO  main            d.u.i.k.p.r.p.TestFile    Now processing file /home/runner/work/key/key/key.core/../key.ui/examples/standard_key/arith/check_jdiv_instantiated.key 
41163      INFO  main            d.u.i.k.p.i.AbstractProblemLoader Loading environment from /home/runner/work/key/key/key.core/../key.ui/examples/standard_key/arith/check_jdiv_instantiated.key 
41164      DEBUG main            d.u.i.k.p.i.AbstractProblemLoader Environment load took 136.1ns 
41165      INFO  main            d.u.i.k.p.i.AbstractProblemLoader Creating init config 
44139      DEBUG main            d.u.i.k.p.i.AbstractProblemLoader Init config took 2.97s 
44165      INFO  main            d.u.i.k.p.i.AbstractProblemLoader Replaying proof check_jdiv_instantiated.key 
44167      DEBUG main            d.u.i.k.p.i.IntermediateProofReplayer Proof replay took 6.8ns 
48519      INFO  main            d.u.i.k.p.r.p.TestFile    ... finished proof: closed. 
48777      INFO  main            d.u.i.k.p.i.AbstractProblemLoader Loading environment from /home/runner/work/key/key/key.core/../key.ui/examples/standard_key/arith/check_jdiv_instantiated.key.proof 
48778      DEBUG main            d.u.i.k.p.i.AbstractProblemLoader Environment load took 522.11ns 
48783      INFO  main            d.u.i.k.p.i.AbstractProblemLoader Creating init config 
51619      DEBUG main            d.u.i.k.p.i.AbstractProblemLoader Init config took 2.84s 
51644      INFO  main            d.u.i.k.p.i.AbstractProblemLoader Replaying proof check_jdiv_instantiated.key.proof 
51973      DEBUG main            d.u.i.k.p.i.IntermediateProofReplayer Proof replay took 301.08ms 
51975      DEBUG main            d.u.i.k.p.r.p.TestFile    ... success: reloaded. 

pass: Verifying property "provable" was successful for file: /home/runner/work/key/key/key.core/../key.ui/examples/standard_key/arith/check_jdiv_instantiated.key]]></system-out></testcase><testcase name="check_jmod.key"  classname="runallproofs.arithmetic.arithmetic" time="0.000000"><system-out><![CDATA[51977      INFO  main            d.u.i.k.p.r.p.TestFile    Now processing file /home/runner/work/key/key/key.core/../key.ui/examples/standard_key/arith/check_jmod.key 
51977      INFO  main            d.u.i.k.p.i.AbstractProblemLoader Loading environment from /home/runner/work/key/key/key.core/../key.ui/examples/standard_key/arith/check_jmod.key 
51977      DEBUG main            d.u.i.k.p.i.AbstractProblemLoader Environment load took 305.21ns 
51979      INFO  main            d.u.i.k.p.i.AbstractProblemLoader Creating init config 
54843      DEBUG main            d.u.i.k.p.i.AbstractProblemLoader Init config took 2.86s 
54866      INFO  main            d.u.i.k.p.i.AbstractProblemLoader Replaying proof check_jmod.key 
54869      DEBUG main            d.u.i.k.p.i.IntermediateProofReplayer Proof replay took 7.2ns 
55575      INFO  main            d.u.i.k.p.r.p.TestFile    ... finished proof: closed. 
55825      INFO  main            d.u.i.k.p.i.AbstractProblemLoader Loading environment from /home/runner/work/key/key/key.core/../key.ui/examples/standard_key/arith/check_jmod.key.proof 
55826      DEBUG main            d.u.i.k.p.i.AbstractProblemLoader Environment load took 464.71ns 
55828      INFO  main            d.u.i.k.p.i.AbstractProblemLoader Creating init config 
58661      DEBUG main            d.u.i.k.p.i.AbstractProblemLoader Init config took 2.83s 
58683      INFO  main            d.u.i.k.p.i.AbstractProblemLoader Replaying proof check_jmod.key.proof 
58746      DEBUG main            d.u.i.k.p.i.IntermediateProofReplayer Proof replay took 56.26ms 
58748      DEBUG main            d.u.i.k.p.r.p.TestFile    ... success: reloaded. 

pass: Verifying property "provable" was successful for file: /home/runner/work/key/key/key.core/../key.ui/examples/standard_key/arith/check_jmod.key]]></system-out></testcase><testcase name="complexExpressions.key"  classname="runallproofs.arithmetic.arithmetic" time="0.000000"><system-out><![CDATA[58750      INFO  main            d.u.i.k.p.r.p.TestFile    Now processing file /home/runner/work/key/key/key.core/../key.ui/examples/standard_key/arith/complexExpressions.key 
58750      INFO  main            d.u.i.k.p.i.AbstractProblemLoader Loading environment from /home/runner/work/key/key/key.core/../key.ui/examples/standard_key/arith/complexExpressions.key 
58750      DEBUG main            d.u.i.k.p.i.AbstractProblemLoader Environment load took 248.71ns 
58752      INFO  main            d.u.i.k.p.i.AbstractProblemLoader Creating init config 
61640      DEBUG main            d.u.i.k.p.i.AbstractProblemLoader Init config took 2.89s 
61674      INFO  main            d.u.i.k.p.i.AbstractProblemLoader Replaying proof complexExpressions.key 
61676      DEBUG main            d.u.i.k.p.i.IntermediateProofReplayer Proof replay took 6.8ns 
61784      INFO  main            d.u.i.k.p.r.p.TestFile    ... finished proof: closed. 
62076      INFO  main            d.u.i.k.p.i.AbstractProblemLoader Loading environment from /home/runner/work/key/key/key.core/../key.ui/examples/standard_key/arith/complexExpressions.key.proof 
62076      DEBUG main            d.u.i.k.p.i.AbstractProblemLoader Environment load took 135.5ns 
62077      INFO  main            d.u.i.k.p.i.AbstractProblemLoader Creating init config 
64979      DEBUG main            d.u.i.k.p.i.AbstractProblemLoader Init config took 2.9s 
65000      INFO  main            d.u.i.k.p.i.AbstractProblemLoader Replaying proof complexExpressions.key.proof 
65015      DEBUG main            d.u.i.k.p.i.IntermediateProofReplayer Proof replay took 12.44ms 
65016      DEBUG main            d.u.i.k.p.r.p.TestFile    ... success: reloaded. 

pass: Verifying property "provable" was successful for file: /home/runner/work/key/key/key.core/../key.ui/examples/standard_key/arith/complexExpressions.key]]></system-out></testcase><testcase name="compound_unaryMinus.key"  classname="runallproofs.arithmetic.arithmetic" time="0.000000"><system-out><![CDATA[65016      INFO  main            d.u.i.k.p.r.p.TestFile    Now processing file /home/runner/work/key/key/key.core/../key.ui/examples/standard_key/arith/compound_unaryMinus.key 
65017      INFO  main            d.u.i.k.p.i.AbstractProblemLoader Loading environment from /home/runner/work/key/key/key.core/../key.ui/examples/standard_key/arith/compound_unaryMinus.key 
65017      DEBUG main            d.u.i.k.p.i.AbstractProblemLoader Environment load took 128.5ns 
65018      INFO  main            d.u.i.k.p.i.AbstractProblemLoader Creating init config 
67829      DEBUG main            d.u.i.k.p.i.AbstractProblemLoader Init config took 2.81s 
67848      INFO  main            d.u.i.k.p.i.AbstractProblemLoader Replaying proof compound_unaryMinus.key 
67850      DEBUG main            d.u.i.k.p.i.IntermediateProofReplayer Proof replay took 6.6ns 
67956      INFO  main            d.u.i.k.p.r.p.TestFile    ... finished proof: closed. 
68155      INFO  main            d.u.i.k.p.i.AbstractProblemLoader Loading environment from /home/runner/work/key/key/key.core/../key.ui/examples/standard_key/arith/compound_unaryMinus.key.proof 
68156      DEBUG main            d.u.i.k.p.i.AbstractProblemLoader Environment load took 139.2ns 
68157      INFO  main            d.u.i.k.p.i.AbstractProblemLoader Creating init config 
70974      DEBUG main            d.u.i.k.p.i.AbstractProblemLoader Init config took 2.82s 
70994      INFO  main            d.u.i.k.p.i.AbstractProblemLoader Replaying proof compound_unaryMinus.key.proof 
71001      DEBUG main            d.u.i.k.p.i.IntermediateProofReplayer Proof replay took 4.76ms 
71002      DEBUG main            d.u.i.k.p.r.p.TestFile    ... success: reloaded. 

pass: Verifying property "provable" was successful for file: /home/runner/work/key/key/key.core/../key.ui/examples/standard_key/arith/compound_unaryMinus.key]]></system-out></testcase><testcase name="computation.key"  classname="runallproofs.arithmetic.arithmetic" time="0.000000"><system-out><![CDATA[71003      INFO  main            d.u.i.k.p.r.p.TestFile    Now processing file /home/runner/work/key/key/key.core/../key.ui/examples/standard_key/arith/computation.key 
71003      INFO  main            d.u.i.k.p.i.AbstractProblemLoader Loading environment from /home/runner/work/key/key/key.core/../key.ui/examples/standard_key/arith/computation.key 
71003      DEBUG main            d.u.i.k.p.i.AbstractProblemLoader Environment load took 119.8ns 
71004      INFO  main            d.u.i.k.p.i.AbstractProblemLoader Creating init config 
73860      DEBUG main            d.u.i.k.p.i.AbstractProblemLoader Init config took 2.86s 
73881      INFO  main            d.u.i.k.p.i.AbstractProblemLoader Replaying proof computation.key 
73885      DEBUG main            d.u.i.k.p.i.IntermediateProofReplayer Proof replay took 7.8ns 
75724      INFO  main            d.u.i.k.p.r.p.TestFile    ... finished proof: closed. 
75998      INFO  main            d.u.i.k.p.i.AbstractProblemLoader Loading environment from /home/runner/work/key/key/key.core/../key.ui/examples/standard_key/arith/computation.key.proof 
75999      DEBUG main            d.u.i.k.p.i.AbstractProblemLoader Environment load took 534.31ns 
76000      INFO  main            d.u.i.k.p.i.AbstractProblemLoader Creating init config 
78821      DEBUG main            d.u.i.k.p.i.AbstractProblemLoader Init config took 2.82s 
78842      INFO  main            d.u.i.k.p.i.AbstractProblemLoader Replaying proof computation.key.proof 
79028      DEBUG main            d.u.i.k.p.i.IntermediateProofReplayer Proof replay took 180.26ms 
79030      DEBUG main            d.u.i.k.p.r.p.TestFile    ... success: reloaded. 

pass: Verifying property "provable" was successful for file: /home/runner/work/key/key/key.core/../key.ui/examples/standard_key/arith/computation.key]]></system-out></testcase><testcase name="cubicSum.key"  classname="runallproofs.arithmetic.arithmetic" time="0.000000"><system-out><![CDATA[79031      INFO  main            d.u.i.k.p.r.p.TestFile    Now processing file /home/runner/work/key/key/key.core/../key.ui/examples/standard_key/arith/cubicSum.key 
79031      INFO  main            d.u.i.k.p.i.AbstractProblemLoader Loading environment from /home/runner/work/key/key/key.core/../key.ui/examples/standard_key/arith/cubicSum.key 
79031      DEBUG main            d.u.i.k.p.i.AbstractProblemLoader Environment load took 135.1ns 
79033      INFO  main            d.u.i.k.p.i.AbstractProblemLoader Creating init config 
82075      DEBUG main            d.u.i.k.p.i.AbstractProblemLoader Init config took 3.04s 
82096      INFO  main            d.u.i.k.p.i.AbstractProblemLoader Replaying proof cubicSum.key 
82098      DEBUG main            d.u.i.k.p.i.IntermediateProofReplayer Proof replay took 7.2ns 
83309      INFO  main            d.u.i.k.p.r.p.TestFile    ... finished proof: closed. 
83612      INFO  main            d.u.i.k.p.i.AbstractProblemLoader Loading environment from /home/runner/work/key/key/key.core/../key.ui/examples/standard_key/arith/cubicSum.key.proof 
83613      DEBUG main            d.u.i.k.p.i.AbstractProblemLoader Environment load took 538.11ns 
83615      INFO  main            d.u.i.k.p.i.AbstractProblemLoader Creating init config 
86645      DEBUG main            d.u.i.k.p.i.AbstractProblemLoader Init config took 3.03s 
86667      INFO  main            d.u.i.k.p.i.AbstractProblemLoader Replaying proof cubicSum.key.proof 
86809      DEBUG main            d.u.i.k.p.i.IntermediateProofReplayer Proof replay took 138ms 
86810      DEBUG main            d.u.i.k.p.r.p.TestFile    ... success: reloaded. 

pass: Verifying property "provable" was successful for file: /home/runner/work/key/key/key.core/../key.ui/examples/standard_key/arith/cubicSum.key]]></system-out></testcase><testcase name="divByZero.key"  classname="runallproofs.arithmetic.arithmetic" time="0.000000"><system-out><![CDATA[86812      INFO  main            d.u.i.k.p.r.p.TestFile    Now processing file /home/runner/work/key/key/key.core/../key.ui/examples/standard_key/arith/divByZero.key 
86812      INFO  main            d.u.i.k.p.i.AbstractProblemLoader Loading environment from /home/runner/work/key/key/key.core/../key.ui/examples/standard_key/arith/divByZero.key 
86812      DEBUG main            d.u.i.k.p.i.AbstractProblemLoader Environment load took 240ns 
86813      INFO  main            d.u.i.k.p.i.AbstractProblemLoader Creating init config 
89739      DEBUG main            d.u.i.k.p.i.AbstractProblemLoader Init config took 2.93s 
89758      INFO  main            d.u.i.k.p.i.AbstractProblemLoader Replaying proof divByZero.key 
89760      DEBUG main            d.u.i.k.p.i.IntermediateProofReplayer Proof replay took 6.3ns 
89963      INFO  main            d.u.i.k.p.r.p.TestFile    ... finished proof: closed. 
90206      INFO  main            d.u.i.k.p.i.AbstractProblemLoader Loading environment from /home/runner/work/key/key/key.core/../key.ui/examples/standard_key/arith/divByZero.key.proof 
90206      DEBUG main            d.u.i.k.p.i.AbstractProblemLoader Environment load took 127.5ns 
90207      INFO  main            d.u.i.k.p.i.AbstractProblemLoader Creating init config 
93078      DEBUG main            d.u.i.k.p.i.AbstractProblemLoader Init config took 2.87s 
93096      INFO  main            d.u.i.k.p.i.AbstractProblemLoader Replaying proof divByZero.key.proof 
93143      DEBUG main            d.u.i.k.p.i.IntermediateProofReplayer Proof replay took 44ms 
93144      DEBUG main            d.u.i.k.p.r.p.TestFile    ... success: reloaded. 

pass: Verifying property "provable" was successful for file: /home/runner/work/key/key/key.core/../key.ui/examples/standard_key/arith/divByZero.key]]></system-out></testcase><testcase name="divisionAssoc.key"  classname="runallproofs.arithmetic.arithmetic" time="0.000000"><system-out><![CDATA[93145      INFO  main            d.u.i.k.p.r.p.TestFile    Now processing file /home/runner/work/key/key/key.core/../key.ui/examples/standard_key/arith/divisionAssoc.key 
93145      INFO  main            d.u.i.k.p.i.AbstractProblemLoader Loading environment from /home/runner/work/key/key/key.core/../key.ui/examples/standard_key/arith/divisionAssoc.key 
93145      DEBUG main            d.u.i.k.p.i.AbstractProblemLoader Environment load took 186ns 
93146      INFO  main            d.u.i.k.p.i.AbstractProblemLoader Creating init config 
95987      DEBUG main            d.u.i.k.p.i.AbstractProblemLoader Init config took 2.84s 
96004      INFO  main            d.u.i.k.p.i.AbstractProblemLoader Replaying proof divisionAssoc.key 
96006      DEBUG main            d.u.i.k.p.i.IntermediateProofReplayer Proof replay took 8.2ns 
96852      INFO  main            d.u.i.k.p.r.p.TestFile    ... finished proof: closed. 
97089      INFO  main            d.u.i.k.p.i.AbstractProblemLoader Loading environment from /home/runner/work/key/key/key.core/../key.ui/examples/standard_key/arith/divisionAssoc.key.proof 
97090      DEBUG main            d.u.i.k.p.i.AbstractProblemLoader Environment load took 493.81ns 
97092      INFO  main            d.u.i.k.p.i.AbstractProblemLoader Creating init config 
99969      DEBUG main            d.u.i.k.p.i.AbstractProblemLoader Init config took 2.88s 
99986      INFO  main            d.u.i.k.p.i.AbstractProblemLoader Replaying proof divisionAssoc.key.proof 
100054     DEBUG main            d.u.i.k.p.i.IntermediateProofReplayer Proof replay took 63.64ms 
100056     DEBUG main            d.u.i.k.p.r.p.TestFile    ... success: reloaded. 

pass: Verifying property "provable" was successful for file: /home/runner/work/key/key/key.core/../key.ui/examples/standard_key/arith/divisionAssoc.key]]></system-out></testcase><testcase name="divisionBy2.key"  classname="runallproofs.arithmetic.arithmetic" time="0.000000"><system-out><![CDATA[100057     INFO  main            d.u.i.k.p.r.p.TestFile    Now processing file /home/runner/work/key/key/key.core/../key.ui/examples/standard_key/arith/divisionBy2.key 
100057     INFO  main            d.u.i.k.p.i.AbstractProblemLoader Loading environment from /home/runner/work/key/key/key.core/../key.ui/examples/standard_key/arith/divisionBy2.key 
100058     DEBUG main            d.u.i.k.p.i.AbstractProblemLoader Environment load took 247.6ns 
100059     INFO  main            d.u.i.k.p.i.AbstractProblemLoader Creating init config 
102858     DEBUG main            d.u.i.k.p.i.AbstractProblemLoader Init config took 2.8s 
102874     INFO  main            d.u.i.k.p.i.AbstractProblemLoader Replaying proof divisionBy2.key 
102876     DEBUG main            d.u.i.k.p.i.IntermediateProofReplayer Proof replay took 6.6ns 
102979     INFO  main            d.u.i.k.p.r.p.TestFile    ... finished proof: closed. 
103245     INFO  main            d.u.i.k.p.i.AbstractProblemLoader Loading environment from /home/runner/work/key/key/key.core/../key.ui/examples/standard_key/arith/divisionBy2.key.proof 
103245     DEBUG main            d.u.i.k.p.i.AbstractProblemLoader Environment load took 123.7ns 
103246     INFO  main            d.u.i.k.p.i.AbstractProblemLoader Creating init config 
106058     DEBUG main            d.u.i.k.p.i.AbstractProblemLoader Init config took 2.81s 
106074     INFO  main            d.u.i.k.p.i.AbstractProblemLoader Replaying proof divisionBy2.key.proof 
106083     DEBUG main            d.u.i.k.p.i.IntermediateProofReplayer Proof replay took 7.64ms 
106084     DEBUG main            d.u.i.k.p.r.p.TestFile    ... success: reloaded. 

pass: Verifying property "provable" was successful for file: /home/runner/work/key/key/key.core/../key.ui/examples/standard_key/arith/divisionBy2.key]]></system-out></testcase><testcase name="gcdHelp-post.key"  classname="runallproofs.arithmetic.arithmetic" time="0.000000"><system-out><![CDATA[106085     INFO  main            d.u.i.k.p.r.p.TestFile    Now processing file /home/runner/work/key/key/key.core/../key.ui/examples/standard_key/arith/euclidean/gcdHelp-post.key 
106086     INFO  main            d.u.i.k.p.i.AbstractProblemLoader Loading environment from /home/runner/work/key/key/key.core/../key.ui/examples/standard_key/arith/euclidean/gcdHelp-post.key 
106086     DEBUG main            d.u.i.k.p.i.AbstractProblemLoader Environment load took 240.5ns 
106087     INFO  main            d.u.i.k.p.i.AbstractProblemLoader Creating init config 
109092     DEBUG main            d.u.i.k.p.i.AbstractProblemLoader Init config took 3s 
109110     INFO  main            d.u.i.k.p.i.AbstractProblemLoader Replaying proof gcdHelp-post.key 
109112     DEBUG main            d.u.i.k.p.i.IntermediateProofReplayer Proof replay took 7.2ns 
113156     INFO  main            d.u.i.k.p.r.p.TestFile    ... finished proof: closed. 
113441     INFO  main            d.u.i.k.p.i.AbstractProblemLoader Loading environment from /home/runner/work/key/key/key.core/../key.ui/examples/standard_key/arith/euclidean/gcdHelp-post.key.proof 
113441     DEBUG main            d.u.i.k.p.i.AbstractProblemLoader Environment load took 501.21ns 
113446     INFO  main            d.u.i.k.p.i.AbstractProblemLoader Creating init config 
116360     DEBUG main            d.u.i.k.p.i.AbstractProblemLoader Init config took 2.91s 
116385     INFO  main            d.u.i.k.p.i.AbstractProblemLoader Replaying proof gcdHelp-post.key.proof 
116696     DEBUG main            d.u.i.k.p.i.IntermediateProofReplayer Proof replay took 282.64ms 
116698     DEBUG main            d.u.i.k.p.r.p.TestFile    ... success: reloaded. 

pass: Verifying property "provable" was successful for file: /home/runner/work/key/key/key.core/../key.ui/examples/standard_key/arith/euclidean/gcdHelp-post.key]]></system-out></testcase><testcase name="add.key"  classname="runallproofs.arithmetic.arithmetic" time="0.000000"><system-out><![CDATA[116699     INFO  main            d.u.i.k.p.r.p.TestFile    Now processing file /home/runner/work/key/key/key.core/../key.ui/examples/standard_key/arith/gemplusDecimal/add.key 
116699     INFO  main            d.u.i.k.p.i.AbstractProblemLoader Loading environment from /home/runner/work/key/key/key.core/../key.ui/examples/standard_key/arith/gemplusDecimal/add.key 
116700     DEBUG main            d.u.i.k.p.i.AbstractProblemLoader Environment load took 282.91ns 
116703     INFO  main            d.u.i.k.p.i.AbstractProblemLoader Creating init config 
119643     DEBUG main            d.u.i.k.p.i.AbstractProblemLoader Init config took 2.94s 
119665     INFO  main            d.u.i.k.p.i.AbstractProblemLoader Replaying proof add.key 
119667     DEBUG main            d.u.i.k.p.i.IntermediateProofReplayer Proof replay took 7.3ns 
170305     INFO  main            d.u.i.k.p.r.p.TestFile    ... finished proof: closed. 
170744     INFO  main            d.u.i.k.p.i.AbstractProblemLoader Loading environment from /home/runner/work/key/key/key.core/../key.ui/examples/standard_key/arith/gemplusDecimal/add.key.proof 
170744     DEBUG main            d.u.i.k.p.i.AbstractProblemLoader Environment load took 466.31ns 
170753     INFO  main            d.u.i.k.p.i.AbstractProblemLoader Creating init config 
173577     DEBUG main            d.u.i.k.p.i.AbstractProblemLoader Init config took 2.82s 
173599     INFO  main            d.u.i.k.p.i.AbstractProblemLoader Replaying proof add.key.proof 
178595     DEBUG main            d.u.i.k.p.i.IntermediateProofReplayer Proof replay took 4.86s 
178604     DEBUG main            d.u.i.k.p.r.p.TestFile    ... success: reloaded. 

pass: Verifying property "provable" was successful for file: /home/runner/work/key/key/key.core/../key.ui/examples/standard_key/arith/gemplusDecimal/add.key]]></system-out></testcase><testcase name="jdivevenodd.key"  classname="runallproofs.arithmetic.arithmetic" time="0.000000"><system-out><![CDATA[178605     INFO  main            d.u.i.k.p.r.p.TestFile    Now processing file /home/runner/work/key/key/key.core/../key.ui/examples/standard_key/arith/jdivevenodd.key 
178606     INFO  main            d.u.i.k.p.i.AbstractProblemLoader Loading environment from /home/runner/work/key/key/key.core/../key.ui/examples/standard_key/arith/jdivevenodd.key 
178606     DEBUG main            d.u.i.k.p.i.AbstractProblemLoader Environment load took 127.3ns 
178607     INFO  main            d.u.i.k.p.i.AbstractProblemLoader Creating init config 
181566     DEBUG main            d.u.i.k.p.i.AbstractProblemLoader Init config took 2.96s 
181583     INFO  main            d.u.i.k.p.i.AbstractProblemLoader Replaying proof jdivevenodd.key 
181584     DEBUG main            d.u.i.k.p.i.IntermediateProofReplayer Proof replay took 6.4ns 
181787     INFO  main            d.u.i.k.p.r.p.TestFile    ... finished proof: closed. 
182186     INFO  main            d.u.i.k.p.i.AbstractProblemLoader Loading environment from /home/runner/work/key/key/key.core/../key.ui/examples/standard_key/arith/jdivevenodd.key.proof 
182188     DEBUG main            d.u.i.k.p.i.AbstractProblemLoader Environment load took 1.09ms 
182189     INFO  main            d.u.i.k.p.i.AbstractProblemLoader Creating init config 
185028     DEBUG main            d.u.i.k.p.i.AbstractProblemLoader Init config took 2.84s 
185043     INFO  main            d.u.i.k.p.i.AbstractProblemLoader Replaying proof jdivevenodd.key.proof 
185068     DEBUG main            d.u.i.k.p.i.IntermediateProofReplayer Proof replay took 21.31ms 
185069     DEBUG main            d.u.i.k.p.r.p.TestFile    ... success: reloaded. 

pass: Verifying property "provable" was successful for file: /home/runner/work/key/key/key.core/../key.ui/examples/standard_key/arith/jdivevenodd.key]]></system-out></testcase><testcase name="median.key"  classname="runallproofs.arithmetic.arithmetic" time="0.000000"><system-out><![CDATA[185070     INFO  main            d.u.i.k.p.r.p.TestFile    Now processing file /home/runner/work/key/key/key.core/../key.ui/examples/standard_key/arith/median.key 
185071     INFO  main            d.u.i.k.p.i.AbstractProblemLoader Loading environment from /home/runner/work/key/key/key.core/../key.ui/examples/standard_key/arith/median.key 
185071     DEBUG main            d.u.i.k.p.i.AbstractProblemLoader Environment load took 270.81ns 
185073     INFO  main            d.u.i.k.p.i.AbstractProblemLoader Creating init config 
187912     DEBUG main            d.u.i.k.p.i.AbstractProblemLoader Init config took 2.84s 
187930     INFO  main            d.u.i.k.p.i.AbstractProblemLoader Replaying proof median.key 
187932     DEBUG main            d.u.i.k.p.i.IntermediateProofReplayer Proof replay took 6.7ns 
206109     INFO  main            d.u.i.k.p.r.p.TestFile    ... finished proof: closed. 
206491     INFO  main            d.u.i.k.p.i.AbstractProblemLoader Loading environment from /home/runner/work/key/key/key.core/../key.ui/examples/standard_key/arith/median.key.proof 
206492     DEBUG main            d.u.i.k.p.i.AbstractProblemLoader Environment load took 660.81ns 
206496     INFO  main            d.u.i.k.p.i.AbstractProblemLoader Creating init config 
209285     DEBUG main            d.u.i.k.p.i.AbstractProblemLoader Init config took 2.79s 
209302     INFO  main            d.u.i.k.p.i.AbstractProblemLoader Replaying proof median.key.proof 
210870     DEBUG main            d.u.i.k.p.i.IntermediateProofReplayer Proof replay took 1.52s 
210874     DEBUG main            d.u.i.k.p.r.p.TestFile    ... success: reloaded. 

pass: Verifying property "provable" was successful for file: /home/runner/work/key/key/key.core/../key.ui/examples/standard_key/arith/median.key]]></system-out></testcase><testcase name="mod1.key"  classname="runallproofs.arithmetic.arithmetic" time="0.000000"><system-out><![CDATA[210875     INFO  main            d.u.i.k.p.r.p.TestFile    Now processing file /home/runner/work/key/key/key.core/../key.ui/examples/standard_key/arith/mod1.key 
210875     INFO  main            d.u.i.k.p.i.AbstractProblemLoader Loading environment from /home/runner/work/key/key/key.core/../key.ui/examples/standard_key/arith/mod1.key 
210875     DEBUG main            d.u.i.k.p.i.AbstractProblemLoader Environment load took 224.7ns 
210876     INFO  main            d.u.i.k.p.i.AbstractProblemLoader Creating init config 
213693     DEBUG main            d.u.i.k.p.i.AbstractProblemLoader Init config took 2.82s 
213707     INFO  main            d.u.i.k.p.i.AbstractProblemLoader Replaying proof mod1.key 
213710     DEBUG main            d.u.i.k.p.i.IntermediateProofReplayer Proof replay took 7.8ns 
213816     INFO  main            d.u.i.k.p.r.p.TestFile    ... finished proof: closed. 
214193     INFO  main            d.u.i.k.p.i.AbstractProblemLoader Loading environment from /home/runner/work/key/key/key.core/../key.ui/examples/standard_key/arith/mod1.key.proof 
214194     DEBUG main            d.u.i.k.p.i.AbstractProblemLoader Environment load took 120.5ns 
214195     INFO  main            d.u.i.k.p.i.AbstractProblemLoader Creating init config 
216951     DEBUG main            d.u.i.k.p.i.AbstractProblemLoader Init config took 2.76s 
216970     INFO  main            d.u.i.k.p.i.AbstractProblemLoader Replaying proof mod1.key.proof 
216975     DEBUG main            d.u.i.k.p.i.IntermediateProofReplayer Proof replay took 2.99ms 
216976     DEBUG main            d.u.i.k.p.r.p.TestFile    ... success: reloaded. 

pass: Verifying property "provable" was successful for file: /home/runner/work/key/key/key.core/../key.ui/examples/standard_key/arith/mod1.key]]></system-out></testcase><testcase name="mod2.key"  classname="runallproofs.arithmetic.arithmetic" time="0.000000"><system-out><![CDATA[216977     INFO  main            d.u.i.k.p.r.p.TestFile    Now processing file /home/runner/work/key/key/key.core/../key.ui/examples/standard_key/arith/mod2.key 
216977     INFO  main            d.u.i.k.p.i.AbstractProblemLoader Loading environment from /home/runner/work/key/key/key.core/../key.ui/examples/standard_key/arith/mod2.key 
216978     DEBUG main            d.u.i.k.p.i.AbstractProblemLoader Environment load took 302.81ns 
216979     INFO  main            d.u.i.k.p.i.AbstractProblemLoader Creating init config 
219722     DEBUG main            d.u.i.k.p.i.AbstractProblemLoader Init config took 2.74s 
219736     INFO  main            d.u.i.k.p.i.AbstractProblemLoader Replaying proof mod2.key 
219737     DEBUG main            d.u.i.k.p.i.IntermediateProofReplayer Proof replay took 5.9ns 
219839     INFO  main            d.u.i.k.p.r.p.TestFile    ... finished proof: closed. 
220107     INFO  main            d.u.i.k.p.i.AbstractProblemLoader Loading environment from /home/runner/work/key/key/key.core/../key.ui/examples/standard_key/arith/mod2.key.proof 
220107     DEBUG main            d.u.i.k.p.i.AbstractProblemLoader Environment load took 130.9ns 
220108     INFO  main            d.u.i.k.p.i.AbstractProblemLoader Creating init config 
222893     DEBUG main            d.u.i.k.p.i.AbstractProblemLoader Init config took 2.78s 
222907     INFO  main            d.u.i.k.p.i.AbstractProblemLoader Replaying proof mod2.key.proof 
222911     DEBUG main            d.u.i.k.p.i.IntermediateProofReplayer Proof replay took 2ms 
222912     DEBUG main            d.u.i.k.p.r.p.TestFile    ... success: reloaded. 

pass: Verifying property "provable" was successful for file: /home/runner/work/key/key/key.core/../key.ui/examples/standard_key/arith/mod2.key]]></system-out></testcase><testcase name="mod7.key"  classname="runallproofs.arithmetic.arithmetic" time="0.000000"><system-out><![CDATA[222913     INFO  main            d.u.i.k.p.r.p.TestFile    Now processing file /home/runner/work/key/key/key.core/../key.ui/examples/standard_key/arith/mod7.key 
222913     INFO  main            d.u.i.k.p.i.AbstractProblemLoader Loading environment from /home/runner/work/key/key/key.core/../key.ui/examples/standard_key/arith/mod7.key 
222913     DEBUG main            d.u.i.k.p.i.AbstractProblemLoader Environment load took 129ns 
222915     INFO  main            d.u.i.k.p.i.AbstractProblemLoader Creating init config 
225681     DEBUG main            d.u.i.k.p.i.AbstractProblemLoader Init config took 2.77s 
225695     INFO  main            d.u.i.k.p.i.AbstractProblemLoader Replaying proof mod7.key 
225696     DEBUG main            d.u.i.k.p.i.IntermediateProofReplayer Proof replay took 6.6ns 
225798     INFO  main            d.u.i.k.p.r.p.TestFile    ... finished proof: closed. 
226063     INFO  main            d.u.i.k.p.i.AbstractProblemLoader Loading environment from /home/runner/work/key/key/key.core/../key.ui/examples/standard_key/arith/mod7.key.proof 
226063     DEBUG main            d.u.i.k.p.i.AbstractProblemLoader Environment load took 129.5ns 
226065     INFO  main            d.u.i.k.p.i.AbstractProblemLoader Creating init config 
228805     DEBUG main            d.u.i.k.p.i.AbstractProblemLoader Init config took 2.74s 
228821     INFO  main            d.u.i.k.p.i.AbstractProblemLoader Replaying proof mod7.key.proof 
228831     DEBUG main            d.u.i.k.p.i.IntermediateProofReplayer Proof replay took 7.22ms 
228832     DEBUG main            d.u.i.k.p.r.p.TestFile    ... success: reloaded. 

pass: Verifying property "provable" was successful for file: /home/runner/work/key/key/key.core/../key.ui/examples/standard_key/arith/mod7.key]]></system-out></testcase><testcase name="overflow_hija.key"  classname="runallproofs.arithmetic.arithmetic" time="0.000000"><system-out><![CDATA[228833     INFO  main            d.u.i.k.p.r.p.TestFile    Now processing file /home/runner/work/key/key/key.core/../key.ui/examples/standard_key/arith/overflow_hija.key 
228833     INFO  main            d.u.i.k.p.i.AbstractProblemLoader Loading environment from /home/runner/work/key/key/key.core/../key.ui/examples/standard_key/arith/overflow_hija.key 
228834     DEBUG main            d.u.i.k.p.i.AbstractProblemLoader Environment load took 223ns 
228837     INFO  main            d.u.i.k.p.i.AbstractProblemLoader Creating init config 
231628     DEBUG main            d.u.i.k.p.i.AbstractProblemLoader Init config took 2.79s 
231645     INFO  main            d.u.i.k.p.i.AbstractProblemLoader Replaying proof overflow_hija.key 
231647     DEBUG main            d.u.i.k.p.i.IntermediateProofReplayer Proof replay took 6.2ns 
237053     INFO  main            d.u.i.k.p.r.p.TestFile    ... finished proof: closed. 
237395     INFO  main            d.u.i.k.p.i.AbstractProblemLoader Loading environment from /home/runner/work/key/key/key.core/../key.ui/examples/standard_key/arith/overflow_hija.key.proof 
237395     DEBUG main            d.u.i.k.p.i.AbstractProblemLoader Environment load took 230.5ns 
237397     INFO  main            d.u.i.k.p.i.AbstractProblemLoader Creating init config 
240168     DEBUG main            d.u.i.k.p.i.AbstractProblemLoader Init config took 2.77s 
240188     INFO  main            d.u.i.k.p.i.AbstractProblemLoader Replaying proof overflow_hija.key.proof 
240627     DEBUG main            d.u.i.k.p.i.IntermediateProofReplayer Proof replay took 428.24ms 
240629     DEBUG main            d.u.i.k.p.r.p.TestFile    ... success: reloaded. 

pass: Verifying property "provable" was successful for file: /home/runner/work/key/key/key.core/../key.ui/examples/standard_key/arith/overflow_hija.key]]></system-out></testcase><testcase name="poly_division0.key"  classname="runallproofs.arithmetic.arithmetic" time="0.000000"><system-out><![CDATA[240630     INFO  main            d.u.i.k.p.r.p.TestFile    Now processing file /home/runner/work/key/key/key.core/../key.ui/examples/standard_key/arith/poly_division0.key 
240630     INFO  main            d.u.i.k.p.i.AbstractProblemLoader Loading environment from /home/runner/work/key/key/key.core/../key.ui/examples/standard_key/arith/poly_division0.key 
240631     DEBUG main            d.u.i.k.p.i.AbstractProblemLoader Environment load took 293.91ns 
240632     INFO  main            d.u.i.k.p.i.AbstractProblemLoader Creating init config 
243531     DEBUG main            d.u.i.k.p.i.AbstractProblemLoader Init config took 2.9s 
243544     INFO  main            d.u.i.k.p.i.AbstractProblemLoader Replaying proof poly_division0.key 
243545     DEBUG main            d.u.i.k.p.i.IntermediateProofReplayer Proof replay took 6.7ns 
243652     INFO  main            d.u.i.k.p.r.p.TestFile    ... finished proof: closed. 
244013     INFO  main            d.u.i.k.p.i.AbstractProblemLoader Loading environment from /home/runner/work/key/key/key.core/../key.ui/examples/standard_key/arith/poly_division0.key.proof 
244013     DEBUG main            d.u.i.k.p.i.AbstractProblemLoader Environment load took 129.6ns 
244019     INFO  main            d.u.i.k.p.i.AbstractProblemLoader Creating init config 
246753     DEBUG main            d.u.i.k.p.i.AbstractProblemLoader Init config took 2.73s 
246768     INFO  main            d.u.i.k.p.i.AbstractProblemLoader Replaying proof poly_division0.key.proof 
246782     DEBUG main            d.u.i.k.p.i.IntermediateProofReplayer Proof replay took 11.47ms 
246783     DEBUG main            d.u.i.k.p.r.p.TestFile    ... success: reloaded. 

pass: Verifying property "provable" was successful for file: /home/runner/work/key/key/key.core/../key.ui/examples/standard_key/arith/poly_division0.key]]></system-out></testcase><testcase name="poly_division1.key"  classname="runallproofs.arithmetic.arithmetic" time="0.000000"><system-out><![CDATA[246784     INFO  main            d.u.i.k.p.r.p.TestFile    Now processing file /home/runner/work/key/key/key.core/../key.ui/examples/standard_key/arith/poly_division1.key 
246784     INFO  main            d.u.i.k.p.i.AbstractProblemLoader Loading environment from /home/runner/work/key/key/key.core/../key.ui/examples/standard_key/arith/poly_division1.key 
246784     DEBUG main            d.u.i.k.p.i.AbstractProblemLoader Environment load took 106.8ns 
246785     INFO  main            d.u.i.k.p.i.AbstractProblemLoader Creating init config 
249508     DEBUG main            d.u.i.k.p.i.AbstractProblemLoader Init config took 2.72s 
249522     INFO  main            d.u.i.k.p.i.AbstractProblemLoader Replaying proof poly_division1.key 
249523     DEBUG main            d.u.i.k.p.i.IntermediateProofReplayer Proof replay took 7.1ns 
249626     INFO  main            d.u.i.k.p.r.p.TestFile    ... finished proof: closed. 
249916     INFO  main            d.u.i.k.p.i.AbstractProblemLoader Loading environment from /home/runner/work/key/key/key.core/../key.ui/examples/standard_key/arith/poly_division1.key.proof 
249916     DEBUG main            d.u.i.k.p.i.AbstractProblemLoader Environment load took 116.6ns 
249918     INFO  main            d.u.i.k.p.i.AbstractProblemLoader Creating init config 
252578     DEBUG main            d.u.i.k.p.i.AbstractProblemLoader Init config took 2.66s 
252593     INFO  main            d.u.i.k.p.i.AbstractProblemLoader Replaying proof poly_division1.key.proof 
252603     DEBUG main            d.u.i.k.p.i.IntermediateProofReplayer Proof replay took 8.26ms 
252604     DEBUG main            d.u.i.k.p.r.p.TestFile    ... success: reloaded. 

pass: Verifying property "provable" was successful for file: /home/runner/work/key/key/key.core/../key.ui/examples/standard_key/arith/poly_division1.key]]></system-out></testcase><testcase name="division.key"  classname="runallproofs.arithmetic.arithmetic" time="0.000000"><system-out><![CDATA[252605     INFO  main            d.u.i.k.p.r.p.TestFile    Now processing file /home/runner/work/key/key/key.core/../key.ui/examples/standard_key/inEqSimp/division.key 
252605     INFO  main            d.u.i.k.p.i.AbstractProblemLoader Loading environment from /home/runner/work/key/key/key.core/../key.ui/examples/standard_key/inEqSimp/division.key 
252605     DEBUG main            d.u.i.k.p.i.AbstractProblemLoader Environment load took 87ns 
252606     INFO  main            d.u.i.k.p.i.AbstractProblemLoader Creating init config 
255417     DEBUG main            d.u.i.k.p.i.AbstractProblemLoader Init config took 2.81s 
255432     INFO  main            d.u.i.k.p.i.AbstractProblemLoader Replaying proof division.key 
255434     DEBUG main            d.u.i.k.p.i.IntermediateProofReplayer Proof replay took 6.5ns 
257770     INFO  main            d.u.i.k.p.r.p.TestFile    ... finished proof: closed. 
258104     INFO  main            d.u.i.k.p.i.AbstractProblemLoader Loading environment from /home/runner/work/key/key/key.core/../key.ui/examples/standard_key/inEqSimp/division.key.proof 
258104     DEBUG main            d.u.i.k.p.i.AbstractProblemLoader Environment load took 456.81ns 
258106     INFO  main            d.u.i.k.p.i.AbstractProblemLoader Creating init config 
260800     DEBUG main            d.u.i.k.p.i.AbstractProblemLoader Init config took 2.69s 
260815     INFO  main            d.u.i.k.p.i.AbstractProblemLoader Replaying proof division.key.proof 
260918     DEBUG main            d.u.i.k.p.i.IntermediateProofReplayer Proof replay took 94.16ms 
260919     DEBUG main            d.u.i.k.p.r.p.TestFile    ... success: reloaded. 

pass: Verifying property "provable" was successful for file: /home/runner/work/key/key/key.core/../key.ui/examples/standard_key/inEqSimp/division.key]]></system-out></testcase><testcase name="inequations0.key"  classname="runallproofs.arithmetic.arithmetic" time="0.000000"><system-out><![CDATA[260920     INFO  main            d.u.i.k.p.r.p.TestFile    Now processing file /home/runner/work/key/key/key.core/../key.ui/examples/standard_key/inEqSimp/inequations0.key 
260921     INFO  main            d.u.i.k.p.i.AbstractProblemLoader Loading environment from /home/runner/work/key/key/key.core/../key.ui/examples/standard_key/inEqSimp/inequations0.key 
260921     DEBUG main            d.u.i.k.p.i.AbstractProblemLoader Environment load took 249.41ns 
260922     INFO  main            d.u.i.k.p.i.AbstractProblemLoader Creating init config 
263801     DEBUG main            d.u.i.k.p.i.AbstractProblemLoader Init config took 2.88s 
263814     INFO  main            d.u.i.k.p.i.AbstractProblemLoader Replaying proof inequations0.key 
263816     DEBUG main            d.u.i.k.p.i.IntermediateProofReplayer Proof replay took 46.5ns 
263921     INFO  main            d.u.i.k.p.r.p.TestFile    ... finished proof: closed. 
264252     INFO  main            d.u.i.k.p.i.AbstractProblemLoader Loading environment from /home/runner/work/key/key/key.core/../key.ui/examples/standard_key/inEqSimp/inequations0.key.proof 
264253     DEBUG main            d.u.i.k.p.i.AbstractProblemLoader Environment load took 114.3ns 
264255     INFO  main            d.u.i.k.p.i.AbstractProblemLoader Creating init config 
266955     DEBUG main            d.u.i.k.p.i.AbstractProblemLoader Init config took 2.7s 
266974     INFO  main            d.u.i.k.p.i.AbstractProblemLoader Replaying proof inequations0.key.proof 
266980     DEBUG main            d.u.i.k.p.i.IntermediateProofReplayer Proof replay took 3.4ms 
266981     DEBUG main            d.u.i.k.p.r.p.TestFile    ... success: reloaded. 

pass: Verifying property "provable" was successful for file: /home/runner/work/key/key/key.core/../key.ui/examples/standard_key/inEqSimp/inequations0.key]]></system-out></testcase><testcase name="inequations1.key"  classname="runallproofs.arithmetic.arithmetic" time="0.000000"><system-out><![CDATA[266982     INFO  main            d.u.i.k.p.r.p.TestFile    Now processing file /home/runner/work/key/key/key.core/../key.ui/examples/standard_key/inEqSimp/inequations1.key 
266983     INFO  main            d.u.i.k.p.i.AbstractProblemLoader Loading environment from /home/runner/work/key/key/key.core/../key.ui/examples/standard_key/inEqSimp/inequations1.key 
266987     DEBUG main            d.u.i.k.p.i.AbstractProblemLoader Environment load took 3.9ms 
266990     INFO  main            d.u.i.k.p.i.AbstractProblemLoader Creating init config 
269789     DEBUG main            d.u.i.k.p.i.AbstractProblemLoader Init config took 2.8s 
269802     INFO  main            d.u.i.k.p.i.AbstractProblemLoader Replaying proof inequations1.key 
269804     DEBUG main            d.u.i.k.p.i.IntermediateProofReplayer Proof replay took 3.1ns 
269905     INFO  main            d.u.i.k.p.r.p.TestFile    ... finished proof: closed. 
270214     INFO  main            d.u.i.k.p.i.AbstractProblemLoader Loading environment from /home/runner/work/key/key/key.core/../key.ui/examples/standard_key/inEqSimp/inequations1.key.proof 
270215     DEBUG main            d.u.i.k.p.i.AbstractProblemLoader Environment load took 484.51ns 
270216     INFO  main            d.u.i.k.p.i.AbstractProblemLoader Creating init config 
272932     DEBUG main            d.u.i.k.p.i.AbstractProblemLoader Init config took 2.72s 
272949     INFO  main            d.u.i.k.p.i.AbstractProblemLoader Replaying proof inequations1.key.proof 
272953     DEBUG main            d.u.i.k.p.i.IntermediateProofReplayer Proof replay took 2.05ms 
272954     DEBUG main            d.u.i.k.p.r.p.TestFile    ... success: reloaded. 

pass: Verifying property "provable" was successful for file: /home/runner/work/key/key/key.core/../key.ui/examples/standard_key/inEqSimp/inequations1.key]]></system-out></testcase><testcase name="inequations2.key"  classname="runallproofs.arithmetic.arithmetic" time="0.000000"><system-out><![CDATA[272955     INFO  main            d.u.i.k.p.r.p.TestFile    Now processing file /home/runner/work/key/key/key.core/../key.ui/examples/standard_key/inEqSimp/inequations2.key 
272955     INFO  main            d.u.i.k.p.i.AbstractProblemLoader Loading environment from /home/runner/work/key/key/key.core/../key.ui/examples/standard_key/inEqSimp/inequations2.key 
272955     DEBUG main            d.u.i.k.p.i.AbstractProblemLoader Environment load took 82.2ns 
272957     INFO  main            d.u.i.k.p.i.AbstractProblemLoader Creating init config 
275789     DEBUG main            d.u.i.k.p.i.AbstractProblemLoader Init config took 2.83s 
275802     INFO  main            d.u.i.k.p.i.AbstractProblemLoader Replaying proof inequations2.key 
275804     DEBUG main            d.u.i.k.p.i.IntermediateProofReplayer Proof replay took 3.2ns 
275905     INFO  main            d.u.i.k.p.r.p.TestFile    ... finished proof: closed. 
276221     INFO  main            d.u.i.k.p.i.AbstractProblemLoader Loading environment from /home/runner/work/key/key/key.core/../key.ui/examples/standard_key/inEqSimp/inequations2.key.proof 
276222     DEBUG main            d.u.i.k.p.i.AbstractProblemLoader Environment load took 101.8ns 
276223     INFO  main            d.u.i.k.p.i.AbstractProblemLoader Creating init config 
278943     DEBUG main            d.u.i.k.p.i.AbstractProblemLoader Init config took 2.72s 
278957     INFO  main            d.u.i.k.p.i.AbstractProblemLoader Replaying proof inequations2.key.proof 
278961     DEBUG main            d.u.i.k.p.i.IntermediateProofReplayer Proof replay took 2.01ms 
278962     DEBUG main            d.u.i.k.p.r.p.TestFile    ... success: reloaded. 

pass: Verifying property "provable" was successful for file: /home/runner/work/key/key/key.core/../key.ui/examples/standard_key/inEqSimp/inequations2.key]]></system-out></testcase><testcase name="linApprox.key"  classname="runallproofs.arithmetic.arithmetic" time="0.000000"><system-out><![CDATA[278962     INFO  main            d.u.i.k.p.r.p.TestFile    Now processing file /home/runner/work/key/key/key.core/../key.ui/examples/standard_key/inEqSimp/linApprox.key 
278963     INFO  main            d.u.i.k.p.i.AbstractProblemLoader Loading environment from /home/runner/work/key/key/key.core/../key.ui/examples/standard_key/inEqSimp/linApprox.key 
278963     DEBUG main            d.u.i.k.p.i.AbstractProblemLoader Environment load took 259.31ns 
278964     INFO  main            d.u.i.k.p.i.AbstractProblemLoader Creating init config 
281718     DEBUG main            d.u.i.k.p.i.AbstractProblemLoader Init config took 2.75s 
281733     INFO  main            d.u.i.k.p.i.AbstractProblemLoader Replaying proof linApprox.key 
281735     DEBUG main            d.u.i.k.p.i.IntermediateProofReplayer Proof replay took 3.4ns 
281837     INFO  main            d.u.i.k.p.r.p.TestFile    ... finished proof: closed. 
282178     INFO  main            d.u.i.k.p.i.AbstractProblemLoader Loading environment from /home/runner/work/key/key/key.core/../key.ui/examples/standard_key/inEqSimp/linApprox.key.proof 
282178     DEBUG main            d.u.i.k.p.i.AbstractProblemLoader Environment load took 113.1ns 
282180     INFO  main            d.u.i.k.p.i.AbstractProblemLoader Creating init config 
284982     DEBUG main            d.u.i.k.p.i.AbstractProblemLoader Init config took 2.8s 
284995     INFO  main            d.u.i.k.p.i.AbstractProblemLoader Replaying proof linApprox.key.proof 
285001     DEBUG main            d.u.i.k.p.i.IntermediateProofReplayer Proof replay took 4.74ms 
285002     DEBUG main            d.u.i.k.p.r.p.TestFile    ... success: reloaded. 

pass: Verifying property "provable" was successful for file: /home/runner/work/key/key/key.core/../key.ui/examples/standard_key/inEqSimp/linApprox.key]]></system-out></testcase><testcase name="nonLinInEqExample0.key"  classname="runallproofs.arithmetic.arithmetic" time="0.000000"><system-out><![CDATA[285003     INFO  main            d.u.i.k.p.r.p.TestFile    Now processing file /home/runner/work/key/key/key.core/../key.ui/examples/standard_key/inEqSimp/nonLinInEqExample0.key 
285003     INFO  main            d.u.i.k.p.i.AbstractProblemLoader Loading environment from /home/runner/work/key/key/key.core/../key.ui/examples/standard_key/inEqSimp/nonLinInEqExample0.key 
285003     DEBUG main            d.u.i.k.p.i.AbstractProblemLoader Environment load took 137.8ns 
285004     INFO  main            d.u.i.k.p.i.AbstractProblemLoader Creating init config 
287705     DEBUG main            d.u.i.k.p.i.AbstractProblemLoader Init config took 2.7s 
287719     INFO  main            d.u.i.k.p.i.AbstractProblemLoader Replaying proof nonLinInEqExample0.key 
287722     DEBUG main            d.u.i.k.p.i.IntermediateProofReplayer Proof replay took 3.5ns 
287823     INFO  main            d.u.i.k.p.r.p.TestFile    ... finished proof: closed. 
288156     INFO  main            d.u.i.k.p.i.AbstractProblemLoader Loading environment from /home/runner/work/key/key/key.core/../key.ui/examples/standard_key/inEqSimp/nonLinInEqExample0.key.proof 
288156     DEBUG main            d.u.i.k.p.i.AbstractProblemLoader Environment load took 115.9ns 
288158     INFO  main            d.u.i.k.p.i.AbstractProblemLoader Creating init config 
290826     DEBUG main            d.u.i.k.p.i.AbstractProblemLoader Init config took 2.67s 
290839     INFO  main            d.u.i.k.p.i.AbstractProblemLoader Replaying proof nonLinInEqExample0.key.proof 
290841     DEBUG main            d.u.i.k.p.i.IntermediateProofReplayer Proof replay took 1.08ms 
290842     DEBUG main            d.u.i.k.p.r.p.TestFile    ... success: reloaded. 

pass: Verifying property "provable" was successful for file: /home/runner/work/key/key/key.core/../key.ui/examples/standard_key/inEqSimp/nonLinInEqExample0.key]]></system-out></testcase><testcase name="nonLinInEqExample2.key"  classname="runallproofs.arithmetic.arithmetic" time="0.000000"><system-out><![CDATA[290843     INFO  main            d.u.i.k.p.r.p.TestFile    Now processing file /home/runner/work/key/key/key.core/../key.ui/examples/standard_key/inEqSimp/nonLinInEqExample2.key 
290843     INFO  main            d.u.i.k.p.i.AbstractProblemLoader Loading environment from /home/runner/work/key/key/key.core/../key.ui/examples/standard_key/inEqSimp/nonLinInEqExample2.key 
290843     DEBUG main            d.u.i.k.p.i.AbstractProblemLoader Environment load took 95.1ns 
290845     INFO  main            d.u.i.k.p.i.AbstractProblemLoader Creating init config 
293619     DEBUG main            d.u.i.k.p.i.AbstractProblemLoader Init config took 2.77s 
293633     INFO  main            d.u.i.k.p.i.AbstractProblemLoader Replaying proof nonLinInEqExample2.key 
293634     DEBUG main            d.u.i.k.p.i.IntermediateProofReplayer Proof replay took 3ns 
294038     INFO  main            d.u.i.k.p.r.p.TestFile    ... finished proof: closed. 
294378     INFO  main            d.u.i.k.p.i.AbstractProblemLoader Loading environment from /home/runner/work/key/key/key.core/../key.ui/examples/standard_key/inEqSimp/nonLinInEqExample2.key.proof 
294379     DEBUG main            d.u.i.k.p.i.AbstractProblemLoader Environment load took 133ns 
294380     INFO  main            d.u.i.k.p.i.AbstractProblemLoader Creating init config 
297101     DEBUG main            d.u.i.k.p.i.AbstractProblemLoader Init config took 2.72s 
297115     INFO  main            d.u.i.k.p.i.AbstractProblemLoader Replaying proof nonLinInEqExample2.key.proof 
297155     DEBUG main            d.u.i.k.p.i.IntermediateProofReplayer Proof replay took 36.35ms 
297156     DEBUG main            d.u.i.k.p.r.p.TestFile    ... success: reloaded. 

pass: Verifying property "provable" was successful for file: /home/runner/work/key/key/key.core/../key.ui/examples/standard_key/inEqSimp/nonLinInEqExample2.key]]></system-out></testcase><testcase name="nonLinInEqExample3.key"  classname="runallproofs.arithmetic.arithmetic" time="0.000000"><system-out><![CDATA[297157     INFO  main            d.u.i.k.p.r.p.TestFile    Now processing file /home/runner/work/key/key/key.core/../key.ui/examples/standard_key/inEqSimp/nonLinInEqExample3.key 
297157     INFO  main            d.u.i.k.p.i.AbstractProblemLoader Loading environment from /home/runner/work/key/key/key.core/../key.ui/examples/standard_key/inEqSimp/nonLinInEqExample3.key 
297157     DEBUG main            d.u.i.k.p.i.AbstractProblemLoader Environment load took 129.4ns 
297158     INFO  main            d.u.i.k.p.i.AbstractProblemLoader Creating init config 
299953     DEBUG main            d.u.i.k.p.i.AbstractProblemLoader Init config took 2.79s 
299967     INFO  main            d.u.i.k.p.i.AbstractProblemLoader Replaying proof nonLinInEqExample3.key 
299968     DEBUG main            d.u.i.k.p.i.IntermediateProofReplayer Proof replay took 3.8ns 
300171     INFO  main            d.u.i.k.p.r.p.TestFile    ... finished proof: closed. 
300544     INFO  main            d.u.i.k.p.i.AbstractProblemLoader Loading environment from /home/runner/work/key/key/key.core/../key.ui/examples/standard_key/inEqSimp/nonLinInEqExample3.key.proof 
300544     DEBUG main            d.u.i.k.p.i.AbstractProblemLoader Environment load took 101.4ns 
300545     INFO  main            d.u.i.k.p.i.AbstractProblemLoader Creating init config 
303273     DEBUG main            d.u.i.k.p.i.AbstractProblemLoader Init config took 2.73s 
303288     INFO  main            d.u.i.k.p.i.AbstractProblemLoader Replaying proof nonLinInEqExample3.key.proof 
303312     DEBUG main            d.u.i.k.p.i.IntermediateProofReplayer Proof replay took 22.06ms 
303313     DEBUG main            d.u.i.k.p.r.p.TestFile    ... success: reloaded. 

pass: Verifying property "provable" was successful for file: /home/runner/work/key/key/key.core/../key.ui/examples/standard_key/inEqSimp/nonLinInEqExample3.key]]></system-out></testcase><testcase name="nonLinInEqExample4.key"  classname="runallproofs.arithmetic.arithmetic" time="0.000000"><system-out><![CDATA[303314     INFO  main            d.u.i.k.p.r.p.TestFile    Now processing file /home/runner/work/key/key/key.core/../key.ui/examples/standard_key/inEqSimp/nonLinInEqExample4.key 
303314     INFO  main            d.u.i.k.p.i.AbstractProblemLoader Loading environment from /home/runner/work/key/key/key.core/../key.ui/examples/standard_key/inEqSimp/nonLinInEqExample4.key 
303314     DEBUG main            d.u.i.k.p.i.AbstractProblemLoader Environment load took 114.1ns 
303315     INFO  main            d.u.i.k.p.i.AbstractProblemLoader Creating init config 
306102     DEBUG main            d.u.i.k.p.i.AbstractProblemLoader Init config took 2.79s 
306115     INFO  main            d.u.i.k.p.i.AbstractProblemLoader Replaying proof nonLinInEqExample4.key 
306117     DEBUG main            d.u.i.k.p.i.IntermediateProofReplayer Proof replay took 3.4ns 
306220     INFO  main            d.u.i.k.p.r.p.TestFile    ... finished proof: closed. 
306593     INFO  main            d.u.i.k.p.i.AbstractProblemLoader Loading environment from /home/runner/work/key/key/key.core/../key.ui/examples/standard_key/inEqSimp/nonLinInEqExample4.key.proof 
306594     DEBUG main            d.u.i.k.p.i.AbstractProblemLoader Environment load took 107.4ns 
306595     INFO  main            d.u.i.k.p.i.AbstractProblemLoader Creating init config 
309286     DEBUG main            d.u.i.k.p.i.AbstractProblemLoader Init config took 2.69s 
309300     INFO  main            d.u.i.k.p.i.AbstractProblemLoader Replaying proof nonLinInEqExample4.key.proof 
309306     DEBUG main            d.u.i.k.p.i.IntermediateProofReplayer Proof replay took 4.41ms 
309307     DEBUG main            d.u.i.k.p.r.p.TestFile    ... success: reloaded. 

pass: Verifying property "provable" was successful for file: /home/runner/work/key/key/key.core/../key.ui/examples/standard_key/inEqSimp/nonLinInEqExample4.key]]></system-out></testcase><testcase name="quadraticInEq.key"  classname="runallproofs.arithmetic.arithmetic" time="0.000000"><system-out><![CDATA[309308     INFO  main            d.u.i.k.p.r.p.TestFile    Now processing file /home/runner/work/key/key/key.core/../key.ui/examples/standard_key/inEqSimp/quadraticInEq.key 
309308     INFO  main            d.u.i.k.p.i.AbstractProblemLoader Loading environment from /home/runner/work/key/key/key.core/../key.ui/examples/standard_key/inEqSimp/quadraticInEq.key 
309308     DEBUG main            d.u.i.k.p.i.AbstractProblemLoader Environment load took 115.4ns 
309310     INFO  main            d.u.i.k.p.i.AbstractProblemLoader Creating init config 
312067     DEBUG main            d.u.i.k.p.i.AbstractProblemLoader Init config took 2.76s 
312082     INFO  main            d.u.i.k.p.i.AbstractProblemLoader Replaying proof quadraticInEq.key 
312084     DEBUG main            d.u.i.k.p.i.IntermediateProofReplayer Proof replay took 3.6ns 
312488     INFO  main            d.u.i.k.p.r.p.TestFile    ... finished proof: closed. 
312863     INFO  main            d.u.i.k.p.i.AbstractProblemLoader Loading environment from /home/runner/work/key/key/key.core/../key.ui/examples/standard_key/inEqSimp/quadraticInEq.key.proof 
312864     DEBUG main            d.u.i.k.p.i.AbstractProblemLoader Environment load took 421.41ns 
312865     INFO  main            d.u.i.k.p.i.AbstractProblemLoader Creating init config 
315603     DEBUG main            d.u.i.k.p.i.AbstractProblemLoader Init config took 2.74s 
315618     INFO  main            d.u.i.k.p.i.AbstractProblemLoader Replaying proof quadraticInEq.key.proof 
315677     DEBUG main            d.u.i.k.p.i.IntermediateProofReplayer Proof replay took 54.43ms 
315679     DEBUG main            d.u.i.k.p.r.p.TestFile    ... success: reloaded. 

pass: Verifying property "provable" was successful for file: /home/runner/work/key/key/key.core/../key.ui/examples/standard_key/inEqSimp/quadraticInEq.key]]></system-out></testcase><testcase name="quadraticInEq10.key"  classname="runallproofs.arithmetic.arithmetic" time="0.000000"><system-out><![CDATA[315680     INFO  main            d.u.i.k.p.r.p.TestFile    Now processing file /home/runner/work/key/key/key.core/../key.ui/examples/standard_key/inEqSimp/quadraticInEq10.key 
315680     INFO  main            d.u.i.k.p.i.AbstractProblemLoader Loading environment from /home/runner/work/key/key/key.core/../key.ui/examples/standard_key/inEqSimp/quadraticInEq10.key 
315680     DEBUG main            d.u.i.k.p.i.AbstractProblemLoader Environment load took 256.7ns 
315682     INFO  main            d.u.i.k.p.i.AbstractProblemLoader Creating init config 
318445     DEBUG main            d.u.i.k.p.i.AbstractProblemLoader Init config took 2.76s 
318460     INFO  main            d.u.i.k.p.i.AbstractProblemLoader Replaying proof quadraticInEq10.key 
318461     DEBUG main            d.u.i.k.p.i.IntermediateProofReplayer Proof replay took 3.3ns 
318665     INFO  main            d.u.i.k.p.r.p.TestFile    ... finished proof: closed. 
319056     INFO  main            d.u.i.k.p.i.AbstractProblemLoader Loading environment from /home/runner/work/key/key/key.core/../key.ui/examples/standard_key/inEqSimp/quadraticInEq10.key.proof 
319057     DEBUG main            d.u.i.k.p.i.AbstractProblemLoader Environment load took 134.2ns 
319058     INFO  main            d.u.i.k.p.i.AbstractProblemLoader Creating init config 
321774     DEBUG main            d.u.i.k.p.i.AbstractProblemLoader Init config took 2.72s 
321800     INFO  main            d.u.i.k.p.i.AbstractProblemLoader Replaying proof quadraticInEq10.key.proof 
321818     DEBUG main            d.u.i.k.p.i.IntermediateProofReplayer Proof replay took 15.83ms 
321819     DEBUG main            d.u.i.k.p.r.p.TestFile    ... success: reloaded. 

pass: Verifying property "provable" was successful for file: /home/runner/work/key/key/key.core/../key.ui/examples/standard_key/inEqSimp/quadraticInEq10.key]]></system-out></testcase><testcase name="quadraticInEq13.key"  classname="runallproofs.arithmetic.arithmetic" time="0.000000"><system-out><![CDATA[321820     INFO  main            d.u.i.k.p.r.p.TestFile    Now processing file /home/runner/work/key/key/key.core/../key.ui/examples/standard_key/inEqSimp/quadraticInEq13.key 
321820     INFO  main            d.u.i.k.p.i.AbstractProblemLoader Loading environment from /home/runner/work/key/key/key.core/../key.ui/examples/standard_key/inEqSimp/quadraticInEq13.key 
321821     DEBUG main            d.u.i.k.p.i.AbstractProblemLoader Environment load took 117.9ns 
321822     INFO  main            d.u.i.k.p.i.AbstractProblemLoader Creating init config 
324597     DEBUG main            d.u.i.k.p.i.AbstractProblemLoader Init config took 2.78s 
324610     INFO  main            d.u.i.k.p.i.AbstractProblemLoader Replaying proof quadraticInEq13.key 
324611     DEBUG main            d.u.i.k.p.i.IntermediateProofReplayer Proof replay took 3ns 
324914     INFO  main            d.u.i.k.p.r.p.TestFile    ... finished proof: closed. 
325309     INFO  main            d.u.i.k.p.i.AbstractProblemLoader Loading environment from /home/runner/work/key/key/key.core/../key.ui/examples/standard_key/inEqSimp/quadraticInEq13.key.proof 
325309     DEBUG main            d.u.i.k.p.i.AbstractProblemLoader Environment load took 92.5ns 
325310     INFO  main            d.u.i.k.p.i.AbstractProblemLoader Creating init config 
328101     DEBUG main            d.u.i.k.p.i.AbstractProblemLoader Init config took 2.79s 
328116     INFO  main            d.u.i.k.p.i.AbstractProblemLoader Replaying proof quadraticInEq13.key.proof 
328144     DEBUG main            d.u.i.k.p.i.IntermediateProofReplayer Proof replay took 24.67ms 
328145     DEBUG main            d.u.i.k.p.r.p.TestFile    ... success: reloaded. 

pass: Verifying property "provable" was successful for file: /home/runner/work/key/key/key.core/../key.ui/examples/standard_key/inEqSimp/quadraticInEq13.key]]></system-out></testcase><testcase name="quadraticInEq14.key"  classname="runallproofs.arithmetic.arithmetic" time="0.000000"><system-out><![CDATA[328146     INFO  main            d.u.i.k.p.r.p.TestFile    Now processing file /home/runner/work/key/key/key.core/../key.ui/examples/standard_key/inEqSimp/quadraticInEq14.key 
328146     INFO  main            d.u.i.k.p.i.AbstractProblemLoader Loading environment from /home/runner/work/key/key/key.core/../key.ui/examples/standard_key/inEqSimp/quadraticInEq14.key 
328146     DEBUG main            d.u.i.k.p.i.AbstractProblemLoader Environment load took 151.2ns 
328148     INFO  main            d.u.i.k.p.i.AbstractProblemLoader Creating init config 
330936     DEBUG main            d.u.i.k.p.i.AbstractProblemLoader Init config took 2.79s 
330949     INFO  main            d.u.i.k.p.i.AbstractProblemLoader Replaying proof quadraticInEq14.key 
330951     DEBUG main            d.u.i.k.p.i.IntermediateProofReplayer Proof replay took 3.5ns 
331255     INFO  main            d.u.i.k.p.r.p.TestFile    ... finished proof: closed. 
331675     INFO  main            d.u.i.k.p.i.AbstractProblemLoader Loading environment from /home/runner/work/key/key/key.core/../key.ui/examples/standard_key/inEqSimp/quadraticInEq14.key.proof 
331675     DEBUG main            d.u.i.k.p.i.AbstractProblemLoader Environment load took 103.5ns 
331676     INFO  main            d.u.i.k.p.i.AbstractProblemLoader Creating init config 
334401     DEBUG main            d.u.i.k.p.i.AbstractProblemLoader Init config took 2.72s 
334416     INFO  main            d.u.i.k.p.i.AbstractProblemLoader Replaying proof quadraticInEq14.key.proof 
334447     DEBUG main            d.u.i.k.p.i.IntermediateProofReplayer Proof replay took 27.86ms 
334448     DEBUG main            d.u.i.k.p.r.p.TestFile    ... success: reloaded. 

pass: Verifying property "provable" was successful for file: /home/runner/work/key/key/key.core/../key.ui/examples/standard_key/inEqSimp/quadraticInEq14.key]]></system-out></testcase><testcase name="quadraticInEq2.key"  classname="runallproofs.arithmetic.arithmetic" time="0.000000"><system-out><![CDATA[334449     INFO  main            d.u.i.k.p.r.p.TestFile    Now processing file /home/runner/work/key/key/key.core/../key.ui/examples/standard_key/inEqSimp/quadraticInEq2.key 
334449     INFO  main            d.u.i.k.p.i.AbstractProblemLoader Loading environment from /home/runner/work/key/key/key.core/../key.ui/examples/standard_key/inEqSimp/quadraticInEq2.key 
334449     DEBUG main            d.u.i.k.p.i.AbstractProblemLoader Environment load took 94.8ns 
334451     INFO  main            d.u.i.k.p.i.AbstractProblemLoader Creating init config 
337205     DEBUG main            d.u.i.k.p.i.AbstractProblemLoader Init config took 2.75s 
337219     INFO  main            d.u.i.k.p.i.AbstractProblemLoader Replaying proof quadraticInEq2.key 
337220     DEBUG main            d.u.i.k.p.i.IntermediateProofReplayer Proof replay took 2.9ns 
337322     INFO  main            d.u.i.k.p.r.p.TestFile    ... finished proof: closed. 
337720     INFO  main            d.u.i.k.p.i.AbstractProblemLoader Loading environment from /home/runner/work/key/key/key.core/../key.ui/examples/standard_key/inEqSimp/quadraticInEq2.key.proof 
337720     DEBUG main            d.u.i.k.p.i.AbstractProblemLoader Environment load took 103.2ns 
337721     INFO  main            d.u.i.k.p.i.AbstractProblemLoader Creating init config 
340421     DEBUG main            d.u.i.k.p.i.AbstractProblemLoader Init config took 2.7s 
340435     INFO  main            d.u.i.k.p.i.AbstractProblemLoader Replaying proof quadraticInEq2.key.proof 
340440     DEBUG main            d.u.i.k.p.i.IntermediateProofReplayer Proof replay took 3.39ms 
340441     DEBUG main            d.u.i.k.p.r.p.TestFile    ... success: reloaded. 

pass: Verifying property "provable" was successful for file: /home/runner/work/key/key/key.core/../key.ui/examples/standard_key/inEqSimp/quadraticInEq2.key]]></system-out></testcase><testcase name="quadraticInEq3.key"  classname="runallproofs.arithmetic.arithmetic" time="0.000000"><system-out><![CDATA[340442     INFO  main            d.u.i.k.p.r.p.TestFile    Now processing file /home/runner/work/key/key/key.core/../key.ui/examples/standard_key/inEqSimp/quadraticInEq3.key 
340442     INFO  main            d.u.i.k.p.i.AbstractProblemLoader Loading environment from /home/runner/work/key/key/key.core/../key.ui/examples/standard_key/inEqSimp/quadraticInEq3.key 
340442     DEBUG main            d.u.i.k.p.i.AbstractProblemLoader Environment load took 113.2ns 
340443     INFO  main            d.u.i.k.p.i.AbstractProblemLoader Creating init config 
343126     DEBUG main            d.u.i.k.p.i.AbstractProblemLoader Init config took 2.68s 
343140     INFO  main            d.u.i.k.p.i.AbstractProblemLoader Replaying proof quadraticInEq3.key 
343143     DEBUG main            d.u.i.k.p.i.IntermediateProofReplayer Proof replay took 3.3ns 
343245     INFO  main            d.u.i.k.p.r.p.TestFile    ... finished proof: closed. 
343630     INFO  main            d.u.i.k.p.i.AbstractProblemLoader Loading environment from /home/runner/work/key/key/key.core/../key.ui/examples/standard_key/inEqSimp/quadraticInEq3.key.proof 
343630     DEBUG main            d.u.i.k.p.i.AbstractProblemLoader Environment load took 103.9ns 
343632     INFO  main            d.u.i.k.p.i.AbstractProblemLoader Creating init config 
346304     DEBUG main            d.u.i.k.p.i.AbstractProblemLoader Init config took 2.67s 
346317     INFO  main            d.u.i.k.p.i.AbstractProblemLoader Replaying proof quadraticInEq3.key.proof 
346325     DEBUG main            d.u.i.k.p.i.IntermediateProofReplayer Proof replay took 6.56ms 
346326     DEBUG main            d.u.i.k.p.r.p.TestFile    ... success: reloaded. 

pass: Verifying property "provable" was successful for file: /home/runner/work/key/key/key.core/../key.ui/examples/standard_key/inEqSimp/quadraticInEq3.key]]></system-out></testcase><testcase name="quadraticInEq4.key"  classname="runallproofs.arithmetic.arithmetic" time="0.000000"><system-out><![CDATA[346327     INFO  main            d.u.i.k.p.r.p.TestFile    Now processing file /home/runner/work/key/key/key.core/../key.ui/examples/standard_key/inEqSimp/quadraticInEq4.key 
346327     INFO  main            d.u.i.k.p.i.AbstractProblemLoader Loading environment from /home/runner/work/key/key/key.core/../key.ui/examples/standard_key/inEqSimp/quadraticInEq4.key 
346327     DEBUG main            d.u.i.k.p.i.AbstractProblemLoader Environment load took 125.9ns 
346328     INFO  main            d.u.i.k.p.i.AbstractProblemLoader Creating init config 
349075     DEBUG main            d.u.i.k.p.i.AbstractProblemLoader Init config took 2.75s 
349090     INFO  main            d.u.i.k.p.i.AbstractProblemLoader Replaying proof quadraticInEq4.key 
349092     DEBUG main            d.u.i.k.p.i.IntermediateProofReplayer Proof replay took 3.5ns 
349194     INFO  main            d.u.i.k.p.r.p.TestFile    ... finished proof: closed. 
349586     INFO  main            d.u.i.k.p.i.AbstractProblemLoader Loading environment from /home/runner/work/key/key/key.core/../key.ui/examples/standard_key/inEqSimp/quadraticInEq4.key.proof 
349586     DEBUG main            d.u.i.k.p.i.AbstractProblemLoader Environment load took 98.6ns 
349587     INFO  main            d.u.i.k.p.i.AbstractProblemLoader Creating init config 
352259     DEBUG main            d.u.i.k.p.i.AbstractProblemLoader Init config took 2.67s 
352273     INFO  main            d.u.i.k.p.i.AbstractProblemLoader Replaying proof quadraticInEq4.key.proof 
352282     DEBUG main            d.u.i.k.p.i.IntermediateProofReplayer Proof replay took 6.45ms 
352283     DEBUG main            d.u.i.k.p.r.p.TestFile    ... success: reloaded. 

pass: Verifying property "provable" was successful for file: /home/runner/work/key/key/key.core/../key.ui/examples/standard_key/inEqSimp/quadraticInEq4.key]]></system-out></testcase><testcase name="quadraticInEq5.key"  classname="runallproofs.arithmetic.arithmetic" time="0.000000"><system-out><![CDATA[352284     INFO  main            d.u.i.k.p.r.p.TestFile    Now processing file /home/runner/work/key/key/key.core/../key.ui/examples/standard_key/inEqSimp/quadraticInEq5.key 
352284     INFO  main            d.u.i.k.p.i.AbstractProblemLoader Loading environment from /home/runner/work/key/key/key.core/../key.ui/examples/standard_key/inEqSimp/quadraticInEq5.key 
352284     DEBUG main            d.u.i.k.p.i.AbstractProblemLoader Environment load took 116.8ns 
352285     INFO  main            d.u.i.k.p.i.AbstractProblemLoader Creating init config 
355088     DEBUG main            d.u.i.k.p.i.AbstractProblemLoader Init config took 2.8s 
355103     INFO  main            d.u.i.k.p.i.AbstractProblemLoader Replaying proof quadraticInEq5.key 
355105     DEBUG main            d.u.i.k.p.i.IntermediateProofReplayer Proof replay took 3.7ns 
355207     INFO  main            d.u.i.k.p.r.p.TestFile    ... finished proof: closed. 
355619     INFO  main            d.u.i.k.p.i.AbstractProblemLoader Loading environment from /home/runner/work/key/key/key.core/../key.ui/examples/standard_key/inEqSimp/quadraticInEq5.key.proof 
355619     DEBUG main            d.u.i.k.p.i.AbstractProblemLoader Environment load took 153.5ns 
355620     INFO  main            d.u.i.k.p.i.AbstractProblemLoader Creating init config 
358292     DEBUG main            d.u.i.k.p.i.AbstractProblemLoader Init config took 2.67s 
358306     INFO  main            d.u.i.k.p.i.AbstractProblemLoader Replaying proof quadraticInEq5.key.proof 
358312     DEBUG main            d.u.i.k.p.i.IntermediateProofReplayer Proof replay took 5.06ms 
358313     DEBUG main            d.u.i.k.p.r.p.TestFile    ... success: reloaded. 

[...]
524847     DEBUG main            d.u.i.k.p.i.IntermediateProofReplayer Proof replay took 3.16ms 
524847     DEBUG main            d.u.i.k.p.r.p.TestFile    ... success: reloaded. 

pass: Verifying property "provable" was successful for file: /home/runner/work/key/key/key.core/../key.ui/examples/standard_key/polySimp/simplify22.key]]></system-out></testcase><testcase name="simplify23.key"  classname="runallproofs.arithmetic.arithmetic" time="0.000000"><system-out><![CDATA[524848     INFO  main            d.u.i.k.p.r.p.TestFile    Now processing file /home/runner/work/key/key/key.core/../key.ui/examples/standard_key/polySimp/simplify23.key 
524848     INFO  main            d.u.i.k.p.i.AbstractProblemLoader Loading environment from /home/runner/work/key/key/key.core/../key.ui/examples/standard_key/polySimp/simplify23.key 
524848     DEBUG main            d.u.i.k.p.i.AbstractProblemLoader Environment load took 56.5ns 
524849     INFO  main            d.u.i.k.p.i.AbstractProblemLoader Creating init config 
527595     DEBUG main            d.u.i.k.p.i.AbstractProblemLoader Init config took 2.75s 
527608     INFO  main            d.u.i.k.p.i.AbstractProblemLoader Replaying proof simplify23.key 
527610     DEBUG main            d.u.i.k.p.i.IntermediateProofReplayer Proof replay took 3ns 
527812     INFO  main            d.u.i.k.p.r.p.TestFile    ... finished proof: closed. 
528382     INFO  main            d.u.i.k.p.i.AbstractProblemLoader Loading environment from /home/runner/work/key/key/key.core/../key.ui/examples/standard_key/polySimp/simplify23.key.proof 
528382     DEBUG main            d.u.i.k.p.i.AbstractProblemLoader Environment load took 85.2ns 
528384     INFO  main            d.u.i.k.p.i.AbstractProblemLoader Creating init config 
531017     DEBUG main            d.u.i.k.p.i.AbstractProblemLoader Init config took 2.63s 
531033     INFO  main            d.u.i.k.p.i.AbstractProblemLoader Replaying proof simplify23.key.proof 
531048     DEBUG main            d.u.i.k.p.i.IntermediateProofReplayer Proof replay took 13.44ms 
531049     DEBUG main            d.u.i.k.p.r.p.TestFile    ... success: reloaded. 

pass: Verifying property "provable" was successful for file: /home/runner/work/key/key/key.core/../key.ui/examples/standard_key/polySimp/simplify23.key]]></system-out></testcase><testcase name="simplify24.key"  classname="runallproofs.arithmetic.arithmetic" time="0.000000"><system-out><![CDATA[531049     INFO  main            d.u.i.k.p.r.p.TestFile    Now processing file /home/runner/work/key/key/key.core/../key.ui/examples/standard_key/polySimp/simplify24.key 
531050     INFO  main            d.u.i.k.p.i.AbstractProblemLoader Loading environment from /home/runner/work/key/key/key.core/../key.ui/examples/standard_key/polySimp/simplify24.key 
531050     DEBUG main            d.u.i.k.p.i.AbstractProblemLoader Environment load took 54.9ns 
531050     INFO  main            d.u.i.k.p.i.AbstractProblemLoader Creating init config 
533771     DEBUG main            d.u.i.k.p.i.AbstractProblemLoader Init config took 2.72s 
533785     INFO  main            d.u.i.k.p.i.AbstractProblemLoader Replaying proof simplify24.key 
533787     DEBUG main            d.u.i.k.p.i.IntermediateProofReplayer Proof replay took 4.2ns 
533890     INFO  main            d.u.i.k.p.r.p.TestFile    ... finished proof: closed. 
534479     INFO  main            d.u.i.k.p.i.AbstractProblemLoader Loading environment from /home/runner/work/key/key/key.core/../key.ui/examples/standard_key/polySimp/simplify24.key.proof 
534479     DEBUG main            d.u.i.k.p.i.AbstractProblemLoader Environment load took 80.5ns 
534480     INFO  main            d.u.i.k.p.i.AbstractProblemLoader Creating init config 
537177     DEBUG main            d.u.i.k.p.i.AbstractProblemLoader Init config took 2.7s 
537191     INFO  main            d.u.i.k.p.i.AbstractProblemLoader Replaying proof simplify24.key.proof 
537197     DEBUG main            d.u.i.k.p.i.IntermediateProofReplayer Proof replay took 4.33ms 
537198     DEBUG main            d.u.i.k.p.r.p.TestFile    ... success: reloaded. 

pass: Verifying property "provable" was successful for file: /home/runner/work/key/key/key.core/../key.ui/examples/standard_key/polySimp/simplify24.key]]></system-out></testcase><testcase name="simplify25.key"  classname="runallproofs.arithmetic.arithmetic" time="0.000000"><system-out><![CDATA[537198     INFO  main            d.u.i.k.p.r.p.TestFile    Now processing file /home/runner/work/key/key/key.core/../key.ui/examples/standard_key/polySimp/simplify25.key 
537199     INFO  main            d.u.i.k.p.i.AbstractProblemLoader Loading environment from /home/runner/work/key/key/key.core/../key.ui/examples/standard_key/polySimp/simplify25.key 
537199     DEBUG main            d.u.i.k.p.i.AbstractProblemLoader Environment load took 95.4ns 
537200     INFO  main            d.u.i.k.p.i.AbstractProblemLoader Creating init config 
539910     DEBUG main            d.u.i.k.p.i.AbstractProblemLoader Init config took 2.71s 
539923     INFO  main            d.u.i.k.p.i.AbstractProblemLoader Replaying proof simplify25.key 
539924     DEBUG main            d.u.i.k.p.i.IntermediateProofReplayer Proof replay took 3.5ns 
540027     INFO  main            d.u.i.k.p.r.p.TestFile    ... finished proof: closed. 
540608     INFO  main            d.u.i.k.p.i.AbstractProblemLoader Loading environment from /home/runner/work/key/key/key.core/../key.ui/examples/standard_key/polySimp/simplify25.key.proof 
540608     DEBUG main            d.u.i.k.p.i.AbstractProblemLoader Environment load took 100.7ns 
540609     INFO  main            d.u.i.k.p.i.AbstractProblemLoader Creating init config 
543307     DEBUG main            d.u.i.k.p.i.AbstractProblemLoader Init config took 2.7s 
543320     INFO  main            d.u.i.k.p.i.AbstractProblemLoader Replaying proof simplify25.key.proof 
543325     DEBUG main            d.u.i.k.p.i.IntermediateProofReplayer Proof replay took 2.88ms 
543325     DEBUG main            d.u.i.k.p.r.p.TestFile    ... success: reloaded. 

pass: Verifying property "provable" was successful for file: /home/runner/work/key/key/key.core/../key.ui/examples/standard_key/polySimp/simplify25.key]]></system-out></testcase><testcase name="simplify3.key"  classname="runallproofs.arithmetic.arithmetic" time="0.000000"><system-out><![CDATA[543326     INFO  main            d.u.i.k.p.r.p.TestFile    Now processing file /home/runner/work/key/key/key.core/../key.ui/examples/standard_key/polySimp/simplify3.key 
543326     INFO  main            d.u.i.k.p.i.AbstractProblemLoader Loading environment from /home/runner/work/key/key/key.core/../key.ui/examples/standard_key/polySimp/simplify3.key 
543326     DEBUG main            d.u.i.k.p.i.AbstractProblemLoader Environment load took 57ns 
543327     INFO  main            d.u.i.k.p.i.AbstractProblemLoader Creating init config 
546080     DEBUG main            d.u.i.k.p.i.AbstractProblemLoader Init config took 2.75s 
546093     INFO  main            d.u.i.k.p.i.AbstractProblemLoader Replaying proof simplify3.key 
546095     DEBUG main            d.u.i.k.p.i.IntermediateProofReplayer Proof replay took 3ns 
546196     INFO  main            d.u.i.k.p.r.p.TestFile    ... finished proof: closed. 
546777     INFO  main            d.u.i.k.p.i.AbstractProblemLoader Loading environment from /home/runner/work/key/key/key.core/../key.ui/examples/standard_key/polySimp/simplify3.key.proof 
546777     DEBUG main            d.u.i.k.p.i.AbstractProblemLoader Environment load took 88ns 
546778     INFO  main            d.u.i.k.p.i.AbstractProblemLoader Creating init config 
549448     DEBUG main            d.u.i.k.p.i.AbstractProblemLoader Init config took 2.67s 
549461     INFO  main            d.u.i.k.p.i.AbstractProblemLoader Replaying proof simplify3.key.proof 
549463     DEBUG main            d.u.i.k.p.i.IntermediateProofReplayer Proof replay took 983.72ns 
549464     DEBUG main            d.u.i.k.p.r.p.TestFile    ... success: reloaded. 

pass: Verifying property "provable" was successful for file: /home/runner/work/key/key/key.core/../key.ui/examples/standard_key/polySimp/simplify3.key]]></system-out></testcase><testcase name="simplify4.key"  classname="runallproofs.arithmetic.arithmetic" time="0.000000"><system-out><![CDATA[549464     INFO  main            d.u.i.k.p.r.p.TestFile    Now processing file /home/runner/work/key/key/key.core/../key.ui/examples/standard_key/polySimp/simplify4.key 
549465     INFO  main            d.u.i.k.p.i.AbstractProblemLoader Loading environment from /home/runner/work/key/key/key.core/../key.ui/examples/standard_key/polySimp/simplify4.key 
549465     DEBUG main            d.u.i.k.p.i.AbstractProblemLoader Environment load took 54.6ns 
549466     INFO  main            d.u.i.k.p.i.AbstractProblemLoader Creating init config 
552204     DEBUG main            d.u.i.k.p.i.AbstractProblemLoader Init config took 2.74s 
552218     INFO  main            d.u.i.k.p.i.AbstractProblemLoader Replaying proof simplify4.key 
552220     DEBUG main            d.u.i.k.p.i.IntermediateProofReplayer Proof replay took 3ns 
552321     INFO  main            d.u.i.k.p.r.p.TestFile    ... finished proof: closed. 
552904     INFO  main            d.u.i.k.p.i.AbstractProblemLoader Loading environment from /home/runner/work/key/key/key.core/../key.ui/examples/standard_key/polySimp/simplify4.key.proof 
552905     DEBUG main            d.u.i.k.p.i.AbstractProblemLoader Environment load took 85.7ns 
552906     INFO  main            d.u.i.k.p.i.AbstractProblemLoader Creating init config 
555682     DEBUG main            d.u.i.k.p.i.AbstractProblemLoader Init config took 2.78s 
555698     INFO  main            d.u.i.k.p.i.AbstractProblemLoader Replaying proof simplify4.key.proof 
555702     DEBUG main            d.u.i.k.p.i.IntermediateProofReplayer Proof replay took 1.61ms 
555702     DEBUG main            d.u.i.k.p.r.p.TestFile    ... success: reloaded. 

pass: Verifying property "provable" was successful for file: /home/runner/work/key/key/key.core/../key.ui/examples/standard_key/polySimp/simplify4.key]]></system-out></testcase><testcase name="simplify5.key"  classname="runallproofs.arithmetic.arithmetic" time="0.000000"><system-out><![CDATA[555704     INFO  main            d.u.i.k.p.r.p.TestFile    Now processing file /home/runner/work/key/key/key.core/../key.ui/examples/standard_key/polySimp/simplify5.key 
555706     INFO  main            d.u.i.k.p.i.AbstractProblemLoader Loading environment from /home/runner/work/key/key/key.core/../key.ui/examples/standard_key/polySimp/simplify5.key 
555707     DEBUG main            d.u.i.k.p.i.AbstractProblemLoader Environment load took 265.2ns 
555708     INFO  main            d.u.i.k.p.i.AbstractProblemLoader Creating init config 
558553     DEBUG main            d.u.i.k.p.i.AbstractProblemLoader Init config took 2.85s 
558566     INFO  main            d.u.i.k.p.i.AbstractProblemLoader Replaying proof simplify5.key 
558568     DEBUG main            d.u.i.k.p.i.IntermediateProofReplayer Proof replay took 3.6ns 
558669     INFO  main            d.u.i.k.p.r.p.TestFile    ... finished proof: closed. 
559268     INFO  main            d.u.i.k.p.i.AbstractProblemLoader Loading environment from /home/runner/work/key/key/key.core/../key.ui/examples/standard_key/polySimp/simplify5.key.proof 
559268     DEBUG main            d.u.i.k.p.i.AbstractProblemLoader Environment load took 76.7ns 
559269     INFO  main            d.u.i.k.p.i.AbstractProblemLoader Creating init config 
562116     DEBUG main            d.u.i.k.p.i.AbstractProblemLoader Init config took 2.85s 
562132     INFO  main            d.u.i.k.p.i.AbstractProblemLoader Replaying proof simplify5.key.proof 
562144     DEBUG main            d.u.i.k.p.i.IntermediateProofReplayer Proof replay took 9.29ms 
562145     DEBUG main            d.u.i.k.p.r.p.TestFile    ... success: reloaded. 

pass: Verifying property "provable" was successful for file: /home/runner/work/key/key/key.core/../key.ui/examples/standard_key/polySimp/simplify5.key]]></system-out></testcase><testcase name="simplify6.key"  classname="runallproofs.arithmetic.arithmetic" time="0.000000"><system-out><![CDATA[562145     INFO  main            d.u.i.k.p.r.p.TestFile    Now processing file /home/runner/work/key/key/key.core/../key.ui/examples/standard_key/polySimp/simplify6.key 
562146     INFO  main            d.u.i.k.p.i.AbstractProblemLoader Loading environment from /home/runner/work/key/key/key.core/../key.ui/examples/standard_key/polySimp/simplify6.key 
562146     DEBUG main            d.u.i.k.p.i.AbstractProblemLoader Environment load took 196.3ns 
562147     INFO  main            d.u.i.k.p.i.AbstractProblemLoader Creating init config 
565021     DEBUG main            d.u.i.k.p.i.AbstractProblemLoader Init config took 2.87s 
565035     INFO  main            d.u.i.k.p.i.AbstractProblemLoader Replaying proof simplify6.key 
565037     DEBUG main            d.u.i.k.p.i.IntermediateProofReplayer Proof replay took 3ns 
565138     INFO  main            d.u.i.k.p.r.p.TestFile    ... finished proof: closed. 
565721     INFO  main            d.u.i.k.p.i.AbstractProblemLoader Loading environment from /home/runner/work/key/key/key.core/../key.ui/examples/standard_key/polySimp/simplify6.key.proof 
565721     DEBUG main            d.u.i.k.p.i.AbstractProblemLoader Environment load took 73.1ns 
565722     INFO  main            d.u.i.k.p.i.AbstractProblemLoader Creating init config 
568494     DEBUG main            d.u.i.k.p.i.AbstractProblemLoader Init config took 2.77s 
568514     INFO  main            d.u.i.k.p.i.AbstractProblemLoader Replaying proof simplify6.key.proof 
568516     DEBUG main            d.u.i.k.p.i.IntermediateProofReplayer Proof replay took 371.71ns 
568516     DEBUG main            d.u.i.k.p.r.p.TestFile    ... success: reloaded. 

pass: Verifying property "provable" was successful for file: /home/runner/work/key/key/key.core/../key.ui/examples/standard_key/polySimp/simplify6.key]]></system-out></testcase><testcase name="simplify7.key"  classname="runallproofs.arithmetic.arithmetic" time="0.000000"><system-out><![CDATA[568517     INFO  main            d.u.i.k.p.r.p.TestFile    Now processing file /home/runner/work/key/key/key.core/../key.ui/examples/standard_key/polySimp/simplify7.key 
568517     INFO  main            d.u.i.k.p.i.AbstractProblemLoader Loading environment from /home/runner/work/key/key/key.core/../key.ui/examples/standard_key/polySimp/simplify7.key 
568517     DEBUG main            d.u.i.k.p.i.AbstractProblemLoader Environment load took 89.9ns 
568518     INFO  main            d.u.i.k.p.i.AbstractProblemLoader Creating init config 
571411     DEBUG main            d.u.i.k.p.i.AbstractProblemLoader Init config took 2.89s 
571425     INFO  main            d.u.i.k.p.i.AbstractProblemLoader Replaying proof simplify7.key 
571426     DEBUG main            d.u.i.k.p.i.IntermediateProofReplayer Proof replay took 2.6ns 
571527     INFO  main            d.u.i.k.p.r.p.TestFile    ... finished proof: closed. 
572132     INFO  main            d.u.i.k.p.i.AbstractProblemLoader Loading environment from /home/runner/work/key/key/key.core/../key.ui/examples/standard_key/polySimp/simplify7.key.proof 
572132     DEBUG main            d.u.i.k.p.i.AbstractProblemLoader Environment load took 89ns 
572133     INFO  main            d.u.i.k.p.i.AbstractProblemLoader Creating init config 
574970     DEBUG main            d.u.i.k.p.i.AbstractProblemLoader Init config took 2.84s 
575002     INFO  main            d.u.i.k.p.i.AbstractProblemLoader Replaying proof simplify7.key.proof 
575008     DEBUG main            d.u.i.k.p.i.IntermediateProofReplayer Proof replay took 777.82ns 
575009     DEBUG main            d.u.i.k.p.r.p.TestFile    ... success: reloaded. 

pass: Verifying property "provable" was successful for file: /home/runner/work/key/key/key.core/../key.ui/examples/standard_key/polySimp/simplify7.key]]></system-out></testcase><testcase name="simplify8.key"  classname="runallproofs.arithmetic.arithmetic" time="0.000000"><system-out><![CDATA[575010     INFO  main            d.u.i.k.p.r.p.TestFile    Now processing file /home/runner/work/key/key/key.core/../key.ui/examples/standard_key/polySimp/simplify8.key 
575010     INFO  main            d.u.i.k.p.i.AbstractProblemLoader Loading environment from /home/runner/work/key/key/key.core/../key.ui/examples/standard_key/polySimp/simplify8.key 
575011     DEBUG main            d.u.i.k.p.i.AbstractProblemLoader Environment load took 212.3ns 
575016     INFO  main            d.u.i.k.p.i.AbstractProblemLoader Creating init config 
577864     DEBUG main            d.u.i.k.p.i.AbstractProblemLoader Init config took 2.85s 
577881     INFO  main            d.u.i.k.p.i.AbstractProblemLoader Replaying proof simplify8.key 
577883     DEBUG main            d.u.i.k.p.i.IntermediateProofReplayer Proof replay took 3.2ns 
582372     INFO  main            d.u.i.k.p.r.p.TestFile    ... finished proof: closed. 
583005     INFO  main            d.u.i.k.p.i.AbstractProblemLoader Loading environment from /home/runner/work/key/key/key.core/../key.ui/examples/standard_key/polySimp/simplify8.key.proof 
583005     DEBUG main            d.u.i.k.p.i.AbstractProblemLoader Environment load took 82.6ns 
583008     INFO  main            d.u.i.k.p.i.AbstractProblemLoader Creating init config 
585992     DEBUG main            d.u.i.k.p.i.AbstractProblemLoader Init config took 2.98s 
586015     INFO  main            d.u.i.k.p.i.AbstractProblemLoader Replaying proof simplify8.key.proof 
586258     DEBUG main            d.u.i.k.p.i.IntermediateProofReplayer Proof replay took 236.77ms 
586260     DEBUG main            d.u.i.k.p.r.p.TestFile    ... success: reloaded. 

pass: Verifying property "provable" was successful for file: /home/runner/work/key/key/key.core/../key.ui/examples/standard_key/polySimp/simplify8.key]]></system-out></testcase><testcase name="simplify9.key"  classname="runallproofs.arithmetic.arithmetic" time="0.000000"><system-out><![CDATA[586261     INFO  main            d.u.i.k.p.r.p.TestFile    Now processing file /home/runner/work/key/key/key.core/../key.ui/examples/standard_key/polySimp/simplify9.key 
586261     INFO  main            d.u.i.k.p.i.AbstractProblemLoader Loading environment from /home/runner/work/key/key/key.core/../key.ui/examples/standard_key/polySimp/simplify9.key 
586261     DEBUG main            d.u.i.k.p.i.AbstractProblemLoader Environment load took 203.1ns 
586263     INFO  main            d.u.i.k.p.i.AbstractProblemLoader Creating init config 
589136     DEBUG main            d.u.i.k.p.i.AbstractProblemLoader Init config took 2.87s 
589150     INFO  main            d.u.i.k.p.i.AbstractProblemLoader Replaying proof simplify9.key 
589151     DEBUG main            d.u.i.k.p.i.IntermediateProofReplayer Proof replay took 3.8ns 
589356     INFO  main            d.u.i.k.p.r.p.TestFile    ... finished proof: closed. 
590045     INFO  main            d.u.i.k.p.i.AbstractProblemLoader Loading environment from /home/runner/work/key/key/key.core/../key.ui/examples/standard_key/polySimp/simplify9.key.proof 
590045     DEBUG main            d.u.i.k.p.i.AbstractProblemLoader Environment load took 82.7ns 
590046     INFO  main            d.u.i.k.p.i.AbstractProblemLoader Creating init config 
592694     DEBUG main            d.u.i.k.p.i.AbstractProblemLoader Init config took 2.65s 
592708     INFO  main            d.u.i.k.p.i.AbstractProblemLoader Replaying proof simplify9.key.proof 
592722     DEBUG main            d.u.i.k.p.i.IntermediateProofReplayer Proof replay took 10.78ms 
592723     DEBUG main            d.u.i.k.p.r.p.TestFile    ... success: reloaded. 

pass: Verifying property "provable" was successful for file: /home/runner/work/key/key/key.core/../key.ui/examples/standard_key/polySimp/simplify9.key]]></system-out></testcase></testsuite></testsuites>