<!DOCTYPE html>
<html>
<head>
<meta http-equiv="Content-Type" content="text/html; charset=utf-8"/>
<meta http-equiv="x-ua-compatible" content="IE=edge"/>
<title>Test results - TestZipProofSaving</title>
<link href="../css/base-style.css" rel="stylesheet" type="text/css"/>
<link href="../css/style.css" rel="stylesheet" type="text/css"/>
<script src="../js/report.js" type="text/javascript"></script>
</head>
<body>
<div id="content">
<h1>TestZipProofSaving</h1>
<div class="breadcrumbs">
<a href="../index.html">all</a> &gt; 
<a href="../packages/de.uka.ilkd.key.proof.io.html">de.uka.ilkd.key.proof.io</a> &gt; TestZipProofSaving</div>
<div id="summary">
<table>
<tr>
<td>
<div class="summaryGroup">
<table>
<tr>
<td>
<div class="infoBox" id="tests">
<div class="counter">1</div>
<p>tests</p>
</div>
</td>
<td>
<div class="infoBox" id="failures">
<div class="counter">0</div>
<p>failures</p>
</div>
</td>
<td>
<div class="infoBox" id="ignored">
<div class="counter">0</div>
<p>ignored</p>
</div>
</td>
<td>
<div class="infoBox" id="duration">
<div class="counter">6.660s</div>
<p>duration</p>
</div>
</td>
</tr>
</table>
</div>
</td>
<td>
<div class="infoBox success" id="successRate">
<div class="percent">100%</div>
<p>successful</p>
</div>
</td>
</tr>
</table>
</div>
<div id="tabs">
<ul class="tabLinks">
<li>
<a href="#tab0">Tests</a>
</li>
<li>
<a href="#tab1">Standard output</a>
</li>
<li>
<a href="#tab2">Standard error</a>
</li>
</ul>
<div id="tab0" class="tab">
<h2>Tests</h2>
<table>
<thead>
<tr>
<th>Test</th>
<th>Duration</th>
<th>Result</th>
</tr>
</thead>
<tr>
<td class="success">testZip()</td>
<td class="success">6.660s</td>
<td class="success">passed</td>
</tr>
</table>
</div>
<div id="tab1" class="tab">
<h2>Standard output</h2>
<span class="code">
<pre>403350     INFO  Test worker     d.u.i.k.p.i.AbstractProblemLoader Loading environment from C:\Users\RUNNER~1\AppData\Local\Temp\keyZipTest16836645522182483919.key 
403350     DEBUG Test worker     d.u.i.k.p.i.AbstractProblemLoader Environment load took 220.3ns 
403350     INFO  Test worker     d.u.i.k.p.i.AbstractProblemLoader Creating init config 
403460     DEBUG Test worker     d.u.i.k.j.TypeConverter   No LDT found for Meta 
403460     DEBUG Test worker     d.u.i.k.j.TypeConverter   No LDT found for Meta 
403460     DEBUG Test worker     d.u.i.k.j.TypeConverter   No LDT found for Meta 
403460     DEBUG Test worker     d.u.i.k.j.TypeConverter   No LDT found for Meta 
403983     DEBUG Test worker     d.u.i.k.j.TypeConverter   No LDT found for JavaBigintExpression 
407018     DEBUG Test worker     d.u.i.k.p.i.AbstractProblemLoader Init config took 3.67s 
407050     INFO  Test worker     d.u.i.k.p.i.AbstractProblemLoader Replaying proof keyZipTest16836645522182483919.key 
407050     DEBUG Test worker     d.u.i.k.p.i.IntermediateProofReplayer Proof replay took 10.8ns 
407065     WARN  Thread-48       d.u.i.k.p.i.ApplyStrategy doWork exception java.lang.AssertionError: null
	at de.uka.ilkd.key.proof.Goal.setSequent(Goal.java:361)

407163     INFO  Test worker     d.u.i.k.p.i.AbstractProblemLoader Loading environment from C:\Users\RUNNER~1\AppData\Local\Temp\keyZipTest5451871853359700317.proof.gz 
407163     DEBUG Test worker     d.u.i.k.p.i.AbstractProblemLoader Environment load took 417.9ns 
407163     INFO  Test worker     d.u.i.k.p.i.AbstractProblemLoader Creating init config 
409876     DEBUG Test worker     d.u.i.k.p.i.AbstractProblemLoader Init config took 2.71s 
409891     INFO  Test worker     d.u.i.k.p.i.AbstractProblemLoader Replaying proof keyZipTest5451871853359700317.proof.gz 
409891     DEBUG Test worker     d.u.i.k.p.i.IntermediateProofReplayer Proof replay took 547ns 
409907     WARN  Thread-50       d.u.i.k.p.i.ApplyStrategy doWork exception java.lang.AssertionError: null
	at de.uka.ilkd.key.proof.Goal.setSequent(Goal.java:361)

</pre>
</span>
</div>
<div id="tab2" class="tab">
<h2>Standard error</h2>
<span class="code">
<pre>Exception in thread &quot;Thread-48&quot; java.lang.RuntimeException: Proof attempt failed due to exception:java.lang.AssertionError
	at de.uka.ilkd.key.util.ProofStarter.start(ProofStarter.java:254)
	at de.uka.ilkd.key.control.DefaultProofControl$AutoModeThread.run(DefaultProofControl.java:117)
Caused by: java.lang.AssertionError
	at de.uka.ilkd.key.proof.Goal.setSequent(Goal.java:361)
	at de.uka.ilkd.key.rule.executor.javadl.FindTacletExecutor.apply(FindTacletExecutor.java:131)
	at de.uka.ilkd.key.rule.Taclet.apply(Taclet.java:935)
	at de.uka.ilkd.key.rule.TacletApp.execute(TacletApp.java:349)
	at de.uka.ilkd.key.proof.Goal.apply(Goal.java:618)
	at de.uka.ilkd.key.prover.impl.ApplyStrategy.applyAutomaticRule(ApplyStrategy.java:117)
	at de.uka.ilkd.key.prover.impl.ApplyStrategy.doWork(ApplyStrategy.java:144)
	at de.uka.ilkd.key.prover.impl.ApplyStrategy.executeStrategy(ApplyStrategy.java:293)
	at de.uka.ilkd.key.prover.impl.ApplyStrategy.start(ApplyStrategy.java:261)
	at de.uka.ilkd.key.util.ProofStarter.start(ProofStarter.java:248)
	... 1 more
Exception in thread &quot;Thread-50&quot; java.lang.RuntimeException: Proof attempt failed due to exception:java.lang.AssertionError
	at de.uka.ilkd.key.util.ProofStarter.start(ProofStarter.java:254)
	at de.uka.ilkd.key.control.DefaultProofControl$AutoModeThread.run(DefaultProofControl.java:117)
Caused by: java.lang.AssertionError
	at de.uka.ilkd.key.proof.Goal.setSequent(Goal.java:361)
	at de.uka.ilkd.key.rule.executor.javadl.FindTacletExecutor.apply(FindTacletExecutor.java:131)
	at de.uka.ilkd.key.rule.Taclet.apply(Taclet.java:935)
	at de.uka.ilkd.key.rule.TacletApp.execute(TacletApp.java:349)
	at de.uka.ilkd.key.proof.Goal.apply(Goal.java:618)
	at de.uka.ilkd.key.prover.impl.ApplyStrategy.applyAutomaticRule(ApplyStrategy.java:117)
	at de.uka.ilkd.key.prover.impl.ApplyStrategy.doWork(ApplyStrategy.java:144)
	at de.uka.ilkd.key.prover.impl.ApplyStrategy.executeStrategy(ApplyStrategy.java:293)
	at de.uka.ilkd.key.prover.impl.ApplyStrategy.start(ApplyStrategy.java:261)
	at de.uka.ilkd.key.util.ProofStarter.start(ProofStarter.java:248)
	... 1 more
</pre>
</span>
</div>
</div>
<div id="footer">
<p>
<div>
<label class="hidden" id="label-for-line-wrapping-toggle" for="line-wrapping-toggle">Wrap lines
<input id="line-wrapping-toggle" type="checkbox" autocomplete="off"/>
</label>
</div>Generated by 
<a href="http://www.gradle.org">Gradle 8.0.2</a> at Apr 25, 2023, 1:26:39 PM</p>
</div>
</div>
</body>
</html>
