<?xml version="1.0" encoding="UTF-8"?>
<testsuite name="de.uka.ilkd.key.proof.runallproofs.RunAllProofsFunctional" tests="34" skipped="0" failures="4" errors="0" timestamp="2023-04-02T11:52:32" hostname="fv-az206-874" time="5077.615">
  <properties/>
  <testcase name="newBook" classname="de.uka.ilkd.key.proof.runallproofs.RunAllProofsFunctional" time="54.246"/>
  <testcase name="oldBook" classname="de.uka.ilkd.key.proof.runallproofs.RunAllProofsFunctional" time="16.219"/>
  <testcase name="comprehensions" classname="de.uka.ilkd.key.proof.runallproofs.RunAllProofsFunctional" time="62.528">
    <failure message="org.opentest4j.AssertionFailedError: group comprehensions:&#10;pass: Verifying property &quot;provable&quot; was successful for file: /home/runner/work/key/key/key.core/../key.ui/examples/heap/comprehensions/general_sum.key&#10;pass: Verifying property &quot;provable&quot; was successful for file: /home/runner/work/key/key/key.core/../key.ui/examples/heap/comprehensions/sum0.key&#10;pass: Verifying property &quot;provable&quot; was successful for file: /home/runner/work/key/key/key.core/../key.ui/examples/heap/comprehensions/sum1.key&#10;pass: Verifying property &quot;provable&quot; was successful for file: /home/runner/work/key/key/key.core/../key.ui/examples/heap/comprehensions/sum2.key&#10;pass: Verifying property &quot;provable&quot; was successful for file: /home/runner/work/key/key/key.core/../key.ui/examples/heap/comprehensions/sum3.key&#10;pass: Verifying property &quot;provable&quot; was successful for file: /home/runner/work/key/key/key.core/../key.ui/examples/heap/comprehensions/segsum.key&#10;pass: Verifying property &quot;provable&quot; was successful for file: /home/runner/work/key/key/key.core/../key.ui/examples/heap/comprehensions/bsum_negative.key&#10;pass: Verifying property &quot;provable&quot; was successful for file: /home/runner/work/key/key/key.core/../key.ui/examples/heap/comprehensions/bsum_neg2.key&#10;pass: Verifying property &quot;provable&quot; was successful for file: /home/runner/work/key/key/key.core/../key.ui/examples/heap/comprehensions/bsumSplit.key&#10;pass: Verifying property &quot;provable&quot; was successful for file: /home/runner/work/key/key/key.core/../key.ui/examples/heap/comprehensions/bprodSplit.key&#10;FAIL: Verifying property &quot;provable&quot; failed for file: /home/runner/work/key/key/key.core/../key.ui/examples/heap/comprehensions/bsumSplitInvalid.key&#10; ==&gt; expected: &lt;true&gt; but was: &lt;false&gt;" type="org.opentest4j.AssertionFailedError">org.opentest4j.AssertionFailedError: group comprehensions:
pass: Verifying property &quot;provable&quot; was successful for file: /home/runner/work/key/key/key.core/../key.ui/examples/heap/comprehensions/general_sum.key
pass: Verifying property &quot;provable&quot; was successful for file: /home/runner/work/key/key/key.core/../key.ui/examples/heap/comprehensions/sum0.key
pass: Verifying property &quot;provable&quot; was successful for file: /home/runner/work/key/key/key.core/../key.ui/examples/heap/comprehensions/sum1.key
pass: Verifying property &quot;provable&quot; was successful for file: /home/runner/work/key/key/key.core/../key.ui/examples/heap/comprehensions/sum2.key
pass: Verifying property &quot;provable&quot; was successful for file: /home/runner/work/key/key/key.core/../key.ui/examples/heap/comprehensions/sum3.key
pass: Verifying property &quot;provable&quot; was successful for file: /home/runner/work/key/key/key.core/../key.ui/examples/heap/comprehensions/segsum.key
pass: Verifying property &quot;provable&quot; was successful for file: /home/runner/work/key/key/key.core/../key.ui/examples/heap/comprehensions/bsum_negative.key
pass: Verifying property &quot;provable&quot; was successful for file: /home/runner/work/key/key/key.core/../key.ui/examples/heap/comprehensions/bsum_neg2.key
pass: Verifying property &quot;provable&quot; was successful for file: /home/runner/work/key/key/key.core/../key.ui/examples/heap/comprehensions/bsumSplit.key
pass: Verifying property &quot;provable&quot; was successful for file: /home/runner/work/key/key/key.core/../key.ui/examples/heap/comprehensions/bprodSplit.key
FAIL: Verifying property &quot;provable&quot; failed for file: /home/runner/work/key/key/key.core/../key.ui/examples/heap/comprehensions/bsumSplitInvalid.key
 ==&gt; expected: &lt;true&gt; but was: &lt;false&gt;
	at app//org.junit.jupiter.api.AssertionFailureBuilder.build(AssertionFailureBuilder.java:151)
	at app//org.junit.jupiter.api.AssertionFailureBuilder.buildAndThrow(AssertionFailureBuilder.java:132)
	at app//org.junit.jupiter.api.AssertTrue.failNotTrue(AssertTrue.java:63)
	at app//org.junit.jupiter.api.AssertTrue.assertTrue(AssertTrue.java:36)
	at app//org.junit.jupiter.api.Assertions.assertTrue(Assertions.java:211)
	at app//de.uka.ilkd.key.proof.runallproofs.RunAllProofsTest.lambda$data$0(RunAllProofsTest.java:78)
	at app//org.junit.jupiter.engine.descriptor.DynamicTestTestDescriptor.lambda$execute$0(DynamicTestTestDescriptor.java:53)
	at app//org.junit.jupiter.engine.execution.InvocationInterceptorChain$ValidatingInvocation.proceed(InvocationInterceptorChain.java:131)
	at app//org.junit.jupiter.api.extension.InvocationInterceptor.interceptDynamicTest(InvocationInterceptor.java:167)
	at app//org.junit.jupiter.api.extension.InvocationInterceptor.interceptDynamicTest(InvocationInterceptor.java:184)
	at app//org.junit.jupiter.engine.descriptor.DynamicTestTestDescriptor.lambda$execute$1(DynamicTestTestDescriptor.java:61)
	at app//org.junit.jupiter.engine.execution.InvocationInterceptorChain$InterceptorCall.lambda$ofVoid$0(InvocationInterceptorChain.java:78)
	at app//org.junit.jupiter.engine.execution.InvocationInterceptorChain$InterceptedInvocation.proceed(InvocationInterceptorChain.java:106)
	at app//org.junit.jupiter.engine.execution.InvocationInterceptorChain.proceed(InvocationInterceptorChain.java:64)
	at app//org.junit.jupiter.engine.execution.InvocationInterceptorChain.chainAndInvoke(InvocationInterceptorChain.java:45)
	at app//org.junit.jupiter.engine.execution.InvocationInterceptorChain.invoke(InvocationInterceptorChain.java:37)
	at app//org.junit.jupiter.engine.descriptor.DynamicTestTestDescriptor.execute(DynamicTestTestDescriptor.java:60)
	at app//org.junit.jupiter.engine.descriptor.DynamicTestTestDescriptor.execute(DynamicTestTestDescriptor.java:32)
	at app//org.junit.platform.engine.support.hierarchical.NodeTestTask.lambda$executeRecursively$6(NodeTestTask.java:151)
	at app//org.junit.platform.engine.support.hierarchical.ThrowableCollector.execute(ThrowableCollector.java:73)
	at app//org.junit.platform.engine.support.hierarchical.NodeTestTask.lambda$executeRecursively$8(NodeTestTask.java:141)
	at app//org.junit.platform.engine.support.hierarchical.Node.around(Node.java:137)
	at app//org.junit.platform.engine.support.hierarchical.NodeTestTask.lambda$executeRecursively$9(NodeTestTask.java:139)
	at app//org.junit.platform.engine.support.hierarchical.ThrowableCollector.execute(ThrowableCollector.java:73)
	at app//org.junit.platform.engine.support.hierarchical.NodeTestTask.executeRecursively(NodeTestTask.java:138)
	at app//org.junit.platform.engine.support.hierarchical.NodeTestTask.execute(NodeTestTask.java:95)
	at app//org.junit.platform.engine.support.hierarchical.SameThreadHierarchicalTestExecutorService.submit(SameThreadHierarchicalTestExecutorService.java:35)
	at app//org.junit.platform.engine.support.hierarchical.NodeTestTask$DefaultDynamicTestExecutor.execute(NodeTestTask.java:226)
	at app//org.junit.platform.engine.support.hierarchical.NodeTestTask$DefaultDynamicTestExecutor.execute(NodeTestTask.java:204)
	at java.base@11.0.18/java.util.Optional.ifPresent(Optional.java:183)
	at app//org.junit.jupiter.engine.descriptor.TestFactoryTestDescriptor.lambda$invokeTestMethod$1(TestFactoryTestDescriptor.java:108)
	at app//org.junit.platform.engine.support.hierarchical.ThrowableCollector.execute(ThrowableCollector.java:73)
	at app//org.junit.jupiter.engine.descriptor.TestFactoryTestDescriptor.invokeTestMethod(TestFactoryTestDescriptor.java:95)
	at app//org.junit.jupiter.engine.descriptor.TestMethodTestDescriptor.execute(TestMethodTestDescriptor.java:138)
	at app//org.junit.jupiter.engine.descriptor.TestMethodTestDescriptor.execute(TestMethodTestDescriptor.java:68)
	at app//org.junit.platform.engine.support.hierarchical.NodeTestTask.lambda$executeRecursively$6(NodeTestTask.java:151)
	at app//org.junit.platform.engine.support.hierarchical.ThrowableCollector.execute(ThrowableCollector.java:73)
	at app//org.junit.platform.engine.support.hierarchical.NodeTestTask.lambda$executeRecursively$8(NodeTestTask.java:141)
	at app//org.junit.platform.engine.support.hierarchical.Node.around(Node.java:137)
	at app//org.junit.platform.engine.support.hierarchical.NodeTestTask.lambda$executeRecursively$9(NodeTestTask.java:139)
	at app//org.junit.platform.engine.support.hierarchical.ThrowableCollector.execute(ThrowableCollector.java:73)
	at app//org.junit.platform.engine.support.hierarchical.NodeTestTask.executeRecursively(NodeTestTask.java:138)
	at app//org.junit.platform.engine.support.hierarchical.NodeTestTask.execute(NodeTestTask.java:95)
	at java.base@11.0.18/java.util.ArrayList.forEach(ArrayList.java:1541)
	at app//org.junit.platform.engine.support.hierarchical.SameThreadHierarchicalTestExecutorService.invokeAll(SameThreadHierarchicalTestExecutorService.java:41)
	at app//org.junit.platform.engine.support.hierarchical.NodeTestTask.lambda$executeRecursively$6(NodeTestTask.java:155)
	at app//org.junit.platform.engine.support.hierarchical.ThrowableCollector.execute(ThrowableCollector.java:73)
	at app//org.junit.platform.engine.support.hierarchical.NodeTestTask.lambda$executeRecursively$8(NodeTestTask.java:141)
	at app//org.junit.platform.engine.support.hierarchical.Node.around(Node.java:137)
	at app//org.junit.platform.engine.support.hierarchical.NodeTestTask.lambda$executeRecursively$9(NodeTestTask.java:139)
	at app//org.junit.platform.engine.support.hierarchical.ThrowableCollector.execute(ThrowableCollector.java:73)
	at app//org.junit.platform.engine.support.hierarchical.NodeTestTask.executeRecursively(NodeTestTask.java:138)
	at app//org.junit.platform.engine.support.hierarchical.NodeTestTask.execute(NodeTestTask.java:95)
	at java.base@11.0.18/java.util.ArrayList.forEach(ArrayList.java:1541)
	at app//org.junit.platform.engine.support.hierarchical.SameThreadHierarchicalTestExecutorService.invokeAll(SameThreadHierarchicalTestExecutorService.java:41)
	at app//org.junit.platform.engine.support.hierarchical.NodeTestTask.lambda$executeRecursively$6(NodeTestTask.java:155)
	at app//org.junit.platform.engine.support.hierarchical.ThrowableCollector.execute(ThrowableCollector.java:73)
	at app//org.junit.platform.engine.support.hierarchical.NodeTestTask.lambda$executeRecursively$8(NodeTestTask.java:141)
	at app//org.junit.platform.engine.support.hierarchical.Node.around(Node.java:137)
	at app//org.junit.platform.engine.support.hierarchical.NodeTestTask.lambda$executeRecursively$9(NodeTestTask.java:139)
	at app//org.junit.platform.engine.support.hierarchical.ThrowableCollector.execute(ThrowableCollector.java:73)
	at app//org.junit.platform.engine.support.hierarchical.NodeTestTask.executeRecursively(NodeTestTask.java:138)
	at app//org.junit.platform.engine.support.hierarchical.NodeTestTask.execute(NodeTestTask.java:95)
	at app//org.junit.platform.engine.support.hierarchical.SameThreadHierarchicalTestExecutorService.submit(SameThreadHierarchicalTestExecutorService.java:35)
	at app//org.junit.platform.engine.support.hierarchical.HierarchicalTestExecutor.execute(HierarchicalTestExecutor.java:57)
	at app//org.junit.platform.engine.support.hierarchical.HierarchicalTestEngine.execute(HierarchicalTestEngine.java:54)
	at app//org.junit.platform.launcher.core.EngineExecutionOrchestrator.execute(EngineExecutionOrchestrator.java:107)
	at app//org.junit.platform.launcher.core.EngineExecutionOrchestrator.execute(EngineExecutionOrchestrator.java:88)
	at app//org.junit.platform.launcher.core.EngineExecutionOrchestrator.lambda$execute$0(EngineExecutionOrchestrator.java:54)
	at app//org.junit.platform.launcher.core.EngineExecutionOrchestrator.withInterceptedStreams(EngineExecutionOrchestrator.java:67)
	at app//org.junit.platform.launcher.core.EngineExecutionOrchestrator.execute(EngineExecutionOrchestrator.java:52)
	at app//org.junit.platform.launcher.core.DefaultLauncher.execute(DefaultLauncher.java:114)
	at app//org.junit.platform.launcher.core.DefaultLauncher.execute(DefaultLauncher.java:86)
	at app//org.junit.platform.launcher.core.DefaultLauncherSession$DelegatingLauncher.execute(DefaultLauncherSession.java:86)
	at org.gradle.api.internal.tasks.testing.junitplatform.JUnitPlatformTestClassProcessor$CollectAllTestClassesExecutor.processAllTestClasses(JUnitPlatformTestClassProcessor.java:110)
	at org.gradle.api.internal.tasks.testing.junitplatform.JUnitPlatformTestClassProcessor$CollectAllTestClassesExecutor.access$000(JUnitPlatformTestClassProcessor.java:90)
	at org.gradle.api.internal.tasks.testing.junitplatform.JUnitPlatformTestClassProcessor.stop(JUnitPlatformTestClassProcessor.java:85)
	at org.gradle.api.internal.tasks.testing.SuiteTestClassProcessor.stop(SuiteTestClassProcessor.java:62)
	at java.base@11.0.18/jdk.internal.reflect.NativeMethodAccessorImpl.invoke0(Native Method)
	at java.base@11.0.18/jdk.internal.reflect.NativeMethodAccessorImpl.invoke(NativeMethodAccessorImpl.java:62)
	at java.base@11.0.18/jdk.internal.reflect.DelegatingMethodAccessorImpl.invoke(DelegatingMethodAccessorImpl.java:43)
	at java.base@11.0.18/java.lang.reflect.Method.invoke(Method.java:566)
	at org.gradle.internal.dispatch.ReflectionDispatch.dispatch(ReflectionDispatch.java:36)
	at org.gradle.internal.dispatch.ReflectionDispatch.dispatch(ReflectionDispatch.java:24)
	at org.gradle.internal.dispatch.ContextClassLoaderDispatch.dispatch(ContextClassLoaderDispatch.java:33)
	at org.gradle.internal.dispatch.ProxyDispatchAdapter$DispatchingInvocationHandler.invoke(ProxyDispatchAdapter.java:94)
	at com.sun.proxy.$Proxy2.stop(Unknown Source)
	at org.gradle.api.internal.tasks.testing.worker.TestWorker$3.run(TestWorker.java:193)
	at org.gradle.api.internal.tasks.testing.worker.TestWorker.executeAndMaintainThreadName(TestWorker.java:129)
	at org.gradle.api.internal.tasks.testing.worker.TestWorker.execute(TestWorker.java:100)
	at org.gradle.api.internal.tasks.testing.worker.TestWorker.execute(TestWorker.java:60)
	at org.gradle.process.internal.worker.child.ActionExecutionWorker.execute(ActionExecutionWorker.java:56)
	at org.gradle.process.internal.worker.child.SystemApplicationClassLoaderWorker.call(SystemApplicationClassLoaderWorker.java:113)
	at org.gradle.process.internal.worker.child.SystemApplicationClassLoaderWorker.call(SystemApplicationClassLoaderWorker.java:65)
	at app//worker.org.gradle.process.internal.worker.GradleWorkerMain.run(GradleWorkerMain.java:69)
	at app//worker.org.gradle.process.internal.worker.GradleWorkerMain.main(GradleWorkerMain.java:74)
</failure>
  </testcase>
  <testcase name="performance" classname="de.uka.ilkd.key.proof.runallproofs.RunAllProofsFunctional" time="216.091"/>
  <testcase name="performancePOConstruction" classname="de.uka.ilkd.key.proof.runallproofs.RunAllProofsFunctional" time="72.575"/>
  <testcase name="applicationRestrictions" classname="de.uka.ilkd.key.proof.runallproofs.RunAllProofsFunctional" time="47.86"/>
  <testcase name="blockContracts" classname="de.uka.ilkd.key.proof.runallproofs.RunAllProofsFunctional" time="137.475"/>
  <testcase name="jmlAsserts" classname="de.uka.ilkd.key.proof.runallproofs.RunAllProofsFunctional" time="89.379"/>
  <testcase name="javaCard" classname="de.uka.ilkd.key.proof.runallproofs.RunAllProofsFunctional" time="126.107"/>
  <testcase name="list" classname="de.uka.ilkd.key.proof.runallproofs.RunAllProofsFunctional" time="257.32"/>
  <testcase name="list_ghost" classname="de.uka.ilkd.key.proof.runallproofs.RunAllProofsFunctional" time="62.667"/>
  <testcase name="list_recursive" classname="de.uka.ilkd.key.proof.runallproofs.RunAllProofsFunctional" time="21.043"/>
  <testcase name="list_seq" classname="de.uka.ilkd.key.proof.runallproofs.RunAllProofsFunctional" time="149.761"/>
  <testcase name="observer" classname="de.uka.ilkd.key.proof.runallproofs.RunAllProofsFunctional" time="91.27"/>
  <testcase name="removeDups" classname="de.uka.ilkd.key.proof.runallproofs.RunAllProofsFunctional" time="122.601"/>
  <testcase name="quicksort" classname="de.uka.ilkd.key.proof.runallproofs.RunAllProofsFunctional" time="100.622">
    <failure message="org.opentest4j.AssertionFailedError: group quicksort:&#10;FAIL: Verifying property &quot;provable&quot; failed for file: /home/runner/work/key/key/key.core/../key.ui/examples/heap/quicksort/toplevel.key&#10;pass: Verifying property &quot;provable&quot; was successful for file: /home/runner/work/key/key/key.core/../key.ui/examples/heap/quicksort/sort.key&#10;pass: Verifying property &quot;provable&quot; was successful for file: /home/runner/work/key/key/key.core/../key.ui/examples/heap/quicksort/split.key&#10; ==&gt; expected: &lt;true&gt; but was: &lt;false&gt;" type="org.opentest4j.AssertionFailedError">org.opentest4j.AssertionFailedError: group quicksort:
FAIL: Verifying property &quot;provable&quot; failed for file: /home/runner/work/key/key/key.core/../key.ui/examples/heap/quicksort/toplevel.key
pass: Verifying property &quot;provable&quot; was successful for file: /home/runner/work/key/key/key.core/../key.ui/examples/heap/quicksort/sort.key
pass: Verifying property &quot;provable&quot; was successful for file: /home/runner/work/key/key/key.core/../key.ui/examples/heap/quicksort/split.key
 ==&gt; expected: &lt;true&gt; but was: &lt;false&gt;
	at app//org.junit.jupiter.api.AssertionFailureBuilder.build(AssertionFailureBuilder.java:151)
	at app//org.junit.jupiter.api.AssertionFailureBuilder.buildAndThrow(AssertionFailureBuilder.java:132)
	at app//org.junit.jupiter.api.AssertTrue.failNotTrue(AssertTrue.java:63)
	at app//org.junit.jupiter.api.AssertTrue.assertTrue(AssertTrue.java:36)
	at app//org.junit.jupiter.api.Assertions.assertTrue(Assertions.java:211)
	at app//de.uka.ilkd.key.proof.runallproofs.RunAllProofsTest.lambda$data$0(RunAllProofsTest.java:78)
	at app//org.junit.jupiter.engine.descriptor.DynamicTestTestDescriptor.lambda$execute$0(DynamicTestTestDescriptor.java:53)
	at app//org.junit.jupiter.engine.execution.InvocationInterceptorChain$ValidatingInvocation.proceed(InvocationInterceptorChain.java:131)
	at app//org.junit.jupiter.api.extension.InvocationInterceptor.interceptDynamicTest(InvocationInterceptor.java:167)
	at app//org.junit.jupiter.api.extension.InvocationInterceptor.interceptDynamicTest(InvocationInterceptor.java:184)
	at app//org.junit.jupiter.engine.descriptor.DynamicTestTestDescriptor.lambda$execute$1(DynamicTestTestDescriptor.java:61)
	at app//org.junit.jupiter.engine.execution.InvocationInterceptorChain$InterceptorCall.lambda$ofVoid$0(InvocationInterceptorChain.java:78)
	at app//org.junit.jupiter.engine.execution.InvocationInterceptorChain$InterceptedInvocation.proceed(InvocationInterceptorChain.java:106)
	at app//org.junit.jupiter.engine.execution.InvocationInterceptorChain.proceed(InvocationInterceptorChain.java:64)
	at app//org.junit.jupiter.engine.execution.InvocationInterceptorChain.chainAndInvoke(InvocationInterceptorChain.java:45)
	at app//org.junit.jupiter.engine.execution.InvocationInterceptorChain.invoke(InvocationInterceptorChain.java:37)
	at app//org.junit.jupiter.engine.descriptor.DynamicTestTestDescriptor.execute(DynamicTestTestDescriptor.java:60)
	at app//org.junit.jupiter.engine.descriptor.DynamicTestTestDescriptor.execute(DynamicTestTestDescriptor.java:32)
	at app//org.junit.platform.engine.support.hierarchical.NodeTestTask.lambda$executeRecursively$6(NodeTestTask.java:151)
	at app//org.junit.platform.engine.support.hierarchical.ThrowableCollector.execute(ThrowableCollector.java:73)
	at app//org.junit.platform.engine.support.hierarchical.NodeTestTask.lambda$executeRecursively$8(NodeTestTask.java:141)
	at app//org.junit.platform.engine.support.hierarchical.Node.around(Node.java:137)
	at app//org.junit.platform.engine.support.hierarchical.NodeTestTask.lambda$executeRecursively$9(NodeTestTask.java:139)
	at app//org.junit.platform.engine.support.hierarchical.ThrowableCollector.execute(ThrowableCollector.java:73)
	at app//org.junit.platform.engine.support.hierarchical.NodeTestTask.executeRecursively(NodeTestTask.java:138)
	at app//org.junit.platform.engine.support.hierarchical.NodeTestTask.execute(NodeTestTask.java:95)
	at app//org.junit.platform.engine.support.hierarchical.SameThreadHierarchicalTestExecutorService.submit(SameThreadHierarchicalTestExecutorService.java:35)
	at app//org.junit.platform.engine.support.hierarchical.NodeTestTask$DefaultDynamicTestExecutor.execute(NodeTestTask.java:226)
	at app//org.junit.platform.engine.support.hierarchical.NodeTestTask$DefaultDynamicTestExecutor.execute(NodeTestTask.java:204)
	at java.base@11.0.18/java.util.Optional.ifPresent(Optional.java:183)
	at app//org.junit.jupiter.engine.descriptor.TestFactoryTestDescriptor.lambda$invokeTestMethod$1(TestFactoryTestDescriptor.java:108)
	at app//org.junit.platform.engine.support.hierarchical.ThrowableCollector.execute(ThrowableCollector.java:73)
	at app//org.junit.jupiter.engine.descriptor.TestFactoryTestDescriptor.invokeTestMethod(TestFactoryTestDescriptor.java:95)
	at app//org.junit.jupiter.engine.descriptor.TestMethodTestDescriptor.execute(TestMethodTestDescriptor.java:138)
	at app//org.junit.jupiter.engine.descriptor.TestMethodTestDescriptor.execute(TestMethodTestDescriptor.java:68)
	at app//org.junit.platform.engine.support.hierarchical.NodeTestTask.lambda$executeRecursively$6(NodeTestTask.java:151)
	at app//org.junit.platform.engine.support.hierarchical.ThrowableCollector.execute(ThrowableCollector.java:73)
	at app//org.junit.platform.engine.support.hierarchical.NodeTestTask.lambda$executeRecursively$8(NodeTestTask.java:141)
	at app//org.junit.platform.engine.support.hierarchical.Node.around(Node.java:137)
	at app//org.junit.platform.engine.support.hierarchical.NodeTestTask.lambda$executeRecursively$9(NodeTestTask.java:139)
	at app//org.junit.platform.engine.support.hierarchical.ThrowableCollector.execute(ThrowableCollector.java:73)
	at app//org.junit.platform.engine.support.hierarchical.NodeTestTask.executeRecursively(NodeTestTask.java:138)
	at app//org.junit.platform.engine.support.hierarchical.NodeTestTask.execute(NodeTestTask.java:95)
	at java.base@11.0.18/java.util.ArrayList.forEach(ArrayList.java:1541)
	at app//org.junit.platform.engine.support.hierarchical.SameThreadHierarchicalTestExecutorService.invokeAll(SameThreadHierarchicalTestExecutorService.java:41)
	at app//org.junit.platform.engine.support.hierarchical.NodeTestTask.lambda$executeRecursively$6(NodeTestTask.java:155)
	at app//org.junit.platform.engine.support.hierarchical.ThrowableCollector.execute(ThrowableCollector.java:73)
	at app//org.junit.platform.engine.support.hierarchical.NodeTestTask.lambda$executeRecursively$8(NodeTestTask.java:141)
	at app//org.junit.platform.engine.support.hierarchical.Node.around(Node.java:137)
	at app//org.junit.platform.engine.support.hierarchical.NodeTestTask.lambda$executeRecursively$9(NodeTestTask.java:139)
	at app//org.junit.platform.engine.support.hierarchical.ThrowableCollector.execute(ThrowableCollector.java:73)
	at app//org.junit.platform.engine.support.hierarchical.NodeTestTask.executeRecursively(NodeTestTask.java:138)
	at app//org.junit.platform.engine.support.hierarchical.NodeTestTask.execute(NodeTestTask.java:95)
	at java.base@11.0.18/java.util.ArrayList.forEach(ArrayList.java:1541)
	at app//org.junit.platform.engine.support.hierarchical.SameThreadHierarchicalTestExecutorService.invokeAll(SameThreadHierarchicalTestExecutorService.java:41)
	at app//org.junit.platform.engine.support.hierarchical.NodeTestTask.lambda$executeRecursively$6(NodeTestTask.java:155)
	at app//org.junit.platform.engine.support.hierarchical.ThrowableCollector.execute(ThrowableCollector.java:73)
	at app//org.junit.platform.engine.support.hierarchical.NodeTestTask.lambda$executeRecursively$8(NodeTestTask.java:141)
	at app//org.junit.platform.engine.support.hierarchical.Node.around(Node.java:137)
	at app//org.junit.platform.engine.support.hierarchical.NodeTestTask.lambda$executeRecursively$9(NodeTestTask.java:139)
	at app//org.junit.platform.engine.support.hierarchical.ThrowableCollector.execute(ThrowableCollector.java:73)
	at app//org.junit.platform.engine.support.hierarchical.NodeTestTask.executeRecursively(NodeTestTask.java:138)
	at app//org.junit.platform.engine.support.hierarchical.NodeTestTask.execute(NodeTestTask.java:95)
	at app//org.junit.platform.engine.support.hierarchical.SameThreadHierarchicalTestExecutorService.submit(SameThreadHierarchicalTestExecutorService.java:35)
	at app//org.junit.platform.engine.support.hierarchical.HierarchicalTestExecutor.execute(HierarchicalTestExecutor.java:57)
	at app//org.junit.platform.engine.support.hierarchical.HierarchicalTestEngine.execute(HierarchicalTestEngine.java:54)
	at app//org.junit.platform.launcher.core.EngineExecutionOrchestrator.execute(EngineExecutionOrchestrator.java:107)
	at app//org.junit.platform.launcher.core.EngineExecutionOrchestrator.execute(EngineExecutionOrchestrator.java:88)
	at app//org.junit.platform.launcher.core.EngineExecutionOrchestrator.lambda$execute$0(EngineExecutionOrchestrator.java:54)
	at app//org.junit.platform.launcher.core.EngineExecutionOrchestrator.withInterceptedStreams(EngineExecutionOrchestrator.java:67)
	at app//org.junit.platform.launcher.core.EngineExecutionOrchestrator.execute(EngineExecutionOrchestrator.java:52)
	at app//org.junit.platform.launcher.core.DefaultLauncher.execute(DefaultLauncher.java:114)
	at app//org.junit.platform.launcher.core.DefaultLauncher.execute(DefaultLauncher.java:86)
	at app//org.junit.platform.launcher.core.DefaultLauncherSession$DelegatingLauncher.execute(DefaultLauncherSession.java:86)
	at org.gradle.api.internal.tasks.testing.junitplatform.JUnitPlatformTestClassProcessor$CollectAllTestClassesExecutor.processAllTestClasses(JUnitPlatformTestClassProcessor.java:110)
	at org.gradle.api.internal.tasks.testing.junitplatform.JUnitPlatformTestClassProcessor$CollectAllTestClassesExecutor.access$000(JUnitPlatformTestClassProcessor.java:90)
	at org.gradle.api.internal.tasks.testing.junitplatform.JUnitPlatformTestClassProcessor.stop(JUnitPlatformTestClassProcessor.java:85)
	at org.gradle.api.internal.tasks.testing.SuiteTestClassProcessor.stop(SuiteTestClassProcessor.java:62)
	at java.base@11.0.18/jdk.internal.reflect.NativeMethodAccessorImpl.invoke0(Native Method)
	at java.base@11.0.18/jdk.internal.reflect.NativeMethodAccessorImpl.invoke(NativeMethodAccessorImpl.java:62)
	at java.base@11.0.18/jdk.internal.reflect.DelegatingMethodAccessorImpl.invoke(DelegatingMethodAccessorImpl.java:43)
	at java.base@11.0.18/java.lang.reflect.Method.invoke(Method.java:566)
	at org.gradle.internal.dispatch.ReflectionDispatch.dispatch(ReflectionDispatch.java:36)
	at org.gradle.internal.dispatch.ReflectionDispatch.dispatch(ReflectionDispatch.java:24)
	at org.gradle.internal.dispatch.ContextClassLoaderDispatch.dispatch(ContextClassLoaderDispatch.java:33)
	at org.gradle.internal.dispatch.ProxyDispatchAdapter$DispatchingInvocationHandler.invoke(ProxyDispatchAdapter.java:94)
	at com.sun.proxy.$Proxy2.stop(Unknown Source)
	at org.gradle.api.internal.tasks.testing.worker.TestWorker$3.run(TestWorker.java:193)
	at org.gradle.api.internal.tasks.testing.worker.TestWorker.executeAndMaintainThreadName(TestWorker.java:129)
	at org.gradle.api.internal.tasks.testing.worker.TestWorker.execute(TestWorker.java:100)
	at org.gradle.api.internal.tasks.testing.worker.TestWorker.execute(TestWorker.java:60)
	at org.gradle.process.internal.worker.child.ActionExecutionWorker.execute(ActionExecutionWorker.java:56)
	at org.gradle.process.internal.worker.child.SystemApplicationClassLoaderWorker.call(SystemApplicationClassLoaderWorker.java:113)
	at org.gradle.process.internal.worker.child.SystemApplicationClassLoaderWorker.call(SystemApplicationClassLoaderWorker.java:65)
	at app//worker.org.gradle.process.internal.worker.GradleWorkerMain.run(GradleWorkerMain.java:69)
	at app//worker.org.gradle.process.internal.worker.GradleWorkerMain.main(GradleWorkerMain.java:74)
</failure>
  </testcase>
  <testcase name="simpleTests" classname="de.uka.ilkd.key.proof.runallproofs.RunAllProofsFunctional" time="158.976"/>
  <testcase name="SmansEtAl" classname="de.uka.ilkd.key.proof.runallproofs.RunAllProofsFunctional" time="189.696"/>
  <testcase name="VACID0" classname="de.uka.ilkd.key.proof.runallproofs.RunAllProofsFunctional" time="74.229"/>
  <testcase name="VSTTE10" classname="de.uka.ilkd.key.proof.runallproofs.RunAllProofsFunctional" time="159.902"/>
  <testcase name="WeideEtAl" classname="de.uka.ilkd.key.proof.runallproofs.RunAllProofsFunctional" time="27.009"/>
  <testcase name="arithmetic" classname="de.uka.ilkd.key.proof.runallproofs.RunAllProofsFunctional" time="479.007">
    <failure message="org.opentest4j.AssertionFailedError: group arithmetic:&#10;pass: Verifying property &quot;provable&quot; was successful for file: /home/runner/work/key/key/key.core/../key.ui/examples/standard_key/arith/binomial1.key&#10;pass: Verifying property &quot;provable&quot; was successful for file: /home/runner/work/key/key/key.core/../key.ui/examples/standard_key/arith/binomial2.key&#10;pass: Verifying property &quot;provable&quot; was successful for file: /home/runner/work/key/key/key.core/../key.ui/examples/standard_key/arith/check_jdiv.key&#10;pass: Verifying property &quot;provable&quot; was successful for file: /home/runner/work/key/key/key.core/../key.ui/examples/standard_key/arith/check_jdiv_concrete.key&#10;pass: Verifying property &quot;provable&quot; was successful for file: /home/runner/work/key/key/key.core/../key.ui/examples/standard_key/arith/check_jdiv_instantiated.key&#10;pass: Verifying property &quot;provable&quot; was successful for file: /home/runner/work/key/key/key.core/../key.ui/examples/standard_key/arith/check_jmod.key&#10;pass: Verifying property &quot;provable&quot; was successful for file: /home/runner/work/key/key/key.core/../key.ui/examples/standard_key/arith/complexExpressions.key&#10;pass: Verifying property &quot;provable&quot; was successful for file: /home/runner/work/key/key/key.core/../key.ui/examples/standard_key/arith/compound_unaryMinus.key&#10;pass: Verifying property &quot;provable&quot; was successful for file: /home/runner/work/key/key/key.core/../key.ui/examples/standard_key/arith/computation.key&#10;pass: Verifying property &quot;provable&quot; was successful for file: /home/runner/work/key/key/key.core/../key.ui/examples/standard_key/arith/cubicSum.key&#10;pass: Verifying property &quot;provable&quot; was successful for file: /home/runner/work/key/key/key.core/../key.ui/examples/standard_key/arith/divByZero.key&#10;pass: Verifying property &quot;provable&quot; was successful for file: /home/runner/work/key/key/key.core/../key.ui/examples/standard_key/arith/divisionAssoc.key&#10;FAIL: Verifying property &quot;provable&quot; failed for file: /home/runner/work/key/key/key.core/../key.ui/examples/standard_key/arith/divisionBy2.key&#10;pass: Verifying property &quot;provable&quot; was successful for file: /home/runner/work/key/key/key.core/../key.ui/examples/standard_key/arith/euclidean/gcdHelp-post.key&#10;pass: Verifying property &quot;provable&quot; was successful for file: /home/runner/work/key/key/key.core/../key.ui/examples/standard_key/arith/gemplusDecimal/add.key&#10;pass: Verifying property &quot;provable&quot; was successful for file: /home/runner/work/key/key/key.core/../key.ui/examples/standard_key/arith/jdivevenodd.key&#10;pass: Verifying property &quot;provable&quot; was successful for file: /home/runner/work/key/key/key.core/../key.ui/examples/standard_key/arith/median.key&#10;pass: Verifying property &quot;provable&quot; was successful for file: /home/runner/work/key/key/key.core/../key.ui/examples/standard_key/arith/mod1.key&#10;pass: Verifying property &quot;provable&quot; was successful for file: /home/runner/work/key/key/key.core/../key.ui/examples/standard_key/arith/mod2.key&#10;FAIL: Verifying property &quot;provable&quot; failed for file: /home/runner/work/key/key/key.core/../key.ui/examples/standard_key/arith/mod7.key&#10;pass: Verifying property &quot;provable&quot; was successful for file: /home/runner/work/key/key/key.core/../key.ui/examples/standard_key/arith/overflow_hija.key&#10;pass: Verifying property &quot;provable&quot; was successful for file: /home/runner/work/key/key/key.core/../key.ui/examples/standard_key/arith/poly_division0.key&#10;pass: Verifying property &quot;provable&quot; was successful for file: /home/runner/work/key/key/key.core/../key.ui/examples/standard_key/arith/poly_division1.key&#10;pass: Verifying property &quot;provable&quot; was successful for file: /home/runner/work/key/key/key.core/../key.ui/examples/standard_key/inEqSimp/division.key&#10;pass: Verifying property &quot;provable&quot; was successful for file: /home/runner/work/key/key/key.core/../key.ui/examples/standard_key/inEqSimp/inequations0.key&#10;pass: Verifying property &quot;provable&quot; was successful for file: /home/runner/work/key/key/key.core/../key.ui/examples/standard_key/inEqSimp/inequations1.key&#10;pass: Verifying property &quot;provable&quot; was successful for file: /home/runner/work/key/key/key.core/../key.ui/examples/standard_key/inEqSimp/inequations2.key&#10;pass: Verifying property &quot;provable&quot; was successful for file: /home/runner/work/key/key/key.core/../key.ui/examples/standard_key/inEqSimp/linApprox.key&#10;pass: Verifying property &quot;provable&quot; was successful for file: /home/runner/work/key/key/key.core/../key.ui/examples/standard_key/inEqSimp/nonLinInEqExample0.key&#10;pass: Verifying property &quot;provable&quot; was successful for file: /home/runner/work/key/key/key.core/../key.ui/examples/standard_key/inEqSimp/nonLinInEqExample2.key&#10;pass: Verifying property &quot;provable&quot; was successful for file: /home/runner/work/key/key/key.core/../key.ui/examples/standard_key/inEqSimp/nonLinInEqExample3.key&#10;pass: Verifying property &quot;provable&quot; was successful for file: /home/runner/work/key/key/key.core/../key.ui/examples/standard_key/inEqSimp/nonLinInEqExample4.key&#10;pass: Verifying property &quot;provable&quot; was successful for file: /home/runner/work/key/key/key.core/../key.ui/examples/standard_key/inEqSimp/quadraticInEq.key&#10;pass: Verifying property &quot;provable&quot; was successful for file: /home/runner/work/key/key/key.core/../key.ui/examples/standard_key/inEqSimp/quadraticInEq10.key&#10;pass: Verifying property &quot;provable&quot; was successful for file: /home/runner/work/key/key/key.core/../key.ui/examples/standard_key/inEqSimp/quadraticInEq13.key&#10;pass: Verifying property &quot;provable&quot; was successful for file: /home/runner/work/key/key/key.core/../key.ui/examples/standard_key/inEqSimp/quadraticInEq14.key&#10;pass: Verifying property &quot;provable&quot; was successful for file: /home/runner/work/key/key/key.core/../key.ui/examples/standard_key/inEqSimp/quadraticInEq2.key&#10;pass: Verifying property &quot;provable&quot; was successful for file: /home/runner/work/key/key/key.core/../key.ui/examples/standard_key/inEqSimp/quadraticInEq3.key&#10;pass: Verifying property &quot;provable&quot; was successful for file: /home/runner/work/key/key/key.core/../key.ui/examples/standard_key/inEqSimp/quadraticInEq4.key&#10;pass: Verifying property &quot;provable&quot; was successful for file: /home/runner/work/key/key/key.core/../key.ui/examples/standard_key/inEqSimp/quadraticInEq5.key&#10;pass: Verifying property &quot;provable&quot; was successful for file: /home/runner/work/key/key/key.core/../key.ui/examples/standard_key/inEqSimp/quadraticInEq6.key&#10;pass: Verifying property &quot;provable&quot; was successful for file: /home/runner/work/key/key/key.core/../key.ui/examples/standard_key/inEqSimp/quadraticInEq7.key&#10;pass: Verifying property &quot;provable&quot; was successful for file: /home/runner/work/key/key/key.core/../key.ui/examples/standard_key/inEqSimp/quadraticInEq8.key&#10;pass: Verifying property &quot;provable&quot; was successful for file: /home/runner/work/key/key/key.core/../key.ui/examples/standard_key/inEqSimp/simplify0.key&#10;pass: Verifying property &quot;provable&quot; was successful for file: /home/runner/work/key/key/key.core/../key.ui/examples/standard_key/inEqSimp/simplify1.key&#10;pass: Verifying property &quot;provable&quot; was successful for file: /home/runner/work/key/key/key.core/../key.ui/examples/standard_key/inEqSimp/simplify2.key&#10;pass: Verifying property &quot;provable&quot; was successful for file: /home/runner/work/key/key/key.core/../key.ui/examples/standard_key/inEqSimp/simplify3.key&#10;pass: Verifying property &quot;provable&quot; was successful for file: /home/runner/work/key/key/key.core/../key.ui/examples/standard_key/inEqSimp/simplify4.key&#10;pass: Verifying property &quot;provable&quot; was successful for file: /home/runner/work/key/key/key.core/../key.ui/examples/standard_key/inEqSimp/simplify5.key&#10;pass: Verifying property &quot;provable&quot; was successful for file: /home/runner/work/key/key/key.core/../key.ui/examples/standard_key/inEqSimp/subsumptionExample.key&#10;pass: Verifying property &quot;provable&quot; was successful for file: /home/runner/work/key/key/key.core/../key.ui/examples/standard_key/polySimp/simplify0.key&#10;pass: Verifying property &quot;provable&quot; was successful for file: /home/runner/work/key/key/key.core/../key.ui/examples/standard_key/polySimp/simplify1.key&#10;pass: Verifying property &quot;provable&quot; was successful for file: /home/runner/work/key/key/key.core/../key.ui/examples/standard_key/polySimp/simplify10.key&#10;pass: Verifying property &quot;provable&quot; was successful for file: /home/runner/work/key/key/key.core/../key.ui/examples/standard_key/polySimp/simplify11.key&#10;pass: Verifying property &quot;provable&quot; was successful for file: /home/runner/work/key/key/key.core/../key.ui/examples/standard_key/polySimp/simplify12.key&#10;pass: Verifying property &quot;provable&quot; was successful for file: /home/runner/work/key/key/key.core/../key.ui/examples/standard_key/polySimp/simplify13.key&#10;pass: Verifying property &quot;provable&quot; was successful for file: /home/runner/work/key/key/key.core/../key.ui/examples/standard_key/polySimp/simplify14.key&#10;pass: Verifying property &quot;provable&quot; was successful for file: /home/runner/work/key/key/key.core/../key.ui/examples/standard_key/polySimp/simplify15.key&#10;pass: Verifying property &quot;provable&quot; was successful for file: /home/runner/work/key/key/key.core/../key.ui/examples/standard_key/polySimp/simplify16.key&#10;pass: Verifying property &quot;provable&quot; was successful for file: /home/runner/work/key/key/key.core/../key.ui/examples/standard_key/polySimp/simplify17.key&#10;pass: Verifying property &quot;provable&quot; was successful for file: /home/runner/work/key/key/key.core/../key.ui/examples/standard_key/polySimp/simplify18.key&#10;pass: Verifying property &quot;provable&quot; was successful for file: /home/runner/work/key/key/key.core/../key.ui/examples/standard_key/polySimp/simplify19.key&#10;pass: Verifying property &quot;provable&quot; was successful for file: /home/runner/work/key/key/key.core/../key.ui/examples/standard_key/polySimp/simplify2.key&#10;pass: Verifying property &quot;provable&quot; was successful for file: /home/runner/work/key/key/key.core/../key.ui/examples/standard_key/polySimp/simplify20.key&#10;pass: Verifying property &quot;provable&quot; was successful for file: /home/runner/work/key/key/key.core/../key.ui/examples/standard_key/polySimp/simplify21.key&#10;pass: Verifying property &quot;provable&quot; was successful for file: /home/runner/work/key/key/key.core/../key.ui/examples/standard_key/polySimp/simplify22.key&#10;pass: Verifying property &quot;provable&quot; was successful for file: /home/runner/work/key/key/key.core/../key.ui/examples/standard_key/polySimp/simplify23.key&#10;pass: Verifying property &quot;provable&quot; was successful for file: /home/runner/work/key/key/key.core/../key.ui/examples/standard_key/polySimp/simplify24.key&#10;pass: Verifying property &quot;provable&quot; was successful for file: /home/runner/work/key/key/key.core/../key.ui/examples/standard_key/polySimp/simplify25.key&#10;pass: Verifying property &quot;provable&quot; was successful for file: /home/runner/work/key/key/key.core/../key.ui/examples/standard_key/polySimp/simplify3.key&#10;pass: Verifying property &quot;provable&quot; was successful for file: /home/runner/work/key/key/key.core/../key.ui/examples/standard_key/polySimp/simplify4.key&#10;pass: Verifying property &quot;provable&quot; was successful for file: /home/runner/work/key/key/key.core/../key.ui/examples/standard_key/polySimp/simplify5.key&#10;pass: Verifying property &quot;provable&quot; was successful for file: /home/runner/work/key/key/key.core/../key.ui/examples/standard_key/polySimp/simplify6.key&#10;pass: Verifying property &quot;provable&quot; was successful for file: /home/runner/work/key/key/key.core/../key.ui/examples/standard_key/polySimp/simplify7.key&#10;pass: Verifying property &quot;provable&quot; was successful for file: /home/runner/work/key/key/key.core/../key.ui/examples/standard_key/polySimp/simplify8.key&#10;pass: Verifying property &quot;provable&quot; was successful for file: /home/runner/work/key/key/key.core/../key.ui/examples/standard_key/polySimp/simplify9.key&#10; ==&gt; expected: &lt;true&gt; but was: &lt;false&gt;" type="org.opentest4j.AssertionFailedError">org.opentest4j.AssertionFailedError: group arithmetic:
pass: Verifying property &quot;provable&quot; was successful for file: /home/runner/work/key/key/key.core/../key.ui/examples/standard_key/arith/binomial1.key
pass: Verifying property &quot;provable&quot; was successful for file: /home/runner/work/key/key/key.core/../key.ui/examples/standard_key/arith/binomial2.key
pass: Verifying property &quot;provable&quot; was successful for file: /home/runner/work/key/key/key.core/../key.ui/examples/standard_key/arith/check_jdiv.key
pass: Verifying property &quot;provable&quot; was successful for file: /home/runner/work/key/key/key.core/../key.ui/examples/standard_key/arith/check_jdiv_concrete.key
pass: Verifying property &quot;provable&quot; was successful for file: /home/runner/work/key/key/key.core/../key.ui/examples/standard_key/arith/check_jdiv_instantiated.key
pass: Verifying property &quot;provable&quot; was successful for file: /home/runner/work/key/key/key.core/../key.ui/examples/standard_key/arith/check_jmod.key
pass: Verifying property &quot;provable&quot; was successful for file: /home/runner/work/key/key/key.core/../key.ui/examples/standard_key/arith/complexExpressions.key
pass: Verifying property &quot;provable&quot; was successful for file: /home/runner/work/key/key/key.core/../key.ui/examples/standard_key/arith/compound_unaryMinus.key
pass: Verifying property &quot;provable&quot; was successful for file: /home/runner/work/key/key/key.core/../key.ui/examples/standard_key/arith/computation.key
pass: Verifying property &quot;provable&quot; was successful for file: /home/runner/work/key/key/key.core/../key.ui/examples/standard_key/arith/cubicSum.key
pass: Verifying property &quot;provable&quot; was successful for file: /home/runner/work/key/key/key.core/../key.ui/examples/standard_key/arith/divByZero.key
pass: Verifying property &quot;provable&quot; was successful for file: /home/runner/work/key/key/key.core/../key.ui/examples/standard_key/arith/divisionAssoc.key
FAIL: Verifying property &quot;provable&quot; failed for file: /home/runner/work/key/key/key.core/../key.ui/examples/standard_key/arith/divisionBy2.key
pass: Verifying property &quot;provable&quot; was successful for file: /home/runner/work/key/key/key.core/../key.ui/examples/standard_key/arith/euclidean/gcdHelp-post.key
pass: Verifying property &quot;provable&quot; was successful for file: /home/runner/work/key/key/key.core/../key.ui/examples/standard_key/arith/gemplusDecimal/add.key
pass: Verifying property &quot;provable&quot; was successful for file: /home/runner/work/key/key/key.core/../key.ui/examples/standard_key/arith/jdivevenodd.key
pass: Verifying property &quot;provable&quot; was successful for file: /home/runner/work/key/key/key.core/../key.ui/examples/standard_key/arith/median.key
pass: Verifying property &quot;provable&quot; was successful for file: /home/runner/work/key/key/key.core/../key.ui/examples/standard_key/arith/mod1.key
pass: Verifying property &quot;provable&quot; was successful for file: /home/runner/work/key/key/key.core/../key.ui/examples/standard_key/arith/mod2.key
FAIL: Verifying property &quot;provable&quot; failed for file: /home/runner/work/key/key/key.core/../key.ui/examples/standard_key/arith/mod7.key
pass: Verifying property &quot;provable&quot; was successful for file: /home/runner/work/key/key/key.core/../key.ui/examples/standard_key/arith/overflow_hija.key
pass: Verifying property &quot;provable&quot; was successful for file: /home/runner/work/key/key/key.core/../key.ui/examples/standard_key/arith/poly_division0.key
pass: Verifying property &quot;provable&quot; was successful for file: /home/runner/work/key/key/key.core/../key.ui/examples/standard_key/arith/poly_division1.key
pass: Verifying property &quot;provable&quot; was successful for file: /home/runner/work/key/key/key.core/../key.ui/examples/standard_key/inEqSimp/division.key
pass: Verifying property &quot;provable&quot; was successful for file: /home/runner/work/key/key/key.core/../key.ui/examples/standard_key/inEqSimp/inequations0.key
pass: Verifying property &quot;provable&quot; was successful for file: /home/runner/work/key/key/key.core/../key.ui/examples/standard_key/inEqSimp/inequations1.key
pass: Verifying property &quot;provable&quot; was successful for file: /home/runner/work/key/key/key.core/../key.ui/examples/standard_key/inEqSimp/inequations2.key
pass: Verifying property &quot;provable&quot; was successful for file: /home/runner/work/key/key/key.core/../key.ui/examples/standard_key/inEqSimp/linApprox.key
pass: Verifying property &quot;provable&quot; was successful for file: /home/runner/work/key/key/key.core/../key.ui/examples/standard_key/inEqSimp/nonLinInEqExample0.key
pass: Verifying property &quot;provable&quot; was successful for file: /home/runner/work/key/key/key.core/../key.ui/examples/standard_key/inEqSimp/nonLinInEqExample2.key
pass: Verifying property &quot;provable&quot; was successful for file: /home/runner/work/key/key/key.core/../key.ui/examples/standard_key/inEqSimp/nonLinInEqExample3.key
pass: Verifying property &quot;provable&quot; was successful for file: /home/runner/work/key/key/key.core/../key.ui/examples/standard_key/inEqSimp/nonLinInEqExample4.key
pass: Verifying property &quot;provable&quot; was successful for file: /home/runner/work/key/key/key.core/../key.ui/examples/standard_key/inEqSimp/quadraticInEq.key
pass: Verifying property &quot;provable&quot; was successful for file: /home/runner/work/key/key/key.core/../key.ui/examples/standard_key/inEqSimp/quadraticInEq10.key
pass: Verifying property &quot;provable&quot; was successful for file: /home/runner/work/key/key/key.core/../key.ui/examples/standard_key/inEqSimp/quadraticInEq13.key
pass: Verifying property &quot;provable&quot; was successful for file: /home/runner/work/key/key/key.core/../key.ui/examples/standard_key/inEqSimp/quadraticInEq14.key
pass: Verifying property &quot;provable&quot; was successful for file: /home/runner/work/key/key/key.core/../key.ui/examples/standard_key/inEqSimp/quadraticInEq2.key
pass: Verifying property &quot;provable&quot; was successful for file: /home/runner/work/key/key/key.core/../key.ui/examples/standard_key/inEqSimp/quadraticInEq3.key
pass: Verifying property &quot;provable&quot; was successful for file: /home/runner/work/key/key/key.core/../key.ui/examples/standard_key/inEqSimp/quadraticInEq4.key
pass: Verifying property &quot;provable&quot; was successful for file: /home/runner/work/key/key/key.core/../key.ui/examples/standard_key/inEqSimp/quadraticInEq5.key
pass: Verifying property &quot;provable&quot; was successful for file: /home/runner/work/key/key/key.core/../key.ui/examples/standard_key/inEqSimp/quadraticInEq6.key
pass: Verifying property &quot;provable&quot; was successful for file: /home/runner/work/key/key/key.core/../key.ui/examples/standard_key/inEqSimp/quadraticInEq7.key
pass: Verifying property &quot;provable&quot; was successful for file: /home/runner/work/key/key/key.core/../key.ui/examples/standard_key/inEqSimp/quadraticInEq8.key
pass: Verifying property &quot;provable&quot; was successful for file: /home/runner/work/key/key/key.core/../key.ui/examples/standard_key/inEqSimp/simplify0.key
pass: Verifying property &quot;provable&quot; was successful for file: /home/runner/work/key/key/key.core/../key.ui/examples/standard_key/inEqSimp/simplify1.key
pass: Verifying property &quot;provable&quot; was successful for file: /home/runner/work/key/key/key.core/../key.ui/examples/standard_key/inEqSimp/simplify2.key
pass: Verifying property &quot;provable&quot; was successful for file: /home/runner/work/key/key/key.core/../key.ui/examples/standard_key/inEqSimp/simplify3.key
pass: Verifying property &quot;provable&quot; was successful for file: /home/runner/work/key/key/key.core/../key.ui/examples/standard_key/inEqSimp/simplify4.key
pass: Verifying property &quot;provable&quot; was successful for file: /home/runner/work/key/key/key.core/../key.ui/examples/standard_key/inEqSimp/simplify5.key
pass: Verifying property &quot;provable&quot; was successful for file: /home/runner/work/key/key/key.core/../key.ui/examples/standard_key/inEqSimp/subsumptionExample.key
pass: Verifying property &quot;provable&quot; was successful for file: /home/runner/work/key/key/key.core/../key.ui/examples/standard_key/polySimp/simplify0.key
pass: Verifying property &quot;provable&quot; was successful for file: /home/runner/work/key/key/key.core/../key.ui/examples/standard_key/polySimp/simplify1.key
pass: Verifying property &quot;provable&quot; was successful for file: /home/runner/work/key/key/key.core/../key.ui/examples/standard_key/polySimp/simplify10.key
pass: Verifying property &quot;provable&quot; was successful for file: /home/runner/work/key/key/key.core/../key.ui/examples/standard_key/polySimp/simplify11.key
pass: Verifying property &quot;provable&quot; was successful for file: /home/runner/work/key/key/key.core/../key.ui/examples/standard_key/polySimp/simplify12.key
pass: Verifying property &quot;provable&quot; was successful for file: /home/runner/work/key/key/key.core/../key.ui/examples/standard_key/polySimp/simplify13.key
pass: Verifying property &quot;provable&quot; was successful for file: /home/runner/work/key/key/key.core/../key.ui/examples/standard_key/polySimp/simplify14.key
pass: Verifying property &quot;provable&quot; was successful for file: /home/runner/work/key/key/key.core/../key.ui/examples/standard_key/polySimp/simplify15.key
pass: Verifying property &quot;provable&quot; was successful for file: /home/runner/work/key/key/key.core/../key.ui/examples/standard_key/polySimp/simplify16.key
pass: Verifying property &quot;provable&quot; was successful for file: /home/runner/work/key/key/key.core/../key.ui/examples/standard_key/polySimp/simplify17.key
pass: Verifying property &quot;provable&quot; was successful for file: /home/runner/work/key/key/key.core/../key.ui/examples/standard_key/polySimp/simplify18.key
pass: Verifying property &quot;provable&quot; was successful for file: /home/runner/work/key/key/key.core/../key.ui/examples/standard_key/polySimp/simplify19.key
pass: Verifying property &quot;provable&quot; was successful for file: /home/runner/work/key/key/key.core/../key.ui/examples/standard_key/polySimp/simplify2.key
pass: Verifying property &quot;provable&quot; was successful for file: /home/runner/work/key/key/key.core/../key.ui/examples/standard_key/polySimp/simplify20.key
pass: Verifying property &quot;provable&quot; was successful for file: /home/runner/work/key/key/key.core/../key.ui/examples/standard_key/polySimp/simplify21.key
pass: Verifying property &quot;provable&quot; was successful for file: /home/runner/work/key/key/key.core/../key.ui/examples/standard_key/polySimp/simplify22.key
pass: Verifying property &quot;provable&quot; was successful for file: /home/runner/work/key/key/key.core/../key.ui/examples/standard_key/polySimp/simplify23.key
pass: Verifying property &quot;provable&quot; was successful for file: /home/runner/work/key/key/key.core/../key.ui/examples/standard_key/polySimp/simplify24.key
pass: Verifying property &quot;provable&quot; was successful for file: /home/runner/work/key/key/key.core/../key.ui/examples/standard_key/polySimp/simplify25.key
pass: Verifying property &quot;provable&quot; was successful for file: /home/runner/work/key/key/key.core/../key.ui/examples/standard_key/polySimp/simplify3.key
pass: Verifying property &quot;provable&quot; was successful for file: /home/runner/work/key/key/key.core/../key.ui/examples/standard_key/polySimp/simplify4.key
pass: Verifying property &quot;provable&quot; was successful for file: /home/runner/work/key/key/key.core/../key.ui/examples/standard_key/polySimp/simplify5.key
pass: Verifying property &quot;provable&quot; was successful for file: /home/runner/work/key/key/key.core/../key.ui/examples/standard_key/polySimp/simplify6.key
pass: Verifying property &quot;provable&quot; was successful for file: /home/runner/work/key/key/key.core/../key.ui/examples/standard_key/polySimp/simplify7.key
pass: Verifying property &quot;provable&quot; was successful for file: /home/runner/work/key/key/key.core/../key.ui/examples/standard_key/polySimp/simplify8.key
pass: Verifying property &quot;provable&quot; was successful for file: /home/runner/work/key/key/key.core/../key.ui/examples/standard_key/polySimp/simplify9.key
 ==&gt; expected: &lt;true&gt; but was: &lt;false&gt;
	at app//org.junit.jupiter.api.AssertionFailureBuilder.build(AssertionFailureBuilder.java:151)
	at app//org.junit.jupiter.api.AssertionFailureBuilder.buildAndThrow(AssertionFailureBuilder.java:132)
	at app//org.junit.jupiter.api.AssertTrue.failNotTrue(AssertTrue.java:63)
	at app//org.junit.jupiter.api.AssertTrue.assertTrue(AssertTrue.java:36)
	at app//org.junit.jupiter.api.Assertions.assertTrue(Assertions.java:211)
	at app//de.uka.ilkd.key.proof.runallproofs.RunAllProofsTest.lambda$data$0(RunAllProofsTest.java:78)
	at app//org.junit.jupiter.engine.descriptor.DynamicTestTestDescriptor.lambda$execute$0(DynamicTestTestDescriptor.java:53)
	at app//org.junit.jupiter.engine.execution.InvocationInterceptorChain$ValidatingInvocation.proceed(InvocationInterceptorChain.java:131)
	at app//org.junit.jupiter.api.extension.InvocationInterceptor.interceptDynamicTest(InvocationInterceptor.java:167)
	at app//org.junit.jupiter.api.extension.InvocationInterceptor.interceptDynamicTest(InvocationInterceptor.java:184)
	at app//org.junit.jupiter.engine.descriptor.DynamicTestTestDescriptor.lambda$execute$1(DynamicTestTestDescriptor.java:61)
	at app//org.junit.jupiter.engine.execution.InvocationInterceptorChain$InterceptorCall.lambda$ofVoid$0(InvocationInterceptorChain.java:78)
	at app//org.junit.jupiter.engine.execution.InvocationInterceptorChain$InterceptedInvocation.proceed(InvocationInterceptorChain.java:106)
	at app//org.junit.jupiter.engine.execution.InvocationInterceptorChain.proceed(InvocationInterceptorChain.java:64)
	at app//org.junit.jupiter.engine.execution.InvocationInterceptorChain.chainAndInvoke(InvocationInterceptorChain.java:45)
	at app//org.junit.jupiter.engine.execution.InvocationInterceptorChain.invoke(InvocationInterceptorChain.java:37)
	at app//org.junit.jupiter.engine.descriptor.DynamicTestTestDescriptor.execute(DynamicTestTestDescriptor.java:60)
	at app//org.junit.jupiter.engine.descriptor.DynamicTestTestDescriptor.execute(DynamicTestTestDescriptor.java:32)
	at app//org.junit.platform.engine.support.hierarchical.NodeTestTask.lambda$executeRecursively$6(NodeTestTask.java:151)
	at app//org.junit.platform.engine.support.hierarchical.ThrowableCollector.execute(ThrowableCollector.java:73)
	at app//org.junit.platform.engine.support.hierarchical.NodeTestTask.lambda$executeRecursively$8(NodeTestTask.java:141)
	at app//org.junit.platform.engine.support.hierarchical.Node.around(Node.java:137)
	at app//org.junit.platform.engine.support.hierarchical.NodeTestTask.lambda$executeRecursively$9(NodeTestTask.java:139)
	at app//org.junit.platform.engine.support.hierarchical.ThrowableCollector.execute(ThrowableCollector.java:73)
	at app//org.junit.platform.engine.support.hierarchical.NodeTestTask.executeRecursively(NodeTestTask.java:138)
	at app//org.junit.platform.engine.support.hierarchical.NodeTestTask.execute(NodeTestTask.java:95)
	at app//org.junit.platform.engine.support.hierarchical.SameThreadHierarchicalTestExecutorService.submit(SameThreadHierarchicalTestExecutorService.java:35)
	at app//org.junit.platform.engine.support.hierarchical.NodeTestTask$DefaultDynamicTestExecutor.execute(NodeTestTask.java:226)
	at app//org.junit.platform.engine.support.hierarchical.NodeTestTask$DefaultDynamicTestExecutor.execute(NodeTestTask.java:204)
	at java.base@11.0.18/java.util.Optional.ifPresent(Optional.java:183)
	at app//org.junit.jupiter.engine.descriptor.TestFactoryTestDescriptor.lambda$invokeTestMethod$1(TestFactoryTestDescriptor.java:108)
	at app//org.junit.platform.engine.support.hierarchical.ThrowableCollector.execute(ThrowableCollector.java:73)
	at app//org.junit.jupiter.engine.descriptor.TestFactoryTestDescriptor.invokeTestMethod(TestFactoryTestDescriptor.java:95)
	at app//org.junit.jupiter.engine.descriptor.TestMethodTestDescriptor.execute(TestMethodTestDescriptor.java:138)
	at app//org.junit.jupiter.engine.descriptor.TestMethodTestDescriptor.execute(TestMethodTestDescriptor.java:68)
	at app//org.junit.platform.engine.support.hierarchical.NodeTestTask.lambda$executeRecursively$6(NodeTestTask.java:151)
	at app//org.junit.platform.engine.support.hierarchical.ThrowableCollector.execute(ThrowableCollector.java:73)
	at app//org.junit.platform.engine.support.hierarchical.NodeTestTask.lambda$executeRecursively$8(NodeTestTask.java:141)
	at app//org.junit.platform.engine.support.hierarchical.Node.around(Node.java:137)
	at app//org.junit.platform.engine.support.hierarchical.NodeTestTask.lambda$executeRecursively$9(NodeTestTask.java:139)
	at app//org.junit.platform.engine.support.hierarchical.ThrowableCollector.execute(ThrowableCollector.java:73)
	at app//org.junit.platform.engine.support.hierarchical.NodeTestTask.executeRecursively(NodeTestTask.java:138)
	at app//org.junit.platform.engine.support.hierarchical.NodeTestTask.execute(NodeTestTask.java:95)
	at java.base@11.0.18/java.util.ArrayList.forEach(ArrayList.java:1541)
	at app//org.junit.platform.engine.support.hierarchical.SameThreadHierarchicalTestExecutorService.invokeAll(SameThreadHierarchicalTestExecutorService.java:41)
	at app//org.junit.platform.engine.support.hierarchical.NodeTestTask.lambda$executeRecursively$6(NodeTestTask.java:155)
	at app//org.junit.platform.engine.support.hierarchical.ThrowableCollector.execute(ThrowableCollector.java:73)
	at app//org.junit.platform.engine.support.hierarchical.NodeTestTask.lambda$executeRecursively$8(NodeTestTask.java:141)
	at app//org.junit.platform.engine.support.hierarchical.Node.around(Node.java:137)
	at app//org.junit.platform.engine.support.hierarchical.NodeTestTask.lambda$executeRecursively$9(NodeTestTask.java:139)
	at app//org.junit.platform.engine.support.hierarchical.ThrowableCollector.execute(ThrowableCollector.java:73)
	at app//org.junit.platform.engine.support.hierarchical.NodeTestTask.executeRecursively(NodeTestTask.java:138)
	at app//org.junit.platform.engine.support.hierarchical.NodeTestTask.execute(NodeTestTask.java:95)
	at java.base@11.0.18/java.util.ArrayList.forEach(ArrayList.java:1541)
	at app//org.junit.platform.engine.support.hierarchical.SameThreadHierarchicalTestExecutorService.invokeAll(SameThreadHierarchicalTestExecutorService.java:41)
	at app//org.junit.platform.engine.support.hierarchical.NodeTestTask.lambda$executeRecursively$6(NodeTestTask.java:155)
	at app//org.junit.platform.engine.support.hierarchical.ThrowableCollector.execute(ThrowableCollector.java:73)
	at app//org.junit.platform.engine.support.hierarchical.NodeTestTask.lambda$executeRecursively$8(NodeTestTask.java:141)
	at app//org.junit.platform.engine.support.hierarchical.Node.around(Node.java:137)
	at app//org.junit.platform.engine.support.hierarchical.NodeTestTask.lambda$executeRecursively$9(NodeTestTask.java:139)
	at app//org.junit.platform.engine.support.hierarchical.ThrowableCollector.execute(ThrowableCollector.java:73)
	at app//org.junit.platform.engine.support.hierarchical.NodeTestTask.executeRecursively(NodeTestTask.java:138)
	at app//org.junit.platform.engine.support.hierarchical.NodeTestTask.execute(NodeTestTask.java:95)
	at app//org.junit.platform.engine.support.hierarchical.SameThreadHierarchicalTestExecutorService.submit(SameThreadHierarchicalTestExecutorService.java:35)
	at app//org.junit.platform.engine.support.hierarchical.HierarchicalTestExecutor.execute(HierarchicalTestExecutor.java:57)
	at app//org.junit.platform.engine.support.hierarchical.HierarchicalTestEngine.execute(HierarchicalTestEngine.java:54)
	at app//org.junit.platform.launcher.core.EngineExecutionOrchestrator.execute(EngineExecutionOrchestrator.java:107)
	at app//org.junit.platform.launcher.core.EngineExecutionOrchestrator.execute(EngineExecutionOrchestrator.java:88)
	at app//org.junit.platform.launcher.core.EngineExecutionOrchestrator.lambda$execute$0(EngineExecutionOrchestrator.java:54)
	at app//org.junit.platform.launcher.core.EngineExecutionOrchestrator.withInterceptedStreams(EngineExecutionOrchestrator.java:67)
	at app//org.junit.platform.launcher.core.EngineExecutionOrchestrator.execute(EngineExecutionOrchestrator.java:52)
	at app//org.junit.platform.launcher.core.DefaultLauncher.execute(DefaultLauncher.java:114)
	at app//org.junit.platform.launcher.core.DefaultLauncher.execute(DefaultLauncher.java:86)
	at app//org.junit.platform.launcher.core.DefaultLauncherSession$DelegatingLauncher.execute(DefaultLauncherSession.java:86)
	at org.gradle.api.internal.tasks.testing.junitplatform.JUnitPlatformTestClassProcessor$CollectAllTestClassesExecutor.processAllTestClasses(JUnitPlatformTestClassProcessor.java:110)
	at org.gradle.api.internal.tasks.testing.junitplatform.JUnitPlatformTestClassProcessor$CollectAllTestClassesExecutor.access$000(JUnitPlatformTestClassProcessor.java:90)
	at org.gradle.api.internal.tasks.testing.junitplatform.JUnitPlatformTestClassProcessor.stop(JUnitPlatformTestClassProcessor.java:85)
	at org.gradle.api.internal.tasks.testing.SuiteTestClassProcessor.stop(SuiteTestClassProcessor.java:62)
	at java.base@11.0.18/jdk.internal.reflect.NativeMethodAccessorImpl.invoke0(Native Method)
	at java.base@11.0.18/jdk.internal.reflect.NativeMethodAccessorImpl.invoke(NativeMethodAccessorImpl.java:62)
	at java.base@11.0.18/jdk.internal.reflect.DelegatingMethodAccessorImpl.invoke(DelegatingMethodAccessorImpl.java:43)
	at java.base@11.0.18/java.lang.reflect.Method.invoke(Method.java:566)
	at org.gradle.internal.dispatch.ReflectionDispatch.dispatch(ReflectionDispatch.java:36)
	at org.gradle.internal.dispatch.ReflectionDispatch.dispatch(ReflectionDispatch.java:24)
	at org.gradle.internal.dispatch.ContextClassLoaderDispatch.dispatch(ContextClassLoaderDispatch.java:33)
	at org.gradle.internal.dispatch.ProxyDispatchAdapter$DispatchingInvocationHandler.invoke(ProxyDispatchAdapter.java:94)
	at com.sun.proxy.$Proxy2.stop(Unknown Source)
	at org.gradle.api.internal.tasks.testing.worker.TestWorker$3.run(TestWorker.java:193)
	at org.gradle.api.internal.tasks.testing.worker.TestWorker.executeAndMaintainThreadName(TestWorker.java:129)
	at org.gradle.api.internal.tasks.testing.worker.TestWorker.execute(TestWorker.java:100)
	at org.gradle.api.internal.tasks.testing.worker.TestWorker.execute(TestWorker.java:60)
	at org.gradle.process.internal.worker.child.ActionExecutionWorker.execute(ActionExecutionWorker.java:56)
	at org.gradle.process.internal.worker.child.SystemApplicationClassLoaderWorker.call(SystemApplicationClassLoaderWorker.java:113)
	at org.gradle.process.internal.worker.child.SystemApplicationClassLoaderWorker.call(SystemApplicationClassLoaderWorker.java:65)
	at app//worker.org.gradle.process.internal.worker.GradleWorkerMain.run(GradleWorkerMain.java:69)
	at app//worker.org.gradle.process.internal.worker.GradleWorkerMain.main(GradleWorkerMain.java:74)
</failure>
  </testcase>
  <testcase name="arrays" classname="de.uka.ilkd.key.proof.runallproofs.RunAllProofsFunctional" time="54.643"/>
  <testcase name="javadl" classname="de.uka.ilkd.key.proof.runallproofs.RunAllProofsFunctional" time="564.941"/>
  <testcase name="FOL" classname="de.uka.ilkd.key.proof.runallproofs.RunAllProofsFunctional" time="275.149"/>
  <testcase name="strings" classname="de.uka.ilkd.key.proof.runallproofs.RunAllProofsFunctional" time="140.374"/>
  <testcase name="simple_info_flow" classname="de.uka.ilkd.key.proof.runallproofs.RunAllProofsFunctional" time="13.359"/>
  <testcase name="modelMethods" classname="de.uka.ilkd.key.proof.runallproofs.RunAllProofsFunctional" time="173.059"/>
  <testcase name="permissionHeap" classname="de.uka.ilkd.key.proof.runallproofs.RunAllProofsFunctional" time="847.074"/>
  <testcase name="completionScopes" classname="de.uka.ilkd.key.proof.runallproofs.RunAllProofsFunctional" time="46.889"/>
  <testcase name="reload_examples" classname="de.uka.ilkd.key.proof.runallproofs.RunAllProofsFunctional" time="42.832"/>
  <testcase name="proofLoadRepair" classname="de.uka.ilkd.key.proof.runallproofs.RunAllProofsFunctional" time="18.503"/>
  <testcase name="switch" classname="de.uka.ilkd.key.proof.runallproofs.RunAllProofsFunctional" time="53.023">
    <failure message="org.opentest4j.AssertionFailedError: group switch:&#10;pass: Verifying property &quot;provable&quot; was successful for file: /home/runner/work/key/key/key.core/../key.ui/examples/standard_key/java_dl/switch/labeled_case.key&#10;pass: Verifying property &quot;provable&quot; was successful for file: /home/runner/work/key/key/key.core/../key.ui/examples/standard_key/java_dl/switch/empty_switch.key&#10;pass: Verifying property &quot;provable&quot; was successful for file: /home/runner/work/key/key/key.core/../key.ui/examples/standard_key/java_dl/switch/empty_switch_null.key&#10;pass: Verifying property &quot;provable&quot; was successful for file: /home/runner/work/key/key/key.core/../key.ui/examples/standard_key/java_dl/switch/empty_switch_null_catch.key&#10;pass: Verifying property &quot;provable&quot; was successful for file: /home/runner/work/key/key/key.core/../key.ui/examples/standard_key/java_dl/switch/empty_switch_array_out_of_bounds.key&#10;pass: Verifying property &quot;provable&quot; was successful for file: /home/runner/work/key/key/key.core/../key.ui/examples/standard_key/java_dl/switch/empty_switch_array_out_of_bounds_catch.key&#10;FAIL: Verifying property &quot;provable&quot; failed for file: /home/runner/work/key/key/key.core/../key.ui/examples/standard_key/java_dl/switch/switch_in_switch.key&#10;pass: Verifying property &quot;provable&quot; was successful for file: /home/runner/work/key/key/key.core/../key.ui/examples/standard_key/java_dl/switch/while_and_switch.key&#10;pass: Verifying property &quot;provable&quot; was successful for file: /home/runner/work/key/key/key.core/../key.ui/examples/standard_key/java_dl/switch/large_switch.key&#10; ==&gt; expected: &lt;true&gt; but was: &lt;false&gt;" type="org.opentest4j.AssertionFailedError">org.opentest4j.AssertionFailedError: group switch:
pass: Verifying property &quot;provable&quot; was successful for file: /home/runner/work/key/key/key.core/../key.ui/examples/standard_key/java_dl/switch/labeled_case.key
pass: Verifying property &quot;provable&quot; was successful for file: /home/runner/work/key/key/key.core/../key.ui/examples/standard_key/java_dl/switch/empty_switch.key
pass: Verifying property &quot;provable&quot; was successful for file: /home/runner/work/key/key/key.core/../key.ui/examples/standard_key/java_dl/switch/empty_switch_null.key
pass: Verifying property &quot;provable&quot; was successful for file: /home/runner/work/key/key/key.core/../key.ui/examples/standard_key/java_dl/switch/empty_switch_null_catch.key
pass: Verifying property &quot;provable&quot; was successful for file: /home/runner/work/key/key/key.core/../key.ui/examples/standard_key/java_dl/switch/empty_switch_array_out_of_bounds.key
pass: Verifying property &quot;provable&quot; was successful for file: /home/runner/work/key/key/key.core/../key.ui/examples/standard_key/java_dl/switch/empty_switch_array_out_of_bounds_catch.key
FAIL: Verifying property &quot;provable&quot; failed for file: /home/runner/work/key/key/key.core/../key.ui/examples/standard_key/java_dl/switch/switch_in_switch.key
pass: Verifying property &quot;provable&quot; was successful for file: /home/runner/work/key/key/key.core/../key.ui/examples/standard_key/java_dl/switch/while_and_switch.key
pass: Verifying property &quot;provable&quot; was successful for file: /home/runner/work/key/key/key.core/../key.ui/examples/standard_key/java_dl/switch/large_switch.key
 ==&gt; expected: &lt;true&gt; but was: &lt;false&gt;
	at app//org.junit.jupiter.api.AssertionFailureBuilder.build(AssertionFailureBuilder.java:151)
	at app//org.junit.jupiter.api.AssertionFailureBuilder.buildAndThrow(AssertionFailureBuilder.java:132)
	at app//org.junit.jupiter.api.AssertTrue.failNotTrue(AssertTrue.java:63)
	at app//org.junit.jupiter.api.AssertTrue.assertTrue(AssertTrue.java:36)
	at app//org.junit.jupiter.api.Assertions.assertTrue(Assertions.java:211)
	at app//de.uka.ilkd.key.proof.runallproofs.RunAllProofsTest.lambda$data$0(RunAllProofsTest.java:78)
	at app//org.junit.jupiter.engine.descriptor.DynamicTestTestDescriptor.lambda$execute$0(DynamicTestTestDescriptor.java:53)
	at app//org.junit.jupiter.engine.execution.InvocationInterceptorChain$ValidatingInvocation.proceed(InvocationInterceptorChain.java:131)
	at app//org.junit.jupiter.api.extension.InvocationInterceptor.interceptDynamicTest(InvocationInterceptor.java:167)
	at app//org.junit.jupiter.api.extension.InvocationInterceptor.interceptDynamicTest(InvocationInterceptor.java:184)
	at app//org.junit.jupiter.engine.descriptor.DynamicTestTestDescriptor.lambda$execute$1(DynamicTestTestDescriptor.java:61)
	at app//org.junit.jupiter.engine.execution.InvocationInterceptorChain$InterceptorCall.lambda$ofVoid$0(InvocationInterceptorChain.java:78)
	at app//org.junit.jupiter.engine.execution.InvocationInterceptorChain$InterceptedInvocation.proceed(InvocationInterceptorChain.java:106)
	at app//org.junit.jupiter.engine.execution.InvocationInterceptorChain.proceed(InvocationInterceptorChain.java:64)
	at app//org.junit.jupiter.engine.execution.InvocationInterceptorChain.chainAndInvoke(InvocationInterceptorChain.java:45)
	at app//org.junit.jupiter.engine.execution.InvocationInterceptorChain.invoke(InvocationInterceptorChain.java:37)
	at app//org.junit.jupiter.engine.descriptor.DynamicTestTestDescriptor.execute(DynamicTestTestDescriptor.java:60)
	at app//org.junit.jupiter.engine.descriptor.DynamicTestTestDescriptor.execute(DynamicTestTestDescriptor.java:32)
	at app//org.junit.platform.engine.support.hierarchical.NodeTestTask.lambda$executeRecursively$6(NodeTestTask.java:151)
	at app//org.junit.platform.engine.support.hierarchical.ThrowableCollector.execute(ThrowableCollector.java:73)
	at app//org.junit.platform.engine.support.hierarchical.NodeTestTask.lambda$executeRecursively$8(NodeTestTask.java:141)
	at app//org.junit.platform.engine.support.hierarchical.Node.around(Node.java:137)
	at app//org.junit.platform.engine.support.hierarchical.NodeTestTask.lambda$executeRecursively$9(NodeTestTask.java:139)
	at app//org.junit.platform.engine.support.hierarchical.ThrowableCollector.execute(ThrowableCollector.java:73)
	at app//org.junit.platform.engine.support.hierarchical.NodeTestTask.executeRecursively(NodeTestTask.java:138)
	at app//org.junit.platform.engine.support.hierarchical.NodeTestTask.execute(NodeTestTask.java:95)
	at app//org.junit.platform.engine.support.hierarchical.SameThreadHierarchicalTestExecutorService.submit(SameThreadHierarchicalTestExecutorService.java:35)
	at app//org.junit.platform.engine.support.hierarchical.NodeTestTask$DefaultDynamicTestExecutor.execute(NodeTestTask.java:226)
	at app//org.junit.platform.engine.support.hierarchical.NodeTestTask$DefaultDynamicTestExecutor.execute(NodeTestTask.java:204)
	at java.base@11.0.18/java.util.Optional.ifPresent(Optional.java:183)
	at app//org.junit.jupiter.engine.descriptor.TestFactoryTestDescriptor.lambda$invokeTestMethod$1(TestFactoryTestDescriptor.java:108)
	at app//org.junit.platform.engine.support.hierarchical.ThrowableCollector.execute(ThrowableCollector.java:73)
	at app//org.junit.jupiter.engine.descriptor.TestFactoryTestDescriptor.invokeTestMethod(TestFactoryTestDescriptor.java:95)
	at app//org.junit.jupiter.engine.descriptor.TestMethodTestDescriptor.execute(TestMethodTestDescriptor.java:138)
	at app//org.junit.jupiter.engine.descriptor.TestMethodTestDescriptor.execute(TestMethodTestDescriptor.java:68)
	at app//org.junit.platform.engine.support.hierarchical.NodeTestTask.lambda$executeRecursively$6(NodeTestTask.java:151)
	at app//org.junit.platform.engine.support.hierarchical.ThrowableCollector.execute(ThrowableCollector.java:73)
	at app//org.junit.platform.engine.support.hierarchical.NodeTestTask.lambda$executeRecursively$8(NodeTestTask.java:141)
	at app//org.junit.platform.engine.support.hierarchical.Node.around(Node.java:137)
	at app//org.junit.platform.engine.support.hierarchical.NodeTestTask.lambda$executeRecursively$9(NodeTestTask.java:139)
	at app//org.junit.platform.engine.support.hierarchical.ThrowableCollector.execute(ThrowableCollector.java:73)
	at app//org.junit.platform.engine.support.hierarchical.NodeTestTask.executeRecursively(NodeTestTask.java:138)
	at app//org.junit.platform.engine.support.hierarchical.NodeTestTask.execute(NodeTestTask.java:95)
	at java.base@11.0.18/java.util.ArrayList.forEach(ArrayList.java:1541)
	at app//org.junit.platform.engine.support.hierarchical.SameThreadHierarchicalTestExecutorService.invokeAll(SameThreadHierarchicalTestExecutorService.java:41)
	at app//org.junit.platform.engine.support.hierarchical.NodeTestTask.lambda$executeRecursively$6(NodeTestTask.java:155)
	at app//org.junit.platform.engine.support.hierarchical.ThrowableCollector.execute(ThrowableCollector.java:73)
	at app//org.junit.platform.engine.support.hierarchical.NodeTestTask.lambda$executeRecursively$8(NodeTestTask.java:141)
	at app//org.junit.platform.engine.support.hierarchical.Node.around(Node.java:137)
	at app//org.junit.platform.engine.support.hierarchical.NodeTestTask.lambda$executeRecursively$9(NodeTestTask.java:139)
	at app//org.junit.platform.engine.support.hierarchical.ThrowableCollector.execute(ThrowableCollector.java:73)
	at app//org.junit.platform.engine.support.hierarchical.NodeTestTask.executeRecursively(NodeTestTask.java:138)
	at app//org.junit.platform.engine.support.hierarchical.NodeTestTask.execute(NodeTestTask.java:95)
	at java.base@11.0.18/java.util.ArrayList.forEach(ArrayList.java:1541)
	at app//org.junit.platform.engine.support.hierarchical.SameThreadHierarchicalTestExecutorService.invokeAll(SameThreadHierarchicalTestExecutorService.java:41)
	at app//org.junit.platform.engine.support.hierarchical.NodeTestTask.lambda$executeRecursively$6(NodeTestTask.java:155)
	at app//org.junit.platform.engine.support.hierarchical.ThrowableCollector.execute(ThrowableCollector.java:73)
	at app//org.junit.platform.engine.support.hierarchical.NodeTestTask.lambda$executeRecursively$8(NodeTestTask.java:141)
	at app//org.junit.platform.engine.support.hierarchical.Node.around(Node.java:137)
	at app//org.junit.platform.engine.support.hierarchical.NodeTestTask.lambda$executeRecursively$9(NodeTestTask.java:139)
	at app//org.junit.platform.engine.support.hierarchical.ThrowableCollector.execute(ThrowableCollector.java:73)
	at app//org.junit.platform.engine.support.hierarchical.NodeTestTask.executeRecursively(NodeTestTask.java:138)
	at app//org.junit.platform.engine.support.hierarchical.NodeTestTask.execute(NodeTestTask.java:95)
	at app//org.junit.platform.engine.support.hierarchical.SameThreadHierarchicalTestExecutorService.submit(SameThreadHierarchicalTestExecutorService.java:35)
	at app//org.junit.platform.engine.support.hierarchical.HierarchicalTestExecutor.execute(HierarchicalTestExecutor.java:57)
	at app//org.junit.platform.engine.support.hierarchical.HierarchicalTestEngine.execute(HierarchicalTestEngine.java:54)
	at app//org.junit.platform.launcher.core.EngineExecutionOrchestrator.execute(EngineExecutionOrchestrator.java:107)
	at app//org.junit.platform.launcher.core.EngineExecutionOrchestrator.execute(EngineExecutionOrchestrator.java:88)
	at app//org.junit.platform.launcher.core.EngineExecutionOrchestrator.lambda$execute$0(EngineExecutionOrchestrator.java:54)
	at app//org.junit.platform.launcher.core.EngineExecutionOrchestrator.withInterceptedStreams(EngineExecutionOrchestrator.java:67)
	at app//org.junit.platform.launcher.core.EngineExecutionOrchestrator.execute(EngineExecutionOrchestrator.java:52)
	at app//org.junit.platform.launcher.core.DefaultLauncher.execute(DefaultLauncher.java:114)
	at app//org.junit.platform.launcher.core.DefaultLauncher.execute(DefaultLauncher.java:86)
	at app//org.junit.platform.launcher.core.DefaultLauncherSession$DelegatingLauncher.execute(DefaultLauncherSession.java:86)
	at org.gradle.api.internal.tasks.testing.junitplatform.JUnitPlatformTestClassProcessor$CollectAllTestClassesExecutor.processAllTestClasses(JUnitPlatformTestClassProcessor.java:110)
	at org.gradle.api.internal.tasks.testing.junitplatform.JUnitPlatformTestClassProcessor$CollectAllTestClassesExecutor.access$000(JUnitPlatformTestClassProcessor.java:90)
	at org.gradle.api.internal.tasks.testing.junitplatform.JUnitPlatformTestClassProcessor.stop(JUnitPlatformTestClassProcessor.java:85)
	at org.gradle.api.internal.tasks.testing.SuiteTestClassProcessor.stop(SuiteTestClassProcessor.java:62)
	at java.base@11.0.18/jdk.internal.reflect.NativeMethodAccessorImpl.invoke0(Native Method)
	at java.base@11.0.18/jdk.internal.reflect.NativeMethodAccessorImpl.invoke(NativeMethodAccessorImpl.java:62)
	at java.base@11.0.18/jdk.internal.reflect.DelegatingMethodAccessorImpl.invoke(DelegatingMethodAccessorImpl.java:43)
	at java.base@11.0.18/java.lang.reflect.Method.invoke(Method.java:566)
	at org.gradle.internal.dispatch.ReflectionDispatch.dispatch(ReflectionDispatch.java:36)
	at org.gradle.internal.dispatch.ReflectionDispatch.dispatch(ReflectionDispatch.java:24)
	at org.gradle.internal.dispatch.ContextClassLoaderDispatch.dispatch(ContextClassLoaderDispatch.java:33)
	at org.gradle.internal.dispatch.ProxyDispatchAdapter$DispatchingInvocationHandler.invoke(ProxyDispatchAdapter.java:94)
	at com.sun.proxy.$Proxy2.stop(Unknown Source)
	at org.gradle.api.internal.tasks.testing.worker.TestWorker$3.run(TestWorker.java:193)
	at org.gradle.api.internal.tasks.testing.worker.TestWorker.executeAndMaintainThreadName(TestWorker.java:129)
[...]
498737     WARN  main            d.u.i.k.j.r.KeYCrossReferenceNameInfo Datatype java.lang.System declared twice: Once in FILE:/home/runner/work/key/key/key.core/../key.ui/examples/standard_key/staticInitialisation/classpath/System.java and once in URL:file:/home/runner/work/key/key/key.core/build/resources/main/de/uka/ilkd/key/java/JavaRedux/java/lang/System.java, Keeping one from URL:file:/home/runner/work/key/key/key.core/build/resources/main/de/uka/ilkd/key/java/JavaRedux/java/lang/System.java 
501221     WARN  main            d.u.i.k.j.r.KeYCrossReferenceNameInfo Datatype java.io.PrintStream declared twice: Once in FILE:/home/runner/work/key/key/key.core/../key.ui/examples/standard_key/staticInitialisation/classpath/PrintStream.java and once in URL:file:/home/runner/work/key/key/key.core/build/resources/main/de/uka/ilkd/key/java/JavaRedux/java/io/PrintStream.java, Keeping one from URL:file:/home/runner/work/key/key/key.core/build/resources/main/de/uka/ilkd/key/java/JavaRedux/java/io/PrintStream.java 
501221     WARN  main            d.u.i.k.j.r.KeYCrossReferenceNameInfo Datatype java.lang.System declared twice: Once in FILE:/home/runner/work/key/key/key.core/../key.ui/examples/standard_key/staticInitialisation/classpath/System.java and once in URL:file:/home/runner/work/key/key/key.core/build/resources/main/de/uka/ilkd/key/java/JavaRedux/java/lang/System.java, Keeping one from URL:file:/home/runner/work/key/key/key.core/build/resources/main/de/uka/ilkd/key/java/JavaRedux/java/lang/System.java 
504173     WARN  main            d.u.i.k.j.r.KeYCrossReferenceNameInfo Datatype java.io.PrintStream declared twice: Once in FILE:/home/runner/work/key/key/key.core/../key.ui/examples/standard_key/staticInitialisation/classpath/PrintStream.java and once in URL:file:/home/runner/work/key/key/key.core/build/resources/main/de/uka/ilkd/key/java/JavaRedux/java/io/PrintStream.java, Keeping one from URL:file:/home/runner/work/key/key/key.core/build/resources/main/de/uka/ilkd/key/java/JavaRedux/java/io/PrintStream.java 
504173     WARN  main            d.u.i.k.j.r.KeYCrossReferenceNameInfo Datatype java.lang.System declared twice: Once in FILE:/home/runner/work/key/key/key.core/../key.ui/examples/standard_key/staticInitialisation/classpath/System.java and once in URL:file:/home/runner/work/key/key/key.core/build/resources/main/de/uka/ilkd/key/java/JavaRedux/java/lang/System.java, Keeping one from URL:file:/home/runner/work/key/key/key.core/build/resources/main/de/uka/ilkd/key/java/JavaRedux/java/lang/System.java 
506438     WARN  main            d.u.i.k.j.r.KeYCrossReferenceNameInfo Datatype java.io.PrintStream declared twice: Once in FILE:/home/runner/work/key/key/key.core/../key.ui/examples/standard_key/staticInitialisation/classpath/PrintStream.java and once in URL:file:/home/runner/work/key/key/key.core/build/resources/main/de/uka/ilkd/key/java/JavaRedux/java/io/PrintStream.java, Keeping one from URL:file:/home/runner/work/key/key/key.core/build/resources/main/de/uka/ilkd/key/java/JavaRedux/java/io/PrintStream.java 
506439     WARN  main            d.u.i.k.j.r.KeYCrossReferenceNameInfo Datatype java.lang.System declared twice: Once in FILE:/home/runner/work/key/key/key.core/../key.ui/examples/standard_key/staticInitialisation/classpath/System.java and once in URL:file:/home/runner/work/key/key/key.core/build/resources/main/de/uka/ilkd/key/java/JavaRedux/java/lang/System.java, Keeping one from URL:file:/home/runner/work/key/key/key.core/build/resources/main/de/uka/ilkd/key/java/JavaRedux/java/lang/System.java 
509360     WARN  main            d.u.i.k.j.r.KeYCrossReferenceNameInfo Datatype java.io.PrintStream declared twice: Once in FILE:/home/runner/work/key/key/key.core/../key.ui/examples/standard_key/staticInitialisation/classpath/PrintStream.java and once in URL:file:/home/runner/work/key/key/key.core/build/resources/main/de/uka/ilkd/key/java/JavaRedux/java/io/PrintStream.java, Keeping one from URL:file:/home/runner/work/key/key/key.core/build/resources/main/de/uka/ilkd/key/java/JavaRedux/java/io/PrintStream.java 
509360     WARN  main            d.u.i.k.j.r.KeYCrossReferenceNameInfo Datatype java.lang.System declared twice: Once in FILE:/home/runner/work/key/key/key.core/../key.ui/examples/standard_key/staticInitialisation/classpath/System.java and once in URL:file:/home/runner/work/key/key/key.core/build/resources/main/de/uka/ilkd/key/java/JavaRedux/java/lang/System.java, Keeping one from URL:file:/home/runner/work/key/key/key.core/build/resources/main/de/uka/ilkd/key/java/JavaRedux/java/lang/System.java 
511633     WARN  main            d.u.i.k.j.r.KeYCrossReferenceNameInfo Datatype java.io.PrintStream declared twice: Once in FILE:/home/runner/work/key/key/key.core/../key.ui/examples/standard_key/staticInitialisation/classpath/PrintStream.java and once in URL:file:/home/runner/work/key/key/key.core/build/resources/main/de/uka/ilkd/key/java/JavaRedux/java/io/PrintStream.java, Keeping one from URL:file:/home/runner/work/key/key/key.core/build/resources/main/de/uka/ilkd/key/java/JavaRedux/java/io/PrintStream.java 
511634     WARN  main            d.u.i.k.j.r.KeYCrossReferenceNameInfo Datatype java.lang.System declared twice: Once in FILE:/home/runner/work/key/key/key.core/../key.ui/examples/standard_key/staticInitialisation/classpath/System.java and once in URL:file:/home/runner/work/key/key/key.core/build/resources/main/de/uka/ilkd/key/java/JavaRedux/java/lang/System.java, Keeping one from URL:file:/home/runner/work/key/key/key.core/build/resources/main/de/uka/ilkd/key/java/JavaRedux/java/lang/System.java 
514697     WARN  main            d.u.i.k.j.r.KeYCrossReferenceNameInfo Datatype java.io.PrintStream declared twice: Once in FILE:/home/runner/work/key/key/key.core/../key.ui/examples/standard_key/staticInitialisation/classpath/PrintStream.java and once in URL:file:/home/runner/work/key/key/key.core/build/resources/main/de/uka/ilkd/key/java/JavaRedux/java/io/PrintStream.java, Keeping one from URL:file:/home/runner/work/key/key/key.core/build/resources/main/de/uka/ilkd/key/java/JavaRedux/java/io/PrintStream.java 
514698     WARN  main            d.u.i.k.j.r.KeYCrossReferenceNameInfo Datatype java.lang.System declared twice: Once in FILE:/home/runner/work/key/key/key.core/../key.ui/examples/standard_key/staticInitialisation/classpath/System.java and once in URL:file:/home/runner/work/key/key/key.core/build/resources/main/de/uka/ilkd/key/java/JavaRedux/java/lang/System.java, Keeping one from URL:file:/home/runner/work/key/key/key.core/build/resources/main/de/uka/ilkd/key/java/JavaRedux/java/lang/System.java 
517096     WARN  main            d.u.i.k.j.r.KeYCrossReferenceNameInfo Datatype java.io.PrintStream declared twice: Once in FILE:/home/runner/work/key/key/key.core/../key.ui/examples/standard_key/staticInitialisation/classpath/PrintStream.java and once in URL:file:/home/runner/work/key/key/key.core/build/resources/main/de/uka/ilkd/key/java/JavaRedux/java/io/PrintStream.java, Keeping one from URL:file:/home/runner/work/key/key/key.core/build/resources/main/de/uka/ilkd/key/java/JavaRedux/java/io/PrintStream.java 
517097     WARN  main            d.u.i.k.j.r.KeYCrossReferenceNameInfo Datatype java.lang.System declared twice: Once in FILE:/home/runner/work/key/key/key.core/../key.ui/examples/standard_key/staticInitialisation/classpath/System.java and once in URL:file:/home/runner/work/key/key/key.core/build/resources/main/de/uka/ilkd/key/java/JavaRedux/java/lang/System.java, Keeping one from URL:file:/home/runner/work/key/key/key.core/build/resources/main/de/uka/ilkd/key/java/JavaRedux/java/lang/System.java 
520149     WARN  main            d.u.i.k.j.r.KeYCrossReferenceNameInfo Datatype java.io.PrintStream declared twice: Once in FILE:/home/runner/work/key/key/key.core/../key.ui/examples/standard_key/staticInitialisation/classpath/PrintStream.java and once in URL:file:/home/runner/work/key/key/key.core/build/resources/main/de/uka/ilkd/key/java/JavaRedux/java/io/PrintStream.java, Keeping one from URL:file:/home/runner/work/key/key/key.core/build/resources/main/de/uka/ilkd/key/java/JavaRedux/java/io/PrintStream.java 
520150     WARN  main            d.u.i.k.j.r.KeYCrossReferenceNameInfo Datatype java.lang.System declared twice: Once in FILE:/home/runner/work/key/key/key.core/../key.ui/examples/standard_key/staticInitialisation/classpath/System.java and once in URL:file:/home/runner/work/key/key/key.core/build/resources/main/de/uka/ilkd/key/java/JavaRedux/java/lang/System.java, Keeping one from URL:file:/home/runner/work/key/key/key.core/build/resources/main/de/uka/ilkd/key/java/JavaRedux/java/lang/System.java 
522476     WARN  main            d.u.i.k.j.r.KeYCrossReferenceNameInfo Datatype java.io.PrintStream declared twice: Once in FILE:/home/runner/work/key/key/key.core/../key.ui/examples/standard_key/staticInitialisation/classpath/PrintStream.java and once in URL:file:/home/runner/work/key/key/key.core/build/resources/main/de/uka/ilkd/key/java/JavaRedux/java/io/PrintStream.java, Keeping one from URL:file:/home/runner/work/key/key/key.core/build/resources/main/de/uka/ilkd/key/java/JavaRedux/java/io/PrintStream.java 
522477     WARN  main            d.u.i.k.j.r.KeYCrossReferenceNameInfo Datatype java.lang.System declared twice: Once in FILE:/home/runner/work/key/key/key.core/../key.ui/examples/standard_key/staticInitialisation/classpath/System.java and once in URL:file:/home/runner/work/key/key/key.core/build/resources/main/de/uka/ilkd/key/java/JavaRedux/java/lang/System.java, Keeping one from URL:file:/home/runner/work/key/key/key.core/build/resources/main/de/uka/ilkd/key/java/JavaRedux/java/lang/System.java 
538447     WARN  main            d.u.i.k.j.r.KeYCrossReferenceNameInfo Datatype java.io.PrintStream declared twice: Once in FILE:/home/runner/work/key/key/key.core/../key.ui/examples/standard_key/staticInitialisation/classpath/PrintStream.java and once in URL:file:/home/runner/work/key/key/key.core/build/resources/main/de/uka/ilkd/key/java/JavaRedux/java/io/PrintStream.java, Keeping one from URL:file:/home/runner/work/key/key/key.core/build/resources/main/de/uka/ilkd/key/java/JavaRedux/java/io/PrintStream.java 
538448     WARN  main            d.u.i.k.j.r.KeYCrossReferenceNameInfo Datatype java.lang.System declared twice: Once in FILE:/home/runner/work/key/key/key.core/../key.ui/examples/standard_key/staticInitialisation/classpath/System.java and once in URL:file:/home/runner/work/key/key/key.core/build/resources/main/de/uka/ilkd/key/java/JavaRedux/java/lang/System.java, Keeping one from URL:file:/home/runner/work/key/key/key.core/build/resources/main/de/uka/ilkd/key/java/JavaRedux/java/lang/System.java 
542791     WARN  main            d.u.i.k.j.r.KeYCrossReferenceNameInfo Datatype java.io.PrintStream declared twice: Once in FILE:/home/runner/work/key/key/key.core/../key.ui/examples/standard_key/staticInitialisation/classpath/PrintStream.java and once in URL:file:/home/runner/work/key/key/key.core/build/resources/main/de/uka/ilkd/key/java/JavaRedux/java/io/PrintStream.java, Keeping one from URL:file:/home/runner/work/key/key/key.core/build/resources/main/de/uka/ilkd/key/java/JavaRedux/java/io/PrintStream.java 
542792     WARN  main            d.u.i.k.j.r.KeYCrossReferenceNameInfo Datatype java.lang.System declared twice: Once in FILE:/home/runner/work/key/key/key.core/../key.ui/examples/standard_key/staticInitialisation/classpath/System.java and once in URL:file:/home/runner/work/key/key/key.core/build/resources/main/de/uka/ilkd/key/java/JavaRedux/java/lang/System.java, Keeping one from URL:file:/home/runner/work/key/key/key.core/build/resources/main/de/uka/ilkd/key/java/JavaRedux/java/lang/System.java 
546036     WARN  main            d.u.i.k.j.r.KeYCrossReferenceNameInfo Datatype java.io.PrintStream declared twice: Once in FILE:/home/runner/work/key/key/key.core/../key.ui/examples/standard_key/staticInitialisation/classpath/PrintStream.java and once in URL:file:/home/runner/work/key/key/key.core/build/resources/main/de/uka/ilkd/key/java/JavaRedux/java/io/PrintStream.java, Keeping one from URL:file:/home/runner/work/key/key/key.core/build/resources/main/de/uka/ilkd/key/java/JavaRedux/java/io/PrintStream.java 
546037     WARN  main            d.u.i.k.j.r.KeYCrossReferenceNameInfo Datatype java.lang.System declared twice: Once in FILE:/home/runner/work/key/key/key.core/../key.ui/examples/standard_key/staticInitialisation/classpath/System.java and once in URL:file:/home/runner/work/key/key/key.core/build/resources/main/de/uka/ilkd/key/java/JavaRedux/java/lang/System.java, Keeping one from URL:file:/home/runner/work/key/key/key.core/build/resources/main/de/uka/ilkd/key/java/JavaRedux/java/lang/System.java 
553487     WARN  main            d.u.i.k.j.r.KeYCrossReferenceNameInfo Datatype cp.C declared twice: Once in FILE:/home/runner/work/key/key/key.core/../key.ui/examples/../../key.core/src/test/resources/testcase/classpath/classpath/C.class and once in FILE:/home/runner/work/key/key/key.core/../key.ui/examples/../../key.core/src/test/resources/testcase/classpath/classpath/C.jml, Keeping one from FILE:/home/runner/work/key/key/key.core/../key.ui/examples/../../key.core/src/test/resources/testcase/classpath/classpath/C.jml 
556511     WARN  main            d.u.i.k.j.r.KeYCrossReferenceNameInfo Datatype cp.C declared twice: Once in FILE:/home/runner/work/key/key/key.core/../key.ui/examples/../../key.core/src/test/resources/testcase/classpath/classpath/C.class and once in FILE:/home/runner/work/key/key/key.core/../key.ui/examples/../../key.core/src/test/resources/testcase/classpath/classpath/C.jml, Keeping one from FILE:/home/runner/work/key/key/key.core/../key.ui/examples/../../key.core/src/test/resources/testcase/classpath/classpath/C.jml 
340        WARN  main            d.u.i.k.s.ProofSettings   The settings in /home/runner/.key/proof-settings.props are *not* read. 
359        WARN  main            d.u.i.k.s.ProofSettings   The settings in /home/runner/.key/proof-settings.props are *not* read. 
313        WARN  main            d.u.i.k.s.ProofSettings   The settings in /home/runner/.key/proof-settings.props are *not* read. 
355        WARN  main            d.u.i.k.s.ProofSettings   The settings in /home/runner/.key/proof-settings.props are *not* read. 
323        WARN  main            d.u.i.k.s.ProofSettings   The settings in /home/runner/.key/proof-settings.props are *not* read. 
846154     WARN  main            d.u.i.k.p.i.IntermediateProofReplayer Proof contains wrong number of \assumes instatiations for Definition_axiom_for_stateInv_in_Plotter 
846157     WARN  main            d.u.i.k.p.i.IntermediateProofReplayer Proof contains wrong number of \assumes instatiations for Definition_axiom_for_stateInv_in_Plotter 
846159     WARN  main            d.u.i.k.p.i.IntermediateProofReplayer Proof contains wrong number of \assumes instatiations for Definition_axiom_for_workingPermissions_in_Plotter 
846161     WARN  main            d.u.i.k.p.i.IntermediateProofReplayer Proof contains wrong number of \assumes instatiations for Definition_axiom_for_staticPermissions_in_Plotter 
846163     WARN  main            d.u.i.k.p.i.IntermediateProofReplayer Proof contains wrong number of \assumes instatiations for Definition_axiom_for_joinTransfer_in_Plotter 
846165     WARN  main            d.u.i.k.p.i.IntermediateProofReplayer Proof contains wrong number of \assumes instatiations for Definition_axiom_for_stateInv_in_BFilter 
846166     WARN  main            d.u.i.k.p.i.IntermediateProofReplayer Proof contains wrong number of \assumes instatiations for Definition_axiom_for_stateInv_in_AFilter 
846170     WARN  main            d.u.i.k.p.i.IntermediateProofReplayer Proof contains wrong number of \assumes instatiations for Definition_axiom_for_stateInv_in_BFilter 
846172     WARN  main            d.u.i.k.p.i.IntermediateProofReplayer Proof contains wrong number of \assumes instatiations for Definition_axiom_for_stateInv_in_AFilter 
846185     WARN  main            d.u.i.k.p.i.IntermediateProofReplayer Proof contains wrong number of \assumes instatiations for Definition_axiom_for_staticPermissions_in_AFilter 
846186     WARN  main            d.u.i.k.p.i.IntermediateProofReplayer Proof contains wrong number of \assumes instatiations for Definition_axiom_for_staticPermissions_in_Plotter 
846189     WARN  main            d.u.i.k.p.i.IntermediateProofReplayer Proof contains wrong number of \assumes instatiations for Definition_axiom_for_staticPermissions_in_BFilter 
846191     WARN  main            d.u.i.k.p.i.IntermediateProofReplayer Proof contains wrong number of \assumes instatiations for Definition_axiom_for_workingPermissions_in_Plotter 
846192     WARN  main            d.u.i.k.p.i.IntermediateProofReplayer Proof contains wrong number of \assumes instatiations for Definition_axiom_for_stateInv_in_Sampler 
846193     WARN  main            d.u.i.k.p.i.IntermediateProofReplayer Proof contains wrong number of \assumes instatiations for Definition_axiom_for_stateInv_in_Sampler 
846194     WARN  main            d.u.i.k.p.i.IntermediateProofReplayer Proof contains wrong number of \assumes instatiations for Definition_axiom_for_staticPermissions_in_Sampler 
846195     WARN  main            d.u.i.k.p.i.IntermediateProofReplayer Proof contains wrong number of \assumes instatiations for Definition_axiom_for_staticPermissions_in_BFilter 
846197     WARN  main            d.u.i.k.p.i.IntermediateProofReplayer Proof contains wrong number of \assumes instatiations for Definition_axiom_for_staticPermissions_in_AFilter 
846198     WARN  main            d.u.i.k.p.i.IntermediateProofReplayer Proof contains wrong number of \assumes instatiations for Definition_axiom_for_staticPermissions_in_Sampler 
846199     WARN  main            d.u.i.k.p.i.IntermediateProofReplayer Proof contains wrong number of \assumes instatiations for Definition_axiom_for_staticPermissions_in_Sampler 
846200     WARN  main            d.u.i.k.p.i.IntermediateProofReplayer Proof contains wrong number of \assumes instatiations for Definition_axiom_for_staticPermissions_in_Sampler 
846201     WARN  main            d.u.i.k.p.i.IntermediateProofReplayer Proof contains wrong number of \assumes instatiations for Definition_axiom_for_joinTransfer_in_Plotter 
326        WARN  main            d.u.i.k.s.ProofSettings   The settings in /home/runner/.key/proof-settings.props are *not* read. 
327        WARN  main            d.u.i.k.s.ProofSettings   The settings in /home/runner/.key/proof-settings.props are *not* read. 
402        WARN  main            d.u.i.k.s.ProofSettings   The settings in /home/runner/.key/proof-settings.props are *not* read. 
7484       WARN  main            d.u.i.k.p.i.IntermediateProofReplayer Proof contains wrong number of \assumes instatiations for andLeft 
7485       WARN  main            d.u.i.k.p.i.IntermediateProofReplayer Proof contains wrong number of \assumes instatiations for replace_known_right 
7488       WARN  main            d.u.i.k.p.i.IntermediateProofReplayer Proof contains wrong number of \assumes instatiations for close 
10229      WARN  main            d.u.i.k.p.i.IntermediateProofReplayer Proof contains wrong number of \assumes instatiations for applyEq 
354        WARN  main            d.u.i.k.s.ProofSettings   The settings in /home/runner/.key/proof-settings.props are *not* read. 
486        WARN  main            d.u.i.k.s.ProofSettings   The settings in /home/runner/.key/proof-settings.props are *not* read. 
]]></system-out>
  <system-err><![CDATA[Apr 02, 2023 12:18:12 PM de.uka.ilkd.key.macros.scripts.ScriptCommand execute
INFO: Included script /home/runner/work/key/key/key.core/../key.ui/examples/heap/quicksort/sort.script
SMT Runtime, goal 17: 66 ms; valid
SMT Runtime, goal 27: 29 ms; valid
]]></system-err>
</testsuite>
