<?xml version="1.0" encoding="UTF-8"?>
<testsuite name="de.uka.ilkd.key.logic.TestLocalSymbols" tests="2" skipped="0" failures="0" errors="0" timestamp="2023-06-12T19:05:14" hostname="fv-az282-703" time="14.846">
  <properties/>
  <testcase name="testSkolemization()" classname="de.uka.ilkd.key.logic.TestLocalSymbols" time="0.061"/>
  <testcase name="testDoubleInstantiation()" classname="de.uka.ilkd.key.logic.TestLocalSymbols" time="14.784"/>
  <system-out><![CDATA[]]></system-out>
  <system-err><![CDATA[54458      DEBUG Test worker     d.u.i.k.p.m.ProofCorrectnessMgt No justification found for rule and_right 
54458      DEBUG Test worker     d.u.i.k.p.m.ProofCorrectnessMgt No justification found for rule or_right 
54458      DEBUG Test worker     d.u.i.k.p.m.ProofCorrectnessMgt No justification found for rule all_right 
54458      DEBUG Test worker     d.u.i.k.p.m.ProofCorrectnessMgt No justification found for rule all_right 
54458      DEBUG Test worker     d.u.i.k.p.m.ProofCorrectnessMgt No justification found for rule or_right 
54474      DEBUG Test worker     d.u.i.k.p.m.ProofCorrectnessMgt No justification found for rule all_right 
54474      DEBUG Test worker     d.u.i.k.p.m.ProofCorrectnessMgt No justification found for rule all_right 
54474      DEBUG Test worker     d.u.i.k.p.m.ProofCorrectnessMgt No justification found for rule and_right 
54474      DEBUG Test worker     d.u.i.k.p.m.ProofCorrectnessMgt No justification found for rule or_right 
54474      DEBUG Test worker     d.u.i.k.p.m.ProofCorrectnessMgt No justification found for rule all_right 
54474      DEBUG Test worker     d.u.i.k.p.m.ProofCorrectnessMgt No justification found for rule all_right 
54474      DEBUG Test worker     d.u.i.k.p.m.ProofCorrectnessMgt No justification found for rule or_right 
54474      DEBUG Test worker     d.u.i.k.p.m.ProofCorrectnessMgt No justification found for rule all_right 
54489      DEBUG Test worker     d.u.i.k.p.m.ProofCorrectnessMgt No justification found for rule all_right 
54912      INFO  Test worker     d.u.i.k.p.i.AbstractProblemLoader Loading environment from src\test\resources\testcase\localSymbols\doubleSkolem.key 
54912      DEBUG Test worker     d.u.i.k.p.i.AbstractProblemLoader Environment load took 491.5ns 
54912      INFO  Test worker     d.u.i.k.p.i.AbstractProblemLoader Creating init config 
55523      ERROR Test worker     d.u.i.k.j.KeYJPMapping    Duplicate registration of node: /*@ pure @*/
boolean, formerNode: boolean 
55539      ERROR Test worker     d.u.i.k.j.KeYJPMapping    Duplicate registration of node: /*@pure*/
int, formerNode: int 
55539      ERROR Test worker     d.u.i.k.j.KeYJPMapping    Duplicate registration of node: /*@ helper */
int, formerNode: int 
55539      ERROR Test worker     d.u.i.k.j.KeYJPMapping    Duplicate registration of node: /*@ helper */
boolean, formerNode: boolean 
55555      ERROR Test worker     d.u.i.k.j.KeYJPMapping    Duplicate registration of node: /*@ helper */
char, formerNode: char 
55555      ERROR Test worker     d.u.i.k.j.KeYJPMapping    Duplicate registration of node: byte[], formerNode: byte[] 
55555      ERROR Test worker     d.u.i.k.j.KeYJPMapping    Duplicate registration of node: /*@ helper */
java.lang.String, formerNode: java.lang.String 
55586      ERROR Test worker     d.u.i.k.j.KeYJPMapping    Duplicate registration of node: {
    //@ set message = arg0;
    //@ set cause = arg1;
}, formerNode: {
} 
55586      ERROR Test worker     d.u.i.k.j.KeYJPMapping    Duplicate registration of node: /*@strictly_pure*/
java.lang.String, formerNode: java.lang.String 
55601      ERROR Test worker     d.u.i.k.j.KeYJPMapping    Duplicate registration of node: /*@nullable@*/
Object, formerNode: Object 
55618      ERROR Test worker     d.u.i.k.j.KeYJPMapping    Duplicate registration of node: /*@pure@*/
String, formerNode: String 
57671      DEBUG Test worker     d.u.i.k.j.TypeConverter   No LDT found for Meta 
57671      DEBUG Test worker     d.u.i.k.j.TypeConverter   No LDT found for Meta 
57713      DEBUG Test worker     d.u.i.k.j.TypeConverter   No LDT found for Meta 
57713      DEBUG Test worker     d.u.i.k.j.TypeConverter   No LDT found for Meta 
63073      ERROR Test worker     d.u.i.k.j.KeYJPMapping    Duplicate registration of node: #jcsystemType, formerNode: #jcsystemType 
63155      ERROR Test worker     d.u.i.k.j.JavaService     Error in (line 1,col 5) 'ghost' is not allowed here.. 
63170      ERROR Test worker     d.u.i.k.j.JavaService     Error in (line 1,col 5) 'ghost' is not allowed here.. 
63170      ERROR Test worker     d.u.i.k.j.JavaService     Error in (line 1,col 5) 'ghost' is not allowed here.. 
63186      ERROR Test worker     d.u.i.k.n.b.AbstractBuilder  java.lang.ClassCastException: class de.uka.ilkd.key.logic.op.ProgramSV cannot be cast to class de.uka.ilkd.key.java.reference.TypeRef (de.uka.ilkd.key.logic.op.ProgramSV and de.uka.ilkd.key.java.reference.TypeRef are in unnamed module of loader 'app')
	at de.uka.ilkd.key.java.JP2KeYVisitor.visit(JP2KeYConverter.java:847)

63186      ERROR Test worker     d.u.i.k.n.b.TacletPBuilder Error in parsing taclet. de.uka.ilkd.key.util.parsing.BuildingException: class de.uka.ilkd.key.logic.op.ProgramSV cannot be cast to class de.uka.ilkd.key.java.reference.TypeRef (de.uka.ilkd.key.logic.op.ProgramSV and de.uka.ilkd.key.java.reference.TypeRef are in unnamed module of loader 'app') at file:/D:/a/key/key/key.core/build/resources/main/de/uka/ilkd/key/proof/rules/javaRules.key:506:15
	at de.uka.ilkd.key.nparser.builder.AbstractBuilder.accept(AbstractBuilder.java:54)
Caused by: java.lang.ClassCastException: class de.uka.ilkd.key.logic.op.ProgramSV cannot be cast to class de.uka.ilkd.key.java.reference.TypeRef (de.uka.ilkd.key.logic.op.ProgramSV and de.uka.ilkd.key.java.reference.TypeRef are in unnamed module of loader 'app')
	at de.uka.ilkd.key.java.JP2KeYVisitor.visit(JP2KeYConverter.java:847)

63186      ERROR Test worker     d.u.i.k.n.b.AbstractBuilder  java.lang.ClassCastException: class de.uka.ilkd.key.logic.op.ProgramSV cannot be cast to class de.uka.ilkd.key.java.reference.TypeRef (de.uka.ilkd.key.logic.op.ProgramSV and de.uka.ilkd.key.java.reference.TypeRef are in unnamed module of loader 'app')
	at de.uka.ilkd.key.java.JP2KeYVisitor.visit(JP2KeYConverter.java:847)

63186      ERROR Test worker     d.u.i.k.n.b.TacletPBuilder Error in parsing taclet. de.uka.ilkd.key.util.parsing.BuildingException: class de.uka.ilkd.key.logic.op.ProgramSV cannot be cast to class de.uka.ilkd.key.java.reference.TypeRef (de.uka.ilkd.key.logic.op.ProgramSV and de.uka.ilkd.key.java.reference.TypeRef are in unnamed module of loader 'app') at file:/D:/a/key/key/key.core/build/resources/main/de/uka/ilkd/key/proof/rules/javaRules.key:523:15
	at de.uka.ilkd.key.nparser.builder.AbstractBuilder.accept(AbstractBuilder.java:54)
Caused by: java.lang.ClassCastException: class de.uka.ilkd.key.logic.op.ProgramSV cannot be cast to class de.uka.ilkd.key.java.reference.TypeRef (de.uka.ilkd.key.logic.op.ProgramSV and de.uka.ilkd.key.java.reference.TypeRef are in unnamed module of loader 'app')
	at de.uka.ilkd.key.java.JP2KeYVisitor.visit(JP2KeYConverter.java:847)

63186      ERROR Test worker     d.u.i.k.n.b.AbstractBuilder  java.lang.ClassCastException: class de.uka.ilkd.key.logic.op.ProgramSV cannot be cast to class de.uka.ilkd.key.java.reference.TypeRef (de.uka.ilkd.key.logic.op.ProgramSV and de.uka.ilkd.key.java.reference.TypeRef are in unnamed module of loader 'app')
	at de.uka.ilkd.key.java.JP2KeYVisitor.visit(JP2KeYConverter.java:847)

63186      ERROR Test worker     d.u.i.k.n.b.TacletPBuilder Error in parsing taclet. de.uka.ilkd.key.util.parsing.BuildingException: class de.uka.ilkd.key.logic.op.ProgramSV cannot be cast to class de.uka.ilkd.key.java.reference.TypeRef (de.uka.ilkd.key.logic.op.ProgramSV and de.uka.ilkd.key.java.reference.TypeRef are in unnamed module of loader 'app') at file:/D:/a/key/key/key.core/build/resources/main/de/uka/ilkd/key/proof/rules/javaRules.key:546:15
	at de.uka.ilkd.key.nparser.builder.AbstractBuilder.accept(AbstractBuilder.java:54)
Caused by: java.lang.ClassCastException: class de.uka.ilkd.key.logic.op.ProgramSV cannot be cast to class de.uka.ilkd.key.java.reference.TypeRef (de.uka.ilkd.key.logic.op.ProgramSV and de.uka.ilkd.key.java.reference.TypeRef are in unnamed module of loader 'app')
	at de.uka.ilkd.key.java.JP2KeYVisitor.visit(JP2KeYConverter.java:847)

63186      ERROR Test worker     d.u.i.k.n.b.AbstractBuilder  java.lang.ClassCastException: class de.uka.ilkd.key.logic.op.ProgramSV cannot be cast to class de.uka.ilkd.key.java.reference.TypeRef (de.uka.ilkd.key.logic.op.ProgramSV and de.uka.ilkd.key.java.reference.TypeRef are in unnamed module of loader 'app')
	at de.uka.ilkd.key.java.JP2KeYVisitor.visit(JP2KeYConverter.java:847)

63186      ERROR Test worker     d.u.i.k.n.b.TacletPBuilder Error in parsing taclet. de.uka.ilkd.key.util.parsing.BuildingException: class de.uka.ilkd.key.logic.op.ProgramSV cannot be cast to class de.uka.ilkd.key.java.reference.TypeRef (de.uka.ilkd.key.logic.op.ProgramSV and de.uka.ilkd.key.java.reference.TypeRef are in unnamed module of loader 'app') at file:/D:/a/key/key/key.core/build/resources/main/de/uka/ilkd/key/proof/rules/javaRules.key:590:15
	at de.uka.ilkd.key.nparser.builder.AbstractBuilder.accept(AbstractBuilder.java:54)
Caused by: java.lang.ClassCastException: class de.uka.ilkd.key.logic.op.ProgramSV cannot be cast to class de.uka.ilkd.key.java.reference.TypeRef (de.uka.ilkd.key.logic.op.ProgramSV and de.uka.ilkd.key.java.reference.TypeRef are in unnamed module of loader 'app')
	at de.uka.ilkd.key.java.JP2KeYVisitor.visit(JP2KeYConverter.java:847)

63186      ERROR Test worker     d.u.i.k.n.b.AbstractBuilder  java.lang.ClassCastException: class de.uka.ilkd.key.logic.op.ProgramSV cannot be cast to class de.uka.ilkd.key.java.reference.TypeRef (de.uka.ilkd.key.logic.op.ProgramSV and de.uka.ilkd.key.java.reference.TypeRef are in unnamed module of loader 'app')
	at de.uka.ilkd.key.java.JP2KeYVisitor.visit(JP2KeYConverter.java:847)

63186      ERROR Test worker     d.u.i.k.n.b.TacletPBuilder Error in parsing taclet. de.uka.ilkd.key.util.parsing.BuildingException: class de.uka.ilkd.key.logic.op.ProgramSV cannot be cast to class de.uka.ilkd.key.java.reference.TypeRef (de.uka.ilkd.key.logic.op.ProgramSV and de.uka.ilkd.key.java.reference.TypeRef are in unnamed module of loader 'app') at file:/D:/a/key/key/key.core/build/resources/main/de/uka/ilkd/key/proof/rules/javaRules.key:596:15
	at de.uka.ilkd.key.nparser.builder.AbstractBuilder.accept(AbstractBuilder.java:54)
Caused by: java.lang.ClassCastException: class de.uka.ilkd.key.logic.op.ProgramSV cannot be cast to class de.uka.ilkd.key.java.reference.TypeRef (de.uka.ilkd.key.logic.op.ProgramSV and de.uka.ilkd.key.java.reference.TypeRef are in unnamed module of loader 'app')
	at de.uka.ilkd.key.java.JP2KeYVisitor.visit(JP2KeYConverter.java:847)

63202      ERROR Test worker     d.u.i.k.n.b.AbstractBuilder  java.lang.ClassCastException: class de.uka.ilkd.key.logic.op.ProgramSV cannot be cast to class de.uka.ilkd.key.java.reference.TypeRef (de.uka.ilkd.key.logic.op.ProgramSV and de.uka.ilkd.key.java.reference.TypeRef are in unnamed module of loader 'app')
	at de.uka.ilkd.key.java.JP2KeYVisitor.visit(JP2KeYConverter.java:847)

63202      ERROR Test worker     d.u.i.k.n.b.TacletPBuilder Error in parsing taclet. de.uka.ilkd.key.util.parsing.BuildingException: class de.uka.ilkd.key.logic.op.ProgramSV cannot be cast to class de.uka.ilkd.key.java.reference.TypeRef (de.uka.ilkd.key.logic.op.ProgramSV and de.uka.ilkd.key.java.reference.TypeRef are in unnamed module of loader 'app') at file:/D:/a/key/key/key.core/build/resources/main/de/uka/ilkd/key/proof/rules/javaRules.key:605:15
	at de.uka.ilkd.key.nparser.builder.AbstractBuilder.accept(AbstractBuilder.java:54)
Caused by: java.lang.ClassCastException: class de.uka.ilkd.key.logic.op.ProgramSV cannot be cast to class de.uka.ilkd.key.java.reference.TypeRef (de.uka.ilkd.key.logic.op.ProgramSV and de.uka.ilkd.key.java.reference.TypeRef are in unnamed module of loader 'app')
	at de.uka.ilkd.key.java.JP2KeYVisitor.visit(JP2KeYConverter.java:847)

63202      ERROR Test worker     d.u.i.k.n.b.AbstractBuilder  java.lang.ClassCastException: class de.uka.ilkd.key.logic.op.ProgramSV cannot be cast to class de.uka.ilkd.key.java.reference.TypeRef (de.uka.ilkd.key.logic.op.ProgramSV and de.uka.ilkd.key.java.reference.TypeRef are in unnamed module of loader 'app')
	at de.uka.ilkd.key.java.JP2KeYVisitor.visit(JP2KeYConverter.java:847)

63202      ERROR Test worker     d.u.i.k.n.b.TacletPBuilder Error in parsing taclet. de.uka.ilkd.key.util.parsing.BuildingException: class de.uka.ilkd.key.logic.op.ProgramSV cannot be cast to class de.uka.ilkd.key.java.reference.TypeRef (de.uka.ilkd.key.logic.op.ProgramSV and de.uka.ilkd.key.java.reference.TypeRef are in unnamed module of loader 'app') at file:/D:/a/key/key/key.core/build/resources/main/de/uka/ilkd/key/proof/rules/javaRules.key:613:15
	at de.uka.ilkd.key.nparser.builder.AbstractBuilder.accept(AbstractBuilder.java:54)
Caused by: java.lang.ClassCastException: class de.uka.ilkd.key.logic.op.ProgramSV cannot be cast to class de.uka.ilkd.key.java.reference.TypeRef (de.uka.ilkd.key.logic.op.ProgramSV and de.uka.ilkd.key.java.reference.TypeRef are in unnamed module of loader 'app')
	at de.uka.ilkd.key.java.JP2KeYVisitor.visit(JP2KeYConverter.java:847)

63202      ERROR Test worker     d.u.i.k.n.b.AbstractBuilder  java.lang.ClassCastException: class de.uka.ilkd.key.logic.op.ProgramSV cannot be cast to class de.uka.ilkd.key.java.reference.TypeRef (de.uka.ilkd.key.logic.op.ProgramSV and de.uka.ilkd.key.java.reference.TypeRef are in unnamed module of loader 'app')
	at de.uka.ilkd.key.java.JP2KeYVisitor.visit(JP2KeYConverter.java:847)

63202      ERROR Test worker     d.u.i.k.n.b.TacletPBuilder Error in parsing taclet. de.uka.ilkd.key.util.parsing.BuildingException: class de.uka.ilkd.key.logic.op.ProgramSV cannot be cast to class de.uka.ilkd.key.java.reference.TypeRef (de.uka.ilkd.key.logic.op.ProgramSV and de.uka.ilkd.key.java.reference.TypeRef are in unnamed module of loader 'app') at file:/D:/a/key/key/key.core/build/resources/main/de/uka/ilkd/key/proof/rules/javaRules.key:622:15
	at de.uka.ilkd.key.nparser.builder.AbstractBuilder.accept(AbstractBuilder.java:54)
Caused by: java.lang.ClassCastException: class de.uka.ilkd.key.logic.op.ProgramSV cannot be cast to class de.uka.ilkd.key.java.reference.TypeRef (de.uka.ilkd.key.logic.op.ProgramSV and de.uka.ilkd.key.java.reference.TypeRef are in unnamed module of loader 'app')
	at de.uka.ilkd.key.java.JP2KeYVisitor.visit(JP2KeYConverter.java:847)

63202      ERROR Test worker     d.u.i.k.n.b.AbstractBuilder  java.lang.ClassCastException: class de.uka.ilkd.key.logic.op.ProgramSV cannot be cast to class de.uka.ilkd.key.java.reference.TypeRef (de.uka.ilkd.key.logic.op.ProgramSV and de.uka.ilkd.key.java.reference.TypeRef are in unnamed module of loader 'app')
	at de.uka.ilkd.key.java.JP2KeYVisitor.visit(JP2KeYConverter.java:847)

63202      ERROR Test worker     d.u.i.k.n.b.TacletPBuilder Error in parsing taclet. de.uka.ilkd.key.util.parsing.BuildingException: class de.uka.ilkd.key.logic.op.ProgramSV cannot be cast to class de.uka.ilkd.key.java.reference.TypeRef (de.uka.ilkd.key.logic.op.ProgramSV and de.uka.ilkd.key.java.reference.TypeRef are in unnamed module of loader 'app') at file:/D:/a/key/key/key.core/build/resources/main/de/uka/ilkd/key/proof/rules/javaRules.key:630:15
	at de.uka.ilkd.key.nparser.builder.AbstractBuilder.accept(AbstractBuilder.java:54)
Caused by: java.lang.ClassCastException: class de.uka.ilkd.key.logic.op.ProgramSV cannot be cast to class de.uka.ilkd.key.java.reference.TypeRef (de.uka.ilkd.key.logic.op.ProgramSV and de.uka.ilkd.key.java.reference.TypeRef are in unnamed module of loader 'app')
	at de.uka.ilkd.key.java.JP2KeYVisitor.visit(JP2KeYConverter.java:847)

63202      ERROR Test worker     d.u.i.k.n.b.AbstractBuilder  java.lang.ClassCastException: class de.uka.ilkd.key.logic.op.ProgramSV cannot be cast to class de.uka.ilkd.key.java.reference.TypeRef (de.uka.ilkd.key.logic.op.ProgramSV and de.uka.ilkd.key.java.reference.TypeRef are in unnamed module of loader 'app')
	at de.uka.ilkd.key.java.JP2KeYVisitor.visit(JP2KeYConverter.java:847)

63202      ERROR Test worker     d.u.i.k.n.b.TacletPBuilder Error in parsing taclet. de.uka.ilkd.key.util.parsing.BuildingException: class de.uka.ilkd.key.logic.op.ProgramSV cannot be cast to class de.uka.ilkd.key.java.reference.TypeRef (de.uka.ilkd.key.logic.op.ProgramSV and de.uka.ilkd.key.java.reference.TypeRef are in unnamed module of loader 'app') at file:/D:/a/key/key/key.core/build/resources/main/de/uka/ilkd/key/proof/rules/javaRules.key:639:15
	at de.uka.ilkd.key.nparser.builder.AbstractBuilder.accept(AbstractBuilder.java:54)
Caused by: java.lang.ClassCastException: class de.uka.ilkd.key.logic.op.ProgramSV cannot be cast to class de.uka.ilkd.key.java.reference.TypeRef (de.uka.ilkd.key.logic.op.ProgramSV and de.uka.ilkd.key.java.reference.TypeRef are in unnamed module of loader 'app')
	at de.uka.ilkd.key.java.JP2KeYVisitor.visit(JP2KeYConverter.java:847)

63202      ERROR Test worker     d.u.i.k.n.b.AbstractBuilder  java.lang.ClassCastException: class de.uka.ilkd.key.logic.op.ProgramSV cannot be cast to class de.uka.ilkd.key.java.reference.TypeRef (de.uka.ilkd.key.logic.op.ProgramSV and de.uka.ilkd.key.java.reference.TypeRef are in unnamed module of loader 'app')
	at de.uka.ilkd.key.java.JP2KeYVisitor.visit(JP2KeYConverter.java:847)

63202      ERROR Test worker     d.u.i.k.n.b.TacletPBuilder Error in parsing taclet. de.uka.ilkd.key.util.parsing.BuildingException: class de.uka.ilkd.key.logic.op.ProgramSV cannot be cast to class de.uka.ilkd.key.java.reference.TypeRef (de.uka.ilkd.key.logic.op.ProgramSV and de.uka.ilkd.key.java.reference.TypeRef are in unnamed module of loader 'app') at file:/D:/a/key/key/key.core/build/resources/main/de/uka/ilkd/key/proof/rules/javaRules.key:647:15
	at de.uka.ilkd.key.nparser.builder.AbstractBuilder.accept(AbstractBuilder.java:54)
Caused by: java.lang.ClassCastException: class de.uka.ilkd.key.logic.op.ProgramSV cannot be cast to class de.uka.ilkd.key.java.reference.TypeRef (de.uka.ilkd.key.logic.op.ProgramSV and de.uka.ilkd.key.java.reference.TypeRef are in unnamed module of loader 'app')
	at de.uka.ilkd.key.java.JP2KeYVisitor.visit(JP2KeYConverter.java:847)

63217      ERROR Test worker     d.u.i.k.n.b.AbstractBuilder  java.lang.ClassCastException: class de.uka.ilkd.key.logic.op.ProgramSV cannot be cast to class de.uka.ilkd.key.java.reference.TypeRef (de.uka.ilkd.key.logic.op.ProgramSV and de.uka.ilkd.key.java.reference.TypeRef are in unnamed module of loader 'app')
	at de.uka.ilkd.key.java.JP2KeYVisitor.visit(JP2KeYConverter.java:847)

63217      ERROR Test worker     d.u.i.k.n.b.TacletPBuilder Error in parsing taclet. de.uka.ilkd.key.util.parsing.BuildingException: class de.uka.ilkd.key.logic.op.ProgramSV cannot be cast to class de.uka.ilkd.key.java.reference.TypeRef (de.uka.ilkd.key.logic.op.ProgramSV and de.uka.ilkd.key.java.reference.TypeRef are in unnamed module of loader 'app') at file:/D:/a/key/key/key.core/build/resources/main/de/uka/ilkd/key/proof/rules/javaRules.key:656:15
	at de.uka.ilkd.key.nparser.builder.AbstractBuilder.accept(AbstractBuilder.java:54)
Caused by: java.lang.ClassCastException: class de.uka.ilkd.key.logic.op.ProgramSV cannot be cast to class de.uka.ilkd.key.java.reference.TypeRef (de.uka.ilkd.key.logic.op.ProgramSV and de.uka.ilkd.key.java.reference.TypeRef are in unnamed module of loader 'app')
	at de.uka.ilkd.key.java.JP2KeYVisitor.visit(JP2KeYConverter.java:847)

63217      ERROR Test worker     d.u.i.k.n.b.AbstractBuilder  java.lang.ClassCastException: class de.uka.ilkd.key.logic.op.ProgramSV cannot be cast to class de.uka.ilkd.key.java.reference.TypeRef (de.uka.ilkd.key.logic.op.ProgramSV and de.uka.ilkd.key.java.reference.TypeRef are in unnamed module of loader 'app')
	at de.uka.ilkd.key.java.JP2KeYVisitor.visit(JP2KeYConverter.java:847)

63217      ERROR Test worker     d.u.i.k.n.b.TacletPBuilder Error in parsing taclet. de.uka.ilkd.key.util.parsing.BuildingException: class de.uka.ilkd.key.logic.op.ProgramSV cannot be cast to class de.uka.ilkd.key.java.reference.TypeRef (de.uka.ilkd.key.logic.op.ProgramSV and de.uka.ilkd.key.java.reference.TypeRef are in unnamed module of loader 'app') at file:/D:/a/key/key/key.core/build/resources/main/de/uka/ilkd/key/proof/rules/javaRules.key:664:15
	at de.uka.ilkd.key.nparser.builder.AbstractBuilder.accept(AbstractBuilder.java:54)
Caused by: java.lang.ClassCastException: class de.uka.ilkd.key.logic.op.ProgramSV cannot be cast to class de.uka.ilkd.key.java.reference.TypeRef (de.uka.ilkd.key.logic.op.ProgramSV and de.uka.ilkd.key.java.reference.TypeRef are in unnamed module of loader 'app')
	at de.uka.ilkd.key.java.JP2KeYVisitor.visit(JP2KeYConverter.java:847)

63217      ERROR Test worker     d.u.i.k.n.b.AbstractBuilder  java.lang.ClassCastException: class de.uka.ilkd.key.logic.op.ProgramSV cannot be cast to class de.uka.ilkd.key.java.reference.TypeRef (de.uka.ilkd.key.logic.op.ProgramSV and de.uka.ilkd.key.java.reference.TypeRef are in unnamed module of loader 'app')
	at de.uka.ilkd.key.java.JP2KeYVisitor.visit(JP2KeYConverter.java:847)

63217      ERROR Test worker     d.u.i.k.n.b.TacletPBuilder Error in parsing taclet. de.uka.ilkd.key.util.parsing.BuildingException: class de.uka.ilkd.key.logic.op.ProgramSV cannot be cast to class de.uka.ilkd.key.java.reference.TypeRef (de.uka.ilkd.key.logic.op.ProgramSV and de.uka.ilkd.key.java.reference.TypeRef are in unnamed module of loader 'app') at file:/D:/a/key/key/key.core/build/resources/main/de/uka/ilkd/key/proof/rules/javaRules.key:673:15
	at de.uka.ilkd.key.nparser.builder.AbstractBuilder.accept(AbstractBuilder.java:54)
Caused by: java.lang.ClassCastException: class de.uka.ilkd.key.logic.op.ProgramSV cannot be cast to class de.uka.ilkd.key.java.reference.TypeRef (de.uka.ilkd.key.logic.op.ProgramSV and de.uka.ilkd.key.java.reference.TypeRef are in unnamed module of loader 'app')
	at de.uka.ilkd.key.java.JP2KeYVisitor.visit(JP2KeYConverter.java:847)

63217      ERROR Test worker     d.u.i.k.n.b.AbstractBuilder  java.lang.ClassCastException: class de.uka.ilkd.key.logic.op.ProgramSV cannot be cast to class de.uka.ilkd.key.java.reference.TypeRef (de.uka.ilkd.key.logic.op.ProgramSV and de.uka.ilkd.key.java.reference.TypeRef are in unnamed module of loader 'app')
	at de.uka.ilkd.key.java.JP2KeYVisitor.visit(JP2KeYConverter.java:847)

63217      ERROR Test worker     d.u.i.k.n.b.TacletPBuilder Error in parsing taclet. de.uka.ilkd.key.util.parsing.BuildingException: class de.uka.ilkd.key.logic.op.ProgramSV cannot be cast to class de.uka.ilkd.key.java.reference.TypeRef (de.uka.ilkd.key.logic.op.ProgramSV and de.uka.ilkd.key.java.reference.TypeRef are in unnamed module of loader 'app') at file:/D:/a/key/key/key.core/build/resources/main/de/uka/ilkd/key/proof/rules/javaRules.key:681:15
	at de.uka.ilkd.key.nparser.builder.AbstractBuilder.accept(AbstractBuilder.java:54)
Caused by: java.lang.ClassCastException: class de.uka.ilkd.key.logic.op.ProgramSV cannot be cast to class de.uka.ilkd.key.java.reference.TypeRef (de.uka.ilkd.key.logic.op.ProgramSV and de.uka.ilkd.key.java.reference.TypeRef are in unnamed module of loader 'app')
	at de.uka.ilkd.key.java.JP2KeYVisitor.visit(JP2KeYConverter.java:847)

63217      ERROR Test worker     d.u.i.k.n.b.AbstractBuilder  java.lang.ClassCastException: class de.uka.ilkd.key.logic.op.ProgramSV cannot be cast to class de.uka.ilkd.key.java.reference.TypeRef (de.uka.ilkd.key.logic.op.ProgramSV and de.uka.ilkd.key.java.reference.TypeRef are in unnamed module of loader 'app')
	at de.uka.ilkd.key.java.JP2KeYVisitor.visit(JP2KeYConverter.java:847)

63217      ERROR Test worker     d.u.i.k.n.b.TacletPBuilder Error in parsing taclet. de.uka.ilkd.key.util.parsing.BuildingException: class de.uka.ilkd.key.logic.op.ProgramSV cannot be cast to class de.uka.ilkd.key.java.reference.TypeRef (de.uka.ilkd.key.logic.op.ProgramSV and de.uka.ilkd.key.java.reference.TypeRef are in unnamed module of loader 'app') at file:/D:/a/key/key/key.core/build/resources/main/de/uka/ilkd/key/proof/rules/javaRules.key:693:15
	at de.uka.ilkd.key.nparser.builder.AbstractBuilder.accept(AbstractBuilder.java:54)
Caused by: java.lang.ClassCastException: class de.uka.ilkd.key.logic.op.ProgramSV cannot be cast to class de.uka.ilkd.key.java.reference.TypeRef (de.uka.ilkd.key.logic.op.ProgramSV and de.uka.ilkd.key.java.reference.TypeRef are in unnamed module of loader 'app')
	at de.uka.ilkd.key.java.JP2KeYVisitor.visit(JP2KeYConverter.java:847)

63233      ERROR Test worker     d.u.i.k.n.b.AbstractBuilder  java.lang.ClassCastException: class de.uka.ilkd.key.logic.op.ProgramSV cannot be cast to class de.uka.ilkd.key.java.reference.TypeRef (de.uka.ilkd.key.logic.op.ProgramSV and de.uka.ilkd.key.java.reference.TypeRef are in unnamed module of loader 'app')
	at de.uka.ilkd.key.java.JP2KeYVisitor.visit(JP2KeYConverter.java:847)

63233      ERROR Test worker     d.u.i.k.n.b.TacletPBuilder Error in parsing taclet. de.uka.ilkd.key.util.parsing.BuildingException: class de.uka.ilkd.key.logic.op.ProgramSV cannot be cast to class de.uka.ilkd.key.java.reference.TypeRef (de.uka.ilkd.key.logic.op.ProgramSV and de.uka.ilkd.key.java.reference.TypeRef are in unnamed module of loader 'app') at file:/D:/a/key/key/key.core/build/resources/main/de/uka/ilkd/key/proof/rules/javaRules.key:701:15
	at de.uka.ilkd.key.nparser.builder.AbstractBuilder.accept(AbstractBuilder.java:54)
Caused by: java.lang.ClassCastException: class de.uka.ilkd.key.logic.op.ProgramSV cannot be cast to class de.uka.ilkd.key.java.reference.TypeRef (de.uka.ilkd.key.logic.op.ProgramSV and de.uka.ilkd.key.java.reference.TypeRef are in unnamed module of loader 'app')
	at de.uka.ilkd.key.java.JP2KeYVisitor.visit(JP2KeYConverter.java:847)

63452      ERROR Test worker     d.u.i.k.j.KeYJPMapping    Duplicate registration of node: #nse instanceof #t, formerNode: other instanceof String 
63467      ERROR Test worker     d.u.i.k.j.KeYJPMapping    Duplicate registration of node: #v0 instanceof #t, formerNode: other instanceof String 
63467      ERROR Test worker     d.u.i.k.j.KeYJPMapping    Duplicate registration of node: #v = #v0 instanceof #t, formerNode: #v = #nse instanceof #t 
63774      ERROR Test worker     d.u.i.k.j.KeYJPMapping    Duplicate registration of node: #lhs = false;, formerNode: #lhs = false 
63774      ERROR Test worker     d.u.i.k.j.KeYJPMapping    Duplicate registration of node: #lhs = #nseBool1;, formerNode: #lhs = #nseBool1 
63790      ERROR Test worker     d.u.i.k.j.KeYJPMapping    Duplicate registration of node: #lhs = true;, formerNode: #lhs = true 
64267      ERROR Test worker     d.u.i.k.j.KeYJPMapping    Duplicate registration of node: #t, formerNode: #t 
64367      ERROR Test worker     d.u.i.k.j.KeYJPMapping    Duplicate registration of node: this[#v] = #lit;, formerNode: this[#v] = #lit 
64484      ERROR Test worker     d.u.i.k.j.KeYJPMapping    Duplicate registration of node: #n, formerNode: #n 
64555      ERROR Test worker     d.u.i.k.j.KeYJPMapping    Duplicate registration of node: #na, formerNode: #na 
64555      ERROR Test worker     d.u.i.k.j.KeYJPMapping    Duplicate registration of node: #arrayinitializer, formerNode: #arrayinitializer 
65091      DEBUG Test worker     d.u.i.k.j.TypeConverter   No LDT found for JavaBigintExpression 
65186      ERROR Test worker     d.u.i.k.j.KeYJPMapping    Duplicate registration of node: \indexOf(#seLeft, #vRightNew), formerNode: \indexOf(#seLeft, #nseRight) 
65186      ERROR Test worker     d.u.i.k.j.KeYJPMapping    Duplicate registration of node: #v = \indexOf(#seLeft, #vRightNew), formerNode: #v = \indexOf(#seLeft, #nseRight) 
67809      ERROR Test worker     d.u.i.k.j.KeYJPMapping    Duplicate registration of node: #se instanceof #t, formerNode: other instanceof String 
68265      ERROR Test worker     d.u.i.k.j.KeYJPMapping    Duplicate registration of node: boolean, formerNode: /*@ pure @*/
boolean 
68296      ERROR Test worker     d.u.i.k.j.KeYJPMapping    Duplicate registration of node: /*@pure*/
int, formerNode: int 
68312      ERROR Test worker     d.u.i.k.j.KeYJPMapping    Duplicate registration of node: /*@ helper */
int, formerNode: int 
68312      ERROR Test worker     d.u.i.k.j.KeYJPMapping    Duplicate registration of node: /*@ helper */
boolean, formerNode: /*@ pure @*/
boolean 
68312      ERROR Test worker     d.u.i.k.j.KeYJPMapping    Duplicate registration of node: /*@ helper */
char, formerNode: char 
68312      ERROR Test worker     d.u.i.k.j.KeYJPMapping    Duplicate registration of node: byte[], formerNode: byte[] 
68312      ERROR Test worker     d.u.i.k.j.KeYJPMapping    Duplicate registration of node: /*@ helper */
java.lang.String, formerNode: java.lang.String 
68327      ERROR Test worker     d.u.i.k.j.KeYJPMapping    Duplicate registration of node: /*@strictly_pure*/
java.lang.String, formerNode: java.lang.String 
68343      ERROR Test worker     d.u.i.k.j.KeYJPMapping    Duplicate registration of node: /*@nullable@*/
Object, formerNode: Object 
68374      ERROR Test worker     d.u.i.k.j.KeYJPMapping    Duplicate registration of node: /*@pure@*/
String, formerNode: String 
68614      DEBUG Test worker     d.u.i.k.p.i.AbstractProblemLoader Init config took 13.51s 
68677      INFO  Test worker     d.u.i.k.p.i.AbstractProblemLoader Replaying proof doubleSkolem.key 
68880      DEBUG Test worker     d.u.i.k.p.i.IntermediateProofReplayer Proof replay took 32.1ns 
68989      DEBUG Test worker     d.u.i.k.m.s.ProofScriptEngine [1] goal: 0, source line: 2, command: 'rule orRight' 
69276      DEBUG Test worker     d.u.i.k.m.s.ProofScriptEngine [2] goal: 1, source line: 3, command: 'rule allRight formula='\forall int i; i > 0'' 
69276      DEBUG Test worker     d.u.i.k.m.s.ProofScriptEngine [3] goal: 2, source line: 4, command: 'rule allRight formula='\forall int i; i < 0'' 
]]></system-err>
</testsuite>
