<?xml version="1.0" encoding="UTF-8"?>
<testsuite name="de.uka.ilkd.key.rule.loop.LoopScopeInvRuleTests" tests="1" skipped="0" failures="1" errors="0" timestamp="2023-06-12T19:18:53" hostname="fv-az282-703" time="8.856">
  <properties/>
  <testcase name="testDoAutomaticProofOfBenchmarkWithLabeledBreaksAndContinues()" classname="de.uka.ilkd.key.rule.loop.LoopScopeInvRuleTests" time="8.856">
    <failure message="org.opentest4j.AssertionFailedError: Proof could not be loaded" type="org.opentest4j.AssertionFailedError">org.opentest4j.AssertionFailedError: Proof could not be loaded
	at app//org.junit.jupiter.api.AssertionUtils.fail(AssertionUtils.java:42)
	at app//org.junit.jupiter.api.Assertions.fail(Assertions.java:147)
	at app//de.uka.ilkd.key.rule.merge.MergeRuleTests.loadProof(MergeRuleTests.java:326)
	at app//de.uka.ilkd.key.rule.loop.LoopScopeInvRuleTests.testDoAutomaticProofOfBenchmarkWithLabeledBreaksAndContinues(LoopScopeInvRuleTests.java:33)
	at java.base@17.0.7/jdk.internal.reflect.NativeMethodAccessorImpl.invoke0(Native Method)
	at java.base@17.0.7/jdk.internal.reflect.NativeMethodAccessorImpl.invoke(NativeMethodAccessorImpl.java:77)
	at java.base@17.0.7/jdk.internal.reflect.DelegatingMethodAccessorImpl.invoke(DelegatingMethodAccessorImpl.java:43)
	at java.base@17.0.7/java.lang.reflect.Method.invoke(Method.java:568)
	at app//org.junit.platform.commons.util.ReflectionUtils.invokeMethod(ReflectionUtils.java:727)
	at app//org.junit.jupiter.engine.execution.MethodInvocation.proceed(MethodInvocation.java:60)
	at app//org.junit.jupiter.engine.execution.InvocationInterceptorChain$ValidatingInvocation.proceed(InvocationInterceptorChain.java:131)
	at app//org.junit.jupiter.engine.extension.TimeoutExtension.intercept(TimeoutExtension.java:156)
	at app//org.junit.jupiter.engine.extension.TimeoutExtension.interceptTestableMethod(TimeoutExtension.java:147)
	at app//org.junit.jupiter.engine.extension.TimeoutExtension.interceptTestMethod(TimeoutExtension.java:86)
	at app//org.junit.jupiter.engine.execution.InterceptingExecutableInvoker$ReflectiveInterceptorCall.lambda$ofVoidMethod$0(InterceptingExecutableInvoker.java:103)
	at app//org.junit.jupiter.engine.execution.InterceptingExecutableInvoker.lambda$invoke$0(InterceptingExecutableInvoker.java:93)
	at app//org.junit.jupiter.engine.execution.InvocationInterceptorChain$InterceptedInvocation.proceed(InvocationInterceptorChain.java:106)
	at app//org.junit.jupiter.engine.execution.InvocationInterceptorChain.proceed(InvocationInterceptorChain.java:64)
	at app//org.junit.jupiter.engine.execution.InvocationInterceptorChain.chainAndInvoke(InvocationInterceptorChain.java:45)
	at app//org.junit.jupiter.engine.execution.InvocationInterceptorChain.invoke(InvocationInterceptorChain.java:37)
	at app//org.junit.jupiter.engine.execution.InterceptingExecutableInvoker.invoke(InterceptingExecutableInvoker.java:92)
	at app//org.junit.jupiter.engine.execution.InterceptingExecutableInvoker.invoke(InterceptingExecutableInvoker.java:86)
	at app//org.junit.jupiter.engine.descriptor.TestMethodTestDescriptor.lambda$invokeTestMethod$7(TestMethodTestDescriptor.java:217)
	at app//org.junit.platform.engine.support.hierarchical.ThrowableCollector.execute(ThrowableCollector.java:73)
	at app//org.junit.jupiter.engine.descriptor.TestMethodTestDescriptor.invokeTestMethod(TestMethodTestDescriptor.java:213)
	at app//org.junit.jupiter.engine.descriptor.TestMethodTestDescriptor.execute(TestMethodTestDescriptor.java:138)
	at app//org.junit.jupiter.engine.descriptor.TestMethodTestDescriptor.execute(TestMethodTestDescriptor.java:68)
	at app//org.junit.platform.engine.support.hierarchical.NodeTestTask.lambda$executeRecursively$6(NodeTestTask.java:151)
	at app//org.junit.platform.engine.support.hierarchical.ThrowableCollector.execute(ThrowableCollector.java:73)
	at app//org.junit.platform.engine.support.hierarchical.NodeTestTask.lambda$executeRecursively$8(NodeTestTask.java:141)
	at app//org.junit.platform.engine.support.hierarchical.Node.around(Node.java:137)
	at app//org.junit.platform.engine.support.hierarchical.NodeTestTask.lambda$executeRecursively$9(NodeTestTask.java:139)
	at app//org.junit.platform.engine.support.hierarchical.ThrowableCollector.execute(ThrowableCollector.java:73)
	at app//org.junit.platform.engine.support.hierarchical.NodeTestTask.executeRecursively(NodeTestTask.java:138)
	at app//org.junit.platform.engine.support.hierarchical.NodeTestTask.execute(NodeTestTask.java:95)
	at java.base@17.0.7/java.util.ArrayList.forEach(ArrayList.java:1511)
	at app//org.junit.platform.engine.support.hierarchical.SameThreadHierarchicalTestExecutorService.invokeAll(SameThreadHierarchicalTestExecutorService.java:41)
	at app//org.junit.platform.engine.support.hierarchical.NodeTestTask.lambda$executeRecursively$6(NodeTestTask.java:155)
	at app//org.junit.platform.engine.support.hierarchical.ThrowableCollector.execute(ThrowableCollector.java:73)
	at app//org.junit.platform.engine.support.hierarchical.NodeTestTask.lambda$executeRecursively$8(NodeTestTask.java:141)
	at app//org.junit.platform.engine.support.hierarchical.Node.around(Node.java:137)
	at app//org.junit.platform.engine.support.hierarchical.NodeTestTask.lambda$executeRecursively$9(NodeTestTask.java:139)
	at app//org.junit.platform.engine.support.hierarchical.ThrowableCollector.execute(ThrowableCollector.java:73)
	at app//org.junit.platform.engine.support.hierarchical.NodeTestTask.executeRecursively(NodeTestTask.java:138)
	at app//org.junit.platform.engine.support.hierarchical.NodeTestTask.execute(NodeTestTask.java:95)
	at java.base@17.0.7/java.util.ArrayList.forEach(ArrayList.java:1511)
	at app//org.junit.platform.engine.support.hierarchical.SameThreadHierarchicalTestExecutorService.invokeAll(SameThreadHierarchicalTestExecutorService.java:41)
	at app//org.junit.platform.engine.support.hierarchical.NodeTestTask.lambda$executeRecursively$6(NodeTestTask.java:155)
	at app//org.junit.platform.engine.support.hierarchical.ThrowableCollector.execute(ThrowableCollector.java:73)
	at app//org.junit.platform.engine.support.hierarchical.NodeTestTask.lambda$executeRecursively$8(NodeTestTask.java:141)
	at app//org.junit.platform.engine.support.hierarchical.Node.around(Node.java:137)
	at app//org.junit.platform.engine.support.hierarchical.NodeTestTask.lambda$executeRecursively$9(NodeTestTask.java:139)
	at app//org.junit.platform.engine.support.hierarchical.ThrowableCollector.execute(ThrowableCollector.java:73)
	at app//org.junit.platform.engine.support.hierarchical.NodeTestTask.executeRecursively(NodeTestTask.java:138)
	at app//org.junit.platform.engine.support.hierarchical.NodeTestTask.execute(NodeTestTask.java:95)
	at app//org.junit.platform.engine.support.hierarchical.SameThreadHierarchicalTestExecutorService.submit(SameThreadHierarchicalTestExecutorService.java:35)
	at app//org.junit.platform.engine.support.hierarchical.HierarchicalTestExecutor.execute(HierarchicalTestExecutor.java:57)
	at app//org.junit.platform.engine.support.hierarchical.HierarchicalTestEngine.execute(HierarchicalTestEngine.java:54)
	at app//org.junit.platform.launcher.core.EngineExecutionOrchestrator.execute(EngineExecutionOrchestrator.java:107)
	at app//org.junit.platform.launcher.core.EngineExecutionOrchestrator.execute(EngineExecutionOrchestrator.java:88)
	at app//org.junit.platform.launcher.core.EngineExecutionOrchestrator.lambda$execute$0(EngineExecutionOrchestrator.java:54)
	at app//org.junit.platform.launcher.core.EngineExecutionOrchestrator.withInterceptedStreams(EngineExecutionOrchestrator.java:67)
	at app//org.junit.platform.launcher.core.EngineExecutionOrchestrator.execute(EngineExecutionOrchestrator.java:52)
	at app//org.junit.platform.launcher.core.DefaultLauncher.execute(DefaultLauncher.java:114)
	at app//org.junit.platform.launcher.core.DefaultLauncher.execute(DefaultLauncher.java:86)
	at app//org.junit.platform.launcher.core.DefaultLauncherSession$DelegatingLauncher.execute(DefaultLauncherSession.java:86)
	at org.gradle.api.internal.tasks.testing.junitplatform.JUnitPlatformTestClassProcessor$CollectAllTestClassesExecutor.processAllTestClasses(JUnitPlatformTestClassProcessor.java:110)
	at org.gradle.api.internal.tasks.testing.junitplatform.JUnitPlatformTestClassProcessor$CollectAllTestClassesExecutor.access$000(JUnitPlatformTestClassProcessor.java:90)
	at org.gradle.api.internal.tasks.testing.junitplatform.JUnitPlatformTestClassProcessor.stop(JUnitPlatformTestClassProcessor.java:85)
	at org.gradle.api.internal.tasks.testing.SuiteTestClassProcessor.stop(SuiteTestClassProcessor.java:62)
	at java.base@17.0.7/jdk.internal.reflect.NativeMethodAccessorImpl.invoke0(Native Method)
	at java.base@17.0.7/jdk.internal.reflect.NativeMethodAccessorImpl.invoke(NativeMethodAccessorImpl.java:77)
	at java.base@17.0.7/jdk.internal.reflect.DelegatingMethodAccessorImpl.invoke(DelegatingMethodAccessorImpl.java:43)
	at java.base@17.0.7/java.lang.reflect.Method.invoke(Method.java:568)
	at org.gradle.internal.dispatch.ReflectionDispatch.dispatch(ReflectionDispatch.java:36)
	at org.gradle.internal.dispatch.ReflectionDispatch.dispatch(ReflectionDispatch.java:24)
	at org.gradle.internal.dispatch.ContextClassLoaderDispatch.dispatch(ContextClassLoaderDispatch.java:33)
	at org.gradle.internal.dispatch.ProxyDispatchAdapter$DispatchingInvocationHandler.invoke(ProxyDispatchAdapter.java:94)
	at jdk.proxy2/jdk.proxy2.$Proxy5.stop(Unknown Source)
	at org.gradle.api.internal.tasks.testing.worker.TestWorker$3.run(TestWorker.java:193)
	at org.gradle.api.internal.tasks.testing.worker.TestWorker.executeAndMaintainThreadName(TestWorker.java:129)
	at org.gradle.api.internal.tasks.testing.worker.TestWorker.execute(TestWorker.java:100)
	at org.gradle.api.internal.tasks.testing.worker.TestWorker.execute(TestWorker.java:60)
	at org.gradle.process.internal.worker.child.ActionExecutionWorker.execute(ActionExecutionWorker.java:56)
	at org.gradle.process.internal.worker.child.SystemApplicationClassLoaderWorker.call(SystemApplicationClassLoaderWorker.java:113)
	at org.gradle.process.internal.worker.child.SystemApplicationClassLoaderWorker.call(SystemApplicationClassLoaderWorker.java:65)
	at app//worker.org.gradle.process.internal.worker.GradleWorkerMain.run(GradleWorkerMain.java:69)
	at app//worker.org.gradle.process.internal.worker.GradleWorkerMain.main(GradleWorkerMain.java:74)
Caused by: Contract not found: Test[Test::loopScopeRuleBenchmark(int,boolean)].JML normal_behavior operation contract.0 (file: src\test\resources\testcase\loopScopeInvRule\Test.key; caused by: java.io.IOException: Contract not found: Test[Test::loopScopeRuleBenchmark(int,boolean)].JML normal_behavior operation contract.0)
	at app//de.uka.ilkd.key.control.AbstractUserInterfaceControl.load(AbstractUserInterfaceControl.java:225)
	at app//de.uka.ilkd.key.control.KeYEnvironment.load(KeYEnvironment.java:282)
	at app//de.uka.ilkd.key.control.KeYEnvironment.load(KeYEnvironment.java:251)
	at app//de.uka.ilkd.key.control.KeYEnvironment.load(KeYEnvironment.java:225)
	at app//de.uka.ilkd.key.rule.merge.MergeRuleTests.loadProof(MergeRuleTests.java:319)
	... 85 more
Caused by: java.io.IOException: Contract not found: Test[Test::loopScopeRuleBenchmark(int,boolean)].JML normal_behavior operation contract.0
	at de.uka.ilkd.key.proof.init.FunctionalOperationContractPO.loadFrom(FunctionalOperationContractPO.java:379)
	at java.base/jdk.internal.reflect.NativeMethodAccessorImpl.invoke0(Native Method)
	at java.base/jdk.internal.reflect.NativeMethodAccessorImpl.invoke(NativeMethodAccessorImpl.java:77)
	at java.base/jdk.internal.reflect.DelegatingMethodAccessorImpl.invoke(DelegatingMethodAccessorImpl.java:43)
	at java.base/java.lang.reflect.Method.invoke(Method.java:568)
	at de.uka.ilkd.key.proof.io.AbstractProblemLoader.createProofObligationContainer(AbstractProblemLoader.java:628)
	at de.uka.ilkd.key.proof.io.AbstractProblemLoader.load(AbstractProblemLoader.java:278)
	at de.uka.ilkd.key.proof.io.AbstractProblemLoader.load(AbstractProblemLoader.java:257)
	at de.uka.ilkd.key.control.AbstractUserInterfaceControl.load(AbstractUserInterfaceControl.java:212)
	... 89 more
</failure>
  </testcase>
  <system-out><![CDATA[]]></system-out>
  <system-err><![CDATA[873836     INFO  Test worker     d.u.i.k.p.i.AbstractProblemLoader Loading environment from src\test\resources\testcase\loopScopeInvRule\Test.key 
873836     DEBUG Test worker     d.u.i.k.p.i.AbstractProblemLoader Environment load took 110.9ns 
873836     INFO  Test worker     d.u.i.k.p.i.AbstractProblemLoader Creating init config 
874101     ERROR Test worker     d.u.i.k.j.KeYJPMapping    Duplicate registration of node: /*@ pure @*/
boolean, formerNode: boolean 
874101     ERROR Test worker     d.u.i.k.j.KeYJPMapping    Duplicate registration of node: /*@pure*/
int, formerNode: int 
874101     ERROR Test worker     d.u.i.k.j.KeYJPMapping    Duplicate registration of node: /*@ helper */
int, formerNode: int 
874101     ERROR Test worker     d.u.i.k.j.KeYJPMapping    Duplicate registration of node: /*@ helper */
boolean, formerNode: boolean 
874101     ERROR Test worker     d.u.i.k.j.KeYJPMapping    Duplicate registration of node: /*@ helper */
char, formerNode: char 
874101     ERROR Test worker     d.u.i.k.j.KeYJPMapping    Duplicate registration of node: byte[], formerNode: byte[] 
874101     ERROR Test worker     d.u.i.k.j.KeYJPMapping    Duplicate registration of node: /*@ helper */
java.lang.String, formerNode: java.lang.String 
874132     ERROR Test worker     d.u.i.k.j.KeYJPMapping    Duplicate registration of node: {
    //@ set message = arg0;
    //@ set cause = arg1;
}, formerNode: {
} 
874132     ERROR Test worker     d.u.i.k.j.KeYJPMapping    Duplicate registration of node: /*@strictly_pure*/
java.lang.String, formerNode: java.lang.String 
874148     ERROR Test worker     d.u.i.k.j.KeYJPMapping    Duplicate registration of node: /*@nullable@*/
Object, formerNode: Object 
874148     ERROR Test worker     d.u.i.k.j.KeYJPMapping    Duplicate registration of node: /*@pure@*/
String, formerNode: String 
875382     DEBUG Test worker     d.u.i.k.j.TypeConverter   No LDT found for Meta 
875382     DEBUG Test worker     d.u.i.k.j.TypeConverter   No LDT found for Meta 
875398     DEBUG Test worker     d.u.i.k.j.TypeConverter   No LDT found for Meta 
875414     DEBUG Test worker     d.u.i.k.j.TypeConverter   No LDT found for Meta 
879229     ERROR Test worker     d.u.i.k.j.KeYJPMapping    Duplicate registration of node: #jcsystemType, formerNode: #jcsystemType 
879292     ERROR Test worker     d.u.i.k.j.JavaService     Error in (line 1,col 5) 'ghost' is not allowed here.. 
879292     ERROR Test worker     d.u.i.k.j.JavaService     Error in (line 1,col 5) 'ghost' is not allowed here.. 
879292     ERROR Test worker     d.u.i.k.j.JavaService     Error in (line 1,col 5) 'ghost' is not allowed here.. 
879308     ERROR Test worker     d.u.i.k.n.b.AbstractBuilder  java.lang.ClassCastException: class de.uka.ilkd.key.logic.op.ProgramSV cannot be cast to class de.uka.ilkd.key.java.reference.TypeRef (de.uka.ilkd.key.logic.op.ProgramSV and de.uka.ilkd.key.java.reference.TypeRef are in unnamed module of loader 'app')
	at de.uka.ilkd.key.java.JP2KeYVisitor.visit(JP2KeYConverter.java:847)

879308     ERROR Test worker     d.u.i.k.n.b.TacletPBuilder Error in parsing taclet. de.uka.ilkd.key.util.parsing.BuildingException: class de.uka.ilkd.key.logic.op.ProgramSV cannot be cast to class de.uka.ilkd.key.java.reference.TypeRef (de.uka.ilkd.key.logic.op.ProgramSV and de.uka.ilkd.key.java.reference.TypeRef are in unnamed module of loader 'app') at file:/D:/a/key/key/key.core/build/resources/main/de/uka/ilkd/key/proof/rules/javaRules.key:506:15
	at de.uka.ilkd.key.nparser.builder.AbstractBuilder.accept(AbstractBuilder.java:54)
Caused by: java.lang.ClassCastException: class de.uka.ilkd.key.logic.op.ProgramSV cannot be cast to class de.uka.ilkd.key.java.reference.TypeRef (de.uka.ilkd.key.logic.op.ProgramSV and de.uka.ilkd.key.java.reference.TypeRef are in unnamed module of loader 'app')
	at de.uka.ilkd.key.java.JP2KeYVisitor.visit(JP2KeYConverter.java:847)

879308     ERROR Test worker     d.u.i.k.n.b.AbstractBuilder  java.lang.ClassCastException: class de.uka.ilkd.key.logic.op.ProgramSV cannot be cast to class de.uka.ilkd.key.java.reference.TypeRef (de.uka.ilkd.key.logic.op.ProgramSV and de.uka.ilkd.key.java.reference.TypeRef are in unnamed module of loader 'app')
	at de.uka.ilkd.key.java.JP2KeYVisitor.visit(JP2KeYConverter.java:847)

879308     ERROR Test worker     d.u.i.k.n.b.TacletPBuilder Error in parsing taclet. de.uka.ilkd.key.util.parsing.BuildingException: class de.uka.ilkd.key.logic.op.ProgramSV cannot be cast to class de.uka.ilkd.key.java.reference.TypeRef (de.uka.ilkd.key.logic.op.ProgramSV and de.uka.ilkd.key.java.reference.TypeRef are in unnamed module of loader 'app') at file:/D:/a/key/key/key.core/build/resources/main/de/uka/ilkd/key/proof/rules/javaRules.key:523:15
	at de.uka.ilkd.key.nparser.builder.AbstractBuilder.accept(AbstractBuilder.java:54)
Caused by: java.lang.ClassCastException: class de.uka.ilkd.key.logic.op.ProgramSV cannot be cast to class de.uka.ilkd.key.java.reference.TypeRef (de.uka.ilkd.key.logic.op.ProgramSV and de.uka.ilkd.key.java.reference.TypeRef are in unnamed module of loader 'app')
	at de.uka.ilkd.key.java.JP2KeYVisitor.visit(JP2KeYConverter.java:847)

879308     ERROR Test worker     d.u.i.k.n.b.AbstractBuilder  java.lang.ClassCastException: class de.uka.ilkd.key.logic.op.ProgramSV cannot be cast to class de.uka.ilkd.key.java.reference.TypeRef (de.uka.ilkd.key.logic.op.ProgramSV and de.uka.ilkd.key.java.reference.TypeRef are in unnamed module of loader 'app')
	at de.uka.ilkd.key.java.JP2KeYVisitor.visit(JP2KeYConverter.java:847)

879308     ERROR Test worker     d.u.i.k.n.b.TacletPBuilder Error in parsing taclet. de.uka.ilkd.key.util.parsing.BuildingException: class de.uka.ilkd.key.logic.op.ProgramSV cannot be cast to class de.uka.ilkd.key.java.reference.TypeRef (de.uka.ilkd.key.logic.op.ProgramSV and de.uka.ilkd.key.java.reference.TypeRef are in unnamed module of loader 'app') at file:/D:/a/key/key/key.core/build/resources/main/de/uka/ilkd/key/proof/rules/javaRules.key:546:15
	at de.uka.ilkd.key.nparser.builder.AbstractBuilder.accept(AbstractBuilder.java:54)
Caused by: java.lang.ClassCastException: class de.uka.ilkd.key.logic.op.ProgramSV cannot be cast to class de.uka.ilkd.key.java.reference.TypeRef (de.uka.ilkd.key.logic.op.ProgramSV and de.uka.ilkd.key.java.reference.TypeRef are in unnamed module of loader 'app')
	at de.uka.ilkd.key.java.JP2KeYVisitor.visit(JP2KeYConverter.java:847)

879308     ERROR Test worker     d.u.i.k.n.b.AbstractBuilder  java.lang.ClassCastException: class de.uka.ilkd.key.logic.op.ProgramSV cannot be cast to class de.uka.ilkd.key.java.reference.TypeRef (de.uka.ilkd.key.logic.op.ProgramSV and de.uka.ilkd.key.java.reference.TypeRef are in unnamed module of loader 'app')
	at de.uka.ilkd.key.java.JP2KeYVisitor.visit(JP2KeYConverter.java:847)

879308     ERROR Test worker     d.u.i.k.n.b.TacletPBuilder Error in parsing taclet. de.uka.ilkd.key.util.parsing.BuildingException: class de.uka.ilkd.key.logic.op.ProgramSV cannot be cast to class de.uka.ilkd.key.java.reference.TypeRef (de.uka.ilkd.key.logic.op.ProgramSV and de.uka.ilkd.key.java.reference.TypeRef are in unnamed module of loader 'app') at file:/D:/a/key/key/key.core/build/resources/main/de/uka/ilkd/key/proof/rules/javaRules.key:590:15
	at de.uka.ilkd.key.nparser.builder.AbstractBuilder.accept(AbstractBuilder.java:54)
Caused by: java.lang.ClassCastException: class de.uka.ilkd.key.logic.op.ProgramSV cannot be cast to class de.uka.ilkd.key.java.reference.TypeRef (de.uka.ilkd.key.logic.op.ProgramSV and de.uka.ilkd.key.java.reference.TypeRef are in unnamed module of loader 'app')
	at de.uka.ilkd.key.java.JP2KeYVisitor.visit(JP2KeYConverter.java:847)

879308     ERROR Test worker     d.u.i.k.n.b.AbstractBuilder  java.lang.ClassCastException: class de.uka.ilkd.key.logic.op.ProgramSV cannot be cast to class de.uka.ilkd.key.java.reference.TypeRef (de.uka.ilkd.key.logic.op.ProgramSV and de.uka.ilkd.key.java.reference.TypeRef are in unnamed module of loader 'app')
	at de.uka.ilkd.key.java.JP2KeYVisitor.visit(JP2KeYConverter.java:847)

879308     ERROR Test worker     d.u.i.k.n.b.TacletPBuilder Error in parsing taclet. de.uka.ilkd.key.util.parsing.BuildingException: class de.uka.ilkd.key.logic.op.ProgramSV cannot be cast to class de.uka.ilkd.key.java.reference.TypeRef (de.uka.ilkd.key.logic.op.ProgramSV and de.uka.ilkd.key.java.reference.TypeRef are in unnamed module of loader 'app') at file:/D:/a/key/key/key.core/build/resources/main/de/uka/ilkd/key/proof/rules/javaRules.key:596:15
	at de.uka.ilkd.key.nparser.builder.AbstractBuilder.accept(AbstractBuilder.java:54)
Caused by: java.lang.ClassCastException: class de.uka.ilkd.key.logic.op.ProgramSV cannot be cast to class de.uka.ilkd.key.java.reference.TypeRef (de.uka.ilkd.key.logic.op.ProgramSV and de.uka.ilkd.key.java.reference.TypeRef are in unnamed module of loader 'app')
	at de.uka.ilkd.key.java.JP2KeYVisitor.visit(JP2KeYConverter.java:847)

879308     ERROR Test worker     d.u.i.k.n.b.AbstractBuilder  java.lang.ClassCastException: class de.uka.ilkd.key.logic.op.ProgramSV cannot be cast to class de.uka.ilkd.key.java.reference.TypeRef (de.uka.ilkd.key.logic.op.ProgramSV and de.uka.ilkd.key.java.reference.TypeRef are in unnamed module of loader 'app')
	at de.uka.ilkd.key.java.JP2KeYVisitor.visit(JP2KeYConverter.java:847)

879308     ERROR Test worker     d.u.i.k.n.b.TacletPBuilder Error in parsing taclet. de.uka.ilkd.key.util.parsing.BuildingException: class de.uka.ilkd.key.logic.op.ProgramSV cannot be cast to class de.uka.ilkd.key.java.reference.TypeRef (de.uka.ilkd.key.logic.op.ProgramSV and de.uka.ilkd.key.java.reference.TypeRef are in unnamed module of loader 'app') at file:/D:/a/key/key/key.core/build/resources/main/de/uka/ilkd/key/proof/rules/javaRules.key:605:15
	at de.uka.ilkd.key.nparser.builder.AbstractBuilder.accept(AbstractBuilder.java:54)
Caused by: java.lang.ClassCastException: class de.uka.ilkd.key.logic.op.ProgramSV cannot be cast to class de.uka.ilkd.key.java.reference.TypeRef (de.uka.ilkd.key.logic.op.ProgramSV and de.uka.ilkd.key.java.reference.TypeRef are in unnamed module of loader 'app')
	at de.uka.ilkd.key.java.JP2KeYVisitor.visit(JP2KeYConverter.java:847)

879323     ERROR Test worker     d.u.i.k.n.b.AbstractBuilder  java.lang.ClassCastException: class de.uka.ilkd.key.logic.op.ProgramSV cannot be cast to class de.uka.ilkd.key.java.reference.TypeRef (de.uka.ilkd.key.logic.op.ProgramSV and de.uka.ilkd.key.java.reference.TypeRef are in unnamed module of loader 'app')
	at de.uka.ilkd.key.java.JP2KeYVisitor.visit(JP2KeYConverter.java:847)

879323     ERROR Test worker     d.u.i.k.n.b.TacletPBuilder Error in parsing taclet. de.uka.ilkd.key.util.parsing.BuildingException: class de.uka.ilkd.key.logic.op.ProgramSV cannot be cast to class de.uka.ilkd.key.java.reference.TypeRef (de.uka.ilkd.key.logic.op.ProgramSV and de.uka.ilkd.key.java.reference.TypeRef are in unnamed module of loader 'app') at file:/D:/a/key/key/key.core/build/resources/main/de/uka/ilkd/key/proof/rules/javaRules.key:613:15
	at de.uka.ilkd.key.nparser.builder.AbstractBuilder.accept(AbstractBuilder.java:54)
Caused by: java.lang.ClassCastException: class de.uka.ilkd.key.logic.op.ProgramSV cannot be cast to class de.uka.ilkd.key.java.reference.TypeRef (de.uka.ilkd.key.logic.op.ProgramSV and de.uka.ilkd.key.java.reference.TypeRef are in unnamed module of loader 'app')
	at de.uka.ilkd.key.java.JP2KeYVisitor.visit(JP2KeYConverter.java:847)

879323     ERROR Test worker     d.u.i.k.n.b.AbstractBuilder  java.lang.ClassCastException: class de.uka.ilkd.key.logic.op.ProgramSV cannot be cast to class de.uka.ilkd.key.java.reference.TypeRef (de.uka.ilkd.key.logic.op.ProgramSV and de.uka.ilkd.key.java.reference.TypeRef are in unnamed module of loader 'app')
	at de.uka.ilkd.key.java.JP2KeYVisitor.visit(JP2KeYConverter.java:847)

879323     ERROR Test worker     d.u.i.k.n.b.TacletPBuilder Error in parsing taclet. de.uka.ilkd.key.util.parsing.BuildingException: class de.uka.ilkd.key.logic.op.ProgramSV cannot be cast to class de.uka.ilkd.key.java.reference.TypeRef (de.uka.ilkd.key.logic.op.ProgramSV and de.uka.ilkd.key.java.reference.TypeRef are in unnamed module of loader 'app') at file:/D:/a/key/key/key.core/build/resources/main/de/uka/ilkd/key/proof/rules/javaRules.key:622:15
	at de.uka.ilkd.key.nparser.builder.AbstractBuilder.accept(AbstractBuilder.java:54)
Caused by: java.lang.ClassCastException: class de.uka.ilkd.key.logic.op.ProgramSV cannot be cast to class de.uka.ilkd.key.java.reference.TypeRef (de.uka.ilkd.key.logic.op.ProgramSV and de.uka.ilkd.key.java.reference.TypeRef are in unnamed module of loader 'app')
	at de.uka.ilkd.key.java.JP2KeYVisitor.visit(JP2KeYConverter.java:847)

879323     ERROR Test worker     d.u.i.k.n.b.AbstractBuilder  java.lang.ClassCastException: class de.uka.ilkd.key.logic.op.ProgramSV cannot be cast to class de.uka.ilkd.key.java.reference.TypeRef (de.uka.ilkd.key.logic.op.ProgramSV and de.uka.ilkd.key.java.reference.TypeRef are in unnamed module of loader 'app')
	at de.uka.ilkd.key.java.JP2KeYVisitor.visit(JP2KeYConverter.java:847)

879323     ERROR Test worker     d.u.i.k.n.b.TacletPBuilder Error in parsing taclet. de.uka.ilkd.key.util.parsing.BuildingException: class de.uka.ilkd.key.logic.op.ProgramSV cannot be cast to class de.uka.ilkd.key.java.reference.TypeRef (de.uka.ilkd.key.logic.op.ProgramSV and de.uka.ilkd.key.java.reference.TypeRef are in unnamed module of loader 'app') at file:/D:/a/key/key/key.core/build/resources/main/de/uka/ilkd/key/proof/rules/javaRules.key:630:15
	at de.uka.ilkd.key.nparser.builder.AbstractBuilder.accept(AbstractBuilder.java:54)
Caused by: java.lang.ClassCastException: class de.uka.ilkd.key.logic.op.ProgramSV cannot be cast to class de.uka.ilkd.key.java.reference.TypeRef (de.uka.ilkd.key.logic.op.ProgramSV and de.uka.ilkd.key.java.reference.TypeRef are in unnamed module of loader 'app')
	at de.uka.ilkd.key.java.JP2KeYVisitor.visit(JP2KeYConverter.java:847)

879323     ERROR Test worker     d.u.i.k.n.b.AbstractBuilder  java.lang.ClassCastException: class de.uka.ilkd.key.logic.op.ProgramSV cannot be cast to class de.uka.ilkd.key.java.reference.TypeRef (de.uka.ilkd.key.logic.op.ProgramSV and de.uka.ilkd.key.java.reference.TypeRef are in unnamed module of loader 'app')
	at de.uka.ilkd.key.java.JP2KeYVisitor.visit(JP2KeYConverter.java:847)

879323     ERROR Test worker     d.u.i.k.n.b.TacletPBuilder Error in parsing taclet. de.uka.ilkd.key.util.parsing.BuildingException: class de.uka.ilkd.key.logic.op.ProgramSV cannot be cast to class de.uka.ilkd.key.java.reference.TypeRef (de.uka.ilkd.key.logic.op.ProgramSV and de.uka.ilkd.key.java.reference.TypeRef are in unnamed module of loader 'app') at file:/D:/a/key/key/key.core/build/resources/main/de/uka/ilkd/key/proof/rules/javaRules.key:639:15
	at de.uka.ilkd.key.nparser.builder.AbstractBuilder.accept(AbstractBuilder.java:54)
Caused by: java.lang.ClassCastException: class de.uka.ilkd.key.logic.op.ProgramSV cannot be cast to class de.uka.ilkd.key.java.reference.TypeRef (de.uka.ilkd.key.logic.op.ProgramSV and de.uka.ilkd.key.java.reference.TypeRef are in unnamed module of loader 'app')
	at de.uka.ilkd.key.java.JP2KeYVisitor.visit(JP2KeYConverter.java:847)

879323     ERROR Test worker     d.u.i.k.n.b.AbstractBuilder  java.lang.ClassCastException: class de.uka.ilkd.key.logic.op.ProgramSV cannot be cast to class de.uka.ilkd.key.java.reference.TypeRef (de.uka.ilkd.key.logic.op.ProgramSV and de.uka.ilkd.key.java.reference.TypeRef are in unnamed module of loader 'app')
	at de.uka.ilkd.key.java.JP2KeYVisitor.visit(JP2KeYConverter.java:847)

879323     ERROR Test worker     d.u.i.k.n.b.TacletPBuilder Error in parsing taclet. de.uka.ilkd.key.util.parsing.BuildingException: class de.uka.ilkd.key.logic.op.ProgramSV cannot be cast to class de.uka.ilkd.key.java.reference.TypeRef (de.uka.ilkd.key.logic.op.ProgramSV and de.uka.ilkd.key.java.reference.TypeRef are in unnamed module of loader 'app') at file:/D:/a/key/key/key.core/build/resources/main/de/uka/ilkd/key/proof/rules/javaRules.key:647:15
	at de.uka.ilkd.key.nparser.builder.AbstractBuilder.accept(AbstractBuilder.java:54)
Caused by: java.lang.ClassCastException: class de.uka.ilkd.key.logic.op.ProgramSV cannot be cast to class de.uka.ilkd.key.java.reference.TypeRef (de.uka.ilkd.key.logic.op.ProgramSV and de.uka.ilkd.key.java.reference.TypeRef are in unnamed module of loader 'app')
	at de.uka.ilkd.key.java.JP2KeYVisitor.visit(JP2KeYConverter.java:847)

879323     ERROR Test worker     d.u.i.k.n.b.AbstractBuilder  java.lang.ClassCastException: class de.uka.ilkd.key.logic.op.ProgramSV cannot be cast to class de.uka.ilkd.key.java.reference.TypeRef (de.uka.ilkd.key.logic.op.ProgramSV and de.uka.ilkd.key.java.reference.TypeRef are in unnamed module of loader 'app')
	at de.uka.ilkd.key.java.JP2KeYVisitor.visit(JP2KeYConverter.java:847)

879323     ERROR Test worker     d.u.i.k.n.b.TacletPBuilder Error in parsing taclet. de.uka.ilkd.key.util.parsing.BuildingException: class de.uka.ilkd.key.logic.op.ProgramSV cannot be cast to class de.uka.ilkd.key.java.reference.TypeRef (de.uka.ilkd.key.logic.op.ProgramSV and de.uka.ilkd.key.java.reference.TypeRef are in unnamed module of loader 'app') at file:/D:/a/key/key/key.core/build/resources/main/de/uka/ilkd/key/proof/rules/javaRules.key:656:15
	at de.uka.ilkd.key.nparser.builder.AbstractBuilder.accept(AbstractBuilder.java:54)
Caused by: java.lang.ClassCastException: class de.uka.ilkd.key.logic.op.ProgramSV cannot be cast to class de.uka.ilkd.key.java.reference.TypeRef (de.uka.ilkd.key.logic.op.ProgramSV and de.uka.ilkd.key.java.reference.TypeRef are in unnamed module of loader 'app')
	at de.uka.ilkd.key.java.JP2KeYVisitor.visit(JP2KeYConverter.java:847)

879323     ERROR Test worker     d.u.i.k.n.b.AbstractBuilder  java.lang.ClassCastException: class de.uka.ilkd.key.logic.op.ProgramSV cannot be cast to class de.uka.ilkd.key.java.reference.TypeRef (de.uka.ilkd.key.logic.op.ProgramSV and de.uka.ilkd.key.java.reference.TypeRef are in unnamed module of loader 'app')
	at de.uka.ilkd.key.java.JP2KeYVisitor.visit(JP2KeYConverter.java:847)

879323     ERROR Test worker     d.u.i.k.n.b.TacletPBuilder Error in parsing taclet. de.uka.ilkd.key.util.parsing.BuildingException: class de.uka.ilkd.key.logic.op.ProgramSV cannot be cast to class de.uka.ilkd.key.java.reference.TypeRef (de.uka.ilkd.key.logic.op.ProgramSV and de.uka.ilkd.key.java.reference.TypeRef are in unnamed module of loader 'app') at file:/D:/a/key/key/key.core/build/resources/main/de/uka/ilkd/key/proof/rules/javaRules.key:664:15
	at de.uka.ilkd.key.nparser.builder.AbstractBuilder.accept(AbstractBuilder.java:54)
Caused by: java.lang.ClassCastException: class de.uka.ilkd.key.logic.op.ProgramSV cannot be cast to class de.uka.ilkd.key.java.reference.TypeRef (de.uka.ilkd.key.logic.op.ProgramSV and de.uka.ilkd.key.java.reference.TypeRef are in unnamed module of loader 'app')
	at de.uka.ilkd.key.java.JP2KeYVisitor.visit(JP2KeYConverter.java:847)

879323     ERROR Test worker     d.u.i.k.n.b.AbstractBuilder  java.lang.ClassCastException: class de.uka.ilkd.key.logic.op.ProgramSV cannot be cast to class de.uka.ilkd.key.java.reference.TypeRef (de.uka.ilkd.key.logic.op.ProgramSV and de.uka.ilkd.key.java.reference.TypeRef are in unnamed module of loader 'app')
	at de.uka.ilkd.key.java.JP2KeYVisitor.visit(JP2KeYConverter.java:847)

879323     ERROR Test worker     d.u.i.k.n.b.TacletPBuilder Error in parsing taclet. de.uka.ilkd.key.util.parsing.BuildingException: class de.uka.ilkd.key.logic.op.ProgramSV cannot be cast to class de.uka.ilkd.key.java.reference.TypeRef (de.uka.ilkd.key.logic.op.ProgramSV and de.uka.ilkd.key.java.reference.TypeRef are in unnamed module of loader 'app') at file:/D:/a/key/key/key.core/build/resources/main/de/uka/ilkd/key/proof/rules/javaRules.key:673:15
	at de.uka.ilkd.key.nparser.builder.AbstractBuilder.accept(AbstractBuilder.java:54)
Caused by: java.lang.ClassCastException: class de.uka.ilkd.key.logic.op.ProgramSV cannot be cast to class de.uka.ilkd.key.java.reference.TypeRef (de.uka.ilkd.key.logic.op.ProgramSV and de.uka.ilkd.key.java.reference.TypeRef are in unnamed module of loader 'app')
	at de.uka.ilkd.key.java.JP2KeYVisitor.visit(JP2KeYConverter.java:847)

879323     ERROR Test worker     d.u.i.k.n.b.AbstractBuilder  java.lang.ClassCastException: class de.uka.ilkd.key.logic.op.ProgramSV cannot be cast to class de.uka.ilkd.key.java.reference.TypeRef (de.uka.ilkd.key.logic.op.ProgramSV and de.uka.ilkd.key.java.reference.TypeRef are in unnamed module of loader 'app')
	at de.uka.ilkd.key.java.JP2KeYVisitor.visit(JP2KeYConverter.java:847)

879323     ERROR Test worker     d.u.i.k.n.b.TacletPBuilder Error in parsing taclet. de.uka.ilkd.key.util.parsing.BuildingException: class de.uka.ilkd.key.logic.op.ProgramSV cannot be cast to class de.uka.ilkd.key.java.reference.TypeRef (de.uka.ilkd.key.logic.op.ProgramSV and de.uka.ilkd.key.java.reference.TypeRef are in unnamed module of loader 'app') at file:/D:/a/key/key/key.core/build/resources/main/de/uka/ilkd/key/proof/rules/javaRules.key:681:15
	at de.uka.ilkd.key.nparser.builder.AbstractBuilder.accept(AbstractBuilder.java:54)
Caused by: java.lang.ClassCastException: class de.uka.ilkd.key.logic.op.ProgramSV cannot be cast to class de.uka.ilkd.key.java.reference.TypeRef (de.uka.ilkd.key.logic.op.ProgramSV and de.uka.ilkd.key.java.reference.TypeRef are in unnamed module of loader 'app')
	at de.uka.ilkd.key.java.JP2KeYVisitor.visit(JP2KeYConverter.java:847)

879323     ERROR Test worker     d.u.i.k.n.b.AbstractBuilder  java.lang.ClassCastException: class de.uka.ilkd.key.logic.op.ProgramSV cannot be cast to class de.uka.ilkd.key.java.reference.TypeRef (de.uka.ilkd.key.logic.op.ProgramSV and de.uka.ilkd.key.java.reference.TypeRef are in unnamed module of loader 'app')
	at de.uka.ilkd.key.java.JP2KeYVisitor.visit(JP2KeYConverter.java:847)

879323     ERROR Test worker     d.u.i.k.n.b.TacletPBuilder Error in parsing taclet. de.uka.ilkd.key.util.parsing.BuildingException: class de.uka.ilkd.key.logic.op.ProgramSV cannot be cast to class de.uka.ilkd.key.java.reference.TypeRef (de.uka.ilkd.key.logic.op.ProgramSV and de.uka.ilkd.key.java.reference.TypeRef are in unnamed module of loader 'app') at file:/D:/a/key/key/key.core/build/resources/main/de/uka/ilkd/key/proof/rules/javaRules.key:693:15
	at de.uka.ilkd.key.nparser.builder.AbstractBuilder.accept(AbstractBuilder.java:54)
Caused by: java.lang.ClassCastException: class de.uka.ilkd.key.logic.op.ProgramSV cannot be cast to class de.uka.ilkd.key.java.reference.TypeRef (de.uka.ilkd.key.logic.op.ProgramSV and de.uka.ilkd.key.java.reference.TypeRef are in unnamed module of loader 'app')
	at de.uka.ilkd.key.java.JP2KeYVisitor.visit(JP2KeYConverter.java:847)

879323     ERROR Test worker     d.u.i.k.n.b.AbstractBuilder  java.lang.ClassCastException: class de.uka.ilkd.key.logic.op.ProgramSV cannot be cast to class de.uka.ilkd.key.java.reference.TypeRef (de.uka.ilkd.key.logic.op.ProgramSV and de.uka.ilkd.key.java.reference.TypeRef are in unnamed module of loader 'app')
	at de.uka.ilkd.key.java.JP2KeYVisitor.visit(JP2KeYConverter.java:847)

879323     ERROR Test worker     d.u.i.k.n.b.TacletPBuilder Error in parsing taclet. de.uka.ilkd.key.util.parsing.BuildingException: class de.uka.ilkd.key.logic.op.ProgramSV cannot be cast to class de.uka.ilkd.key.java.reference.TypeRef (de.uka.ilkd.key.logic.op.ProgramSV and de.uka.ilkd.key.java.reference.TypeRef are in unnamed module of loader 'app') at file:/D:/a/key/key/key.core/build/resources/main/de/uka/ilkd/key/proof/rules/javaRules.key:701:15
	at de.uka.ilkd.key.nparser.builder.AbstractBuilder.accept(AbstractBuilder.java:54)
Caused by: java.lang.ClassCastException: class de.uka.ilkd.key.logic.op.ProgramSV cannot be cast to class de.uka.ilkd.key.java.reference.TypeRef (de.uka.ilkd.key.logic.op.ProgramSV and de.uka.ilkd.key.java.reference.TypeRef are in unnamed module of loader 'app')
	at de.uka.ilkd.key.java.JP2KeYVisitor.visit(JP2KeYConverter.java:847)

879480     ERROR Test worker     d.u.i.k.j.KeYJPMapping    Duplicate registration of node: #nse instanceof #t, formerNode: other instanceof String 
879480     ERROR Test worker     d.u.i.k.j.KeYJPMapping    Duplicate registration of node: #v0 instanceof #t, formerNode: other instanceof String 
879480     ERROR Test worker     d.u.i.k.j.KeYJPMapping    Duplicate registration of node: #v = #v0 instanceof #t, formerNode: #v = #nse instanceof #t 
879683     ERROR Test worker     d.u.i.k.j.KeYJPMapping    Duplicate registration of node: #lhs = false;, formerNode: #lhs = false 
879683     ERROR Test worker     d.u.i.k.j.KeYJPMapping    Duplicate registration of node: #lhs = #nseBool1;, formerNode: #lhs = #nseBool1 
879699     ERROR Test worker     d.u.i.k.j.KeYJPMapping    Duplicate registration of node: #lhs = true;, formerNode: #lhs = true 
880058     ERROR Test worker     d.u.i.k.j.KeYJPMapping    Duplicate registration of node: #t, formerNode: #t 
880137     ERROR Test worker     d.u.i.k.j.KeYJPMapping    Duplicate registration of node: this[#v] = #lit;, formerNode: this[#v] = #lit 
880233     ERROR Test worker     d.u.i.k.j.KeYJPMapping    Duplicate registration of node: #n, formerNode: #n 
880278     ERROR Test worker     d.u.i.k.j.KeYJPMapping    Duplicate registration of node: #na, formerNode: #na 
880278     ERROR Test worker     d.u.i.k.j.KeYJPMapping    Duplicate registration of node: #arrayinitializer, formerNode: #arrayinitializer 
880668     DEBUG Test worker     d.u.i.k.j.TypeConverter   No LDT found for JavaBigintExpression 
880799     ERROR Test worker     d.u.i.k.j.KeYJPMapping    Duplicate registration of node: \indexOf(#seLeft, #vRightNew), formerNode: \indexOf(#seLeft, #nseRight) 
880799     ERROR Test worker     d.u.i.k.j.KeYJPMapping    Duplicate registration of node: #v = \indexOf(#seLeft, #vRightNew), formerNode: #v = \indexOf(#seLeft, #nseRight) 
882263     ERROR Test worker     d.u.i.k.j.KeYJPMapping    Duplicate registration of node: #se instanceof #t, formerNode: other instanceof String 
882556     ERROR Test worker     d.u.i.k.j.KeYJPMapping    Duplicate registration of node: boolean, formerNode: /*@ pure @*/
boolean 
882587     ERROR Test worker     d.u.i.k.j.KeYJPMapping    Duplicate registration of node: /*@pure*/
int, formerNode: int 
882603     ERROR Test worker     d.u.i.k.j.KeYJPMapping    Duplicate registration of node: /*@ helper */
int, formerNode: int 
882603     ERROR Test worker     d.u.i.k.j.KeYJPMapping    Duplicate registration of node: /*@ helper */
boolean, formerNode: /*@ pure @*/
boolean 
882603     ERROR Test worker     d.u.i.k.j.KeYJPMapping    Duplicate registration of node: /*@ helper */
char, formerNode: char 
882603     ERROR Test worker     d.u.i.k.j.KeYJPMapping    Duplicate registration of node: byte[], formerNode: byte[] 
882603     ERROR Test worker     d.u.i.k.j.KeYJPMapping    Duplicate registration of node: /*@ helper */
java.lang.String, formerNode: java.lang.String 
882618     ERROR Test worker     d.u.i.k.j.KeYJPMapping    Duplicate registration of node: /*@strictly_pure*/
java.lang.String, formerNode: java.lang.String 
882618     ERROR Test worker     d.u.i.k.j.KeYJPMapping    Duplicate registration of node: /*@nullable@*/
Object, formerNode: Object 
882650     ERROR Test worker     d.u.i.k.j.KeYJPMapping    Duplicate registration of node: /*@pure@*/
String, formerNode: String 
882650     ERROR Test worker     d.u.i.k.j.KeYJPMapping    Duplicate registration of node: Test, formerNode: Test 
882696     DEBUG Test worker     d.u.i.k.p.i.AbstractProblemLoader Init config took 8.86s 
]]></system-err>
</testsuite>
