<?xml version="1.0" encoding="UTF-8"?>
<testsuite name="de.uka.ilkd.key.proof.io.TestZipProofSaving" tests="1" skipped="0" failures="0" errors="0" timestamp="2023-06-12T19:18:37" hostname="fv-az282-703" time="9.921">
  <properties/>
  <testcase name="testZip()" classname="de.uka.ilkd.key.proof.io.TestZipProofSaving" time="9.921"/>
  <system-out><![CDATA[]]></system-out>
  <system-err><![CDATA[857918     INFO  Test worker     d.u.i.k.p.i.AbstractProblemLoader Loading environment from C:\Users\RUNNER~1\AppData\Local\Temp\keyZipTest11862876428251439348.key 
857918     DEBUG Test worker     d.u.i.k.p.i.AbstractProblemLoader Environment load took 142.1ns 
857918     INFO  Test worker     d.u.i.k.p.i.AbstractProblemLoader Creating init config 
858278     ERROR Test worker     d.u.i.k.j.KeYJPMapping    Duplicate registration of node: /*@ pure @*/
boolean, formerNode: boolean 
858278     ERROR Test worker     d.u.i.k.j.KeYJPMapping    Duplicate registration of node: /*@pure*/
int, formerNode: int 
858278     ERROR Test worker     d.u.i.k.j.KeYJPMapping    Duplicate registration of node: /*@ helper */
int, formerNode: int 
858278     ERROR Test worker     d.u.i.k.j.KeYJPMapping    Duplicate registration of node: /*@ helper */
boolean, formerNode: boolean 
858278     ERROR Test worker     d.u.i.k.j.KeYJPMapping    Duplicate registration of node: /*@ helper */
char, formerNode: char 
858278     ERROR Test worker     d.u.i.k.j.KeYJPMapping    Duplicate registration of node: byte[], formerNode: byte[] 
858278     ERROR Test worker     d.u.i.k.j.KeYJPMapping    Duplicate registration of node: /*@ helper */
java.lang.String, formerNode: java.lang.String 
858310     ERROR Test worker     d.u.i.k.j.KeYJPMapping    Duplicate registration of node: {
    //@ set message = arg0;
    //@ set cause = arg1;
}, formerNode: {
} 
858310     ERROR Test worker     d.u.i.k.j.KeYJPMapping    Duplicate registration of node: /*@strictly_pure*/
java.lang.String, formerNode: java.lang.String 
858325     ERROR Test worker     d.u.i.k.j.KeYJPMapping    Duplicate registration of node: /*@nullable@*/
Object, formerNode: Object 
858325     ERROR Test worker     d.u.i.k.j.KeYJPMapping    Duplicate registration of node: /*@pure@*/
String, formerNode: String 
859673     DEBUG Test worker     d.u.i.k.j.TypeConverter   No LDT found for Meta 
859689     DEBUG Test worker     d.u.i.k.j.TypeConverter   No LDT found for Meta 
859707     DEBUG Test worker     d.u.i.k.j.TypeConverter   No LDT found for Meta 
859707     DEBUG Test worker     d.u.i.k.j.TypeConverter   No LDT found for Meta 
863665     ERROR Test worker     d.u.i.k.j.KeYJPMapping    Duplicate registration of node: #jcsystemType, formerNode: #jcsystemType 
863743     ERROR Test worker     d.u.i.k.j.JavaService     Error in (line 1,col 5) 'ghost' is not allowed here.. 
863743     ERROR Test worker     d.u.i.k.j.JavaService     Error in (line 1,col 5) 'ghost' is not allowed here.. 
863743     ERROR Test worker     d.u.i.k.j.JavaService     Error in (line 1,col 5) 'ghost' is not allowed here.. 
863743     ERROR Test worker     d.u.i.k.n.b.AbstractBuilder  java.lang.ClassCastException: null

863743     ERROR Test worker     d.u.i.k.n.b.TacletPBuilder Error in parsing taclet. de.uka.ilkd.key.util.parsing.BuildingException: null at file:/D:/a/key/key/key.core/build/resources/main/de/uka/ilkd/key/proof/rules/javaRules.key:506:15
	at de.uka.ilkd.key.nparser.builder.AbstractBuilder.accept(AbstractBuilder.java:54)
Caused by: java.lang.ClassCastException: null

863743     ERROR Test worker     d.u.i.k.n.b.AbstractBuilder  java.lang.ClassCastException: null

863743     ERROR Test worker     d.u.i.k.n.b.TacletPBuilder Error in parsing taclet. de.uka.ilkd.key.util.parsing.BuildingException: null at file:/D:/a/key/key/key.core/build/resources/main/de/uka/ilkd/key/proof/rules/javaRules.key:523:15
	at de.uka.ilkd.key.nparser.builder.AbstractBuilder.accept(AbstractBuilder.java:54)
Caused by: java.lang.ClassCastException: null

863743     ERROR Test worker     d.u.i.k.n.b.AbstractBuilder  java.lang.ClassCastException: null

863759     ERROR Test worker     d.u.i.k.n.b.TacletPBuilder Error in parsing taclet. de.uka.ilkd.key.util.parsing.BuildingException: null at file:/D:/a/key/key/key.core/build/resources/main/de/uka/ilkd/key/proof/rules/javaRules.key:546:15
	at de.uka.ilkd.key.nparser.builder.AbstractBuilder.accept(AbstractBuilder.java:54)
Caused by: java.lang.ClassCastException: null

863759     ERROR Test worker     d.u.i.k.n.b.AbstractBuilder  java.lang.ClassCastException: null

863759     ERROR Test worker     d.u.i.k.n.b.TacletPBuilder Error in parsing taclet. de.uka.ilkd.key.util.parsing.BuildingException: null at file:/D:/a/key/key/key.core/build/resources/main/de/uka/ilkd/key/proof/rules/javaRules.key:590:15
	at de.uka.ilkd.key.nparser.builder.AbstractBuilder.accept(AbstractBuilder.java:54)
Caused by: java.lang.ClassCastException: null

863759     ERROR Test worker     d.u.i.k.n.b.AbstractBuilder  java.lang.ClassCastException: null

863759     ERROR Test worker     d.u.i.k.n.b.TacletPBuilder Error in parsing taclet. de.uka.ilkd.key.util.parsing.BuildingException: null at file:/D:/a/key/key/key.core/build/resources/main/de/uka/ilkd/key/proof/rules/javaRules.key:596:15
	at de.uka.ilkd.key.nparser.builder.AbstractBuilder.accept(AbstractBuilder.java:54)
Caused by: java.lang.ClassCastException: null

863759     ERROR Test worker     d.u.i.k.n.b.AbstractBuilder  java.lang.ClassCastException: null

863759     ERROR Test worker     d.u.i.k.n.b.TacletPBuilder Error in parsing taclet. de.uka.ilkd.key.util.parsing.BuildingException: null at file:/D:/a/key/key/key.core/build/resources/main/de/uka/ilkd/key/proof/rules/javaRules.key:605:15
	at de.uka.ilkd.key.nparser.builder.AbstractBuilder.accept(AbstractBuilder.java:54)
Caused by: java.lang.ClassCastException: null

863759     ERROR Test worker     d.u.i.k.n.b.AbstractBuilder  java.lang.ClassCastException: null

863759     ERROR Test worker     d.u.i.k.n.b.TacletPBuilder Error in parsing taclet. de.uka.ilkd.key.util.parsing.BuildingException: null at file:/D:/a/key/key/key.core/build/resources/main/de/uka/ilkd/key/proof/rules/javaRules.key:613:15
	at de.uka.ilkd.key.nparser.builder.AbstractBuilder.accept(AbstractBuilder.java:54)
Caused by: java.lang.ClassCastException: null

863759     ERROR Test worker     d.u.i.k.n.b.AbstractBuilder  java.lang.ClassCastException: null

863759     ERROR Test worker     d.u.i.k.n.b.TacletPBuilder Error in parsing taclet. de.uka.ilkd.key.util.parsing.BuildingException: null at file:/D:/a/key/key/key.core/build/resources/main/de/uka/ilkd/key/proof/rules/javaRules.key:622:15
	at de.uka.ilkd.key.nparser.builder.AbstractBuilder.accept(AbstractBuilder.java:54)
Caused by: java.lang.ClassCastException: null

863759     ERROR Test worker     d.u.i.k.n.b.AbstractBuilder  java.lang.ClassCastException: null

863759     ERROR Test worker     d.u.i.k.n.b.TacletPBuilder Error in parsing taclet. de.uka.ilkd.key.util.parsing.BuildingException: null at file:/D:/a/key/key/key.core/build/resources/main/de/uka/ilkd/key/proof/rules/javaRules.key:630:15
	at de.uka.ilkd.key.nparser.builder.AbstractBuilder.accept(AbstractBuilder.java:54)
Caused by: java.lang.ClassCastException: null

863759     ERROR Test worker     d.u.i.k.n.b.AbstractBuilder  java.lang.ClassCastException: null

863759     ERROR Test worker     d.u.i.k.n.b.TacletPBuilder Error in parsing taclet. de.uka.ilkd.key.util.parsing.BuildingException: null at file:/D:/a/key/key/key.core/build/resources/main/de/uka/ilkd/key/proof/rules/javaRules.key:639:15
	at de.uka.ilkd.key.nparser.builder.AbstractBuilder.accept(AbstractBuilder.java:54)
Caused by: java.lang.ClassCastException: null

863759     ERROR Test worker     d.u.i.k.n.b.AbstractBuilder  java.lang.ClassCastException: null

863759     ERROR Test worker     d.u.i.k.n.b.TacletPBuilder Error in parsing taclet. de.uka.ilkd.key.util.parsing.BuildingException: null at file:/D:/a/key/key/key.core/build/resources/main/de/uka/ilkd/key/proof/rules/javaRules.key:647:15
	at de.uka.ilkd.key.nparser.builder.AbstractBuilder.accept(AbstractBuilder.java:54)
Caused by: java.lang.ClassCastException: null

863774     ERROR Test worker     d.u.i.k.n.b.AbstractBuilder  java.lang.ClassCastException: null

863774     ERROR Test worker     d.u.i.k.n.b.TacletPBuilder Error in parsing taclet. de.uka.ilkd.key.util.parsing.BuildingException: null at file:/D:/a/key/key/key.core/build/resources/main/de/uka/ilkd/key/proof/rules/javaRules.key:656:15
	at de.uka.ilkd.key.nparser.builder.AbstractBuilder.accept(AbstractBuilder.java:54)
Caused by: java.lang.ClassCastException: null

863774     ERROR Test worker     d.u.i.k.n.b.AbstractBuilder  java.lang.ClassCastException: null

863774     ERROR Test worker     d.u.i.k.n.b.TacletPBuilder Error in parsing taclet. de.uka.ilkd.key.util.parsing.BuildingException: null at file:/D:/a/key/key/key.core/build/resources/main/de/uka/ilkd/key/proof/rules/javaRules.key:664:15
	at de.uka.ilkd.key.nparser.builder.AbstractBuilder.accept(AbstractBuilder.java:54)
Caused by: java.lang.ClassCastException: null

863774     ERROR Test worker     d.u.i.k.n.b.AbstractBuilder  java.lang.ClassCastException: null

863774     ERROR Test worker     d.u.i.k.n.b.TacletPBuilder Error in parsing taclet. de.uka.ilkd.key.util.parsing.BuildingException: null at file:/D:/a/key/key/key.core/build/resources/main/de/uka/ilkd/key/proof/rules/javaRules.key:673:15
	at de.uka.ilkd.key.nparser.builder.AbstractBuilder.accept(AbstractBuilder.java:54)
Caused by: java.lang.ClassCastException: null

863774     ERROR Test worker     d.u.i.k.n.b.AbstractBuilder  java.lang.ClassCastException: null

863774     ERROR Test worker     d.u.i.k.n.b.TacletPBuilder Error in parsing taclet. de.uka.ilkd.key.util.parsing.BuildingException: null at file:/D:/a/key/key/key.core/build/resources/main/de/uka/ilkd/key/proof/rules/javaRules.key:681:15
	at de.uka.ilkd.key.nparser.builder.AbstractBuilder.accept(AbstractBuilder.java:54)
Caused by: java.lang.ClassCastException: null

863774     ERROR Test worker     d.u.i.k.n.b.AbstractBuilder  java.lang.ClassCastException: null

863774     ERROR Test worker     d.u.i.k.n.b.TacletPBuilder Error in parsing taclet. de.uka.ilkd.key.util.parsing.BuildingException: null at file:/D:/a/key/key/key.core/build/resources/main/de/uka/ilkd/key/proof/rules/javaRules.key:693:15
	at de.uka.ilkd.key.nparser.builder.AbstractBuilder.accept(AbstractBuilder.java:54)
Caused by: java.lang.ClassCastException: null

863774     ERROR Test worker     d.u.i.k.n.b.AbstractBuilder  java.lang.ClassCastException: null

863774     ERROR Test worker     d.u.i.k.n.b.TacletPBuilder Error in parsing taclet. de.uka.ilkd.key.util.parsing.BuildingException: null at file:/D:/a/key/key/key.core/build/resources/main/de/uka/ilkd/key/proof/rules/javaRules.key:701:15
	at de.uka.ilkd.key.nparser.builder.AbstractBuilder.accept(AbstractBuilder.java:54)
Caused by: java.lang.ClassCastException: null

863908     ERROR Test worker     d.u.i.k.j.KeYJPMapping    Duplicate registration of node: #nse instanceof #t, formerNode: other instanceof String 
863908     ERROR Test worker     d.u.i.k.j.KeYJPMapping    Duplicate registration of node: #v0 instanceof #t, formerNode: other instanceof String 
863908     ERROR Test worker     d.u.i.k.j.KeYJPMapping    Duplicate registration of node: #v = #v0 instanceof #t, formerNode: #v = #nse instanceof #t 
864192     ERROR Test worker     d.u.i.k.j.KeYJPMapping    Duplicate registration of node: #lhs = false;, formerNode: #lhs = false 
864192     ERROR Test worker     d.u.i.k.j.KeYJPMapping    Duplicate registration of node: #lhs = #nseBool1;, formerNode: #lhs = #nseBool1 
864208     ERROR Test worker     d.u.i.k.j.KeYJPMapping    Duplicate registration of node: #lhs = true;, formerNode: #lhs = true 
864576     ERROR Test worker     d.u.i.k.j.KeYJPMapping    Duplicate registration of node: #t, formerNode: #t 
864639     ERROR Test worker     d.u.i.k.j.KeYJPMapping    Duplicate registration of node: this[#v] = #lit;, formerNode: this[#v] = #lit 
864732     ERROR Test worker     d.u.i.k.j.KeYJPMapping    Duplicate registration of node: #n, formerNode: #n 
864779     ERROR Test worker     d.u.i.k.j.KeYJPMapping    Duplicate registration of node: #na, formerNode: #na 
864779     ERROR Test worker     d.u.i.k.j.KeYJPMapping    Duplicate registration of node: #arrayinitializer, formerNode: #arrayinitializer 
865170     DEBUG Test worker     d.u.i.k.j.TypeConverter   No LDT found for JavaBigintExpression 
865201     ERROR Test worker     d.u.i.k.j.KeYJPMapping    Duplicate registration of node: \indexOf(#seLeft, #vRightNew), formerNode: \indexOf(#seLeft, #nseRight) 
865201     ERROR Test worker     d.u.i.k.j.KeYJPMapping    Duplicate registration of node: #v = \indexOf(#seLeft, #vRightNew), formerNode: #v = \indexOf(#seLeft, #nseRight) 
866755     ERROR Test worker     d.u.i.k.j.KeYJPMapping    Duplicate registration of node: #se instanceof #t, formerNode: other instanceof String 
867037     ERROR Test worker     d.u.i.k.j.KeYJPMapping    Duplicate registration of node: boolean, formerNode: /*@ pure @*/
boolean 
867068     ERROR Test worker     d.u.i.k.j.KeYJPMapping    Duplicate registration of node: /*@pure*/
int, formerNode: int 
867084     ERROR Test worker     d.u.i.k.j.KeYJPMapping    Duplicate registration of node: /*@ helper */
int, formerNode: int 
867084     ERROR Test worker     d.u.i.k.j.KeYJPMapping    Duplicate registration of node: /*@ helper */
boolean, formerNode: /*@ pure @*/
boolean 
867084     ERROR Test worker     d.u.i.k.j.KeYJPMapping    Duplicate registration of node: /*@ helper */
char, formerNode: char 
867084     ERROR Test worker     d.u.i.k.j.KeYJPMapping    Duplicate registration of node: byte[], formerNode: byte[] 
867084     ERROR Test worker     d.u.i.k.j.KeYJPMapping    Duplicate registration of node: /*@ helper */
java.lang.String, formerNode: java.lang.String 
867099     ERROR Test worker     d.u.i.k.j.KeYJPMapping    Duplicate registration of node: /*@strictly_pure*/
java.lang.String, formerNode: java.lang.String 
867099     ERROR Test worker     d.u.i.k.j.KeYJPMapping    Duplicate registration of node: /*@nullable@*/
Object, formerNode: Object 
867131     ERROR Test worker     d.u.i.k.j.KeYJPMapping    Duplicate registration of node: /*@pure@*/
String, formerNode: String 
867162     DEBUG Test worker     d.u.i.k.p.i.AbstractProblemLoader Init config took 9.25s 
867178     INFO  Test worker     d.u.i.k.p.i.AbstractProblemLoader Replaying proof keyZipTest11862876428251439348.key 
867178     DEBUG Test worker     d.u.i.k.p.i.IntermediateProofReplayer Proof replay took 9ns 
867427     INFO  Test worker     d.u.i.k.p.i.AbstractProblemLoader Loading environment from C:\Users\RUNNER~1\AppData\Local\Temp\keyZipTest5479500258770088121.proof.gz 
867427     DEBUG Test worker     d.u.i.k.p.i.AbstractProblemLoader Environment load took 314ns 
867427     INFO  Test worker     d.u.i.k.p.i.AbstractProblemLoader Creating init config 
867531     ERROR Test worker     d.u.i.k.j.KeYJPMapping    Duplicate registration of node: boolean, formerNode: /*@ pure @*/
boolean 
867578     ERROR Test worker     d.u.i.k.j.KeYJPMapping    Duplicate registration of node: /*@pure*/
int, formerNode: int 
867578     ERROR Test worker     d.u.i.k.j.KeYJPMapping    Duplicate registration of node: /*@ helper */
int, formerNode: int 
867578     ERROR Test worker     d.u.i.k.j.KeYJPMapping    Duplicate registration of node: /*@ helper */
boolean, formerNode: /*@ pure @*/
boolean 
867578     ERROR Test worker     d.u.i.k.j.KeYJPMapping    Duplicate registration of node: /*@ helper */
char, formerNode: char 
867578     ERROR Test worker     d.u.i.k.j.KeYJPMapping    Duplicate registration of node: byte[], formerNode: byte[] 
867578     ERROR Test worker     d.u.i.k.j.KeYJPMapping    Duplicate registration of node: /*@ helper */
java.lang.String, formerNode: java.lang.String 
867593     ERROR Test worker     d.u.i.k.j.KeYJPMapping    Duplicate registration of node: /*@strictly_pure*/
java.lang.String, formerNode: java.lang.String 
867593     ERROR Test worker     d.u.i.k.j.KeYJPMapping    Duplicate registration of node: /*@nullable@*/
Object, formerNode: Object 
867625     ERROR Test worker     d.u.i.k.j.KeYJPMapping    Duplicate registration of node: /*@pure@*/
String, formerNode: String 
867671     DEBUG Test worker     d.u.i.k.p.i.AbstractProblemLoader Init config took 235.46ms 
867687     INFO  Test worker     d.u.i.k.p.i.AbstractProblemLoader Replaying proof keyZipTest5479500258770088121.proof.gz 
867718     DEBUG Test worker     d.u.i.k.p.i.IntermediateProofReplayer Proof replay took 19.42ms 
]]></system-err>
</testsuite>
