<?xml version="1.0" encoding="UTF-8"?>
<testsuite name="de.uka.ilkd.key.nparser.TestTacletEquality" tests="2032" skipped="0" failures="0" errors="0" timestamp="2023-04-03T11:36:24" hostname="fv-az571-892" time="3.939">
  <properties/>
  <testcase name="[1] abortJavaCardTransactionAPI, abortJavaCardTransactionAPI {&#10;\find(==&gt;#allmodal ( (modal operator))\[{ ..&#10;  #jcsystemType.#abortTransaction()@#jcsystemType;&#10;... }\] (post))&#10;\replacewith([]==&gt;[#allmodal ( (modal operator))\[{ ..&#10;  #abortJavaCardTransaction;&#10;... }\] (post)]) &#10;\heuristics(simplify_prog)&#10;Choices: (programRules:Java &amp; JavaCard:on)}&#10;" classname="de.uka.ilkd.key.nparser.TestTacletEquality" time="0.016"/>
  <testcase name="[2] abortJavaCardTransactionBox, abortJavaCardTransactionBox {&#10;\find(==&gt;box_transaction\[{ ..&#10;  #abortJavaCardTransaction;&#10;... }\] (post))&#10;\replacewith([]==&gt;[update-application(elem-update(heap)(anon(savedHeap,allObjects(java.lang.Object::&lt;transactionConditionallyUpdated&gt;),heap)),box(post))]) &#10;\heuristics(simplify_prog)&#10;Choices: (programRules:Java &amp; JavaCard:on)}&#10;" classname="de.uka.ilkd.key.nparser.TestTacletEquality" time="0.005"/>
  <testcase name="[3] abortJavaCardTransactionDiamond, abortJavaCardTransactionDiamond {&#10;\find(==&gt;diamond_transaction\[{ ..&#10;  #abortJavaCardTransaction;&#10;... }\] (post))&#10;\replacewith([]==&gt;[update-application(elem-update(heap)(anon(savedHeap,allObjects(java.lang.Object::&lt;transactionConditionallyUpdated&gt;),heap)),diamond(post))]) &#10;\heuristics(simplify_prog)&#10;Choices: (programRules:Java &amp; JavaCard:on)}&#10;" classname="de.uka.ilkd.key.nparser.TestTacletEquality" time="0.001"/>
  <testcase name="[4] accDefinition, accDefinition {&#10;\find(acc(h,s,o,o2))&#10;\varcond(\notFreeIn(fv (variable), o2 (deltaObject term)), \notFreeIn(fv (variable), o (java.lang.Object term)), \notFreeIn(fv (variable), s (LocSet term)), \notFreeIn(fv (variable), h (Heap term)))&#10;\replacewith(and(and(not(equals(o,null)),not(equals(o2,null))),exists{fv (variable)}(and(elementOf(o,fv,s),equals(deltaObject::select(h,o,fv),o2))))) &#10;\heuristics(simplify)&#10;Choices: reach:on}&#10;" classname="de.uka.ilkd.key.nparser.TestTacletEquality" time="0.002"/>
  <testcase name="[5] acosIsNaN, acosIsNaN {&#10;\find(acosDouble(arg))&#10;\add [imp(or(or(doubleIsNaN(arg),ltDouble(arg,negDouble(DFP(8(0(4(7(1(0(0(0(8(8(1(4(2(8(1(7(0(6(4(#))))))))))))))))))))))),gtDouble(arg,DFP(8(0(4(7(1(0(0(0(8(8(1(4(2(8(1(7(0(6(4(#)))))))))))))))))))))),doubleIsNaN(acosDouble(arg)))]==&gt;[] &#10;\heuristics(userTaclets1)&#10;Choices: true}&#10;" classname="de.uka.ilkd.key.nparser.TestTacletEquality" time="0.001"/>
  <testcase name="[6] acosRange, acosRange {&#10;\find(acosDouble(arg))&#10;\add [imp(and(geqDouble(arg,negDouble(DFP(8(0(4(7(1(0(0(0(8(8(1(4(2(8(1(7(0(6(4(#)))))))))))))))))))))),leqDouble(arg,DFP(8(0(4(7(1(0(0(0(8(8(1(4(2(8(1(7(0(6(4(#)))))))))))))))))))))),and(geqDouble(acosDouble(arg),DFP(0(#))),leqDouble(acosDouble(arg),DFP(8(4(8(5(4(0(2(5(5(6(5(6(6(5(2(4(1(6(4(#)))))))))))))))))))))))]==&gt;[] &#10;\heuristics(userTaclets1)&#10;Choices: true}&#10;" classname="de.uka.ilkd.key.nparser.TestTacletEquality" time="0.001"/>
  <testcase name="[7] activeUseAddition, activeUseAddition {&#10;\find(#allmodal ( (modal operator))\[{ ..&#10;  #sv = #left + #right;&#10;... }\] (post))&#10;\varcond(\new(#v0 (program Variable), \typeof(#sv (program StaticVariable))))&#10;\replacewith(#allmodal ( (modal operator))\[{ ..&#10;  #typeof(#sv) #v0 = #left + #right;&#10;  @(#sv) = #v0;&#10;... }\] (post)) &#10;\heuristics(simplify_expression)&#10;Choices: (programRules:Java &amp; initialisation:disableStaticInitialisation)}&#10;" classname="de.uka.ilkd.key.nparser.TestTacletEquality" time="0.005"/>
  <testcase name="[8] activeUseBitwiseAnd, activeUseBitwiseAnd {&#10;\find(#allmodal ( (modal operator))\[{ ..&#10;  #sv = #left &amp; #right;&#10;... }\] (post))&#10;\varcond(\new(#v0 (program Variable), \typeof(#sv (program StaticVariable))))&#10;\replacewith(#allmodal ( (modal operator))\[{ ..&#10;  #typeof(#sv) #v0 = #left &amp; #right;&#10;  @(#sv) = #v0;&#10;... }\] (post)) &#10;\heuristics(simplify_expression)&#10;Choices: (programRules:Java &amp; initialisation:disableStaticInitialisation)}&#10;" classname="de.uka.ilkd.key.nparser.TestTacletEquality" time="0.003"/>
  <testcase name="[9] activeUseBitwiseNegation, activeUseBitwiseNegation {&#10;\find(#allmodal ( (modal operator))\[{ ..&#10;  #sv = ~#left;&#10;... }\] (post))&#10;\varcond(\new(#v0 (program Variable), \typeof(#sv (program StaticVariable))))&#10;\replacewith(#allmodal ( (modal operator))\[{ ..&#10;  #typeof(#sv) #v0 = ~#left;&#10;  @(#sv) = #v0;&#10;... }\] (post)) &#10;\heuristics(simplify_expression)&#10;Choices: (programRules:Java &amp; initialisation:disableStaticInitialisation)}&#10;" classname="de.uka.ilkd.key.nparser.TestTacletEquality" time="0.003"/>
  <testcase name="[10] activeUseBitwiseOr, activeUseBitwiseOr {&#10;\find(#allmodal ( (modal operator))\[{ ..&#10;  #sv = #left | #right;&#10;... }\] (post))&#10;\varcond(\new(#v0 (program Variable), \typeof(#sv (program StaticVariable))))&#10;\replacewith(#allmodal ( (modal operator))\[{ ..&#10;  #typeof(#sv) #v0 = #left | #right;&#10;  @(#sv) = #v0;&#10;... }\] (post)) &#10;\heuristics(simplify_expression)&#10;Choices: (programRules:Java &amp; initialisation:disableStaticInitialisation)}&#10;" classname="de.uka.ilkd.key.nparser.TestTacletEquality" time="0.003"/>
  <testcase name="[11] activeUseBitwiseXOr, activeUseBitwiseXOr {&#10;\find(#allmodal ( (modal operator))\[{ ..&#10;  #sv = #left ^ #right;&#10;... }\] (post))&#10;\varcond(\new(#v0 (program Variable), \typeof(#sv (program StaticVariable))))&#10;\replacewith(#allmodal ( (modal operator))\[{ ..&#10;  #typeof(#sv) #v0 = #left ^ #right;&#10;  @(#sv) = #v0;&#10;... }\] (post)) &#10;\heuristics(simplify_expression)&#10;Choices: (programRules:Java &amp; initialisation:disableStaticInitialisation)}&#10;" classname="de.uka.ilkd.key.nparser.TestTacletEquality" time="0.002"/>
  <testcase name="[12] activeUseByteCast, activeUseByteCast {&#10;\find(#allmodal ( (modal operator))\[{ ..&#10;  #sv = (byte) #seShortIntLong;&#10;... }\] (post))&#10;\varcond(\new(#v0 (program Variable), \typeof(#sv (program StaticVariable))))&#10;\replacewith(#allmodal ( (modal operator))\[{ ..&#10;  #typeof(#sv) #v0 = (byte) #seShortIntLong;&#10;  @(#sv) = #v0;&#10;... }\] (post)) &#10;\heuristics(simplify_expression)&#10;Choices: (programRules:Java &amp; initialisation:disableStaticInitialisation)}&#10;" classname="de.uka.ilkd.key.nparser.TestTacletEquality" time="0.003"/>
  <testcase name="[13] activeUseCharCast, activeUseCharCast {&#10;\find(#allmodal ( (modal operator))\[{ ..&#10;  #sv = (char) #seByteShortIntLong;&#10;... }\] (post))&#10;\varcond(\new(#v0 (program Variable), \typeof(#sv (program StaticVariable))))&#10;\replacewith(#allmodal ( (modal operator))\[{ ..&#10;  #typeof(#sv) #v0 = (char) #seByteShortIntLong;&#10;  @(#sv) = #v0;&#10;... }\] (post)) &#10;\heuristics(simplify_expression)&#10;Choices: (programRules:Java &amp; initialisation:disableStaticInitialisation)}&#10;" classname="de.uka.ilkd.key.nparser.TestTacletEquality" time="0.003"/>
  <testcase name="[14] activeUseDivision, activeUseDivision {&#10;\find(#allmodal ( (modal operator))\[{ ..&#10;  #sv = #left / #right;&#10;... }\] (post))&#10;\varcond(\new(#v0 (program Variable), \typeof(#sv (program StaticVariable))))&#10;\replacewith(#allmodal ( (modal operator))\[{ ..&#10;  #typeof(#sv) #v0 = #left / #right;&#10;  @(#sv) = #v0;&#10;... }\] (post)) &#10;\heuristics(simplify_expression)&#10;Choices: (programRules:Java &amp; initialisation:disableStaticInitialisation)}&#10;" classname="de.uka.ilkd.key.nparser.TestTacletEquality" time="0.003"/>
  <testcase name="[15] activeUseIntCast, activeUseIntCast {&#10;\find(#allmodal ( (modal operator))\[{ ..&#10;  #sv = (int) #seLong;&#10;... }\] (post))&#10;\varcond(\new(#v0 (program Variable), \typeof(#sv (program StaticVariable))))&#10;\replacewith(#allmodal ( (modal operator))\[{ ..&#10;  #typeof(#sv) #v0 = (int) #seLong;&#10;  @(#sv) = #v0;&#10;... }\] (post)) &#10;\heuristics(simplify_expression)&#10;Choices: (programRules:Java &amp; initialisation:disableStaticInitialisation)}&#10;" classname="de.uka.ilkd.key.nparser.TestTacletEquality" time="0.001"/>
  <testcase name="[16] activeUseModulo, activeUseModulo {&#10;\find(#allmodal ( (modal operator))\[{ ..&#10;  #sv = #left % #right;&#10;... }\] (post))&#10;\varcond(\new(#v0 (program Variable), \typeof(#sv (program StaticVariable))))&#10;\replacewith(#allmodal ( (modal operator))\[{ ..&#10;  #typeof(#sv) #v0 = #left % #right;&#10;  @(#sv) = #v0;&#10;... }\] (post)) &#10;\heuristics(simplify_expression)&#10;Choices: (programRules:Java &amp; initialisation:disableStaticInitialisation)}&#10;" classname="de.uka.ilkd.key.nparser.TestTacletEquality" time="0.002"/>
  <testcase name="[17] activeUseMultiplication, activeUseMultiplication {&#10;\find(#allmodal ( (modal operator))\[{ ..&#10;  #sv = #left * #right;&#10;... }\] (post))&#10;\varcond(\new(#v0 (program Variable), \typeof(#sv (program StaticVariable))))&#10;\replacewith(#allmodal ( (modal operator))\[{ ..&#10;  #typeof(#sv) #v0 = #left * #right;&#10;  @(#sv) = #v0;&#10;... }\] (post)) &#10;\heuristics(simplify_expression)&#10;Choices: (programRules:Java &amp; initialisation:disableStaticInitialisation)}&#10;" classname="de.uka.ilkd.key.nparser.TestTacletEquality" time="0.001"/>
  <testcase name="[18] activeUseShiftLeft, activeUseShiftLeft {&#10;\find(#allmodal ( (modal operator))\[{ ..&#10;  #sv = #left &lt;&lt; #right;&#10;... }\] (post))&#10;\varcond(\new(#v0 (program Variable), \typeof(#sv (program StaticVariable))))&#10;\replacewith(#allmodal ( (modal operator))\[{ ..&#10;  #typeof(#sv) #v0 = #left &lt;&lt; #right;&#10;  @(#sv) = #v0;&#10;... }\] (post)) &#10;\heuristics(simplify_expression)&#10;Choices: (programRules:Java &amp; initialisation:disableStaticInitialisation)}&#10;" classname="de.uka.ilkd.key.nparser.TestTacletEquality" time="0.001"/>
  <testcase name="[19] activeUseShiftRight, activeUseShiftRight {&#10;\find(#allmodal ( (modal operator))\[{ ..&#10;  #sv = #left &gt;&gt; #right;&#10;... }\] (post))&#10;\varcond(\new(#v0 (program Variable), \typeof(#sv (program StaticVariable))))&#10;\replacewith(#allmodal ( (modal operator))\[{ ..&#10;  #typeof(#sv) #v0 = #left &gt;&gt; #right;&#10;  @(#sv) = #v0;&#10;... }\] (post)) &#10;\heuristics(simplify_expression)&#10;Choices: (programRules:Java &amp; initialisation:disableStaticInitialisation)}&#10;" classname="de.uka.ilkd.key.nparser.TestTacletEquality" time="0.003"/>
  <testcase name="[20] activeUseShortCast, activeUseShortCast {&#10;\find(#allmodal ( (modal operator))\[{ ..&#10;  #sv = (short) #seIntLong;&#10;... }\] (post))&#10;\varcond(\new(#v0 (program Variable), \typeof(#sv (program StaticVariable))))&#10;\replacewith(#allmodal ( (modal operator))\[{ ..&#10;  #typeof(#sv) #v0 = (short) #seIntLong;&#10;  @(#sv) = #v0;&#10;... }\] (post)) &#10;\heuristics(simplify_expression)&#10;Choices: (programRules:Java &amp; initialisation:disableStaticInitialisation)}&#10;" classname="de.uka.ilkd.key.nparser.TestTacletEquality" time="0.002"/>
  <testcase name="[21] activeUseStaticFieldReadAccess, activeUseStaticFieldReadAccess {&#10;\find(#allmodal ( (modal operator))\[{ ..&#10;  #lhs = #sv;&#10;... }\] (post))&#10;\replacewith(#allmodal ( (modal operator))\[{ ..&#10;  #lhs = @(#sv);&#10;... }\] (post)) &#10;\heuristics(simplify_prog_subset, simplify_prog)&#10;Choices: (programRules:Java &amp; initialisation:disableStaticInitialisation)}&#10;" classname="de.uka.ilkd.key.nparser.TestTacletEquality" time="0.002"/>
  <testcase name="[22] activeUseStaticFieldReadAccess2, activeUseStaticFieldReadAccess2 {&#10;\find(#allmodal ( (modal operator))\[{ ..&#10;  #lhs = #v.#sv;&#10;... }\] (post))&#10;\replacewith(#allmodal ( (modal operator))\[{ ..&#10;  #lhs = @(#sv);&#10;... }\] (post)) &#10;\heuristics(simplify_prog_subset, simplify_prog)&#10;Choices: (programRules:Java &amp; initialisation:disableStaticInitialisation)}&#10;" classname="de.uka.ilkd.key.nparser.TestTacletEquality" time="0.001"/>
  <testcase name="[23] activeUseStaticFieldWriteAccess, activeUseStaticFieldWriteAccess {&#10;\find(#allmodal ( (modal operator))\[{ ..&#10;  #sv = #e;&#10;... }\] (post))&#10;\varcond(\new(#v0 (program Variable), \typeof(#e (program Expression))))&#10;\replacewith(#allmodal ( (modal operator))\[{ ..&#10;  #typeof(#e) #v0 = #e;&#10;  @(#sv) = #v0;&#10;... }\] (post)) &#10;\heuristics(simplify_prog_subset, simplify_prog)&#10;Choices: (programRules:Java &amp; initialisation:disableStaticInitialisation)}&#10;" classname="de.uka.ilkd.key.nparser.TestTacletEquality" time="0.001"/>
  <testcase name="[24] activeUseStaticFieldWriteAccess2, activeUseStaticFieldWriteAccess2 {&#10;\find(#allmodal ( (modal operator))\[{ ..&#10;  #v.#sv = #e;&#10;... }\] (post))&#10;\varcond(\new(#v0 (program Variable), \typeof(#e (program Expression))))&#10;\replacewith(#allmodal ( (modal operator))\[{ ..&#10;  #typeof(#e) #v0 = #e;&#10;  @(#sv) = #v0;&#10;... }\] (post)) &#10;\heuristics(simplify_prog_subset, simplify_prog)&#10;Choices: (programRules:Java &amp; initialisation:disableStaticInitialisation)}&#10;" classname="de.uka.ilkd.key.nparser.TestTacletEquality" time="0.002"/>
  <testcase name="[25] activeUseStaticFieldWriteAccess3, activeUseStaticFieldWriteAccess3 {&#10;\find(#allmodal ( (modal operator))\[{ ..&#10;  #sv = #arr[#idx];&#10;... }\] (post))&#10;\varcond(\new(#v0 (program Variable), \typeof(#sv (program StaticVariable))))&#10;\replacewith(#allmodal ( (modal operator))\[{ ..&#10;  #typeof(#sv) #v0 = #arr[#idx];&#10;  @(#sv) = #v0;&#10;... }\] (post)) &#10;\heuristics(simplify_prog_subset, simplify_prog)&#10;Choices: (programRules:Java &amp; initialisation:disableStaticInitialisation)}&#10;" classname="de.uka.ilkd.key.nparser.TestTacletEquality" time="0.005"/>
  <testcase name="[26] activeUseStaticFieldWriteAccess4, activeUseStaticFieldWriteAccess4 {&#10;\find(#allmodal ( (modal operator))\[{ ..&#10;  #v.#sv = #arr[#idx];&#10;... }\] (post))&#10;\varcond(\new(#v0 (program Variable), \typeof(#sv (program StaticVariable))))&#10;\replacewith(#allmodal ( (modal operator))\[{ ..&#10;  #typeof(#sv) #v0 = #arr[#idx];&#10;  @(#sv) = #v0;&#10;... }\] (post)) &#10;\heuristics(simplify_prog_subset, simplify_prog)&#10;Choices: (programRules:Java &amp; initialisation:disableStaticInitialisation)}&#10;" classname="de.uka.ilkd.key.nparser.TestTacletEquality" time="0.001"/>
  <testcase name="[27] activeUseStaticFieldWriteAccess5, activeUseStaticFieldWriteAccess5 {&#10;\find(#allmodal ( (modal operator))\[{ ..&#10;  #sv = #v1.#a;&#10;... }\] (post))&#10;\varcond(\new(#v0 (program Variable), \typeof(#a (program Variable))))&#10;\replacewith(#allmodal ( (modal operator))\[{ ..&#10;  #typeof(#a) #v0 = #v1.#a;&#10;  @(#sv) = #v0;&#10;... }\] (post)) &#10;\heuristics(simplify_prog_subset, simplify_prog)&#10;Choices: (programRules:Java &amp; initialisation:disableStaticInitialisation)}&#10;" classname="de.uka.ilkd.key.nparser.TestTacletEquality" time="0.004"/>
  <testcase name="[28] activeUseStaticFieldWriteAccess6, activeUseStaticFieldWriteAccess6 {&#10;\find(#allmodal ( (modal operator))\[{ ..&#10;  #v.#sv = #v1.#a;&#10;... }\] (post))&#10;\varcond(\new(#v0 (program Variable), \typeof(#a (program Variable))))&#10;\replacewith(#allmodal ( (modal operator))\[{ ..&#10;  #typeof(#a) #v0 = #v1.#a;&#10;  @(#sv) = #v0;&#10;... }\] (post)) &#10;\heuristics(simplify_prog_subset, simplify_prog)&#10;Choices: (programRules:Java &amp; initialisation:disableStaticInitialisation)}&#10;" classname="de.uka.ilkd.key.nparser.TestTacletEquality" time="0.002"/>
  <testcase name="[29] activeUseSubtraction, activeUseSubtraction {&#10;\find(#allmodal ( (modal operator))\[{ ..&#10;  #sv = #left - #right;&#10;... }\] (post))&#10;\varcond(\new(#v0 (program Variable), \typeof(#sv (program StaticVariable))))&#10;\replacewith(#allmodal ( (modal operator))\[{ ..&#10;  #typeof(#sv) #v0 = #left - #right;&#10;  @(#sv) = #v0;&#10;... }\] (post)) &#10;\heuristics(simplify_expression)&#10;Choices: (programRules:Java &amp; initialisation:disableStaticInitialisation)}&#10;" classname="de.uka.ilkd.key.nparser.TestTacletEquality" time="0.001"/>
  <testcase name="[30] activeUseUnaryMinus, activeUseUnaryMinus {&#10;\find(#allmodal ( (modal operator))\[{ ..&#10;  #sv = -#left;&#10;... }\] (post))&#10;\varcond(\new(#v0 (program Variable), \typeof(#sv (program StaticVariable))))&#10;\replacewith(#allmodal ( (modal operator))\[{ ..&#10;  #typeof(#sv) #v0 = -#left;&#10;  @(#sv) = #v0;&#10;... }\] (post)) &#10;\heuristics(simplify_expression)&#10;Choices: (programRules:Java &amp; initialisation:disableStaticInitialisation)}&#10;" classname="de.uka.ilkd.key.nparser.TestTacletEquality" time="0.003"/>
  <testcase name="[31] activeUseUnsignedShiftRight, activeUseUnsignedShiftRight {&#10;\find(#allmodal ( (modal operator))\[{ ..&#10;  #sv = #left &gt;&gt;&gt; #right;&#10;... }\] (post))&#10;\varcond(\new(#v0 (program Variable), \typeof(#sv (program StaticVariable))))&#10;\replacewith(#allmodal ( (modal operator))\[{ ..&#10;  #typeof(#sv) #v0 = #left &gt;&gt;&gt; #right;&#10;... }\] (post)) &#10;\heuristics(simplify_expression)&#10;Choices: (programRules:Java &amp; initialisation:disableStaticInitialisation)}&#10;" classname="de.uka.ilkd.key.nparser.TestTacletEquality" time="0.001"/>
  <testcase name="[32] add_eq, add_eq {&#10;\find(equals(i0,i1))&#10;\replacewith(equals(add(i,i0),add(i,i1))) &#10;Choices: true}&#10;" classname="de.uka.ilkd.key.nparser.TestTacletEquality" time="0.001"/>
  <testcase name="[33] add_eq_back, add_eq_back {&#10;\find(equals(add(i1,i),add(i1,i0)))&#10;\replacewith(equals(i,i0)) &#10;\heuristics(simplify_int)&#10;Choices: true}&#10;" classname="de.uka.ilkd.key.nparser.TestTacletEquality" time="0.001"/>
  <testcase name="[34] add_eq_back_2, add_eq_back_2 {&#10;\find(equals(add(i,i1),add(i0,i1)))&#10;\replacewith(equals(i,i0)) &#10;\heuristics(simplify_int)&#10;Choices: true}&#10;" classname="de.uka.ilkd.key.nparser.TestTacletEquality" time="0.0"/>
  <testcase name="[35] add_eq_back_2_fst_comm, add_eq_back_2_fst_comm {&#10;\find(equals(add(i1,i),add(i0,i1)))&#10;\replacewith(equals(i,i0)) &#10;\heuristics(simplify_int)&#10;Choices: true}&#10;" classname="de.uka.ilkd.key.nparser.TestTacletEquality" time="0.001"/>
  <testcase name="[36] add_eq_back_3, add_eq_back_3 {&#10;\find(equals(i1,add(i1,i0)))&#10;\replacewith(equals(Z(0(#)),i0)) &#10;\heuristics(simplify_int)&#10;Choices: true}&#10;" classname="de.uka.ilkd.key.nparser.TestTacletEquality" time="0.001"/>
  <testcase name="[37] add_equations, add_equations {&#10;\assumes ([equals(i,i0)]==&gt;[]) &#10;\find(equals(j,j0)==&gt;)&#10;\add [equals(add(i,j),add(i0,j0))]==&gt;[] &#10;Choices: true}&#10;" classname="de.uka.ilkd.key.nparser.TestTacletEquality" time="0.001"/>
  <testcase name="[38] add_equations_right, add_equations_right {&#10;\assumes ([equals(i,i0)]==&gt;[]) &#10;\find(==&gt;equals(j,j0))&#10;\add []==&gt;[equals(add(i,j),add(i0,j0))] &#10;Choices: true}&#10;" classname="de.uka.ilkd.key.nparser.TestTacletEquality" time="0.001"/>
  <testcase name="[39] add_greater, add_greater {&#10;\find(gt(i,i0))&#10;\replacewith(gt(add(i1,i),add(i1,i0))) &#10;Choices: true}&#10;" classname="de.uka.ilkd.key.nparser.TestTacletEquality" time="0.001"/>
  <testcase name="[40] add_greatereq, add_greatereq {&#10;\find(geq(i,i0))&#10;\replacewith(geq(add(i1,i),add(i1,i0))) &#10;Choices: true}&#10;" classname="de.uka.ilkd.key.nparser.TestTacletEquality" time="0.001"/>
  <testcase name="[41] add_less, add_less {&#10;\find(lt(i,i0))&#10;\replacewith(lt(add(i1,i),add(i1,i0))) &#10;Choices: true}&#10;" classname="de.uka.ilkd.key.nparser.TestTacletEquality" time="0.001"/>
  <testcase name="[42] add_less_back, add_less_back {&#10;\find(lt(add(i1,i),add(i1,i0)))&#10;\replacewith(lt(i,i0)) &#10;\heuristics(simplify_int)&#10;Choices: true}&#10;" classname="de.uka.ilkd.key.nparser.TestTacletEquality" time="0.001"/>
  <testcase name="[43] add_less_back_zero_1, add_less_back_zero_1 {&#10;\find(lt(i,add(i,i1)))&#10;\replacewith(lt(Z(0(#)),i1)) &#10;\heuristics(simplify_int)&#10;Choices: true}&#10;" classname="de.uka.ilkd.key.nparser.TestTacletEquality" time="0.001"/>
  <testcase name="[44] add_less_back_zero_1_comm, add_less_back_zero_1_comm {&#10;\find(lt(i,add(i1,i)))&#10;\replacewith(lt(Z(0(#)),i1)) &#10;\heuristics(simplify_int)&#10;Choices: true}&#10;" classname="de.uka.ilkd.key.nparser.TestTacletEquality" time="0.001"/>
  <testcase name="[45] add_less_back_zero_2, add_less_back_zero_2 {&#10;\find(lt(add(i,i1),i))&#10;\replacewith(lt(i1,Z(0(#)))) &#10;\heuristics(simplify_int)&#10;Choices: true}&#10;" classname="de.uka.ilkd.key.nparser.TestTacletEquality" time="0.002"/>
  <testcase name="[46] add_less_back_zero_2_comm, add_less_back_zero_2_comm {&#10;\find(lt(add(i1,i),i))&#10;\replacewith(lt(i1,Z(0(#)))) &#10;\heuristics(simplify_int)&#10;Choices: true}&#10;" classname="de.uka.ilkd.key.nparser.TestTacletEquality" time="0.001"/>
  <testcase name="[47] add_lesseq, add_lesseq {&#10;\find(leq(i,i0))&#10;\replacewith(leq(add(i1,i),add(i1,i0))) &#10;Choices: true}&#10;" classname="de.uka.ilkd.key.nparser.TestTacletEquality" time="0.001"/>
  <testcase name="[48] add_literals, add_literals {&#10;\find(add(Z(iz),Z(jz)))&#10;\replacewith(#add(Z(iz),Z(jz))) &#10;\heuristics(simplify_literals)&#10;Choices: true}&#10;" classname="de.uka.ilkd.key.nparser.TestTacletEquality" time="0.001"/>
  <testcase name="[49] add_non_neg_square, add_non_neg_square {&#10;\add [geq(mul(squareFac,squareFac),Z(0(#)))]==&gt;[] &#10;\heuristics(inEqSimp_nonNegSquares, inEqSimp_special_nonLin)&#10;Choices: true}&#10;" classname="de.uka.ilkd.key.nparser.TestTacletEquality" time="0.001"/>
  <testcase name="[50] add_sub_elim_left, add_sub_elim_left {&#10;\find(add(neg(i),i))&#10;\replacewith(Z(0(#))) &#10;\heuristics(simplify_int)&#10;Choices: true}&#10;" classname="de.uka.ilkd.key.nparser.TestTacletEquality" time="0.001"/>
  <testcase name="[51] add_sub_elim_right, add_sub_elim_right {&#10;\find(add(i,neg(i)))&#10;\replacewith(Z(0(#))) &#10;\heuristics(simplify_int)&#10;Choices: true}&#10;" classname="de.uka.ilkd.key.nparser.TestTacletEquality" time="0.001"/>
  <testcase name="[52] add_sub_step, add_sub_step {&#10;\find(add(neg(i),neg(i0)))&#10;\replacewith(neg(add(i,i0))) &#10;Choices: true}&#10;" classname="de.uka.ilkd.key.nparser.TestTacletEquality" time="0.008"/>
  <testcase name="[53] add_two_inequations_1, add_two_inequations_1 {&#10;\assumes ([lt(i,i0)]==&gt;[]) &#10;\find(lt(j,j0)==&gt;)&#10;\add [lt(add(i,j),add(i0,j0))]==&gt;[] &#10;Choices: true}&#10;" classname="de.uka.ilkd.key.nparser.TestTacletEquality" time="0.001"/>
  <testcase name="[54] add_two_inequations_2, add_two_inequations_2 {&#10;\assumes ([leq(i,i0)]==&gt;[]) &#10;\find(leq(j,j0)==&gt;)&#10;\add [leq(add(i,j),add(i0,j0))]==&gt;[] &#10;Choices: true}&#10;" classname="de.uka.ilkd.key.nparser.TestTacletEquality" time="0.001"/>
  <testcase name="[55] add_zero_left, add_zero_left {&#10;\find(add(Z(0(#)),i))&#10;\replacewith(i) &#10;\heuristics(simplify_literals)&#10;Choices: true}&#10;" classname="de.uka.ilkd.key.nparser.TestTacletEquality" time="0.001"/>
  <testcase name="[56] add_zero_right, add_zero_right {&#10;\find(add(i,Z(0(#))))&#10;\replacewith(i) &#10;\heuristics(simplify_literals)&#10;Choices: true}&#10;" classname="de.uka.ilkd.key.nparser.TestTacletEquality" time="0.001"/>
  <testcase name="[57] addition_associative, addition_associative {&#10;\find(add(add(i0,i1),add(j0,j1)))&#10;\replacewith(add(add(j0,i1),add(i0,j1))) &#10;Choices: true}&#10;" classname="de.uka.ilkd.key.nparser.TestTacletEquality" time="0.003"/>
  <testcase name="[58] allFieldsEq, allFieldsEq {&#10;\find(equals(allFields(o1),allFields(o2)))&#10;\replacewith(equals(o1,o2)) &#10;\heuristics(simplify)&#10;Choices: programRules:Java}&#10;" classname="de.uka.ilkd.key.nparser.TestTacletEquality" time="0.001"/>
  <testcase name="[59] allFieldsSubsetOf, allFieldsSubsetOf {&#10;\assumes ([subset(allFields(o),s)]==&gt;[]) &#10;\find(elementOf(o,f,s))&#10;\sameUpdateLevel\replacewith(true) &#10;\heuristics(concrete)&#10;Choices: programRules:Java}&#10;" classname="de.uka.ilkd.key.nparser.TestTacletEquality" time="0.003"/>
  <testcase name="[60] allFieldsUnfold, allFieldsUnfold {&#10;\find(#allmodal ( (modal operator))\[{ ..&#10;  #v = \all_fields(#nseObj);&#10;... }\] (post))&#10;\varcond(\new(#vObjNew (program Variable), \typeof(#nseObj (program NonSimpleExpression))))&#10;\replacewith(#allmodal ( (modal operator))\[{ ..&#10;  #typeof(#nseObj) #vObjNew = #nseObj;&#10;  #v = \all_fields(#vObjNew);&#10;... }\] (post)) &#10;\heuristics(simplify_prog)&#10;Choices: programRules:Java}&#10;" classname="de.uka.ilkd.key.nparser.TestTacletEquality" time="0.001"/>
  <testcase name="[61] allLeft, allLeft {&#10;\find(all{u (variable)}(b)==&gt;)&#10;\add [subst{u (variable)}(t,b)]==&gt;[] &#10;\heuristics(gamma)&#10;Choices: true}&#10;" classname="de.uka.ilkd.key.nparser.TestTacletEquality" time="0.001"/>
  <testcase name="[62] allLeftHide, allLeftHide {&#10;\find(all{u (variable)}(b)==&gt;)&#10;\addrules [insert_hidden {&#10;\add [all{u (variable)}(b)]==&gt;[] &#10;Choices: true}] \replacewith([subst{u (variable)}(t,b)]==&gt;[]) &#10;\heuristics(gamma_destructive)&#10;Choices: true}&#10;" classname="de.uka.ilkd.key.nparser.TestTacletEquality" time="0.001"/>
  <testcase name="[63] allObjectsAssignment, allObjectsAssignment {&#10;\find(#allmodal ( (modal operator))\[{ ..&#10;  #v = \all_objects(#eObj.#a);&#10;... }\] (post))&#10;\replacewith(update-application(elem-update(#v (program Variable))(allObjects(#memberPVToField(#a))),#allmodal(post))) &#10;\heuristics(simplify_prog)&#10;Choices: programRules:Java}&#10;" classname="de.uka.ilkd.key.nparser.TestTacletEquality" time="0.014"/>
  <testcase name="[64] allRight, allRight {&#10;\find(==&gt;all{u (variable)}(b))&#10;\replacewith([]==&gt;[subst{u (variable)}(sk,b)]) &#10;\heuristics(delta)&#10;Choices: true}&#10;" classname="de.uka.ilkd.key.nparser.TestTacletEquality" time="0.001"/>
  <testcase name="[65] all_bool, all_bool {&#10;\find(all{x (variable)}(c))&#10;\replacewith(and(subst{x (variable)}(FALSE,c),subst{x (variable)}(TRUE,c))) &#10;\heuristics(boolean_cases)&#10;Choices: true}&#10;" classname="de.uka.ilkd.key.nparser.TestTacletEquality" time="0.001"/>
  <testcase name="[66] all_pull_out0, all_pull_out0 {&#10;\find(and(all{u (variable)}(b),c))&#10;\varcond(\notFreeIn(u (variable), c (formula)))&#10;\replacewith(all{u (variable)}(and(b,c))) &#10;\heuristics(pullOutQuantifierAll)&#10;Choices: true}&#10;" classname="de.uka.ilkd.key.nparser.TestTacletEquality" time="0.002"/>
  <testcase name="[67] all_pull_out1, all_pull_out1 {&#10;\find(and(c,all{u (variable)}(b)))&#10;\varcond(\notFreeIn(u (variable), c (formula)))&#10;\replacewith(all{u (variable)}(and(c,b))) &#10;\heuristics(pullOutQuantifierAll)&#10;Choices: true}&#10;" classname="de.uka.ilkd.key.nparser.TestTacletEquality" time="0.001"/>
  <testcase name="[68] all_pull_out2, all_pull_out2 {&#10;\find(or(all{u (variable)}(b),c))&#10;\varcond(\notFreeIn(u (variable), c (formula)))&#10;\replacewith(all{u (variable)}(or(b,c))) &#10;\heuristics(pullOutQuantifierAll)&#10;Choices: true}&#10;" classname="de.uka.ilkd.key.nparser.TestTacletEquality" time="0.001"/>
  <testcase name="[69] all_pull_out3, all_pull_out3 {&#10;\find(or(c,all{u (variable)}(b)))&#10;\varcond(\notFreeIn(u (variable), c (formula)))&#10;\replacewith(all{u (variable)}(or(c,b))) &#10;\heuristics(pullOutQuantifierAll)&#10;Choices: true}&#10;" classname="de.uka.ilkd.key.nparser.TestTacletEquality" time="0.001"/>
  <testcase name="[70] all_pull_out4, all_pull_out4 {&#10;\find(and(all{u (variable)}(b),all{u2 (variable)}(c)))&#10;\varcond(\notFreeIn(u (variable), c (formula)))&#10;\replacewith(all{u (variable)}(and(b,subst{u2 (variable)}(u,c)))) &#10;\heuristics(pullOutQuantifierUnifying, pullOutQuantifierAll)&#10;Choices: true}&#10;" classname="de.uka.ilkd.key.nparser.TestTacletEquality" time="0.001"/>
  <testcase name="[71] all_unused, all_unused {&#10;\find(all{u (variable)}(b))&#10;\varcond(\notFreeIn(u (variable), b (formula)))&#10;\replacewith(b) &#10;\heuristics(elimQuantifier)&#10;Choices: true}&#10;" classname="de.uka.ilkd.key.nparser.TestTacletEquality" time="0.001"/>
  <testcase name="[72] allocateInstance, allocateInstance {&#10;\find(==&gt;#allmodal ( (modal operator))\[{ ..&#10;  #lhs = #t.#allocate()@#t;&#10;... }\] (post))&#10;\varcond(\hasSort(#t2 (program Type), alphaObj), )&#10;\add [and(and(not(equals(#lhs,null)),imp(wellFormed(heap),equals(boolean::select(heap,#lhs,java.lang.Object::&lt;created&gt;),FALSE))),equals(alphaObj::exactInstance(#lhs),TRUE))]==&gt;[] \replacewith([]==&gt;[update-application(elem-update(heap)(create(heap,#lhs)),#allmodal(post))]) &#10;\heuristics(method_expand)&#10;Choices: (programRules:Java &amp; permissions:off)}&#10;" classname="de.uka.ilkd.key.nparser.TestTacletEquality" time="0.001"/>
  <testcase name="[73] allocateInstanceWithLength, allocateInstanceWithLength {&#10;\find(==&gt;#allmodal ( (modal operator))\[{ ..&#10;  #lhs = #t.#allocate(#len)@#t;&#10;... }\] (post))&#10;\varcond(\hasSort(#t2 (program Type), alphaObj), )&#10;\add [and(and(not(equals(#lhs,null)),imp(wellFormed(heap),and(equals(boolean::select(heap,#lhs,java.lang.Object::&lt;created&gt;),FALSE),equals(length(#lhs),#len)))),equals(alphaObj::exactInstance(#lhs),TRUE))]==&gt;[] \replacewith([]==&gt;[update-application(elem-update(heap)(store(store(create(heap,#lhs),#lhs,java.lang.Object::&lt;transient&gt;,Z(0(#))…" classname="de.uka.ilkd.key.nparser.TestTacletEquality" time="0.001"/>
  <testcase name="[74] altAxiom, altAxiom {&#10;\find(match(alt(rexp1,rexp2),string))&#10;\replacewith(or(match(rexp1,string),match(rexp2,string))) &#10;\heuristics(simplify)&#10;Choices: Strings:on}&#10;" classname="de.uka.ilkd.key.nparser.TestTacletEquality" time="0.001"/>
  <testcase name="[75] andJIntDef, andJIntDef {&#10;\find(andJint(left,right))&#10;\replacewith(moduloInt(binaryAnd(left,right))) &#10;\heuristics(simplify)&#10;Choices: true}&#10;" classname="de.uka.ilkd.key.nparser.TestTacletEquality" time="0.001"/>
  <testcase name="[76] andLeft, andLeft {&#10;\find(and(b,c)==&gt;)&#10;\replacewith([b,c]==&gt;[]) &#10;\heuristics(alpha)&#10;Choices: true}&#10;" classname="de.uka.ilkd.key.nparser.TestTacletEquality" time="0.002"/>
  <testcase name="[77] andRight, andRight {&#10;\find(==&gt;and(b,c))&#10;\replacewith([]==&gt;[c]) ;&#10;\replacewith([]==&gt;[b]) &#10;\heuristics(beta)&#10;Choices: true}&#10;" classname="de.uka.ilkd.key.nparser.TestTacletEquality" time="0.008"/>
  <testcase name="[78] applyEq, applyEq {&#10;\assumes ([equals(s,t1)]==&gt;[]) &#10;\find(s)&#10;\sameUpdateLevel\replacewith(t1) &#10;\heuristics(apply_select_eq, apply_equations)&#10;Choices: true}&#10;" classname="de.uka.ilkd.key.nparser.TestTacletEquality" time="0.001"/>
  <testcase name="[79] applyEqReverse, applyEqReverse {&#10;\assumes ([equals(s,t1)]==&gt;[]) &#10;\find(t1)&#10;\sameUpdateLevel\replacewith(s) &#10;\heuristics(apply_auxiliary_eq)&#10;Choices: true}&#10;" classname="de.uka.ilkd.key.nparser.TestTacletEquality" time="0.002"/>
  <testcase name="[80] applyEqRigid, applyEqRigid {&#10;\assumes ([equals(sr,tr1)]==&gt;[]) &#10;\find(sr)&#10;\replacewith(tr1) &#10;\heuristics(apply_equations)&#10;Choices: true}&#10;" classname="de.uka.ilkd.key.nparser.TestTacletEquality" time="0.001"/>
  <testcase name="[81] applyEq_and_gen0, applyEq_and_gen0 {&#10;\find(and(equals(applyEqLeft,applyEqOther),equals(applyEqLeft,applyEqRight)))&#10;\replacewith(and(equals(applyEqRight,applyEqOther),equals(applyEqLeft,applyEqRight))) &#10;\heuristics(apply_equations_andOr)&#10;Choices: true}&#10;" classname="de.uka.ilkd.key.nparser.TestTacletEquality" time="0.001"/>
  <testcase name="[82] applyEq_and_gen1, applyEq_and_gen1 {&#10;\find(and(and(b,equals(applyEqLeft,applyEqOther)),equals(applyEqLeft,applyEqRight)))&#10;\replacewith(and(and(b,equals(applyEqRight,applyEqOther)),equals(applyEqLeft,applyEqRight))) &#10;\heuristics(apply_equations_andOr)&#10;Choices: true}&#10;" classname="de.uka.ilkd.key.nparser.TestTacletEquality" time="0.001"/>
  <testcase name="[83] applyEq_and_gen2, applyEq_and_gen2 {&#10;\find(and(not(equals(applyEqLeft,applyEqOther)),equals(applyEqLeft,applyEqRight)))&#10;\replacewith(and(not(equals(applyEqRight,applyEqOther)),equals(applyEqLeft,applyEqRight))) &#10;\heuristics(apply_equations_andOr)&#10;Choices: true}&#10;" classname="de.uka.ilkd.key.nparser.TestTacletEquality" time="0.001"/>
  <testcase name="[84] applyEq_and_gen3, applyEq_and_gen3 {&#10;\find(and(and(b,not(equals(applyEqLeft,applyEqOther))),equals(applyEqLeft,applyEqRight)))&#10;\replacewith(and(and(b,not(equals(applyEqRight,applyEqOther))),equals(applyEqLeft,applyEqRight))) &#10;\heuristics(apply_equations_andOr)&#10;Choices: true}&#10;" classname="de.uka.ilkd.key.nparser.TestTacletEquality" time="0.001"/>
  <testcase name="[85] applyEq_and_int0, applyEq_and_int0 {&#10;\find(and(geq(applyEqLeft,applyEqOther),equals(applyEqLeft,applyEqRight)))&#10;\replacewith(and(geq(applyEqRight,applyEqOther),equals(applyEqLeft,applyEqRight))) &#10;\heuristics(apply_equations_andOr)&#10;Choices: true}&#10;" classname="de.uka.ilkd.key.nparser.TestTacletEquality" time="0.002"/>
  <testcase name="[86] applyEq_and_int1, applyEq_and_int1 {&#10;\find(and(and(b,geq(applyEqLeft,applyEqOther)),equals(applyEqLeft,applyEqRight)))&#10;\replacewith(and(and(b,geq(applyEqRight,applyEqOther)),equals(applyEqLeft,applyEqRight))) &#10;\heuristics(apply_equations_andOr)&#10;Choices: true}&#10;" classname="de.uka.ilkd.key.nparser.TestTacletEquality" time="0.008"/>
  <testcase name="[87] applyEq_and_int2, applyEq_and_int2 {&#10;\find(and(leq(applyEqLeft,applyEqOther),equals(applyEqLeft,applyEqRight)))&#10;\replacewith(and(leq(applyEqRight,applyEqOther),equals(applyEqLeft,applyEqRight))) &#10;\heuristics(apply_equations_andOr)&#10;Choices: true}&#10;" classname="de.uka.ilkd.key.nparser.TestTacletEquality" time="0.002"/>
  <testcase name="[88] applyEq_and_int3, applyEq_and_int3 {&#10;\find(and(and(b,leq(applyEqLeft,applyEqOther)),equals(applyEqLeft,applyEqRight)))&#10;\replacewith(and(and(b,leq(applyEqRight,applyEqOther)),equals(applyEqLeft,applyEqRight))) &#10;\heuristics(apply_equations_andOr)&#10;Choices: true}&#10;" classname="de.uka.ilkd.key.nparser.TestTacletEquality" time="0.001"/>
  <testcase name="[89] applyEq_and_int4, applyEq_and_int4 {&#10;\find(and(equals(applyEqLeft,applyEqRight),geq(applyEqLeft,applyEqOther)))&#10;\replacewith(and(equals(applyEqLeft,applyEqRight),geq(applyEqRight,applyEqOther))) &#10;\heuristics(apply_equations_andOr)&#10;Choices: true}&#10;" classname="de.uka.ilkd.key.nparser.TestTacletEquality" time="0.001"/>
  <testcase name="[90] applyEq_and_int5, applyEq_and_int5 {&#10;\find(and(and(b,equals(applyEqLeft,applyEqRight)),geq(applyEqLeft,applyEqOther)))&#10;\replacewith(and(and(b,equals(applyEqLeft,applyEqRight)),geq(applyEqRight,applyEqOther))) &#10;\heuristics(apply_equations_andOr)&#10;Choices: true}&#10;" classname="de.uka.ilkd.key.nparser.TestTacletEquality" time="0.001"/>
  <testcase name="[91] applyEq_and_int6, applyEq_and_int6 {&#10;\find(and(equals(applyEqLeft,applyEqRight),leq(applyEqLeft,applyEqOther)))&#10;\replacewith(and(equals(applyEqLeft,applyEqRight),leq(applyEqRight,applyEqOther))) &#10;\heuristics(apply_equations_andOr)&#10;Choices: true}&#10;" classname="de.uka.ilkd.key.nparser.TestTacletEquality" time="0.001"/>
  <testcase name="[92] applyEq_and_int7, applyEq_and_int7 {&#10;\find(and(and(b,equals(applyEqLeft,applyEqRight)),leq(applyEqLeft,applyEqOther)))&#10;\replacewith(and(and(b,equals(applyEqLeft,applyEqRight)),leq(applyEqRight,applyEqOther))) &#10;\heuristics(apply_equations_andOr)&#10;Choices: true}&#10;" classname="de.uka.ilkd.key.nparser.TestTacletEquality" time="0.002"/>
  <testcase name="[93] applyEq_or_gen0, applyEq_or_gen0 {&#10;\find(or(equals(applyEqLeft,applyEqOther),not(equals(applyEqLeft,applyEqRight))))&#10;\replacewith(or(equals(applyEqRight,applyEqOther),not(equals(applyEqLeft,applyEqRight)))) &#10;\heuristics(apply_equations_andOr)&#10;Choices: true}&#10;" classname="de.uka.ilkd.key.nparser.TestTacletEquality" time="0.001"/>
  <testcase name="[94] applyEq_or_gen1, applyEq_or_gen1 {&#10;\find(or(or(b,equals(applyEqLeft,applyEqOther)),not(equals(applyEqLeft,applyEqRight))))&#10;\replacewith(or(or(b,equals(applyEqRight,applyEqOther)),not(equals(applyEqLeft,applyEqRight)))) &#10;\heuristics(apply_equations_andOr)&#10;Choices: true}&#10;" classname="de.uka.ilkd.key.nparser.TestTacletEquality" time="0.001"/>
  <testcase name="[95] applyEq_or_gen2, applyEq_or_gen2 {&#10;\find(or(not(equals(applyEqLeft,applyEqOther)),not(equals(applyEqLeft,applyEqRight))))&#10;\replacewith(or(not(equals(applyEqRight,applyEqOther)),not(equals(applyEqLeft,applyEqRight)))) &#10;\heuristics(apply_equations_andOr)&#10;Choices: true}&#10;" classname="de.uka.ilkd.key.nparser.TestTacletEquality" time="0.001"/>
  <testcase name="[96] applyEq_or_gen3, applyEq_or_gen3 {&#10;\find(or(or(b,not(equals(applyEqLeft,applyEqOther))),not(equals(applyEqLeft,applyEqRight))))&#10;\replacewith(or(or(b,not(equals(applyEqRight,applyEqOther))),not(equals(applyEqLeft,applyEqRight)))) &#10;\heuristics(apply_equations_andOr)&#10;Choices: true}&#10;" classname="de.uka.ilkd.key.nparser.TestTacletEquality" time="0.001"/>
  <testcase name="[97] applyEq_or_int0, applyEq_or_int0 {&#10;\find(or(geq(applyEqLeft,applyEqOther),not(equals(applyEqLeft,applyEqRight))))&#10;\replacewith(or(geq(applyEqRight,applyEqOther),not(equals(applyEqLeft,applyEqRight)))) &#10;\heuristics(apply_equations_andOr)&#10;Choices: true}&#10;" classname="de.uka.ilkd.key.nparser.TestTacletEquality" time="0.0"/>
  <testcase name="[98] applyEq_or_int1, applyEq_or_int1 {&#10;\find(or(or(b,geq(applyEqLeft,applyEqOther)),not(equals(applyEqLeft,applyEqRight))))&#10;\replacewith(or(or(b,geq(applyEqRight,applyEqOther)),not(equals(applyEqLeft,applyEqRight)))) &#10;\heuristics(apply_equations_andOr)&#10;Choices: true}&#10;" classname="de.uka.ilkd.key.nparser.TestTacletEquality" time="0.001"/>
  <testcase name="[99] applyEq_or_int2, applyEq_or_int2 {&#10;\find(or(leq(applyEqLeft,applyEqOther),not(equals(applyEqLeft,applyEqRight))))&#10;\replacewith(or(leq(applyEqRight,applyEqOther),not(equals(applyEqLeft,applyEqRight)))) &#10;\heuristics(apply_equations_andOr)&#10;Choices: true}&#10;" classname="de.uka.ilkd.key.nparser.TestTacletEquality" time="0.005"/>
  <testcase name="[100] applyEq_or_int3, applyEq_or_int3 {&#10;\find(or(or(b,leq(applyEqLeft,applyEqOther)),not(equals(applyEqLeft,applyEqRight))))&#10;\replacewith(or(or(b,leq(applyEqRight,applyEqOther)),not(equals(applyEqLeft,applyEqRight)))) &#10;\heuristics(apply_equations_andOr)&#10;Choices: true}&#10;" classname="de.uka.ilkd.key.nparser.TestTacletEquality" time="0.0"/>
  <testcase name="[101] applyEq_or_int4, applyEq_or_int4 {&#10;\find(or(not(equals(applyEqLeft,applyEqRight)),geq(applyEqLeft,applyEqOther)))&#10;\replacewith(or(not(equals(applyEqLeft,applyEqRight)),geq(applyEqRight,applyEqOther))) &#10;\heuristics(apply_equations_andOr)&#10;Choices: true}&#10;" classname="de.uka.ilkd.key.nparser.TestTacletEquality" time="0.001"/>
  <testcase name="[102] applyEq_or_int5, applyEq_or_int5 {&#10;\find(or(or(b,not(equals(applyEqLeft,applyEqRight))),geq(applyEqLeft,applyEqOther)))&#10;\replacewith(or(or(b,not(equals(applyEqLeft,applyEqRight))),geq(applyEqRight,applyEqOther))) &#10;\heuristics(apply_equations_andOr)&#10;Choices: true}&#10;" classname="de.uka.ilkd.key.nparser.TestTacletEquality" time="0.001"/>
  <testcase name="[103] applyEq_or_int6, applyEq_or_int6 {&#10;\find(or(not(equals(applyEqLeft,applyEqRight)),leq(applyEqLeft,applyEqOther)))&#10;\replacewith(or(not(equals(applyEqLeft,applyEqRight)),leq(applyEqRight,applyEqOther))) &#10;\heuristics(apply_equations_andOr)&#10;Choices: true}&#10;" classname="de.uka.ilkd.key.nparser.TestTacletEquality" time="0.001"/>
  <testcase name="[104] applyEq_or_int7, applyEq_or_int7 {&#10;\find(or(or(b,not(equals(applyEqLeft,applyEqRight))),leq(applyEqLeft,applyEqOther)))&#10;\replacewith(or(or(b,not(equals(applyEqLeft,applyEqRight))),leq(applyEqRight,applyEqOther))) &#10;\heuristics(apply_equations_andOr)&#10;Choices: true}&#10;" classname="de.uka.ilkd.key.nparser.TestTacletEquality" time="0.001"/>
  <testcase name="[105] applyOnElementary, applyOnElementary {&#10;\find(update-application(u,elem-update(#pv (program Variable))(t)))&#10;\replacewith(elem-update(#pv (program Variable))(update-application(u,t))) &#10;\heuristics(update_apply_on_update)&#10;Choices: true}&#10;" classname="de.uka.ilkd.key.nparser.TestTacletEquality" time="0.001"/>
  <testcase name="[106] applyOnPV, applyOnPV {&#10;\find(update-application(elem-update(#pv (program Variable))(t),#pv))&#10;\replacewith(t) &#10;\heuristics(update_elim)&#10;Choices: true}&#10;" classname="de.uka.ilkd.key.nparser.TestTacletEquality" time="0.0"/>
  <testcase name="[107] applyOnParallel, applyOnParallel {&#10;\find(update-application(u,parallel-upd(u2,u3)))&#10;\replacewith(parallel-upd(update-application(u,u2),update-application(u,u3))) &#10;\heuristics(update_apply_on_update)&#10;Choices: true}&#10;" classname="de.uka.ilkd.key.nparser.TestTacletEquality" time="0.001"/>
  <testcase name="[108] applyOnRigidFormula, applyOnRigidFormula {&#10;\find(update-application(u,phi))&#10;\varcond(\applyUpdateOnRigid(u (update), phi (formula), result (formula)), )&#10;\replacewith(result) &#10;\heuristics(update_apply)&#10;Choices: true}&#10;" classname="de.uka.ilkd.key.nparser.TestTacletEquality" time="0.002"/>
  <testcase name="[109] applyOnRigidTerm, applyOnRigidTerm {&#10;\find(update-application(u,t))&#10;\varcond(\applyUpdateOnRigid(u (update), t (any term), result (any term)), )&#10;\replacewith(result) &#10;\heuristics(update_apply)&#10;Choices: true}&#10;" classname="de.uka.ilkd.key.nparser.TestTacletEquality" time="0.001"/>
  <testcase name="[110] applyOnSkip, applyOnSkip {&#10;\find(update-application(u,skip))&#10;\replacewith(skip) &#10;\heuristics(update_elim)&#10;Choices: true}&#10;" classname="de.uka.ilkd.key.nparser.TestTacletEquality" time="0.001"/>
  <testcase name="[111] applySkip1, applySkip1 {&#10;\find(update-application(skip,t))&#10;\replacewith(t) &#10;\heuristics(concrete)&#10;Choices: true}&#10;" classname="de.uka.ilkd.key.nparser.TestTacletEquality" time="0.001"/>
  <testcase name="[112] applySkip2, applySkip2 {&#10;\find(update-application(skip,phi))&#10;\replacewith(phi) &#10;\heuristics(update_elim)&#10;Choices: true}&#10;" classname="de.uka.ilkd.key.nparser.TestTacletEquality" time="0.001"/>
  <testcase name="[113] applySkip3, applySkip3 {&#10;\find(update-application(skip,u))&#10;\replacewith(u) &#10;\heuristics(update_elim)&#10;Choices: true}&#10;" classname="de.uka.ilkd.key.nparser.TestTacletEquality" time="0.001"/>
  <testcase name="[114] apply_eq_boolean, apply_eq_boolean {&#10;\assumes ([]==&gt;[equals(bo,TRUE)]) &#10;\find(bo)&#10;\sameUpdateLevel\replacewith(FALSE) &#10;\heuristics(apply_equations)&#10;Choices: true}&#10;" classname="de.uka.ilkd.key.nparser.TestTacletEquality" time="0.001"/>
  <testcase name="[115] apply_eq_boolean_2, apply_eq_boolean_2 {&#10;\assumes ([]==&gt;[equals(bo,FALSE)]) &#10;\find(bo)&#10;\sameUpdateLevel\replacewith(TRUE) &#10;\heuristics(apply_equations)&#10;Choices: true}&#10;" classname="de.uka.ilkd.key.nparser.TestTacletEquality" time="0.001"/>
  <testcase name="[116] apply_eq_boolean_rigid, apply_eq_boolean_rigid {&#10;\assumes ([]==&gt;[equals(br,TRUE)]) &#10;\find(br)&#10;\replacewith(FALSE) &#10;\heuristics(apply_equations)&#10;Choices: true}&#10;" classname="de.uka.ilkd.key.nparser.TestTacletEquality" time="0.005"/>
  <testcase name="[117] apply_eq_boolean_rigid_2, apply_eq_boolean_rigid_2 {&#10;\assumes ([]==&gt;[equals(br,FALSE)]) &#10;\find(br)&#10;\replacewith(TRUE) &#10;\heuristics(apply_equations)&#10;Choices: true}&#10;" classname="de.uka.ilkd.key.nparser.TestTacletEquality" time="0.001"/>
  <testcase name="[118] apply_eq_monomials, apply_eq_monomials {&#10;\assumes ([equals(applyEqDivisor,i0)]==&gt;[]) &#10;\find(applyEqDividend)&#10;\sameUpdateLevel\replacewith(add(mul(#divideMonomials(applyEqDividend,applyEqDivisor),add(i0,mul(applyEqDivisor,Z(neglit(1(#)))))),applyEqDividend)) &#10;\heuristics(notHumanReadable, apply_equations, polySimp_applyEq)&#10;Choices: true}&#10;" classname="de.uka.ilkd.key.nparser.TestTacletEquality" time="0.001"/>
  <testcase name="[119] apply_eq_monomials_rigid, apply_eq_monomials_rigid {&#10;\assumes ([equals(applyEqDivisorr,i0r)]==&gt;[]) &#10;\find(applyEqDividend)&#10;\replacewith(add(mul(#divideMonomials(applyEqDividend,applyEqDivisorr),add(i0r,mul(applyEqDivisorr,Z(neglit(1(#)))))),applyEqDividend)) &#10;\heuristics(notHumanReadable, apply_equations, polySimp_applyEqRigid)&#10;Choices: true}&#10;" classname="de.uka.ilkd.key.nparser.TestTacletEquality" time="0.001"/>
  <testcase name="[120] apply_eq_pseudo_eq, apply_eq_pseudo_eq {&#10;\assumes ([equals(mul(aePseudoLeft,aePseudoLeftCoeff),aePseudoRight)]==&gt;[]) &#10;\find(equals(aePseudoTargetLeft,aePseudoTargetRight))&#10;\sameUpdateLevel\replacewith(if-then-else(and(equals(aePseudoTargetLeft,mul(aePseudoLeft,aePseudoTargetFactor)),not(equals(aePseudoLeftCoeff,Z(0(#))))),equals(mul(aePseudoRight,aePseudoTargetFactor),mul(aePseudoTargetRight,aePseudoLeftCoeff)),equals(aePseudoTargetLeft,aePseudoTargetRight))) &#10;\heuristics(notHumanReadable, notHumanReadable, polySimp_applyEqPs…" classname="de.uka.ilkd.key.nparser.TestTacletEquality" time="0.005"/>
  <testcase name="[121] apply_eq_pseudo_geq, apply_eq_pseudo_geq {&#10;\assumes ([equals(mul(aePseudoLeft,aePseudoLeftCoeff),aePseudoRight)]==&gt;[]) &#10;\find(geq(aePseudoTargetLeft,aePseudoTargetRight))&#10;\sameUpdateLevel\replacewith(if-then-else(and(equals(aePseudoTargetLeft,mul(aePseudoLeft,aePseudoTargetFactor)),gt(aePseudoLeftCoeff,Z(0(#)))),geq(mul(aePseudoRight,aePseudoTargetFactor),mul(aePseudoTargetRight,aePseudoLeftCoeff)),geq(aePseudoTargetLeft,aePseudoTargetRight))) &#10;\heuristics(notHumanReadable, polySimp_applyEqPseudo, polySimp_leftNonUnit)&#10;Choices…" classname="de.uka.ilkd.key.nparser.TestTacletEquality" time="0.001"/>
  <testcase name="[122] apply_eq_pseudo_leq, apply_eq_pseudo_leq {&#10;\assumes ([equals(mul(aePseudoLeft,aePseudoLeftCoeff),aePseudoRight)]==&gt;[]) &#10;\find(leq(aePseudoTargetLeft,aePseudoTargetRight))&#10;\sameUpdateLevel\replacewith(if-then-else(and(equals(aePseudoTargetLeft,mul(aePseudoLeft,aePseudoTargetFactor)),gt(aePseudoLeftCoeff,Z(0(#)))),leq(mul(aePseudoRight,aePseudoTargetFactor),mul(aePseudoTargetRight,aePseudoLeftCoeff)),leq(aePseudoTargetLeft,aePseudoTargetRight))) &#10;\heuristics(notHumanReadable, polySimp_applyEqPseudo, polySimp_leftNonUnit)&#10;Choices…" classname="de.uka.ilkd.key.nparser.TestTacletEquality" time="0.001"/>
  <testcase name="[123] apply_subst, apply_subst {&#10;\find(subst{u (variable)}(t,target))&#10;\replacewith(subst{u (variable)}(t,target)) &#10;\heuristics(try_apply_subst)&#10;Choices: true}&#10;" classname="de.uka.ilkd.key.nparser.TestTacletEquality" time="0.002"/>
  <testcase name="[124] apply_subst_for, apply_subst_for {&#10;\find(subst{u (variable)}(t,phi))&#10;\replacewith(subst{u (variable)}(t,phi)) &#10;\heuristics(try_apply_subst)&#10;Choices: true}&#10;" classname="de.uka.ilkd.key.nparser.TestTacletEquality" time="0.001"/>
  <testcase name="[125] array2seqDef, array2seqDef {&#10;\find(array2seq(h,a))&#10;\varcond(\notFreeIn(u (variable), h (Heap term)), \notFreeIn(u (variable), a (java.lang.Object term)))&#10;\replacewith(seqDef{u (variable)}(Z(0(#)),length(a),any::select(h,a,arr(u)))) &#10;\heuristics(simplify_enlarging)&#10;Choices: sequences:on}&#10;" classname="de.uka.ilkd.key.nparser.TestTacletEquality" time="0.001"/>
  <testcase name="[126] arrayCreation, arrayCreation {&#10;\find(#normal ( (modal operator))\[{ ..&#10;  #lhs = #na;&#10;... }\] (post))&#10;\varcond(\new(#v0 (program Variable), \typeof(#na (program ArrayCreation))))&#10;\replacewith(#normal ( (modal operator))\[{ ..&#10;  #typeof(#na) #v0;&#10;  init-array-creation(#na)&#10;  #lhs = #v0;&#10;... }\] (post)) &#10;\heuristics(simplify_prog)&#10;Choices: programRules:Java}&#10;" classname="de.uka.ilkd.key.nparser.TestTacletEquality" time="0.002"/>
  <testcase name="[127] arrayCreationWithInitializers, arrayCreationWithInitializers {&#10;\find(#allmodal ( (modal operator))\[{ ..&#10;  #lhs = #arrayinitializer;&#10;... }\] (post))&#10;\varcond(\new(#v0 (program Variable), \typeof(#lhs (program LeftHandSide))))&#10;\replacewith(#allmodal ( (modal operator))\[{ ..&#10;  #typeof(#lhs) #v0;&#10;  init-array-creation(#arrayinitializer)&#10;  #lhs = #v0;&#10;... }\] (post)) &#10;\heuristics(simplify_prog)&#10;Choices: programRules:Java}&#10;" classname="de.uka.ilkd.key.nparser.TestTacletEquality" time="0.001"/>
  <testcase name="[128] arrayInitialisation, arrayInitialisation {&#10;\find(#allmodal ( (modal operator))\[{ ..&#10;  for (int #v = #se; #v &lt; this.#length; #v++)&#10;    this[#v] = #lit;&#10;... }\] (post))&#10;\replacewith(update-application(elem-update(heap)(memset(heap,arrayRange(#a,#se,sub(length(#a),Z(1(#)))),#lit)),#allmodal(post))) &#10;\heuristics(simplify)&#10;Choices: programRules:Java}&#10;" classname="de.uka.ilkd.key.nparser.TestTacletEquality" time="0.001"/>
  <testcase name="[129] arrayLengthIsAShort, arrayLengthIsAShort {&#10;\find(length(o))&#10;\sameUpdateLevel\add [inShort(length(o))]==&gt;[] &#10;\heuristics(inReachableStateImplication)&#10;Choices: (programRules:Java &amp; JavaCard:on)}&#10;" classname="de.uka.ilkd.key.nparser.TestTacletEquality" time="0.001"/>
  <testcase name="[130] arrayLengthNotNegative, arrayLengthNotNegative {&#10;\find(length(o))&#10;\sameUpdateLevel\add [geq(length(o),Z(0(#)))]==&gt;[] &#10;\heuristics(inReachableStateImplication)&#10;Choices: programRules:Java}&#10;" classname="de.uka.ilkd.key.nparser.TestTacletEquality" time="0.001"/>
  <testcase name="[131] array_post_declaration, array_post_declaration {&#10;\find(#allmodal ( (modal operator))\[{ ..&#10;  #arraypost&#10;... }\] (post))&#10;\replacewith(#allmodal ( (modal operator))\[{ ..&#10;  array-post-declaration(#arraypost)&#10;... }\] (post)) &#10;\heuristics(simplify_prog_subset, simplify_prog)&#10;Choices: programRules:Java}&#10;" classname="de.uka.ilkd.key.nparser.TestTacletEquality" time="0.001"/>
  <testcase name="[132] array_self_reference, array_self_reference {&#10;\assumes ([wellFormed(heapSV)]==&gt;[equals(array,null)]) &#10;\find(arrayStoreValid(array,G::select(heapSV,array,arr(idx))))&#10;\sameUpdateLevel\replacewith(true) &#10;\heuristics(simplify)&#10;Choices: programRules:Java}&#10;" classname="de.uka.ilkd.key.nparser.TestTacletEquality" time="0.001"/>
  <testcase name="[133] array_self_reference_eq, array_self_reference_eq {&#10;\assumes ([wellFormed(heapSV),equals(G::select(heapSV,array,arr(idx)),EQ)]==&gt;[equals(array,null)]) &#10;\find(arrayStoreValid(array,EQ))&#10;\sameUpdateLevel\replacewith(true) &#10;\heuristics(simplify)&#10;Choices: programRules:Java}&#10;" classname="de.uka.ilkd.key.nparser.TestTacletEquality" time="0.001"/>
  <testcase name="[134] array_store_known_dynamic_array_type, array_store_known_dynamic_array_type {&#10;\assumes ([equals(J::exactInstance(array),TRUE)]==&gt;[]) &#10;\find(arrayStoreValid(array,obj))&#10;\sameUpdateLevel\varcond(\isReference[non_null]( J ), )&#10;\replacewith(or(equals(obj,null),equals(#arrayBaseInstanceOf(J::exactInstance(array),obj),TRUE))) &#10;\heuristics(simplify)&#10;Choices: programRules:Java}&#10;" classname="de.uka.ilkd.key.nparser.TestTacletEquality" time="0.001"/>
  <testcase name="[135] asinIsNaN, asinIsNaN {&#10;\find(asinDouble(arg))&#10;\add [imp(or(or(doubleIsNaN(arg),ltDouble(arg,negDouble(DFP(8(0(4(7(1(0(0(0(8(8(1(4(2(8(1(7(0(6(4(#))))))))))))))))))))))),gtDouble(arg,DFP(8(0(4(7(1(0(0(0(8(8(1(4(2(8(1(7(0(6(4(#)))))))))))))))))))))),doubleIsNaN(asinDouble(arg)))]==&gt;[] &#10;\heuristics(userTaclets1)&#10;Choices: true}&#10;" classname="de.uka.ilkd.key.nparser.TestTacletEquality" time="0.01"/>
  <testcase name="[136] asineIsZero, asineIsZero {&#10;\find(asinDouble(arg))&#10;\add [imp(equals(arg,DFP(0(#))),equals(asinDouble(arg),DFP(0(#))))]==&gt;[] &#10;\heuristics(userTaclets1)&#10;Choices: true}&#10;" classname="de.uka.ilkd.key.nparser.TestTacletEquality" time="0.003"/>
  <testcase name="[137] asineRange, asineRange {&#10;\find(asinDouble(arg))&#10;\add [imp(and(geqDouble(arg,negDouble(DFP(8(0(4(7(1(0(0(0(8(8(1(4(2(8(1(7(0(6(4(#)))))))))))))))))))))),leqDouble(arg,DFP(8(0(4(7(1(0(0(0(8(8(1(4(2(8(1(7(0(6(4(#)))))))))))))))))))))),and(geqDouble(asinDouble(arg),negDouble(DFP(2(5(3(5(7(6(4(2(9(6(5(0(3(5(7(9(0(6(4(#)))))))))))))))))))))),leqDouble(asinDouble(arg),DFP(2(5(3(5(7(6(4(2(9(6(5(0(3(5(7(9(0(6(4(#)))))))))))))))))))))))]==&gt;[] &#10;\heuristics(userTaclets1)&#10;Choices: true}&#10;" classname="de.uka.ilkd.key.nparser.TestTacletEquality" time="0.003"/>
  <testcase name="[138] assertSafe, assertSafe {&#10;\find(==&gt;#allmodal ( (modal operator))\[{ ..&#10;  assert #e1;&#10;... }\] (b))&#10;\varcond(\new(#condition (program Variable), \typeof(#e1 (program Expression))), \not \containsAssignment( #e1 ), )&#10;\add [equals(oldHeap,heap)]==&gt;[] \replacewith([]==&gt;[\[{&#10;  method-frame (#ex) {&#10;    #typeof(#e1) #condition = #e1;&#10;  }&#10;}\] (all{f (variable)}(all{o (variable)}(or(and(not(equals(o,null)),equals(boolean::select(oldHeap,o,java.lang.Object::&lt;created&gt;),FALSE)),equals(any::select(oldHeap,o,f),any::select(heap,o,f))…" classname="de.uka.ilkd.key.nparser.TestTacletEquality" time="0.002"/>
  <testcase name="[139] assertSafeWithMessage, assertSafeWithMessage {&#10;\find(==&gt;#allmodal ( (modal operator))\[{ ..&#10;  assert #e1 : #e2;&#10;... }\] (b))&#10;\varcond(\new(#message (program Variable), \typeof(#e2 (program Expression))), \new(#condition (program Variable), \typeof(#e1 (program Expression))), \not \containsAssignment( #e1 ), \not \containsAssignment( #e2 ), )&#10;\add [equals(oldHeap,heap)]==&gt;[] \replacewith([]==&gt;[\[{&#10;  method-frame (#ex) {&#10;    #typeof(#e1) #condition = #e1;&#10;    #typeof(#e2) #message = #e2;&#10;  }&#10;}\] (all{f (variable)}(all{o (variable)…" classname="de.uka.ilkd.key.nparser.TestTacletEquality" time="0.005"/>
  <testcase name="[140] assignment, assignment {&#10;\find(#allmodal ( (modal operator))\[{ ..&#10;  #loc = #se;&#10;... }\] (post))&#10;\replacewith(update-application(elem-update(#loc (program Variable))(#se),#allmodal(post))) &#10;\heuristics(simplify_prog_subset, simplify_prog)&#10;Choices: programRules:Java}&#10;" classname="de.uka.ilkd.key.nparser.TestTacletEquality" time="0.001"/>
  <testcase name="[141] assignmentAdditionBigint1, assignmentAdditionBigint1 {&#10;\find(#allmodal ( (modal operator))\[{ ..&#10;  #loc = #seBigint + #seAny;&#10;... }\] (post))&#10;\replacewith(update-application(elem-update(#loc (program Variable))(add(#seBigint,#seAny)),#allmodal(post))) &#10;\heuristics(executeIntegerAssignment)&#10;Choices: (programRules:Java &amp; bigint:on)}&#10;" classname="de.uka.ilkd.key.nparser.TestTacletEquality" time="0.008"/>
  <testcase name="[142] assignmentAdditionBigint2, assignmentAdditionBigint2 {&#10;\find(#allmodal ( (modal operator))\[{ ..&#10;  #loc = #seAny + #seBigint;&#10;... }\] (post))&#10;\replacewith(update-application(elem-update(#loc (program Variable))(add(#seAny,#seBigint)),#allmodal(post))) &#10;\heuristics(executeIntegerAssignment)&#10;Choices: (programRules:Java &amp; bigint:on)}&#10;" classname="de.uka.ilkd.key.nparser.TestTacletEquality" time="0.001"/>
  <testcase name="[143] assignmentAdditionDouble, assignmentAdditionDouble {&#10;\find(#normalassign ( (modal operator))\[{ ..&#10;  #loc = #seDouble0 + #seDouble1;&#10;... }\] (post))&#10;\varcond(\not\isStrictFp, )&#10;\replacewith(update-application(elem-update(#loc (program Variable))(javaAddDouble(#seDouble0,#seDouble1)),#normalassign(post))) &#10;\heuristics(executeFloatAssignment)&#10;Choices: programRules:Java}&#10;" classname="de.uka.ilkd.key.nparser.TestTacletEquality" time="0.001"/>
  <testcase name="[144] assignmentAdditionDoubleStrictFP, assignmentAdditionDoubleStrictFP {&#10;\find(#normalassign ( (modal operator))\[{ ..&#10;  #loc = #seDouble0 + #seDouble1;&#10;... }\] (post))&#10;\varcond(\isStrictFp, )&#10;\replacewith(update-application(elem-update(#loc (program Variable))(addDouble(#seDouble0,#seDouble1)),#normalassign(post))) &#10;\heuristics(executeDoubleAssignment)&#10;Choices: programRules:Java}&#10;" classname="de.uka.ilkd.key.nparser.TestTacletEquality" time="0.001"/>
  <testcase name="[145] assignmentAdditionFloat, assignmentAdditionFloat {&#10;\find(#normalassign ( (modal operator))\[{ ..&#10;  #loc = #seFloat0 + #seFloat1;&#10;... }\] (post))&#10;\varcond(\not\isStrictFp, )&#10;\replacewith(update-application(elem-update(#loc (program Variable))(javaAddFloat(#seFloat0,#seFloat1)),#normalassign(post))) &#10;\heuristics(executeFloatAssignment)&#10;Choices: programRules:Java}&#10;" classname="de.uka.ilkd.key.nparser.TestTacletEquality" time="0.001"/>
  <testcase name="[146] assignmentAdditionFloatStrictFP, assignmentAdditionFloatStrictFP {&#10;\find(#normalassign ( (modal operator))\[{ ..&#10;  #loc = #seFloat0 + #seFloat1;&#10;... }\] (post))&#10;\varcond(\isStrictFp, )&#10;\replacewith(update-application(elem-update(#loc (program Variable))(addFloat(#seFloat0,#seFloat1)),#normalassign(post))) &#10;\heuristics(executeFloatAssignment)&#10;Choices: programRules:Java}&#10;" classname="de.uka.ilkd.key.nparser.TestTacletEquality" time="0.001"/>
  <testcase name="[147] assignmentAdditionInt, assignmentAdditionInt {&#10;\find(#normalassign ( (modal operator))\[{ ..&#10;  #loc = #seCharByteShortInt0 + #seCharByteShortInt1;&#10;... }\] (post))&#10;\replacewith(update-application(elem-update(#loc (program Variable))(javaAddInt(#seCharByteShortInt0,#seCharByteShortInt1)),#normalassign(post))) &#10;\heuristics(executeIntegerAssignment)&#10;Choices: programRules:Java}&#10;" classname="de.uka.ilkd.key.nparser.TestTacletEquality" time="0.008"/>
  <testcase name="[148] assignmentAdditionLong, assignmentAdditionLong {&#10;\find(#normalassign ( (modal operator))\[{ ..&#10;  #loc = #seCharByteShortInt + #seLong;&#10;... }\] (post))&#10;\replacewith(update-application(elem-update(#loc (program Variable))(javaAddLong(#seCharByteShortInt,#seLong)),#normalassign(post))) &#10;\heuristics(executeIntegerAssignment)&#10;Choices: programRules:Java}&#10;" classname="de.uka.ilkd.key.nparser.TestTacletEquality" time="0.002"/>
  <testcase name="[149] assignmentAdditionLong2, assignmentAdditionLong2 {&#10;\find(#normalassign ( (modal operator))\[{ ..&#10;  #loc = #seLong + #seCharByteShortInt;&#10;... }\] (post))&#10;\replacewith(update-application(elem-update(#loc (program Variable))(javaAddLong(#seLong,#seCharByteShortInt)),#normalassign(post))) &#10;\heuristics(executeIntegerAssignment)&#10;Choices: programRules:Java}&#10;" classname="de.uka.ilkd.key.nparser.TestTacletEquality" time="0.001"/>
  <testcase name="[150] assignmentAdditionLong3, assignmentAdditionLong3 {&#10;\find(#normalassign ( (modal operator))\[{ ..&#10;  #loc = #seLong0 + #seLong1;&#10;... }\] (post))&#10;\replacewith(update-application(elem-update(#loc (program Variable))(javaAddLong(#seLong0,#seLong1)),#normalassign(post))) &#10;\heuristics(executeIntegerAssignment)&#10;Choices: programRules:Java}&#10;" classname="de.uka.ilkd.key.nparser.TestTacletEquality" time="0.0"/>
  <testcase name="[151] assignmentBitwiseAndInt, assignmentBitwiseAndInt {&#10;\find(#normalassign ( (modal operator))\[{ ..&#10;  #loc = #seCharByteShortInt0 &amp; #seCharByteShortInt1;&#10;... }\] (post))&#10;\replacewith(update-application(elem-update(#loc (program Variable))(javaBitwiseAndInt(#seCharByteShortInt0,#seCharByteShortInt1)),#normalassign(post))) &#10;\heuristics(executeIntegerAssignment)&#10;Choices: programRules:Java}&#10;" classname="de.uka.ilkd.key.nparser.TestTacletEquality" time="0.001"/>
  <testcase name="[152] assignmentBitwiseAndLong, assignmentBitwiseAndLong {&#10;\find(#normalassign ( (modal operator))\[{ ..&#10;  #loc = #seCharByteShortInt &amp; #seLong;&#10;... }\] (post))&#10;\replacewith(update-application(elem-update(#loc (program Variable))(javaBitwiseAndLong(#seCharByteShortInt,#seLong)),#normalassign(post))) &#10;\heuristics(executeIntegerAssignment)&#10;Choices: programRules:Java}&#10;" classname="de.uka.ilkd.key.nparser.TestTacletEquality" time="0.001"/>
  <testcase name="[153] assignmentBitwiseAndLong2, assignmentBitwiseAndLong2 {&#10;\find(#normalassign ( (modal operator))\[{ ..&#10;  #loc = #seLong &amp; #seCharByteShortInt;&#10;... }\] (post))&#10;\replacewith(update-application(elem-update(#loc (program Variable))(javaBitwiseAndLong(#seLong,#seCharByteShortInt)),#normalassign(post))) &#10;\heuristics(executeIntegerAssignment)&#10;Choices: programRules:Java}&#10;" classname="de.uka.ilkd.key.nparser.TestTacletEquality" time="0.001"/>
  <testcase name="[154] assignmentBitwiseAndLong3, assignmentBitwiseAndLong3 {&#10;\find(#normalassign ( (modal operator))\[{ ..&#10;  #loc = #seLong0 &amp; #seLong1;&#10;... }\] (post))&#10;\replacewith(update-application(elem-update(#loc (program Variable))(javaBitwiseAndLong(#seLong0,#seLong1)),#normalassign(post))) &#10;\heuristics(executeIntegerAssignment)&#10;Choices: programRules:Java}&#10;" classname="de.uka.ilkd.key.nparser.TestTacletEquality" time="0.001"/>
  <testcase name="[155] assignmentBitwiseOrInt, assignmentBitwiseOrInt {&#10;\find(#normalassign ( (modal operator))\[{ ..&#10;  #loc = #seCharByteShortInt0 | #seCharByteShortInt1;&#10;... }\] (post))&#10;\replacewith(update-application(elem-update(#loc (program Variable))(javaBitwiseOrInt(#seCharByteShortInt0,#seCharByteShortInt1)),#normalassign(post))) &#10;\heuristics(executeIntegerAssignment)&#10;Choices: programRules:Java}&#10;" classname="de.uka.ilkd.key.nparser.TestTacletEquality" time="0.001"/>
  <testcase name="[156] assignmentBitwiseOrLong, assignmentBitwiseOrLong {&#10;\find(#normalassign ( (modal operator))\[{ ..&#10;  #loc = #seCharByteShortInt | #seLong;&#10;... }\] (post))&#10;\replacewith(update-application(elem-update(#loc (program Variable))(javaBitwiseOrLong(#seCharByteShortInt,#seLong)),#normalassign(post))) &#10;\heuristics(executeIntegerAssignment)&#10;Choices: programRules:Java}&#10;" classname="de.uka.ilkd.key.nparser.TestTacletEquality" time="0.001"/>
  <testcase name="[157] assignmentBitwiseOrLong2, assignmentBitwiseOrLong2 {&#10;\find(#normalassign ( (modal operator))\[{ ..&#10;  #loc = #seLong | #seCharByteShortInt;&#10;... }\] (post))&#10;\replacewith(update-application(elem-update(#loc (program Variable))(javaBitwiseOrLong(#seLong,#seCharByteShortInt)),#normalassign(post))) &#10;\heuristics(executeIntegerAssignment)&#10;Choices: programRules:Java}&#10;" classname="de.uka.ilkd.key.nparser.TestTacletEquality" time="0.001"/>
  <testcase name="[158] assignmentBitwiseOrLong3, assignmentBitwiseOrLong3 {&#10;\find(#normalassign ( (modal operator))\[{ ..&#10;  #loc = #seLong0 | #seLong1;&#10;... }\] (post))&#10;\replacewith(update-application(elem-update(#loc (program Variable))(javaBitwiseOrLong(#seLong0,#seLong1)),#normalassign(post))) &#10;\heuristics(executeIntegerAssignment)&#10;Choices: programRules:Java}&#10;" classname="de.uka.ilkd.key.nparser.TestTacletEquality" time="0.001"/>
  <testcase name="[159] assignmentBitwiseXOrInt, assignmentBitwiseXOrInt {&#10;\find(#normalassign ( (modal operator))\[{ ..&#10;  #loc = #seCharByteShortInt0 ^ #seCharByteShortInt1;&#10;... }\] (post))&#10;\replacewith(update-application(elem-update(#loc (program Variable))(javaBitwiseXOrInt(#seCharByteShortInt0,#seCharByteShortInt1)),#normalassign(post))) &#10;\heuristics(executeIntegerAssignment)&#10;Choices: programRules:Java}&#10;" classname="de.uka.ilkd.key.nparser.TestTacletEquality" time="0.001"/>
  <testcase name="[160] assignmentBitwiseXOrLong, assignmentBitwiseXOrLong {&#10;\find(#normalassign ( (modal operator))\[{ ..&#10;  #loc = #seCharByteShortInt ^ #seLong;&#10;... }\] (post))&#10;\replacewith(update-application(elem-update(#loc (program Variable))(javaBitwiseXOrLong(#seCharByteShortInt,#seLong)),#normalassign(post))) &#10;\heuristics(executeIntegerAssignment)&#10;Choices: programRules:Java}&#10;" classname="de.uka.ilkd.key.nparser.TestTacletEquality" time="0.001"/>
  <testcase name="[161] assignmentBitwiseXOrLong2, assignmentBitwiseXOrLong2 {&#10;\find(#normalassign ( (modal operator))\[{ ..&#10;  #loc = #seLong ^ #seCharByteShortInt;&#10;... }\] (post))&#10;\replacewith(update-application(elem-update(#loc (program Variable))(javaBitwiseXOrLong(#seLong,#seCharByteShortInt)),#normalassign(post))) &#10;\heuristics(executeIntegerAssignment)&#10;Choices: programRules:Java}&#10;" classname="de.uka.ilkd.key.nparser.TestTacletEquality" time="0.001"/>
  <testcase name="[162] assignmentBitwiseXOrLong3, assignmentBitwiseXOrLong3 {&#10;\find(#normalassign ( (modal operator))\[{ ..&#10;  #loc = #seLong0 ^ #seLong1;&#10;... }\] (post))&#10;\replacewith(update-application(elem-update(#loc (program Variable))(javaBitwiseXOrLong(#seLong0,#seLong1)),#normalassign(post))) &#10;\heuristics(executeIntegerAssignment)&#10;Choices: programRules:Java}&#10;" classname="de.uka.ilkd.key.nparser.TestTacletEquality" time="0.001"/>
  <testcase name="[163] assignmentDivisionBigint1, assignmentDivisionBigint1 {&#10;\find(==&gt;#allmodal ( (modal operator))\[{ ..&#10;  #loc = #seBigint / #seAny;&#10;... }\] (post))&#10;\replacewith([]==&gt;[not(equals(#seAny,Z(0(#))))]) ;&#10;\replacewith([]==&gt;[update-application(elem-update(#loc (program Variable))(div(#seBigint,#seAny)),#allmodal(post))]) &#10;\heuristics(executeIntegerAssignment)&#10;Choices: ((programRules:Java &amp; bigint:on) &amp; runtimeExceptions:ban)}&#10;" classname="de.uka.ilkd.key.nparser.TestTacletEquality" time="0.003"/>
  <testcase name="[164] assignmentDivisionBigint2, assignmentDivisionBigint2 {&#10;\find(==&gt;#allmodal ( (modal operator))\[{ ..&#10;  #loc = #seAny / #seBigint;&#10;... }\] (post))&#10;\replacewith([]==&gt;[not(equals(#seBigint,Z(0(#))))]) ;&#10;\replacewith([]==&gt;[update-application(elem-update(#loc (program Variable))(div(#seAny,#seBigint)),#allmodal(post))]) &#10;\heuristics(executeIntegerAssignment)&#10;Choices: ((programRules:Java &amp; bigint:on) &amp; runtimeExceptions:ban)}&#10;" classname="de.uka.ilkd.key.nparser.TestTacletEquality" time="0.001"/>
  <testcase name="[165] assignmentDivisionDouble, assignmentDivisionDouble {&#10;\find(#normalassign ( (modal operator))\[{ ..&#10;  #loc = #seDouble0 / #seDouble1;&#10;... }\] (post))&#10;\varcond(\not\isStrictFp, )&#10;\replacewith(update-application(elem-update(#loc (program Variable))(javaDivDouble(#seDouble0,#seDouble1)),#normalassign(post))) &#10;\heuristics(executeFloatAssignment)&#10;Choices: programRules:Java}&#10;" classname="de.uka.ilkd.key.nparser.TestTacletEquality" time="0.005"/>
  <testcase name="[166] assignmentDivisionDoubleStrictFP, assignmentDivisionDoubleStrictFP {&#10;\find(#normalassign ( (modal operator))\[{ ..&#10;  #loc = #seDouble0 / #seDouble1;&#10;... }\] (post))&#10;\varcond(\isStrictFp, )&#10;\replacewith(update-application(elem-update(#loc (program Variable))(divDouble(#seDouble0,#seDouble1)),#normalassign(post))) &#10;\heuristics(executeDoubleAssignment)&#10;Choices: programRules:Java}&#10;" classname="de.uka.ilkd.key.nparser.TestTacletEquality" time="0.001"/>
  <testcase name="[167] assignmentDivisionFloat, assignmentDivisionFloat {&#10;\find(#normalassign ( (modal operator))\[{ ..&#10;  #loc = #seFloat0 / #seFloat1;&#10;... }\] (post))&#10;\varcond(\not\isStrictFp, )&#10;\replacewith(update-application(elem-update(#loc (program Variable))(javaDivFloat(#seFloat0,#seFloat1)),#normalassign(post))) &#10;\heuristics(executeFloatAssignment)&#10;Choices: programRules:Java}&#10;" classname="de.uka.ilkd.key.nparser.TestTacletEquality" time="0.001"/>
  <testcase name="[168] assignmentDivisionFloatStrictFP, assignmentDivisionFloatStrictFP {&#10;\find(#normalassign ( (modal operator))\[{ ..&#10;  #loc = #seFloat0 / #seFloat1;&#10;... }\] (post))&#10;\varcond(\isStrictFp, )&#10;\replacewith(update-application(elem-update(#loc (program Variable))(divFloat(#seFloat0,#seFloat1)),#normalassign(post))) &#10;\heuristics(executeFloatAssignment)&#10;Choices: programRules:Java}&#10;" classname="de.uka.ilkd.key.nparser.TestTacletEquality" time="0.001"/>
  <testcase name="[169] assignmentDivisionInt, assignmentDivisionInt {&#10;\find(==&gt;#normalassign ( (modal operator))\[{ ..&#10;  #loc = #seCharByteShortInt0 / #seCharByteShortInt1;&#10;... }\] (post))&#10;\replacewith([]==&gt;[not(equals(#seCharByteShortInt1,Z(0(#))))]) ;&#10;\replacewith([]==&gt;[update-application(elem-update(#loc (program Variable))(javaDivInt(#seCharByteShortInt0,#seCharByteShortInt1)),#normalassign(post))]) &#10;\heuristics(executeIntegerAssignment)&#10;Choices: (programRules:Java &amp; runtimeExceptions:ban)}&#10;" classname="de.uka.ilkd.key.nparser.TestTacletEquality" time="0.001"/>
  <testcase name="[170] assignmentDivisionLong, assignmentDivisionLong {&#10;\find(==&gt;#normalassign ( (modal operator))\[{ ..&#10;  #loc = #se / #seLong;&#10;... }\] (post))&#10;\replacewith([]==&gt;[not(equals(#seLong,Z(0(#))))]) ;&#10;\replacewith([]==&gt;[update-application(elem-update(#loc (program Variable))(javaDivLong(#se,#seLong)),#normalassign(post))]) &#10;\heuristics(executeIntegerAssignment)&#10;Choices: (programRules:Java &amp; runtimeExceptions:ban)}&#10;" classname="de.uka.ilkd.key.nparser.TestTacletEquality" time="0.001"/>
  <testcase name="[171] assignmentDivisionLong2, assignmentDivisionLong2 {&#10;\find(==&gt;#normalassign ( (modal operator))\[{ ..&#10;  #loc = #seLong / #seCharByteShortInt;&#10;... }\] (post))&#10;\replacewith([]==&gt;[not(equals(#seCharByteShortInt,Z(0(#))))]) ;&#10;\replacewith([]==&gt;[update-application(elem-update(#loc (program Variable))(javaDivLong(#seLong,#seCharByteShortInt)),#normalassign(post))]) &#10;\heuristics(executeIntegerAssignment)&#10;Choices: (programRules:Java &amp; runtimeExceptions:ban)}&#10;" classname="de.uka.ilkd.key.nparser.TestTacletEquality" time="0.001"/>
  <testcase name="[172] assignmentModDouble, assignmentModDouble {&#10;\find(#normalassign ( (modal operator))\[{ ..&#10;  #loc = #seDouble0 % #seDouble1;&#10;... }\] (post))&#10;\replacewith(update-application(elem-update(#loc (program Variable))(javaModDouble(#seDouble0,#seDouble1)),#normalassign(post))) &#10;\heuristics(executeFloatAssignment)&#10;Choices: programRules:Java}&#10;" classname="de.uka.ilkd.key.nparser.TestTacletEquality" time="0.001"/>
  <testcase name="[173] assignmentModFloat, assignmentModFloat {&#10;\find(#normalassign ( (modal operator))\[{ ..&#10;  #loc = #seFloat0 % #seFloat1;&#10;... }\] (post))&#10;\replacewith(update-application(elem-update(#loc (program Variable))(javaModFloat(#seFloat0,#seFloat1)),#normalassign(post))) &#10;\heuristics(executeFloatAssignment)&#10;Choices: programRules:Java}&#10;" classname="de.uka.ilkd.key.nparser.TestTacletEquality" time="0.002"/>
  <testcase name="[174] assignmentModulo, assignmentModulo {&#10;\find(==&gt;#normalassign ( (modal operator))\[{ ..&#10;  #loc = #se0 % #se1;&#10;... }\] (post))&#10;\replacewith([]==&gt;[not(equals(#se1,Z(0(#))))]) ;&#10;\replacewith([]==&gt;[update-application(elem-update(#loc (program Variable))(javaMod(#se0,#se1)),#normalassign(post))]) &#10;\heuristics(executeIntegerAssignment)&#10;Choices: (programRules:Java &amp; runtimeExceptions:ban)}&#10;" classname="de.uka.ilkd.key.nparser.TestTacletEquality" time="0.001"/>
  <testcase name="[175] assignmentModuloBigint1, assignmentModuloBigint1 {&#10;\find(==&gt;#allmodal ( (modal operator))\[{ ..&#10;  #loc = #seBigint % #seAny;&#10;... }\] (post))&#10;\replacewith([]==&gt;[not(equals(#seAny,Z(0(#))))]) ;&#10;\replacewith([]==&gt;[update-application(elem-update(#loc (program Variable))(mod(#seBigint,#seAny)),#allmodal(post))]) &#10;\heuristics(executeIntegerAssignment)&#10;Choices: ((programRules:Java &amp; bigint:on) &amp; runtimeExceptions:ban)}&#10;" classname="de.uka.ilkd.key.nparser.TestTacletEquality" time="0.001"/>
  <testcase name="[176] assignmentModuloBigint2, assignmentModuloBigint2 {&#10;\find(==&gt;#allmodal ( (modal operator))\[{ ..&#10;  #loc = #seAny % #seBigint;&#10;... }\] (post))&#10;\replacewith([]==&gt;[not(equals(#seBigint,Z(0(#))))]) ;&#10;\replacewith([]==&gt;[update-application(elem-update(#loc (program Variable))(mod(#seAny,#seBigint)),#allmodal(post))]) &#10;\heuristics(executeIntegerAssignment)&#10;Choices: ((programRules:Java &amp; bigint:on) &amp; runtimeExceptions:ban)}&#10;" classname="de.uka.ilkd.key.nparser.TestTacletEquality" time="0.001"/>
  <testcase name="[177] assignmentMultiplicationBigint1, assignmentMultiplicationBigint1 {&#10;\find(#allmodal ( (modal operator))\[{ ..&#10;  #loc = #seBigint * #seAny;&#10;... }\] (post))&#10;\replacewith(update-application(elem-update(#loc (program Variable))(mul(#seBigint,#seAny)),#allmodal(post))) &#10;\heuristics(executeIntegerAssignment)&#10;Choices: (programRules:Java &amp; bigint:on)}&#10;" classname="de.uka.ilkd.key.nparser.TestTacletEquality" time="0.002"/>
  <testcase name="[178] assignmentMultiplicationBigint2, assignmentMultiplicationBigint2 {&#10;\find(#allmodal ( (modal operator))\[{ ..&#10;  #loc = #seAny * #seBigint;&#10;... }\] (post))&#10;\replacewith(update-application(elem-update(#loc (program Variable))(mul(#seAny,#seBigint)),#allmodal(post))) &#10;\heuristics(executeIntegerAssignment)&#10;Choices: (programRules:Java &amp; bigint:on)}&#10;" classname="de.uka.ilkd.key.nparser.TestTacletEquality" time="0.001"/>
  <testcase name="[179] assignmentMultiplicationDouble, assignmentMultiplicationDouble {&#10;\find(#normalassign ( (modal operator))\[{ ..&#10;  #loc = #seDouble0 * #seDouble1;&#10;... }\] (post))&#10;\varcond(\not\isStrictFp, )&#10;\replacewith(update-application(elem-update(#loc (program Variable))(javaMulDouble(#seDouble0,#seDouble1)),#normalassign(post))) &#10;\heuristics(executeFloatAssignment)&#10;Choices: programRules:Java}&#10;" classname="de.uka.ilkd.key.nparser.TestTacletEquality" time="0.0"/>
  <testcase name="[180] assignmentMultiplicationDoubleStrictFP, assignmentMultiplicationDoubleStrictFP {&#10;\find(#normalassign ( (modal operator))\[{ ..&#10;  #loc = #seDouble0 * #seDouble1;&#10;... }\] (post))&#10;\varcond(\isStrictFp, )&#10;\replacewith(update-application(elem-update(#loc (program Variable))(mulDouble(#seDouble0,#seDouble1)),#normalassign(post))) &#10;\heuristics(executeDoubleAssignment)&#10;Choices: programRules:Java}&#10;" classname="de.uka.ilkd.key.nparser.TestTacletEquality" time="0.0"/>
  <testcase name="[181] assignmentMultiplicationFloat, assignmentMultiplicationFloat {&#10;\find(#normalassign ( (modal operator))\[{ ..&#10;  #loc = #seFloat0 * #seFloat1;&#10;... }\] (post))&#10;\varcond(\not\isStrictFp, )&#10;\replacewith(update-application(elem-update(#loc (program Variable))(javaMulFloat(#seFloat0,#seFloat1)),#normalassign(post))) &#10;\heuristics(executeFloatAssignment)&#10;Choices: programRules:Java}&#10;" classname="de.uka.ilkd.key.nparser.TestTacletEquality" time="0.001"/>
  <testcase name="[182] assignmentMultiplicationFloatStrictFP, assignmentMultiplicationFloatStrictFP {&#10;\find(#normalassign ( (modal operator))\[{ ..&#10;  #loc = #seFloat0 * #seFloat1;&#10;... }\] (post))&#10;\varcond(\isStrictFp, )&#10;\replacewith(update-application(elem-update(#loc (program Variable))(mulFloat(#seFloat0,#seFloat1)),#normalassign(post))) &#10;\heuristics(executeFloatAssignment)&#10;Choices: programRules:Java}&#10;" classname="de.uka.ilkd.key.nparser.TestTacletEquality" time="0.004"/>
  <testcase name="[183] assignmentMultiplicationInt, assignmentMultiplicationInt {&#10;\find(#normalassign ( (modal operator))\[{ ..&#10;  #loc = #seCharByteShortInt0 * #seCharByteShortInt1;&#10;... }\] (post))&#10;\replacewith(update-application(elem-update(#loc (program Variable))(javaMulInt(#seCharByteShortInt0,#seCharByteShortInt1)),#normalassign(post))) &#10;\heuristics(executeIntegerAssignment)&#10;Choices: programRules:Java}&#10;" classname="de.uka.ilkd.key.nparser.TestTacletEquality" time="0.001"/>
  <testcase name="[184] assignmentMultiplicationLong, assignmentMultiplicationLong {&#10;\find(#normalassign ( (modal operator))\[{ ..&#10;  #loc = #seCharByteShortInt * #seLong;&#10;... }\] (post))&#10;\replacewith(update-application(elem-update(#loc (program Variable))(javaMulLong(#seCharByteShortInt,#seLong)),#normalassign(post))) &#10;\heuristics(executeIntegerAssignment)&#10;Choices: programRules:Java}&#10;" classname="de.uka.ilkd.key.nparser.TestTacletEquality" time="0.001"/>
  <testcase name="[185] assignmentMultiplicationLong2, assignmentMultiplicationLong2 {&#10;\find(#normalassign ( (modal operator))\[{ ..&#10;  #loc = #seLong * #seCharByteShortInt;&#10;... }\] (post))&#10;\replacewith(update-application(elem-update(#loc (program Variable))(javaMulLong(#seLong,#seCharByteShortInt)),#normalassign(post))) &#10;\heuristics(executeIntegerAssignment)&#10;Choices: programRules:Java}&#10;" classname="de.uka.ilkd.key.nparser.TestTacletEquality" time="0.001"/>
  <testcase name="[186] assignmentMultiplicationLong3, assignmentMultiplicationLong3 {&#10;\find(#normalassign ( (modal operator))\[{ ..&#10;  #loc = #seLong0 * #seLong1;&#10;... }\] (post))&#10;\replacewith(update-application(elem-update(#loc (program Variable))(javaMulLong(#seLong0,#seLong1)),#normalassign(post))) &#10;\heuristics(executeIntegerAssignment)&#10;Choices: programRules:Java}&#10;" classname="de.uka.ilkd.key.nparser.TestTacletEquality" time="0.005"/>
  <testcase name="[187] assignmentShiftLeftInt, assignmentShiftLeftInt {&#10;\find(#normalassign ( (modal operator))\[{ ..&#10;  #loc = #seCharByteShortInt0 &lt;&lt; #se;&#10;... }\] (post))&#10;\replacewith(update-application(elem-update(#loc (program Variable))(javaShiftLeftInt(#seCharByteShortInt0,#se)),#normalassign(post))) &#10;\heuristics(executeIntegerAssignment)&#10;Choices: programRules:Java}&#10;" classname="de.uka.ilkd.key.nparser.TestTacletEquality" time="0.001"/>
  <testcase name="[188] assignmentShiftLeftLong, assignmentShiftLeftLong {&#10;\find(#normalassign ( (modal operator))\[{ ..&#10;  #loc = #seLong0 &lt;&lt; #se;&#10;... }\] (post))&#10;\replacewith(update-application(elem-update(#loc (program Variable))(javaShiftLeftLong(#seLong0,#se)),#normalassign(post))) &#10;\heuristics(executeIntegerAssignment)&#10;Choices: programRules:Java}&#10;" classname="de.uka.ilkd.key.nparser.TestTacletEquality" time="0.001"/>
  <testcase name="[189] assignmentShiftRightInt, assignmentShiftRightInt {&#10;\find(#normalassign ( (modal operator))\[{ ..&#10;  #loc = #seCharByteShortInt0 &gt;&gt; #se;&#10;... }\] (post))&#10;\replacewith(update-application(elem-update(#loc (program Variable))(javaShiftRightInt(#seCharByteShortInt0,#se)),#normalassign(post))) &#10;\heuristics(executeIntegerAssignment)&#10;Choices: programRules:Java}&#10;" classname="de.uka.ilkd.key.nparser.TestTacletEquality" time="0.001"/>
[...]
  <testcase name="[1982] unionIntersectItself_4, unionIntersectItself_4 {&#10;\find(union(union(s,intersect(s2,s1)),s1))&#10;\replacewith(union(s,s1)) &#10;\heuristics(simplify)&#10;Choices: programRules:Java}&#10;" classname="de.uka.ilkd.key.nparser.TestTacletEquality" time="0.001"/>
  <testcase name="[1983] unionIntersectItself_5, unionIntersectItself_5 {&#10;\find(union(union(intersect(s1,s2),s),s1))&#10;\replacewith(union(s,s1)) &#10;\heuristics(simplify)&#10;Choices: programRules:Java}&#10;" classname="de.uka.ilkd.key.nparser.TestTacletEquality" time="0.001"/>
  <testcase name="[1984] unionIntersectItself_6, unionIntersectItself_6 {&#10;\find(union(union(intersect(s2,s1),s),s1))&#10;\replacewith(union(s,s1)) &#10;\heuristics(simplify)&#10;Choices: programRules:Java}&#10;" classname="de.uka.ilkd.key.nparser.TestTacletEquality" time="0.001"/>
  <testcase name="[1985] unionWithAllLocs, unionWithAllLocs {&#10;\find(union(allLocs,s))&#10;\replacewith(allLocs) &#10;\heuristics(concrete)&#10;Choices: programRules:Java}&#10;" classname="de.uka.ilkd.key.nparser.TestTacletEquality" time="0.0"/>
  <testcase name="[1986] unionWithAllLocsRight, unionWithAllLocsRight {&#10;\find(union(s,allLocs))&#10;\replacewith(allLocs) &#10;\heuristics(concrete)&#10;Choices: programRules:Java}&#10;" classname="de.uka.ilkd.key.nparser.TestTacletEquality" time="0.0"/>
  <testcase name="[1987] unionWithEmpty, unionWithEmpty {&#10;\find(union(empty,s))&#10;\replacewith(s) &#10;\heuristics(concrete)&#10;Choices: programRules:Java}&#10;" classname="de.uka.ilkd.key.nparser.TestTacletEquality" time="0.001"/>
  <testcase name="[1988] unionWithEmptyRight, unionWithEmptyRight {&#10;\find(union(s,empty))&#10;\replacewith(s) &#10;\heuristics(concrete)&#10;Choices: programRules:Java}&#10;" classname="de.uka.ilkd.key.nparser.TestTacletEquality" time="0.0"/>
  <testcase name="[1989] unionWithItself, unionWithItself {&#10;\find(union(s,s))&#10;\replacewith(s) &#10;\heuristics(concrete)&#10;Choices: programRules:Java}&#10;" classname="de.uka.ilkd.key.nparser.TestTacletEquality" time="0.0"/>
  <testcase name="[1990] unionWithSingletonEqualsUnionWithSingleton, unionWithSingletonEqualsUnionWithSingleton {&#10;\find(equals(union(s1,singleton(o,f)),union(s2,singleton(o,f))))&#10;\replacewith(equals(setMinus(s1,singleton(o,f)),setMinus(s2,singleton(o,f)))) &#10;\heuristics(simplify)&#10;Choices: programRules:Java}&#10;" classname="de.uka.ilkd.key.nparser.TestTacletEquality" time="0.001"/>
  <testcase name="[1991] unionWithSingletonEqualsUnionWithSingleton_2, unionWithSingletonEqualsUnionWithSingleton_2 {&#10;\find(equals(union(singleton(o,f),s1),union(singleton(o,f),s2)))&#10;\replacewith(equals(setMinus(s1,singleton(o,f)),setMinus(s2,singleton(o,f)))) &#10;\heuristics(simplify)&#10;Choices: programRules:Java}&#10;" classname="de.uka.ilkd.key.nparser.TestTacletEquality" time="0.001"/>
  <testcase name="[1992] unsignedShiftRightJintDef, unsignedShiftRightJintDef {&#10;\find(unsignedshiftrightJint(left,right))&#10;\replacewith(if-then-else(geq(left,Z(0(#))),shiftrightJint(left,right),addJint(shiftrightJint(left,right),shiftleftJint(Z(2(#)),sub(Z(1(3(#))),mod(right,Z(2(3(#))))))))) &#10;\heuristics(simplify_enlarging)&#10;Choices: true}&#10;" classname="de.uka.ilkd.key.nparser.TestTacletEquality" time="0.0"/>
  <testcase name="[1993] unusedLabel, unusedLabel {&#10;\find(#allmodal ( (modal operator))\[{ ..&#10;  #lb:&#10;  #s&#10;... }\] (post))&#10;\varcond(\not\freeLabelIn (#lb,#s), )&#10;\replacewith(#allmodal ( (modal operator))\[{ ..&#10;  #s&#10;... }\] (post)) &#10;\heuristics(simplify_prog)&#10;Choices: programRules:Java}&#10;" classname="de.uka.ilkd.key.nparser.TestTacletEquality" time="0.008"/>
  <testcase name="[1994] unwindLoopScope, unwindLoopScope {&#10;\find(#allmodal ( (modal operator))\[{ ..&#10;  while (#nse) #body&#10;... }\] (post))&#10;\varcond(\new(#x (program Variable), (type, sort): (boolean,boolean)))&#10;\replacewith(#allmodal ( (modal operator))\[{ ..&#10;  boolean #x;&#10;  loop-scope (#x) {&#10;    if (#nse) {&#10;      #body&#10;      continue;&#10;    } else {&#10;      break;&#10;    }&#10;  }&#10;... }\] (and(imp(equals(#x&lt;&lt;loopScopeIndex&gt;&gt;,TRUE),post),imp(equals(#x&lt;&lt;loopScopeIndex&gt;&gt;,FALSE),#allmodal ( (modal operator))\[{ ..&#10;  #reattachLoopInvariant(while (#nse) #body)&#10;...…" classname="de.uka.ilkd.key.nparser.TestTacletEquality" time="0.0"/>
  <testcase name="[1995] variableDeclaration, variableDeclaration {&#10;\find(#allmodal ( (modal operator))\[{ ..&#10;  #t #v0;&#10;... }\] (post))&#10;\addprogvars {#v0 (program Variable)} \replacewith(#allmodal(post)) &#10;\heuristics(simplify_prog_subset, simplify_prog)&#10;Choices: programRules:Java}&#10;" classname="de.uka.ilkd.key.nparser.TestTacletEquality" time="0.008"/>
  <testcase name="[1996] variableDeclarationAssign, variableDeclarationAssign {&#10;\find(#allmodal ( (modal operator))\[{ ..&#10;  #t #v0 = #vi;&#10;... }\] (post))&#10;\replacewith(#allmodal ( (modal operator))\[{ ..&#10;  #t #v0;&#10;  #v0 = #vi;&#10;... }\] (post)) &#10;\heuristics(simplify_prog_subset, simplify_prog)&#10;Choices: programRules:Java}&#10;" classname="de.uka.ilkd.key.nparser.TestTacletEquality" time="0.001"/>
  <testcase name="[1997] variableDeclarationFinal, variableDeclarationFinal {&#10;\find(#allmodal ( (modal operator))\[{ ..&#10;  final #t #v0;&#10;... }\] (post))&#10;\addprogvars {#v0 (program Variable)} \replacewith(#allmodal(post)) &#10;\heuristics(simplify_prog_subset, simplify_prog)&#10;Choices: programRules:Java}&#10;" classname="de.uka.ilkd.key.nparser.TestTacletEquality" time="0.0"/>
  <testcase name="[1998] variableDeclarationFinalAssign, variableDeclarationFinalAssign {&#10;\find(#allmodal ( (modal operator))\[{ ..&#10;  final #t #v0 = #vi;&#10;... }\] (post))&#10;\replacewith(#allmodal ( (modal operator))\[{ ..&#10;  final #t #v0;&#10;  #v0 = #vi;&#10;... }\] (post)) &#10;\heuristics(simplify_prog_subset, simplify_prog)&#10;Choices: programRules:Java}&#10;" classname="de.uka.ilkd.key.nparser.TestTacletEquality" time="0.0"/>
  <testcase name="[1999] variableDeclarationGhost, variableDeclarationGhost {&#10;\find(#allmodal ( (modal operator))\[{ ..&#10;  ghost #t #v0;&#10;... }\] (post))&#10;\addprogvars {#v0 (program Variable)} \replacewith(#allmodal(post)) &#10;\heuristics(simplify_prog_subset, simplify_prog)&#10;Choices: programRules:Java}&#10;" classname="de.uka.ilkd.key.nparser.TestTacletEquality" time="0.0"/>
  <testcase name="[2000] variableDeclarationGhostAssign, variableDeclarationGhostAssign {&#10;\find(#allmodal ( (modal operator))\[{ ..&#10;  ghost #t #v0 = #vi;&#10;... }\] (post))&#10;\replacewith(#allmodal ( (modal operator))\[{ ..&#10;  ghost #t #v0;&#10;  #v0 = #vi;&#10;... }\] (post)) &#10;\heuristics(simplify_prog_subset, simplify_prog)&#10;Choices: programRules:Java}&#10;" classname="de.uka.ilkd.key.nparser.TestTacletEquality" time="0.001"/>
  <testcase name="[2001] variableDeclarationMult, variableDeclarationMult {&#10;\find(#allmodal ( (modal operator))\[{ ..&#10;  #multvardecl&#10;... }\] (post))&#10;\replacewith(#allmodal ( (modal operator))\[{ ..&#10;  multiple-var-decl(#multvardecl)&#10;... }\] (post)) &#10;\heuristics(simplify_prog_subset, simplify_prog)&#10;Choices: programRules:Java}&#10;" classname="de.uka.ilkd.key.nparser.TestTacletEquality" time="0.001"/>
  <testcase name="[2002] wellFormedAnon, wellFormedAnon {&#10;\find(wellFormed(anon(h,s,h2)))&#10;\succedentPolarity\replacewith(and(wellFormed(h),wellFormed(h2))) &#10;\heuristics(concrete)&#10;Choices: programRules:Java}&#10;" classname="de.uka.ilkd.key.nparser.TestTacletEquality" time="0.0"/>
  <testcase name="[2003] wellFormedAnonEQ, wellFormedAnonEQ {&#10;\assumes ([equals(anon(h,s,h2),EQ)]==&gt;[]) &#10;\find(wellFormed(EQ))&#10;\sameUpdateLevel\succedentPolarity\replacewith(and(wellFormed(h),wellFormed(h2))) &#10;\heuristics(concrete)&#10;Choices: programRules:Java}&#10;" classname="de.uka.ilkd.key.nparser.TestTacletEquality" time="0.001"/>
  <testcase name="[2004] wellFormedCreate, wellFormedCreate {&#10;\find(wellFormed(create(h,o)))&#10;\succedentPolarity\replacewith(wellFormed(h)) &#10;\heuristics(concrete)&#10;Choices: programRules:Java}&#10;" classname="de.uka.ilkd.key.nparser.TestTacletEquality" time="0.001"/>
  <testcase name="[2005] wellFormedMemsetArrayObject, wellFormedMemsetArrayObject {&#10;\find(wellFormed(memset(h,arrayRange(ar,lo,up),x)))&#10;\succedentPolarity\varcond(\hasSort(\elemSort(ar (java.lang.Object term)), alpha), )&#10;\replacewith(and(wellFormed(h),or(equals(x,null),and(equals(boolean::select(h,x,java.lang.Object::&lt;created&gt;),TRUE),arrayStoreValid(ar,x))))) &#10;\heuristics(simplify_enlarging)&#10;Choices: programRules:Java}&#10;" classname="de.uka.ilkd.key.nparser.TestTacletEquality" time="0.0"/>
  <testcase name="[2006] wellFormedMemsetArrayPrimitive, wellFormedMemsetArrayPrimitive {&#10;\find(wellFormed(memset(h,arrayRange(ar,lo,up),x)))&#10;\succedentPolarity\varcond(\hasSort(\elemSort(ar (java.lang.Object term)), alpha), \not\sub(beta, java.lang.Object), \not\sub(beta, LocSet), \sub(beta, alpha), )&#10;\replacewith(wellFormed(h)) &#10;\heuristics(simplify_enlarging)&#10;Choices: programRules:Java}&#10;" classname="de.uka.ilkd.key.nparser.TestTacletEquality" time="0.0"/>
  <testcase name="[2007] wellFormedStoreArray, wellFormedStoreArray {&#10;\find(wellFormed(store(h,o,arr(idx),x)))&#10;\succedentPolarity\varcond(\hasSort(\elemSort(o (java.lang.Object term)), alpha), )&#10;\replacewith(and(wellFormed(h),or(equals(x,null),and(equals(boolean::select(h,x,java.lang.Object::&lt;created&gt;),TRUE),arrayStoreValid(o,x))))) &#10;\heuristics(simplify_enlarging)&#10;Choices: programRules:Java}&#10;" classname="de.uka.ilkd.key.nparser.TestTacletEquality" time="0.001"/>
  <testcase name="[2008] wellFormedStoreLocSet, wellFormedStoreLocSet {&#10;\find(wellFormed(store(h,o,f,x)))&#10;\succedentPolarity\varcond(\fieldType(f (Field term), alpha), \sub(LocSet, alpha), )&#10;\replacewith(and(wellFormed(h),createdInHeap(x,h))) &#10;\heuristics(simplify_enlarging)&#10;Choices: programRules:Java}&#10;" classname="de.uka.ilkd.key.nparser.TestTacletEquality" time="0.0"/>
  <testcase name="[2009] wellFormedStoreLocSetEQ, wellFormedStoreLocSetEQ {&#10;\assumes ([equals(store(h,o,f,x),EQ)]==&gt;[]) &#10;\find(wellFormed(EQ))&#10;\sameUpdateLevel\succedentPolarity\replacewith(and(wellFormed(h),createdInHeap(x,h))) &#10;\heuristics(simplify_enlarging)&#10;Choices: programRules:Java}&#10;" classname="de.uka.ilkd.key.nparser.TestTacletEquality" time="0.0"/>
  <testcase name="[2010] wellFormedStoreObject, wellFormedStoreObject {&#10;\find(wellFormed(store(h,o,f,x)))&#10;\succedentPolarity\varcond(\fieldType(f (Field term), alpha), )&#10;\replacewith(and(wellFormed(h),or(equals(x,null),and(equals(boolean::select(h,x,java.lang.Object::&lt;created&gt;),TRUE),equals(alpha::instance(x),TRUE))))) &#10;\heuristics(simplify_enlarging)&#10;Choices: programRules:Java}&#10;" classname="de.uka.ilkd.key.nparser.TestTacletEquality" time="0.001"/>
  <testcase name="[2011] wellFormedStoreObjectEQ, wellFormedStoreObjectEQ {&#10;\assumes ([equals(store(h,o,f,x),EQ)]==&gt;[]) &#10;\find(wellFormed(EQ))&#10;\sameUpdateLevel\succedentPolarity\varcond(\fieldType(f (Field term), alpha), )&#10;\replacewith(and(wellFormed(h),or(equals(x,null),and(equals(boolean::select(h,x,java.lang.Object::&lt;created&gt;),TRUE),equals(alpha::instance(x),TRUE))))) &#10;\heuristics(simplify_enlarging)&#10;Choices: programRules:Java}&#10;" classname="de.uka.ilkd.key.nparser.TestTacletEquality" time="0.0"/>
  <testcase name="[2012] wellFormedStorePrimitive, wellFormedStorePrimitive {&#10;\find(wellFormed(store(h,o,f,x)))&#10;\succedentPolarity\varcond(\fieldType(f (Field term), alpha), \not\sub(beta, java.lang.Object), \not\sub(beta, LocSet), \sub(beta, alpha), )&#10;\replacewith(wellFormed(h)) &#10;\heuristics(concrete)&#10;Choices: programRules:Java}&#10;" classname="de.uka.ilkd.key.nparser.TestTacletEquality" time="0.006"/>
  <testcase name="[2013] wellFormedStorePrimitiveArray, wellFormedStorePrimitiveArray {&#10;\find(wellFormed(store(h,o,arr(idx),x)))&#10;\succedentPolarity\varcond(\hasSort(\elemSort(o (java.lang.Object term)), alpha), \not\sub(beta, java.lang.Object), \not\sub(beta, LocSet), \sub(beta, alpha), )&#10;\replacewith(wellFormed(h)) &#10;\heuristics(concrete)&#10;Choices: programRules:Java}&#10;" classname="de.uka.ilkd.key.nparser.TestTacletEquality" time="0.0"/>
  <testcase name="[2014] wellFormedStorePrimitiveEQ, wellFormedStorePrimitiveEQ {&#10;\assumes ([equals(store(h,o,f,x),EQ)]==&gt;[]) &#10;\find(wellFormed(EQ))&#10;\sameUpdateLevel\succedentPolarity\varcond(\not\sub(beta, java.lang.Object), \not\sub(beta, LocSet), )&#10;\replacewith(wellFormed(h)) &#10;\heuristics(concrete)&#10;Choices: programRules:Java}&#10;" classname="de.uka.ilkd.key.nparser.TestTacletEquality" time="0.0"/>
  <testcase name="[2015] wideningCastIntToFloat, wideningCastIntToFloat {&#10;\find(#normalassign ( (modal operator))\[{ ..&#10;  #loc = (float) #seCharByteShortInt;&#10;... }\] (post))&#10;\replacewith(update-application(elem-update(#loc (program Variable))(float::cast(#seCharByteShortInt)),#normalassign(post))) &#10;\heuristics(executeFloatAssignment)&#10;Choices: programRules:Java}&#10;" classname="de.uka.ilkd.key.nparser.TestTacletEquality" time="0.0"/>
  <testcase name="[2016] wideningCastLongToFloat, wideningCastLongToFloat {&#10;\find(#normalassign ( (modal operator))\[{ ..&#10;  #loc = (float) #seLong;&#10;... }\] (post))&#10;\replacewith(update-application(elem-update(#loc (program Variable))(float::cast(#seLong)),#normalassign(post))) &#10;\heuristics(executeFloatAssignment)&#10;Choices: programRules:Java}&#10;" classname="de.uka.ilkd.key.nparser.TestTacletEquality" time="0.001"/>
  <testcase name="[2017] widening_identity_cast_1, widening_identity_cast_1 {&#10;\find(#allmodal ( (modal operator))\[{ ..&#10;  #lhs = (byte) #seByte;&#10;... }\] (post))&#10;\replacewith(#allmodal ( (modal operator))\[{ ..&#10;  #lhs = #seByte;&#10;... }\] (post)) &#10;\heuristics(simplify_expression)&#10;Choices: programRules:Java}&#10;" classname="de.uka.ilkd.key.nparser.TestTacletEquality" time="0.0"/>
  <testcase name="[2018] widening_identity_cast_10, widening_identity_cast_10 {&#10;\find(#allmodal ( (modal operator))\[{ ..&#10;  #lhs = (long) #seByteShortInt;&#10;... }\] (post))&#10;\replacewith(#allmodal ( (modal operator))\[{ ..&#10;  #lhs = #seByteShortInt;&#10;... }\] (post)) &#10;\heuristics(simplify_expression)&#10;Choices: programRules:Java}&#10;" classname="de.uka.ilkd.key.nparser.TestTacletEquality" time="0.0"/>
  <testcase name="[2019] widening_identity_cast_11, widening_identity_cast_11 {&#10;\find(#allmodal ( (modal operator))\[{ ..&#10;  #lhs = (long) #seLong;&#10;... }\] (post))&#10;\replacewith(#allmodal ( (modal operator))\[{ ..&#10;  #lhs = #seLong;&#10;... }\] (post)) &#10;\heuristics(simplify_expression)&#10;Choices: programRules:Java}&#10;" classname="de.uka.ilkd.key.nparser.TestTacletEquality" time="0.0"/>
  <testcase name="[2020] widening_identity_cast_12, widening_identity_cast_12 {&#10;\find(#allmodal ( (modal operator))\[{ ..&#10;  #lhs = (int) #seChar;&#10;... }\] (post))&#10;\replacewith(#allmodal ( (modal operator))\[{ ..&#10;  #lhs = #seChar;&#10;... }\] (post)) &#10;\heuristics(simplify_expression)&#10;Choices: programRules:Java}&#10;" classname="de.uka.ilkd.key.nparser.TestTacletEquality" time="0.004"/>
  <testcase name="[2021] widening_identity_cast_13, widening_identity_cast_13 {&#10;\find(#allmodal ( (modal operator))\[{ ..&#10;  #lhs = (long) #seChar;&#10;... }\] (post))&#10;\replacewith(#allmodal ( (modal operator))\[{ ..&#10;  #lhs = #seChar;&#10;... }\] (post)) &#10;\heuristics(simplify_expression)&#10;Choices: programRules:Java}&#10;" classname="de.uka.ilkd.key.nparser.TestTacletEquality" time="0.001"/>
  <testcase name="[2022] widening_identity_cast_2, widening_identity_cast_2 {&#10;\find(#allmodal ( (modal operator))\[{ ..&#10;  #lhs = (short) #seByte;&#10;... }\] (post))&#10;\replacewith(#allmodal ( (modal operator))\[{ ..&#10;  #lhs = #seByte;&#10;... }\] (post)) &#10;\heuristics(simplify_expression)&#10;Choices: programRules:Java}&#10;" classname="de.uka.ilkd.key.nparser.TestTacletEquality" time="0.0"/>
  <testcase name="[2023] widening_identity_cast_3, widening_identity_cast_3 {&#10;\find(#allmodal ( (modal operator))\[{ ..&#10;  #lhs = (char) #seChar;&#10;... }\] (post))&#10;\replacewith(#allmodal ( (modal operator))\[{ ..&#10;  #lhs = #seChar;&#10;... }\] (post)) &#10;\heuristics(simplify_expression)&#10;Choices: programRules:Java}&#10;" classname="de.uka.ilkd.key.nparser.TestTacletEquality" time="0.0"/>
  <testcase name="[2024] widening_identity_cast_4, widening_identity_cast_4 {&#10;\find(#allmodal ( (modal operator))\[{ ..&#10;  #lhs = (short) #seShort;&#10;... }\] (post))&#10;\replacewith(#allmodal ( (modal operator))\[{ ..&#10;  #lhs = #seShort;&#10;... }\] (post)) &#10;\heuristics(simplify_expression)&#10;Choices: programRules:Java}&#10;" classname="de.uka.ilkd.key.nparser.TestTacletEquality" time="0.0"/>
  <testcase name="[2025] widening_identity_cast_5, widening_identity_cast_5 {&#10;\find(#allmodal ( (modal operator))\[{ ..&#10;  #lhs = (int) #seByteShortInt;&#10;... }\] (post))&#10;\replacewith(#allmodal ( (modal operator))\[{ ..&#10;  #lhs = #seByteShortInt;&#10;... }\] (post)) &#10;\heuristics(simplify_expression)&#10;Choices: programRules:Java}&#10;" classname="de.uka.ilkd.key.nparser.TestTacletEquality" time="0.007"/>
  <testcase name="[2026] widening_identity_cast_bigint, widening_identity_cast_bigint {&#10;\find(#allmodal ( (modal operator))\[{ ..&#10;  #lhs = (\bigint) #seAny;&#10;... }\] (post))&#10;\replacewith(#allmodal ( (modal operator))\[{ ..&#10;  #lhs = #seAny;&#10;... }\] (post)) &#10;\heuristics(simplify_expression)&#10;Choices: (programRules:Java &amp; bigint:on)}&#10;" classname="de.uka.ilkd.key.nparser.TestTacletEquality" time="0.0"/>
  <testcase name="[2027] writePermission, writePermission {&#10;\find(writePermission(p))&#10;\replacewith(writePermissionObject(currentThread,p)) &#10;\heuristics(simplify_enlarging)&#10;Choices: true}&#10;" classname="de.uka.ilkd.key.nparser.TestTacletEquality" time="0.0"/>
  <testcase name="[2028] writePermissionObject, writePermissionObject {&#10;\find(writePermissionObject(o,p))&#10;\replacewith(true) &#10;\heuristics(concrete)&#10;Choices: permissions:off}&#10;" classname="de.uka.ilkd.key.nparser.TestTacletEquality" time="0.0"/>
  <testcase name="[2029] xorJIntDef, xorJIntDef {&#10;\find(xorJint(left,right))&#10;\replacewith(moduloInt(binaryXOr(left,right))) &#10;\heuristics(simplify)&#10;Choices: true}&#10;" classname="de.uka.ilkd.key.nparser.TestTacletEquality" time="0.0"/>
  <testcase name="[2030] zadd_left_cancel0, zadd_left_cancel0 {&#10;\find(equals(i0,add(i0,i1)))&#10;\replacewith(equals(i1,Z(0(#)))) &#10;Choices: true}&#10;" classname="de.uka.ilkd.key.nparser.TestTacletEquality" time="0.001"/>
  <testcase name="[2031] zero_leq_mult_iff, zero_leq_mult_iff {&#10;\find(leq(Z(0(#)),mul(i0,i1)))&#10;\replacewith(or(and(leq(Z(0(#)),i0),leq(Z(0(#)),i1)),and(leq(i0,Z(0(#))),leq(i1,Z(0(#)))))) &#10;Choices: true}&#10;" classname="de.uka.ilkd.key.nparser.TestTacletEquality" time="0.0"/>
  <testcase name="[2032] zero_less_mult_iff, zero_less_mult_iff {&#10;\find(lt(Z(0(#)),mul(i0,i1)))&#10;\replacewith(or(and(lt(Z(0(#)),i0),lt(Z(0(#)),i1)),and(lt(i0,Z(0(#))),lt(i1,Z(0(#)))))) &#10;Choices: true}&#10;" classname="de.uka.ilkd.key.nparser.TestTacletEquality" time="0.0"/>
  <system-out><![CDATA[]]></system-out>
  <system-err><![CDATA[]]></system-err>
</testsuite>
