<?xml version="1.0" encoding="UTF-8"?>
<testsuite name="de.uka.ilkd.key.proof.proverules.ProveRulesTest" tests="198" skipped="0" failures="1" errors="0" timestamp="2023-04-18T14:33:47" hostname="fv-az166-556" time="756.859">
  <properties/>
  <testcase name="eqTermCut" classname="de.uka.ilkd.key.proof.proverules.ProveRulesTest" time="4.463"/>
  <testcase name="equivAllRight" classname="de.uka.ilkd.key.proof.proverules.ProveRulesTest" time="4.234"/>
  <testcase name="irrflConcrete1" classname="de.uka.ilkd.key.proof.proverules.ProveRulesTest" time="4.295"/>
  <testcase name="irrflConcrete2" classname="de.uka.ilkd.key.proof.proverules.ProveRulesTest" time="4.018"/>
  <testcase name="cancel_gtPos" classname="de.uka.ilkd.key.proof.proverules.ProveRulesTest" time="3.896"/>
  <testcase name="cancel_gtNeg" classname="de.uka.ilkd.key.proof.proverules.ProveRulesTest" time="3.863"/>
  <testcase name="moduloIntIsInInt" classname="de.uka.ilkd.key.proof.proverules.ProveRulesTest" time="3.832"/>
  <testcase name="moduloLongIsInLong" classname="de.uka.ilkd.key.proof.proverules.ProveRulesTest" time="3.812"/>
  <testcase name="moduloShortIsInShort" classname="de.uka.ilkd.key.proof.proverules.ProveRulesTest" time="3.846"/>
  <testcase name="moduloByteIsInByte" classname="de.uka.ilkd.key.proof.proverules.ProveRulesTest" time="3.847"/>
  <testcase name="moduloCharIsInChar" classname="de.uka.ilkd.key.proof.proverules.ProveRulesTest" time="3.938"/>
  <testcase name="div_unique1" classname="de.uka.ilkd.key.proof.proverules.ProveRulesTest" time="3.848"/>
  <testcase name="div_unique2" classname="de.uka.ilkd.key.proof.proverules.ProveRulesTest" time="3.947"/>
  <testcase name="div_exists" classname="de.uka.ilkd.key.proof.proverules.ProveRulesTest" time="3.982"/>
  <testcase name="div_one" classname="de.uka.ilkd.key.proof.proverules.ProveRulesTest" time="3.779"/>
  <testcase name="jdiv_one" classname="de.uka.ilkd.key.proof.proverules.ProveRulesTest" time="3.947"/>
  <testcase name="div_zero" classname="de.uka.ilkd.key.proof.proverules.ProveRulesTest" time="3.859"/>
  <testcase name="divResZero1" classname="de.uka.ilkd.key.proof.proverules.ProveRulesTest" time="3.909"/>
  <testcase name="divResZero2" classname="de.uka.ilkd.key.proof.proverules.ProveRulesTest" time="3.917"/>
  <testcase name="divResOne1" classname="de.uka.ilkd.key.proof.proverules.ProveRulesTest" time="3.989"/>
  <testcase name="divResOne2" classname="de.uka.ilkd.key.proof.proverules.ProveRulesTest" time="4.074"/>
  <testcase name="div_cancel1" classname="de.uka.ilkd.key.proof.proverules.ProveRulesTest" time="3.857"/>
  <testcase name="div_cancel2" classname="de.uka.ilkd.key.proof.proverules.ProveRulesTest" time="3.784"/>
  <testcase name="divAddMultDenom" classname="de.uka.ilkd.key.proof.proverules.ProveRulesTest" time="3.745"/>
  <testcase name="divMinus" classname="de.uka.ilkd.key.proof.proverules.ProveRulesTest" time="3.754"/>
  <testcase name="divMinusDenom" classname="de.uka.ilkd.key.proof.proverules.ProveRulesTest" time="3.77"/>
  <testcase name="divLeastDPos" classname="de.uka.ilkd.key.proof.proverules.ProveRulesTest" time="3.815"/>
  <testcase name="divLeastDNeg" classname="de.uka.ilkd.key.proof.proverules.ProveRulesTest" time="3.769"/>
  <testcase name="divGreatestDPos" classname="de.uka.ilkd.key.proof.proverules.ProveRulesTest" time="3.721"/>
  <testcase name="divGreatestDNeg" classname="de.uka.ilkd.key.proof.proverules.ProveRulesTest" time="3.712"/>
  <testcase name="divIncreasingPos" classname="de.uka.ilkd.key.proof.proverules.ProveRulesTest" time="3.731"/>
  <testcase name="divIncreasingNeg" classname="de.uka.ilkd.key.proof.proverules.ProveRulesTest" time="3.846"/>
  <testcase name="jdiv_zero" classname="de.uka.ilkd.key.proof.proverules.ProveRulesTest" time="3.776"/>
  <testcase name="jdivPulloutMinusNum" classname="de.uka.ilkd.key.proof.proverules.ProveRulesTest" time="3.856"/>
  <testcase name="jdivPulloutMinusDenom" classname="de.uka.ilkd.key.proof.proverules.ProveRulesTest" time="3.813"/>
  <testcase name="jdiv_uniquePosPos" classname="de.uka.ilkd.key.proof.proverules.ProveRulesTest" time="3.782"/>
  <testcase name="jdiv_uniquePosNeg" classname="de.uka.ilkd.key.proof.proverules.ProveRulesTest" time="3.958"/>
  <testcase name="jdiv_uniqueNegPos" classname="de.uka.ilkd.key.proof.proverules.ProveRulesTest" time="3.81"/>
  <testcase name="jdiv_uniqueNegNeg" classname="de.uka.ilkd.key.proof.proverules.ProveRulesTest" time="3.851"/>
  <testcase name="jdivMultDenom1" classname="de.uka.ilkd.key.proof.proverules.ProveRulesTest" time="3.784"/>
  <testcase name="jdivMultDenom2" classname="de.uka.ilkd.key.proof.proverules.ProveRulesTest" time="3.759"/>
  <testcase name="mod_geZero" classname="de.uka.ilkd.key.proof.proverules.ProveRulesTest" time="3.786"/>
  <testcase name="mod_lessDenom" classname="de.uka.ilkd.key.proof.proverules.ProveRulesTest" time="3.88"/>
  <testcase name="jmod_NumPos" classname="de.uka.ilkd.key.proof.proverules.ProveRulesTest" time="3.751"/>
  <testcase name="jmod_NumNeg" classname="de.uka.ilkd.key.proof.proverules.ProveRulesTest" time="3.714"/>
  <testcase name="jmod_geZero" classname="de.uka.ilkd.key.proof.proverules.ProveRulesTest" time="3.658"/>
  <testcase name="jmodNumZero" classname="de.uka.ilkd.key.proof.proverules.ProveRulesTest" time="3.76"/>
  <testcase name="jmod_pulloutminusNum" classname="de.uka.ilkd.key.proof.proverules.ProveRulesTest" time="3.655"/>
  <testcase name="jmod_pulloutminusDenom" classname="de.uka.ilkd.key.proof.proverules.ProveRulesTest" time="3.665"/>
  <testcase name="jmodUnique1" classname="de.uka.ilkd.key.proof.proverules.ProveRulesTest" time="3.933"/>
  <testcase name="jmodUnique2" classname="de.uka.ilkd.key.proof.proverules.ProveRulesTest" time="3.892"/>
  <testcase name="intDivRem" classname="de.uka.ilkd.key.proof.proverules.ProveRulesTest" time="3.712"/>
  <testcase name="jmodjmod" classname="de.uka.ilkd.key.proof.proverules.ProveRulesTest" time="3.776"/>
  <testcase name="jmodDivisible" classname="de.uka.ilkd.key.proof.proverules.ProveRulesTest" time="3.696"/>
  <testcase name="jmodDivisibleRep" classname="de.uka.ilkd.key.proof.proverules.ProveRulesTest" time="3.677"/>
  <testcase name="jdivAddMultDenom" classname="de.uka.ilkd.key.proof.proverules.ProveRulesTest" time="3.893"/>
  <testcase name="jmodAltZero" classname="de.uka.ilkd.key.proof.proverules.ProveRulesTest" time="3.74"/>
  <testcase name="jmodAddMultDenomZero" classname="de.uka.ilkd.key.proof.proverules.ProveRulesTest" time="3.774"/>
  <testcase name="polyDiv_zero" classname="de.uka.ilkd.key.proof.proverules.ProveRulesTest" time="3.781"/>
  <testcase name="polyMod_ltdivDenom" classname="de.uka.ilkd.key.proof.proverules.ProveRulesTest" time="3.66"/>
  <testcase name="bsum_empty" classname="de.uka.ilkd.key.proof.proverules.ProveRulesTest" time="3.745"/>
  <testcase name="bsum_induction_upper" classname="de.uka.ilkd.key.proof.proverules.ProveRulesTest" time="3.66"/>
  <testcase name="bsum_induction_lower" classname="de.uka.ilkd.key.proof.proverules.ProveRulesTest" time="3.632"/>
  <testcase name="bsum_num_of_bounds" classname="de.uka.ilkd.key.proof.proverules.ProveRulesTest" time="3.698"/>
  <testcase name="bsum_num_of_bounds2" classname="de.uka.ilkd.key.proof.proverules.ProveRulesTest" time="3.642"/>
  <testcase name="bsum_induction_upper2" classname="de.uka.ilkd.key.proof.proverules.ProveRulesTest" time="3.69"/>
  <testcase name="bsum_induction_upper_concrete" classname="de.uka.ilkd.key.proof.proverules.ProveRulesTest" time="3.78"/>
  <testcase name="bsum_induction_upper_concrete_2" classname="de.uka.ilkd.key.proof.proverules.ProveRulesTest" time="3.722"/>
  <testcase name="bsum_induction_upper2_concrete" classname="de.uka.ilkd.key.proof.proverules.ProveRulesTest" time="3.763"/>
  <testcase name="bsum_induction_lower_concrete" classname="de.uka.ilkd.key.proof.proverules.ProveRulesTest" time="3.751"/>
  <testcase name="bsum_induction_lower2" classname="de.uka.ilkd.key.proof.proverules.ProveRulesTest" time="3.681"/>
  <testcase name="bsum_induction_lower2_concrete" classname="de.uka.ilkd.key.proof.proverules.ProveRulesTest" time="3.687"/>
  <testcase name="bsum_positive" classname="de.uka.ilkd.key.proof.proverules.ProveRulesTest" time="3.799"/>
  <testcase name="bsum_upper_bound" classname="de.uka.ilkd.key.proof.proverules.ProveRulesTest" time="3.712"/>
  <testcase name="bsum_lower_bound" classname="de.uka.ilkd.key.proof.proverules.ProveRulesTest" time="3.821"/>
  <testcase name="bsum_positive_lower_bound_element" classname="de.uka.ilkd.key.proof.proverules.ProveRulesTest" time="3.807"/>
  <testcase name="bsum_sub_same_index" classname="de.uka.ilkd.key.proof.proverules.ProveRulesTest" time="3.64"/>
  <testcase name="bsum_less_same_index" classname="de.uka.ilkd.key.proof.proverules.ProveRulesTest" time="3.68"/>
  <testcase name="bsum_equal_except_one_index" classname="de.uka.ilkd.key.proof.proverules.ProveRulesTest" time="3.706"/>
  <testcase name="bsum_num_of_is_max" classname="de.uka.ilkd.key.proof.proverules.ProveRulesTest" time="3.696"/>
  <testcase name="bsum_num_of_is_max2" classname="de.uka.ilkd.key.proof.proverules.ProveRulesTest" time="3.652"/>
  <testcase name="bsum_num_of_is_max3" classname="de.uka.ilkd.key.proof.proverules.ProveRulesTest" time="3.811"/>
  <testcase name="bsum_num_of_is_max4" classname="de.uka.ilkd.key.proof.proverules.ProveRulesTest" time="3.703"/>
  <testcase name="bsum_num_of_lt_max" classname="de.uka.ilkd.key.proof.proverules.ProveRulesTest" time="3.767"/>
  <testcase name="bsum_num_of_lt_max2" classname="de.uka.ilkd.key.proof.proverules.ProveRulesTest" time="3.798"/>
  <testcase name="bsum_num_of_lt_max3" classname="de.uka.ilkd.key.proof.proverules.ProveRulesTest" time="3.789"/>
  <testcase name="bsum_num_of_lt_max4" classname="de.uka.ilkd.key.proof.proverules.ProveRulesTest" time="3.743"/>
  <testcase name="bsum_num_of_gt0" classname="de.uka.ilkd.key.proof.proverules.ProveRulesTest" time="3.663"/>
  <testcase name="bsum_num_of_gt0_alt" classname="de.uka.ilkd.key.proof.proverules.ProveRulesTest" time="3.666"/>
  <testcase name="bsum_add_concrete" classname="de.uka.ilkd.key.proof.proverules.ProveRulesTest" time="3.644"/>
  <testcase name="bprod_all_positive" classname="de.uka.ilkd.key.proof.proverules.ProveRulesTest" time="3.687"/>
  <testcase name="bprod_split" classname="de.uka.ilkd.key.proof.proverules.ProveRulesTest" time="3.661"/>
  <testcase name="powConcrete0" classname="de.uka.ilkd.key.proof.proverules.ProveRulesTest" time="3.798"/>
  <testcase name="powConcrete1" classname="de.uka.ilkd.key.proof.proverules.ProveRulesTest" time="3.669"/>
  <testcase name="powSplitFactor" classname="de.uka.ilkd.key.proof.proverules.ProveRulesTest" time="3.678"/>
  <testcase name="powAdd" classname="de.uka.ilkd.key.proof.proverules.ProveRulesTest" time="3.689"/>
  <testcase name="powMono" classname="de.uka.ilkd.key.proof.proverules.ProveRulesTest" time="3.793"/>
  <testcase name="powMonoConcrete" classname="de.uka.ilkd.key.proof.proverules.ProveRulesTest" time="3.83"/>
  <testcase name="powMonoConcreteRight" classname="de.uka.ilkd.key.proof.proverules.ProveRulesTest" time="3.863"/>
  <testcase name="powPositive" classname="de.uka.ilkd.key.proof.proverules.ProveRulesTest" time="3.903"/>
  <testcase name="powPositiveConcrete" classname="de.uka.ilkd.key.proof.proverules.ProveRulesTest" time="3.821"/>
  <testcase name="powGeq1Concrete" classname="de.uka.ilkd.key.proof.proverules.ProveRulesTest" time="3.725"/>
  <testcase name="pow2InIntLower" classname="de.uka.ilkd.key.proof.proverules.ProveRulesTest" time="3.675"/>
  <testcase name="pow2InIntUpper" classname="de.uka.ilkd.key.proof.proverules.ProveRulesTest" time="3.681"/>
  <testcase name="logSelfConcrete" classname="de.uka.ilkd.key.proof.proverules.ProveRulesTest" time="3.717"/>
  <testcase name="log1Concrete" classname="de.uka.ilkd.key.proof.proverules.ProveRulesTest" time="3.672"/>
  <testcase name="logProduct" classname="de.uka.ilkd.key.proof.proverules.ProveRulesTest" time="3.732"/>
  <testcase name="logTimesBaseConcrete" classname="de.uka.ilkd.key.proof.proverules.ProveRulesTest" time="3.737"/>
  <testcase name="logProdIdentity" classname="de.uka.ilkd.key.proof.proverules.ProveRulesTest" time="3.629"/>
  <testcase name="logProdIdentityConcrete" classname="de.uka.ilkd.key.proof.proverules.ProveRulesTest" time="3.848"/>
  <testcase name="logPowIdentity" classname="de.uka.ilkd.key.proof.proverules.ProveRulesTest" time="3.705"/>
  <testcase name="logPowIdentityConcrete" classname="de.uka.ilkd.key.proof.proverules.ProveRulesTest" time="3.708"/>
  <testcase name="logPositive" classname="de.uka.ilkd.key.proof.proverules.ProveRulesTest" time="3.685"/>
  <testcase name="logPositiveConcrete" classname="de.uka.ilkd.key.proof.proverules.ProveRulesTest" time="3.689"/>
  <testcase name="logMono" classname="de.uka.ilkd.key.proof.proverules.ProveRulesTest" time="3.754"/>
  <testcase name="logMonoConcrete" classname="de.uka.ilkd.key.proof.proverules.ProveRulesTest" time="3.753"/>
  <testcase name="powLogLess" classname="de.uka.ilkd.key.proof.proverules.ProveRulesTest" time="3.731"/>
  <testcase name="powLogMore2" classname="de.uka.ilkd.key.proof.proverules.ProveRulesTest" time="3.719"/>
  <testcase name="logLessThanPow" classname="de.uka.ilkd.key.proof.proverules.ProveRulesTest" time="3.725"/>
  <testcase name="logLessThanPowConcrete" classname="de.uka.ilkd.key.proof.proverules.ProveRulesTest" time="3.674"/>
  <testcase name="logSqueeze" classname="de.uka.ilkd.key.proof.proverules.ProveRulesTest" time="3.722"/>
  <testcase name="ifthenelse_equals" classname="de.uka.ilkd.key.proof.proverules.ProveRulesTest" time="3.644"/>
  <testcase name="ifthenelse_equals_1" classname="de.uka.ilkd.key.proof.proverules.ProveRulesTest" time="3.73"/>
  <testcase name="ifthenelse_equals_2" classname="de.uka.ilkd.key.proof.proverules.ProveRulesTest" time="3.781"/>
  <testcase name="disjointWithSingleton1" classname="de.uka.ilkd.key.proof.proverules.ProveRulesTest" time="3.877"/>
  <testcase name="disjointWithSingleton2" classname="de.uka.ilkd.key.proof.proverules.ProveRulesTest" time="3.738"/>
  <testcase name="disjointArrayRanges" classname="de.uka.ilkd.key.proof.proverules.ProveRulesTest" time="3.752"/>
  <testcase name="disjointArrayRangeAllFields1" classname="de.uka.ilkd.key.proof.proverules.ProveRulesTest" time="3.693"/>
  <testcase name="disjointArrayRangeAllFields2" classname="de.uka.ilkd.key.proof.proverules.ProveRulesTest" time="3.675"/>
  <testcase name="seqSelfDefinition" classname="de.uka.ilkd.key.proof.proverules.ProveRulesTest" time="3.776"/>
  <testcase name="seqOutsideValue" classname="de.uka.ilkd.key.proof.proverules.ProveRulesTest" time="3.827"/>
  <testcase name="castedGetAny" classname="de.uka.ilkd.key.proof.proverules.ProveRulesTest" time="3.928"/>
  <testcase name="seqGetAlphaCast" classname="de.uka.ilkd.key.proof.proverules.ProveRulesTest" time="3.774"/>
  <testcase name="getOfSeqSingleton" classname="de.uka.ilkd.key.proof.proverules.ProveRulesTest" time="3.806"/>
  <testcase name="getOfSeqSingletonConcrete" classname="de.uka.ilkd.key.proof.proverules.ProveRulesTest" time="3.687"/>
  <testcase name="getOfSeqConcat" classname="de.uka.ilkd.key.proof.proverules.ProveRulesTest" time="3.701"/>
  <testcase name="getOfSeqSub" classname="de.uka.ilkd.key.proof.proverules.ProveRulesTest" time="3.726"/>
  <testcase name="getOfSeqReverse" classname="de.uka.ilkd.key.proof.proverules.ProveRulesTest" time="3.665"/>
  <testcase name="lenOfSeqEmpty" classname="de.uka.ilkd.key.proof.proverules.ProveRulesTest" time="3.713"/>
  <testcase name="lenOfSeqSingleton" classname="de.uka.ilkd.key.proof.proverules.ProveRulesTest" time="3.765"/>
  <testcase name="lenOfSeqConcat" classname="de.uka.ilkd.key.proof.proverules.ProveRulesTest" time="3.75"/>
  <testcase name="lenOfSeqSub" classname="de.uka.ilkd.key.proof.proverules.ProveRulesTest" time="3.715"/>
  <testcase name="lenOfSeqReverse" classname="de.uka.ilkd.key.proof.proverules.ProveRulesTest" time="3.887"/>
  <testcase name="equalityToSeqGetAndSeqLenLeft" classname="de.uka.ilkd.key.proof.proverules.ProveRulesTest" time="3.794"/>
  <testcase name="equalityToSeqGetAndSeqLenRight" classname="de.uka.ilkd.key.proof.proverules.ProveRulesTest" time="3.654"/>
  <testcase name="getOfSeqSingletonEQ" classname="de.uka.ilkd.key.proof.proverules.ProveRulesTest" time="3.719"/>
  <testcase name="getOfSeqConcatEQ" classname="de.uka.ilkd.key.proof.proverules.ProveRulesTest" time="3.79"/>
  <testcase name="getOfSeqSubEQ" classname="de.uka.ilkd.key.proof.proverules.ProveRulesTest" time="3.839"/>
  <testcase name="getOfSeqReverseEQ" classname="de.uka.ilkd.key.proof.proverules.ProveRulesTest" time="3.826"/>
  <testcase name="lenOfSeqEmptyEQ" classname="de.uka.ilkd.key.proof.proverules.ProveRulesTest" time="3.764"/>
  <testcase name="lenOfSeqSingletonEQ" classname="de.uka.ilkd.key.proof.proverules.ProveRulesTest" time="3.72"/>
  <testcase name="lenOfSeqConcatEQ" classname="de.uka.ilkd.key.proof.proverules.ProveRulesTest" time="3.723"/>
  <testcase name="lenOfSeqSubEQ" classname="de.uka.ilkd.key.proof.proverules.ProveRulesTest" time="3.689"/>
  <testcase name="lenOfSeqReverseEQ" classname="de.uka.ilkd.key.proof.proverules.ProveRulesTest" time="3.691"/>
  <testcase name="getOfSeqDefEQ" classname="de.uka.ilkd.key.proof.proverules.ProveRulesTest" time="3.711"/>
  <testcase name="lenOfSeqDefEQ" classname="de.uka.ilkd.key.proof.proverules.ProveRulesTest" time="3.79"/>
  <testcase name="seqConcatWithSeqEmpty1" classname="de.uka.ilkd.key.proof.proverules.ProveRulesTest" time="3.725"/>
  <testcase name="seqConcatWithSeqEmpty2" classname="de.uka.ilkd.key.proof.proverules.ProveRulesTest" time="3.697"/>
  <testcase name="seqReverseOfSeqEmpty" classname="de.uka.ilkd.key.proof.proverules.ProveRulesTest" time="3.771"/>
  <testcase name="subSeqComplete" classname="de.uka.ilkd.key.proof.proverules.ProveRulesTest" time="3.85"/>
  <testcase name="subSeqTailR" classname="de.uka.ilkd.key.proof.proverules.ProveRulesTest" time="3.79"/>
  <testcase name="subSeqTailL" classname="de.uka.ilkd.key.proof.proverules.ProveRulesTest" time="3.78"/>
  <testcase name="subSeqTailEQR" classname="de.uka.ilkd.key.proof.proverules.ProveRulesTest" time="3.997"/>
  <testcase name="subSeqTailEQL" classname="de.uka.ilkd.key.proof.proverules.ProveRulesTest" time="3.764"/>
  <testcase name="seqDef_split" classname="de.uka.ilkd.key.proof.proverules.ProveRulesTest" time="3.799"/>
  <testcase name="seqDef_induction_upper" classname="de.uka.ilkd.key.proof.proverules.ProveRulesTest" time="3.795"/>
  <testcase name="seqDef_induction_upper_concrete" classname="de.uka.ilkd.key.proof.proverules.ProveRulesTest" time="3.771"/>
  <testcase name="seqDef_induction_lower" classname="de.uka.ilkd.key.proof.proverules.ProveRulesTest" time="3.933"/>
  <testcase name="seqDef_induction_lower_concrete" classname="de.uka.ilkd.key.proof.proverules.ProveRulesTest" time="3.782"/>
  <testcase name="seqDef_split_in_three" classname="de.uka.ilkd.key.proof.proverules.ProveRulesTest" time="3.68"/>
  <testcase name="seqDef_empty" classname="de.uka.ilkd.key.proof.proverules.ProveRulesTest" time="3.679"/>
  <testcase name="seqDef_one_summand" classname="de.uka.ilkd.key.proof.proverules.ProveRulesTest" time="3.861"/>
  <testcase name="seqDef_lower_equals_upper" classname="de.uka.ilkd.key.proof.proverules.ProveRulesTest" time="3.685"/>
  <testcase name="seqDefOfSeq" classname="de.uka.ilkd.key.proof.proverules.ProveRulesTest" time="3.708"/>
  <testcase name="seqSelfDefinitionEQ2" classname="de.uka.ilkd.key.proof.proverules.ProveRulesTest" time="3.701"/>
  <testcase name="indexOfSeqSingleton" classname="de.uka.ilkd.key.proof.proverules.ProveRulesTest" time="3.701"/>
  <testcase name="indexOfSeqConcatFirst" classname="de.uka.ilkd.key.proof.proverules.ProveRulesTest" time="3.627"/>
  <testcase name="indexOfSeqConcatSecond" classname="de.uka.ilkd.key.proof.proverules.ProveRulesTest" time="3.754"/>
  <testcase name="indexOfSeqSub" classname="de.uka.ilkd.key.proof.proverules.ProveRulesTest" time="3.933"/>
  <testcase name="lenOfArray2seq" classname="de.uka.ilkd.key.proof.proverules.ProveRulesTest" time="3.878"/>
  <testcase name="getAnyOfArray2seq" classname="de.uka.ilkd.key.proof.proverules.ProveRulesTest" time="3.85"/>
  <testcase name="getOfArray2seq" classname="de.uka.ilkd.key.proof.proverules.ProveRulesTest" time="3.727"/>
  <testcase name="getAnyOfNPermInv" classname="de.uka.ilkd.key.proof.proverules.ProveRulesTest" time="3.987"/>
  <testcase name="seqNPermRange" classname="de.uka.ilkd.key.proof.proverules.ProveRulesTest" time="3.928"/>
  <testcase name="seqPermTrans" classname="de.uka.ilkd.key.proof.proverules.ProveRulesTest" time="3.801"/>
  <testcase name="seqPermRefl" classname="de.uka.ilkd.key.proof.proverules.ProveRulesTest" time="3.734"/>
  <testcase name="seqPermSplit" classname="de.uka.ilkd.key.proof.proverules.ProveRulesTest" time="3.801"/>
  <testcase name="seqNPermRight" classname="de.uka.ilkd.key.proof.proverules.ProveRulesTest" time="3.961"/>
  <testcase name="seqPermFromSwap" classname="de.uka.ilkd.key.proof.proverules.ProveRulesTest" time="3.731"/>
  <testcase name="seqPermTransAlt0" classname="de.uka.ilkd.key.proof.proverules.ProveRulesTest" time="3.629"/>
  <testcase name="seqPermTransAlt1" classname="de.uka.ilkd.key.proof.proverules.ProveRulesTest" time="3.7"/>
  <testcase name="seqPermTransAlt2" classname="de.uka.ilkd.key.proof.proverules.ProveRulesTest" time="3.683"/>
  <testcase name="seqPermTransAlt3" classname="de.uka.ilkd.key.proof.proverules.ProveRulesTest" time="3.678"/>
  <testcase name="seqPermForall" classname="de.uka.ilkd.key.proof.proverules.ProveRulesTest" time="3.908"/>
  <testcase name="seqPermExists" classname="de.uka.ilkd.key.proof.proverules.ProveRulesTest" time="3.773"/>
  <testcase name="schiffl_lemma_2" classname="de.uka.ilkd.key.proof.proverules.ProveRulesTest" time="11.389">
    <failure message="de.uka.ilkd.key.macros.scripts.ScriptException: Error while executing script: No matching applications.&#10;&#10;Command: rule getOfSwap" type="de.uka.ilkd.key.macros.scripts.ScriptException">de.uka.ilkd.key.macros.scripts.ScriptException: Error while executing script: No matching applications.

Command: rule getOfSwap
	at app//de.uka.ilkd.key.macros.scripts.ProofScriptEngine.execute(ProofScriptEngine.java:174)
	at app//de.uka.ilkd.key.proof.proverules.ProveRulesTest.loadTacletProof(ProveRulesTest.java:72)
	at app//de.uka.ilkd.key.proof.proverules.ProveRulesTest.lambda$data$0(ProveRulesTest.java:144)
	at app//org.junit.jupiter.engine.descriptor.DynamicTestTestDescriptor.lambda$execute$0(DynamicTestTestDescriptor.java:53)
	at app//org.junit.jupiter.engine.execution.InvocationInterceptorChain$ValidatingInvocation.proceed(InvocationInterceptorChain.java:131)
	at app//org.junit.jupiter.api.extension.InvocationInterceptor.interceptDynamicTest(InvocationInterceptor.java:167)
	at app//org.junit.jupiter.api.extension.InvocationInterceptor.interceptDynamicTest(InvocationInterceptor.java:184)
	at app//org.junit.jupiter.engine.descriptor.DynamicTestTestDescriptor.lambda$execute$1(DynamicTestTestDescriptor.java:61)
	at app//org.junit.jupiter.engine.execution.InvocationInterceptorChain$InterceptorCall.lambda$ofVoid$0(InvocationInterceptorChain.java:78)
	at app//org.junit.jupiter.engine.execution.InvocationInterceptorChain$InterceptedInvocation.proceed(InvocationInterceptorChain.java:106)
	at app//org.junit.jupiter.engine.execution.InvocationInterceptorChain.proceed(InvocationInterceptorChain.java:64)
	at app//org.junit.jupiter.engine.execution.InvocationInterceptorChain.chainAndInvoke(InvocationInterceptorChain.java:45)
	at app//org.junit.jupiter.engine.execution.InvocationInterceptorChain.invoke(InvocationInterceptorChain.java:37)
	at app//org.junit.jupiter.engine.descriptor.DynamicTestTestDescriptor.execute(DynamicTestTestDescriptor.java:60)
	at app//org.junit.jupiter.engine.descriptor.DynamicTestTestDescriptor.execute(DynamicTestTestDescriptor.java:32)
	at app//org.junit.platform.engine.support.hierarchical.NodeTestTask.lambda$executeRecursively$6(NodeTestTask.java:151)
	at app//org.junit.platform.engine.support.hierarchical.ThrowableCollector.execute(ThrowableCollector.java:73)
	at app//org.junit.platform.engine.support.hierarchical.NodeTestTask.lambda$executeRecursively$8(NodeTestTask.java:141)
	at app//org.junit.platform.engine.support.hierarchical.Node.around(Node.java:137)
	at app//org.junit.platform.engine.support.hierarchical.NodeTestTask.lambda$executeRecursively$9(NodeTestTask.java:139)
	at app//org.junit.platform.engine.support.hierarchical.ThrowableCollector.execute(ThrowableCollector.java:73)
	at app//org.junit.platform.engine.support.hierarchical.NodeTestTask.executeRecursively(NodeTestTask.java:138)
	at app//org.junit.platform.engine.support.hierarchical.NodeTestTask.execute(NodeTestTask.java:95)
	at app//org.junit.platform.engine.support.hierarchical.SameThreadHierarchicalTestExecutorService.submit(SameThreadHierarchicalTestExecutorService.java:35)
	at app//org.junit.platform.engine.support.hierarchical.NodeTestTask$DefaultDynamicTestExecutor.execute(NodeTestTask.java:226)
	at app//org.junit.platform.engine.support.hierarchical.NodeTestTask$DefaultDynamicTestExecutor.execute(NodeTestTask.java:204)
	at java.base@11.0.18/java.util.Optional.ifPresent(Optional.java:183)
	at app//org.junit.jupiter.engine.descriptor.TestFactoryTestDescriptor.lambda$invokeTestMethod$1(TestFactoryTestDescriptor.java:108)
	at app//org.junit.platform.engine.support.hierarchical.ThrowableCollector.execute(ThrowableCollector.java:73)
	at app//org.junit.jupiter.engine.descriptor.TestFactoryTestDescriptor.invokeTestMethod(TestFactoryTestDescriptor.java:95)
	at app//org.junit.jupiter.engine.descriptor.TestMethodTestDescriptor.execute(TestMethodTestDescriptor.java:138)
	at app//org.junit.jupiter.engine.descriptor.TestMethodTestDescriptor.execute(TestMethodTestDescriptor.java:68)
	at app//org.junit.platform.engine.support.hierarchical.NodeTestTask.lambda$executeRecursively$6(NodeTestTask.java:151)
	at app//org.junit.platform.engine.support.hierarchical.ThrowableCollector.execute(ThrowableCollector.java:73)
	at app//org.junit.platform.engine.support.hierarchical.NodeTestTask.lambda$executeRecursively$8(NodeTestTask.java:141)
	at app//org.junit.platform.engine.support.hierarchical.Node.around(Node.java:137)
	at app//org.junit.platform.engine.support.hierarchical.NodeTestTask.lambda$executeRecursively$9(NodeTestTask.java:139)
	at app//org.junit.platform.engine.support.hierarchical.ThrowableCollector.execute(ThrowableCollector.java:73)
	at app//org.junit.platform.engine.support.hierarchical.NodeTestTask.executeRecursively(NodeTestTask.java:138)
	at app//org.junit.platform.engine.support.hierarchical.NodeTestTask.execute(NodeTestTask.java:95)
	at java.base@11.0.18/java.util.ArrayList.forEach(ArrayList.java:1541)
	at app//org.junit.platform.engine.support.hierarchical.SameThreadHierarchicalTestExecutorService.invokeAll(SameThreadHierarchicalTestExecutorService.java:41)
	at app//org.junit.platform.engine.support.hierarchical.NodeTestTask.lambda$executeRecursively$6(NodeTestTask.java:155)
	at app//org.junit.platform.engine.support.hierarchical.ThrowableCollector.execute(ThrowableCollector.java:73)
	at app//org.junit.platform.engine.support.hierarchical.NodeTestTask.lambda$executeRecursively$8(NodeTestTask.java:141)
	at app//org.junit.platform.engine.support.hierarchical.Node.around(Node.java:137)
	at app//org.junit.platform.engine.support.hierarchical.NodeTestTask.lambda$executeRecursively$9(NodeTestTask.java:139)
	at app//org.junit.platform.engine.support.hierarchical.ThrowableCollector.execute(ThrowableCollector.java:73)
	at app//org.junit.platform.engine.support.hierarchical.NodeTestTask.executeRecursively(NodeTestTask.java:138)
	at app//org.junit.platform.engine.support.hierarchical.NodeTestTask.execute(NodeTestTask.java:95)
	at java.base@11.0.18/java.util.ArrayList.forEach(ArrayList.java:1541)
	at app//org.junit.platform.engine.support.hierarchical.SameThreadHierarchicalTestExecutorService.invokeAll(SameThreadHierarchicalTestExecutorService.java:41)
	at app//org.junit.platform.engine.support.hierarchical.NodeTestTask.lambda$executeRecursively$6(NodeTestTask.java:155)
	at app//org.junit.platform.engine.support.hierarchical.ThrowableCollector.execute(ThrowableCollector.java:73)
	at app//org.junit.platform.engine.support.hierarchical.NodeTestTask.lambda$executeRecursively$8(NodeTestTask.java:141)
	at app//org.junit.platform.engine.support.hierarchical.Node.around(Node.java:137)
	at app//org.junit.platform.engine.support.hierarchical.NodeTestTask.lambda$executeRecursively$9(NodeTestTask.java:139)
	at app//org.junit.platform.engine.support.hierarchical.ThrowableCollector.execute(ThrowableCollector.java:73)
	at app//org.junit.platform.engine.support.hierarchical.NodeTestTask.executeRecursively(NodeTestTask.java:138)
	at app//org.junit.platform.engine.support.hierarchical.NodeTestTask.execute(NodeTestTask.java:95)
	at app//org.junit.platform.engine.support.hierarchical.SameThreadHierarchicalTestExecutorService.submit(SameThreadHierarchicalTestExecutorService.java:35)
	at app//org.junit.platform.engine.support.hierarchical.HierarchicalTestExecutor.execute(HierarchicalTestExecutor.java:57)
	at app//org.junit.platform.engine.support.hierarchical.HierarchicalTestEngine.execute(HierarchicalTestEngine.java:54)
	at app//org.junit.platform.launcher.core.EngineExecutionOrchestrator.execute(EngineExecutionOrchestrator.java:107)
	at app//org.junit.platform.launcher.core.EngineExecutionOrchestrator.execute(EngineExecutionOrchestrator.java:88)
	at app//org.junit.platform.launcher.core.EngineExecutionOrchestrator.lambda$execute$0(EngineExecutionOrchestrator.java:54)
	at app//org.junit.platform.launcher.core.EngineExecutionOrchestrator.withInterceptedStreams(EngineExecutionOrchestrator.java:67)
	at app//org.junit.platform.launcher.core.EngineExecutionOrchestrator.execute(EngineExecutionOrchestrator.java:52)
	at app//org.junit.platform.launcher.core.DefaultLauncher.execute(DefaultLauncher.java:114)
	at app//org.junit.platform.launcher.core.DefaultLauncher.execute(DefaultLauncher.java:86)
	at app//org.junit.platform.launcher.core.DefaultLauncherSession$DelegatingLauncher.execute(DefaultLauncherSession.java:86)
	at org.gradle.api.internal.tasks.testing.junitplatform.JUnitPlatformTestClassProcessor$CollectAllTestClassesExecutor.processAllTestClasses(JUnitPlatformTestClassProcessor.java:110)
	at org.gradle.api.internal.tasks.testing.junitplatform.JUnitPlatformTestClassProcessor$CollectAllTestClassesExecutor.access$000(JUnitPlatformTestClassProcessor.java:90)
	at org.gradle.api.internal.tasks.testing.junitplatform.JUnitPlatformTestClassProcessor.stop(JUnitPlatformTestClassProcessor.java:85)
	at org.gradle.api.internal.tasks.testing.SuiteTestClassProcessor.stop(SuiteTestClassProcessor.java:62)
	at java.base@11.0.18/jdk.internal.reflect.NativeMethodAccessorImpl.invoke0(Native Method)
	at java.base@11.0.18/jdk.internal.reflect.NativeMethodAccessorImpl.invoke(NativeMethodAccessorImpl.java:62)
	at java.base@11.0.18/jdk.internal.reflect.DelegatingMethodAccessorImpl.invoke(DelegatingMethodAccessorImpl.java:43)
	at java.base@11.0.18/java.lang.reflect.Method.invoke(Method.java:566)
	at org.gradle.internal.dispatch.ReflectionDispatch.dispatch(ReflectionDispatch.java:36)
	at org.gradle.internal.dispatch.ReflectionDispatch.dispatch(ReflectionDispatch.java:24)
	at org.gradle.internal.dispatch.ContextClassLoaderDispatch.dispatch(ContextClassLoaderDispatch.java:33)
	at org.gradle.internal.dispatch.ProxyDispatchAdapter$DispatchingInvocationHandler.invoke(ProxyDispatchAdapter.java:94)
	at com.sun.proxy.$Proxy2.stop(Unknown Source)
	at org.gradle.api.internal.tasks.testing.worker.TestWorker$3.run(TestWorker.java:193)
	at org.gradle.api.internal.tasks.testing.worker.TestWorker.executeAndMaintainThreadName(TestWorker.java:129)
	at org.gradle.api.internal.tasks.testing.worker.TestWorker.execute(TestWorker.java:100)
	at org.gradle.api.internal.tasks.testing.worker.TestWorker.execute(TestWorker.java:60)
	at org.gradle.process.internal.worker.child.ActionExecutionWorker.execute(ActionExecutionWorker.java:56)
	at org.gradle.process.internal.worker.child.SystemApplicationClassLoaderWorker.call(SystemApplicationClassLoaderWorker.java:113)
	at org.gradle.process.internal.worker.child.SystemApplicationClassLoaderWorker.call(SystemApplicationClassLoaderWorker.java:65)
	at app//worker.org.gradle.process.internal.worker.GradleWorkerMain.run(GradleWorkerMain.java:69)
	at app//worker.org.gradle.process.internal.worker.GradleWorkerMain.main(GradleWorkerMain.java:74)
Caused by: de.uka.ilkd.key.macros.scripts.ScriptException: No matching applications.
	at app//de.uka.ilkd.key.macros.scripts.RuleCommand.findTacletApp(RuleCommand.java:225)
	at app//de.uka.ilkd.key.macros.scripts.RuleCommand.makeRuleApp(RuleCommand.java:99)
	at app//de.uka.ilkd.key.macros.scripts.RuleCommand.execute(RuleCommand.java:55)
	at app//de.uka.ilkd.key.macros.scripts.RuleCommand.execute(RuleCommand.java:35)
	at app//de.uka.ilkd.key.macros.scripts.ProofScriptEngine.execute(ProofScriptEngine.java:148)
	... 92 more
</failure>
  </testcase>
  <testcase name="schiffl_thm_1" classname="de.uka.ilkd.key.proof.proverules.ProveRulesTest" time="4.863"/>
  <testcase name="eqSameSeq" classname="de.uka.ilkd.key.proof.proverules.ProveRulesTest" time="3.879"/>
  <system-out><![CDATA[574        INFO  Test worker     d.u.i.k.p.i.AbstractProblemLoader Loading environment from src/test/resources/testcase/dummyTrue.key 
604        DEBUG Test worker     d.u.i.k.p.i.AbstractProblemLoader Environment load took 12.19ms 
868        INFO  Test worker     d.u.i.k.p.i.AbstractProblemLoader Creating init config 
883        WARN  Test worker     d.u.i.k.s.ProofSettings   No proof-settings could be loaded, using defaults java.io.FileNotFoundException: /home/runner/.key/proof-settings.props (No such file or directory)
	at java.base/java.io.FileInputStream.open0(Native Method)

1816       DEBUG Test worker     d.u.i.k.j.TypeConverter   No LDT found for Meta 
1823       DEBUG Test worker     d.u.i.k.j.TypeConverter   No LDT found for Meta 
1825       DEBUG Test worker     d.u.i.k.j.TypeConverter   No LDT found for Meta 
1825       DEBUG Test worker     d.u.i.k.j.TypeConverter   No LDT found for Meta 
3517       DEBUG Test worker     d.u.i.k.j.TypeConverter   No LDT found for JavaBigintExpression 
9618       DEBUG Test worker     d.u.i.k.p.i.AbstractProblemLoader Init config took 8.75s 
9693       INFO  Test worker     d.u.i.k.p.i.AbstractProblemLoader Replaying proof dummyTrue.key 
9731       DEBUG Test worker     d.u.i.k.p.i.IntermediateProofReplayer Proof replay took 36.3ns 
9747       INFO  Test worker     d.u.i.k.p.i.AbstractProblemLoader Loading environment from tacletProofs/firstOrder/Taclet_eqTermCut.proof 
9747       DEBUG Test worker     d.u.i.k.p.i.AbstractProblemLoader Environment load took 196.51ns 
9752       INFO  Test worker     d.u.i.k.p.i.AbstractProblemLoader Creating init config 
13081      DEBUG Test worker     d.u.i.k.p.i.AbstractProblemLoader Init config took 3.33s 
13085      INFO  Test worker     d.u.i.k.t.l.TacletProofObligationInput Proof obligation for taclet: eqTermCut 
14168      INFO  Test worker     d.u.i.k.p.i.AbstractProblemLoader Replaying proof Taclet: eqTermCut 
14200      DEBUG Test worker     d.u.i.k.p.i.IntermediateProofReplayer Proof replay took 21.15ms 
14212      INFO  Test worker     d.u.i.k.p.i.AbstractProblemLoader Loading environment from tacletProofs/firstOrder/Taclet_equivAllRight.proof 
14213      DEBUG Test worker     d.u.i.k.p.i.AbstractProblemLoader Environment load took 187.71ns 
14215      INFO  Test worker     d.u.i.k.p.i.AbstractProblemLoader Creating init config 
17325      DEBUG Test worker     d.u.i.k.p.i.AbstractProblemLoader Init config took 3.11s 
17326      INFO  Test worker     d.u.i.k.t.l.TacletProofObligationInput Proof obligation for taclet: equivAllRight 
18424      INFO  Test worker     d.u.i.k.p.i.AbstractProblemLoader Replaying proof Taclet: equivAllRight 
18444      DEBUG Test worker     d.u.i.k.p.i.IntermediateProofReplayer Proof replay took 16.46ms 
18449      INFO  Test worker     d.u.i.k.p.i.AbstractProblemLoader Loading environment from tacletProofs/IntDiv/Taclet_irrflConcrete1.proof 
18449      DEBUG Test worker     d.u.i.k.p.i.AbstractProblemLoader Environment load took 148.2ns 
18452      INFO  Test worker     d.u.i.k.p.i.AbstractProblemLoader Creating init config 
21677      DEBUG Test worker     d.u.i.k.p.i.AbstractProblemLoader Init config took 3.23s 
21678      INFO  Test worker     d.u.i.k.t.l.TacletProofObligationInput Proof obligation for taclet: irrflConcrete1 
22736      INFO  Test worker     d.u.i.k.p.i.AbstractProblemLoader Replaying proof Taclet: irrflConcrete1 
22742      DEBUG Test worker     d.u.i.k.p.i.IntermediateProofReplayer Proof replay took 2.64ms 
22745      INFO  Test worker     d.u.i.k.p.i.AbstractProblemLoader Loading environment from tacletProofs/IntDiv/Taclet_irrflConcrete2.proof 
22746      DEBUG Test worker     d.u.i.k.p.i.AbstractProblemLoader Environment load took 1.24ms 
22748      INFO  Test worker     d.u.i.k.p.i.AbstractProblemLoader Creating init config 
25774      DEBUG Test worker     d.u.i.k.p.i.AbstractProblemLoader Init config took 3.03s 
25775      INFO  Test worker     d.u.i.k.t.l.TacletProofObligationInput Proof obligation for taclet: irrflConcrete2 
26756      INFO  Test worker     d.u.i.k.p.i.AbstractProblemLoader Replaying proof Taclet: irrflConcrete2 
26761      DEBUG Test worker     d.u.i.k.p.i.IntermediateProofReplayer Proof replay took 2.25ms 
26764      INFO  Test worker     d.u.i.k.p.i.AbstractProblemLoader Loading environment from tacletProofs/IntDiv/Taclet_cancel_gtPos.proof 
26764      DEBUG Test worker     d.u.i.k.p.i.AbstractProblemLoader Environment load took 453.91ns 
26767      INFO  Test worker     d.u.i.k.p.i.AbstractProblemLoader Creating init config 
29652      DEBUG Test worker     d.u.i.k.p.i.AbstractProblemLoader Init config took 2.89s 
29653      INFO  Test worker     d.u.i.k.t.l.TacletProofObligationInput Proof obligation for taclet: cancel_gtPos 
30614      INFO  Test worker     d.u.i.k.p.i.AbstractProblemLoader Replaying proof Taclet: cancel_gtPos 
30656      DEBUG Test worker     d.u.i.k.p.i.IntermediateProofReplayer Proof replay took 38.6ms 
30660      INFO  Test worker     d.u.i.k.p.i.AbstractProblemLoader Loading environment from tacletProofs/IntDiv/Taclet_cancel_gtNeg.proof 
30661      DEBUG Test worker     d.u.i.k.p.i.AbstractProblemLoader Environment load took 419.01ns 
30662      INFO  Test worker     d.u.i.k.p.i.AbstractProblemLoader Creating init config 
33547      DEBUG Test worker     d.u.i.k.p.i.AbstractProblemLoader Init config took 2.88s 
33547      INFO  Test worker     d.u.i.k.t.l.TacletProofObligationInput Proof obligation for taclet: cancel_gtNeg 
34490      INFO  Test worker     d.u.i.k.p.i.AbstractProblemLoader Replaying proof Taclet: cancel_gtNeg 
34519      DEBUG Test worker     d.u.i.k.p.i.IntermediateProofReplayer Proof replay took 26.16ms 
34525      INFO  Test worker     d.u.i.k.p.i.AbstractProblemLoader Loading environment from tacletProofs/intRulesIgnoringOF/Taclet_moduloIntIsInInt.proof 
34525      DEBUG Test worker     d.u.i.k.p.i.AbstractProblemLoader Environment load took 380.81ns 
34527      INFO  Test worker     d.u.i.k.p.i.AbstractProblemLoader Creating init config 
37376      DEBUG Test worker     d.u.i.k.p.i.AbstractProblemLoader Init config took 2.85s 
37377      INFO  Test worker     d.u.i.k.t.l.TacletProofObligationInput Proof obligation for taclet: moduloIntIsInInt 
38351      INFO  Test worker     d.u.i.k.p.i.AbstractProblemLoader Replaying proof Taclet: moduloIntIsInInt 
38355      DEBUG Test worker     d.u.i.k.p.i.IntermediateProofReplayer Proof replay took 688.32ns 
38357      INFO  Test worker     d.u.i.k.p.i.AbstractProblemLoader Loading environment from tacletProofs/intRulesIgnoringOF/Taclet_moduloLongIsInLong.proof 
38358      DEBUG Test worker     d.u.i.k.p.i.AbstractProblemLoader Environment load took 359.71ns 
38359      INFO  Test worker     d.u.i.k.p.i.AbstractProblemLoader Creating init config 
41215      DEBUG Test worker     d.u.i.k.p.i.AbstractProblemLoader Init config took 2.86s 
41215      INFO  Test worker     d.u.i.k.t.l.TacletProofObligationInput Proof obligation for taclet: moduloLongIsInLong 
42164      INFO  Test worker     d.u.i.k.p.i.AbstractProblemLoader Replaying proof Taclet: moduloLongIsInLong 
42167      DEBUG Test worker     d.u.i.k.p.i.IntermediateProofReplayer Proof replay took 676.22ns 
42170      INFO  Test worker     d.u.i.k.p.i.AbstractProblemLoader Loading environment from tacletProofs/intRulesIgnoringOF/Taclet_moduloShortIsInShort.proof 
42170      DEBUG Test worker     d.u.i.k.p.i.AbstractProblemLoader Environment load took 379.11ns 
42171      INFO  Test worker     d.u.i.k.p.i.AbstractProblemLoader Creating init config 
45038      DEBUG Test worker     d.u.i.k.p.i.AbstractProblemLoader Init config took 2.87s 
45039      INFO  Test worker     d.u.i.k.t.l.TacletProofObligationInput Proof obligation for taclet: moduloShortIsInShort 
46010      INFO  Test worker     d.u.i.k.p.i.AbstractProblemLoader Replaying proof Taclet: moduloShortIsInShort 
46013      DEBUG Test worker     d.u.i.k.p.i.IntermediateProofReplayer Proof replay took 636.02ns 
46016      INFO  Test worker     d.u.i.k.p.i.AbstractProblemLoader Loading environment from tacletProofs/intRulesIgnoringOF/Taclet_moduloByteIsInByte.proof 
46016      DEBUG Test worker     d.u.i.k.p.i.AbstractProblemLoader Environment load took 369.31ns 
46017      INFO  Test worker     d.u.i.k.p.i.AbstractProblemLoader Creating init config 
48889      DEBUG Test worker     d.u.i.k.p.i.AbstractProblemLoader Init config took 2.87s 
48890      INFO  Test worker     d.u.i.k.t.l.TacletProofObligationInput Proof obligation for taclet: moduloByteIsInByte 
49855      INFO  Test worker     d.u.i.k.p.i.AbstractProblemLoader Replaying proof Taclet: moduloByteIsInByte 
49858      DEBUG Test worker     d.u.i.k.p.i.IntermediateProofReplayer Proof replay took 680.12ns 
49863      INFO  Test worker     d.u.i.k.p.i.AbstractProblemLoader Loading environment from tacletProofs/intRulesIgnoringOF/Taclet_moduloCharIsInChar.proof 
49863      DEBUG Test worker     d.u.i.k.p.i.AbstractProblemLoader Environment load took 135.4ns 
49865      INFO  Test worker     d.u.i.k.p.i.AbstractProblemLoader Creating init config 
52824      DEBUG Test worker     d.u.i.k.p.i.AbstractProblemLoader Init config took 2.96s 
52825      INFO  Test worker     d.u.i.k.t.l.TacletProofObligationInput Proof obligation for taclet: moduloCharIsInChar 
53797      INFO  Test worker     d.u.i.k.p.i.AbstractProblemLoader Replaying proof Taclet: moduloCharIsInChar 
53800      DEBUG Test worker     d.u.i.k.p.i.IntermediateProofReplayer Proof replay took 712.32ns 
53803      INFO  Test worker     d.u.i.k.p.i.AbstractProblemLoader Loading environment from tacletProofs/IntDiv/Taclet_div_unique1.proof 
53803      DEBUG Test worker     d.u.i.k.p.i.AbstractProblemLoader Environment load took 434.81ns 
53804      INFO  Test worker     d.u.i.k.p.i.AbstractProblemLoader Creating init config 
56613      DEBUG Test worker     d.u.i.k.p.i.AbstractProblemLoader Init config took 2.81s 
56613      INFO  Test worker     d.u.i.k.t.l.TacletProofObligationInput Proof obligation for taclet: div_unique1 
57574      INFO  Test worker     d.u.i.k.p.i.AbstractProblemLoader Replaying proof Taclet: div_unique1 
57648      DEBUG Test worker     d.u.i.k.p.i.IntermediateProofReplayer Proof replay took 69.27ms 
57650      INFO  Test worker     d.u.i.k.p.i.AbstractProblemLoader Loading environment from tacletProofs/IntDiv/Taclet_div_unique2.proof 
57650      DEBUG Test worker     d.u.i.k.p.i.AbstractProblemLoader Environment load took 130.8ns 
57651      INFO  Test worker     d.u.i.k.p.i.AbstractProblemLoader Creating init config 
60572      DEBUG Test worker     d.u.i.k.p.i.AbstractProblemLoader Init config took 2.92s 
60572      INFO  Test worker     d.u.i.k.t.l.TacletProofObligationInput Proof obligation for taclet: div_unique2 
61566      INFO  Test worker     d.u.i.k.p.i.AbstractProblemLoader Replaying proof Taclet: div_unique2 
61594      DEBUG Test worker     d.u.i.k.p.i.IntermediateProofReplayer Proof replay took 25.09ms 
61598      INFO  Test worker     d.u.i.k.p.i.AbstractProblemLoader Loading environment from tacletProofs/IntDiv/Taclet_div_exists.proof 
61598      DEBUG Test worker     d.u.i.k.p.i.AbstractProblemLoader Environment load took 357.11ns 
61599      INFO  Test worker     d.u.i.k.p.i.AbstractProblemLoader Creating init config 
64472      DEBUG Test worker     d.u.i.k.p.i.AbstractProblemLoader Init config took 2.87s 
64473      INFO  Test worker     d.u.i.k.t.l.TacletProofObligationInput Proof obligation for taclet: div_exists 
65403      INFO  Test worker     d.u.i.k.p.i.AbstractProblemLoader Replaying proof Taclet: div_exists 
65575      DEBUG Test worker     d.u.i.k.p.i.IntermediateProofReplayer Proof replay took 161.81ms 
65580      INFO  Test worker     d.u.i.k.p.i.AbstractProblemLoader Loading environment from tacletProofs/IntDiv/Taclet_div_one.proof 
65581      DEBUG Test worker     d.u.i.k.p.i.AbstractProblemLoader Environment load took 409.01ns 
65582      INFO  Test worker     d.u.i.k.p.i.AbstractProblemLoader Creating init config 
68384      DEBUG Test worker     d.u.i.k.p.i.AbstractProblemLoader Init config took 2.8s 
68384      INFO  Test worker     d.u.i.k.t.l.TacletProofObligationInput Proof obligation for taclet: div_one 
69352      INFO  Test worker     d.u.i.k.p.i.AbstractProblemLoader Replaying proof Taclet: div_one 
69357      DEBUG Test worker     d.u.i.k.p.i.IntermediateProofReplayer Proof replay took 2.72ms 
69360      INFO  Test worker     d.u.i.k.p.i.AbstractProblemLoader Loading environment from tacletProofs/IntDiv/Taclet_jdiv_one.proof 
69360      DEBUG Test worker     d.u.i.k.p.i.AbstractProblemLoader Environment load took 131.1ns 
69362      INFO  Test worker     d.u.i.k.p.i.AbstractProblemLoader Creating init config 
72370      DEBUG Test worker     d.u.i.k.p.i.AbstractProblemLoader Init config took 3.01s 
72371      INFO  Test worker     d.u.i.k.t.l.TacletProofObligationInput Proof obligation for taclet: jdiv_one 
73302      INFO  Test worker     d.u.i.k.p.i.AbstractProblemLoader Replaying proof Taclet: jdiv_one 
73305      DEBUG Test worker     d.u.i.k.p.i.IntermediateProofReplayer Proof replay took 1.12ms 
73307      INFO  Test worker     d.u.i.k.p.i.AbstractProblemLoader Loading environment from tacletProofs/IntDiv/Taclet_div_zero.proof 
73307      DEBUG Test worker     d.u.i.k.p.i.AbstractProblemLoader Environment load took 203.31ns 
73308      INFO  Test worker     d.u.i.k.p.i.AbstractProblemLoader Creating init config 
76165      DEBUG Test worker     d.u.i.k.p.i.AbstractProblemLoader Init config took 2.86s 
76166      INFO  Test worker     d.u.i.k.t.l.TacletProofObligationInput Proof obligation for taclet: div_zero 
77123      INFO  Test worker     d.u.i.k.p.i.AbstractProblemLoader Replaying proof Taclet: div_zero 
77164      DEBUG Test worker     d.u.i.k.p.i.IntermediateProofReplayer Proof replay took 35.75ms 
77167      INFO  Test worker     d.u.i.k.p.i.AbstractProblemLoader Loading environment from tacletProofs/IntDiv/Taclet_divResZero1.proof 
77168      DEBUG Test worker     d.u.i.k.p.i.AbstractProblemLoader Environment load took 1.01ms 
77169      INFO  Test worker     d.u.i.k.p.i.AbstractProblemLoader Creating init config 
80074      DEBUG Test worker     d.u.i.k.p.i.AbstractProblemLoader Init config took 2.91s 
80075      INFO  Test worker     d.u.i.k.t.l.TacletProofObligationInput Proof obligation for taclet: divResZero1 
81051      INFO  Test worker     d.u.i.k.p.i.AbstractProblemLoader Replaying proof Taclet: divResZero1 
81073      DEBUG Test worker     d.u.i.k.p.i.IntermediateProofReplayer Proof replay took 16.1ms 
81076      INFO  Test worker     d.u.i.k.p.i.AbstractProblemLoader Loading environment from tacletProofs/IntDiv/Taclet_divResZero2.proof 
81076      DEBUG Test worker     d.u.i.k.p.i.AbstractProblemLoader Environment load took 155.2ns 
81078      INFO  Test worker     d.u.i.k.p.i.AbstractProblemLoader Creating init config 
83985      DEBUG Test worker     d.u.i.k.p.i.AbstractProblemLoader Init config took 2.91s 
83985      INFO  Test worker     d.u.i.k.t.l.TacletProofObligationInput Proof obligation for taclet: divResZero2 
84946      INFO  Test worker     d.u.i.k.p.i.AbstractProblemLoader Replaying proof Taclet: divResZero2 
84991      DEBUG Test worker     d.u.i.k.p.i.IntermediateProofReplayer Proof replay took 42.52ms 
84993      INFO  Test worker     d.u.i.k.p.i.AbstractProblemLoader Loading environment from tacletProofs/IntDiv/Taclet_divResOne1.proof 
84993      DEBUG Test worker     d.u.i.k.p.i.AbstractProblemLoader Environment load took 122.3ns 
84994      INFO  Test worker     d.u.i.k.p.i.AbstractProblemLoader Creating init config 
88011      DEBUG Test worker     d.u.i.k.p.i.AbstractProblemLoader Init config took 3.02s 
88011      INFO  Test worker     d.u.i.k.t.l.TacletProofObligationInput Proof obligation for taclet: divResOne1 
88966      INFO  Test worker     d.u.i.k.p.i.AbstractProblemLoader Replaying proof Taclet: divResOne1 
88980      DEBUG Test worker     d.u.i.k.p.i.IntermediateProofReplayer Proof replay took 10.23ms 
88982      INFO  Test worker     d.u.i.k.p.i.AbstractProblemLoader Loading environment from tacletProofs/IntDiv/Taclet_divResOne2.proof 
88982      DEBUG Test worker     d.u.i.k.p.i.AbstractProblemLoader Environment load took 338.91ns 
88984      INFO  Test worker     d.u.i.k.p.i.AbstractProblemLoader Creating init config 
92100      DEBUG Test worker     d.u.i.k.p.i.AbstractProblemLoader Init config took 3.12s 
92100      INFO  Test worker     d.u.i.k.t.l.TacletProofObligationInput Proof obligation for taclet: divResOne2 
93042      INFO  Test worker     d.u.i.k.p.i.AbstractProblemLoader Replaying proof Taclet: divResOne2 
93054      DEBUG Test worker     d.u.i.k.p.i.IntermediateProofReplayer Proof replay took 9.31ms 
93056      INFO  Test worker     d.u.i.k.p.i.AbstractProblemLoader Loading environment from tacletProofs/IntDiv/Taclet_div_cancel1.proof 
93056      DEBUG Test worker     d.u.i.k.p.i.AbstractProblemLoader Environment load took 114.9ns 
93057      INFO  Test worker     d.u.i.k.p.i.AbstractProblemLoader Creating init config 
95969      DEBUG Test worker     d.u.i.k.p.i.AbstractProblemLoader Init config took 2.91s 
95970      INFO  Test worker     d.u.i.k.t.l.TacletProofObligationInput Proof obligation for taclet: div_cancel1 
96893      INFO  Test worker     d.u.i.k.p.i.AbstractProblemLoader Replaying proof Taclet: div_cancel1 
96911      DEBUG Test worker     d.u.i.k.p.i.IntermediateProofReplayer Proof replay took 14.53ms 
96913      INFO  Test worker     d.u.i.k.p.i.AbstractProblemLoader Loading environment from tacletProofs/IntDiv/Taclet_div_cancel2.proof 
96913      DEBUG Test worker     d.u.i.k.p.i.AbstractProblemLoader Environment load took 118.9ns 
96914      INFO  Test worker     d.u.i.k.p.i.AbstractProblemLoader Creating init config 
99781      DEBUG Test worker     d.u.i.k.p.i.AbstractProblemLoader Init config took 2.87s 
99781      INFO  Test worker     d.u.i.k.t.l.TacletProofObligationInput Proof obligation for taclet: div_cancel2 
100684     INFO  Test worker     d.u.i.k.p.i.AbstractProblemLoader Replaying proof Taclet: div_cancel2 
100695     DEBUG Test worker     d.u.i.k.p.i.IntermediateProofReplayer Proof replay took 7.94ms 
100697     INFO  Test worker     d.u.i.k.p.i.AbstractProblemLoader Loading environment from tacletProofs/IntDiv/Taclet_divAddMultDenom.proof 
100697     DEBUG Test worker     d.u.i.k.p.i.AbstractProblemLoader Environment load took 106.4ns 
100698     INFO  Test worker     d.u.i.k.p.i.AbstractProblemLoader Creating init config 
103505     DEBUG Test worker     d.u.i.k.p.i.AbstractProblemLoader Init config took 2.81s 
103506     INFO  Test worker     d.u.i.k.t.l.TacletProofObligationInput Proof obligation for taclet: divAddMultDenom 
104406     INFO  Test worker     d.u.i.k.p.i.AbstractProblemLoader Replaying proof Taclet: divAddMultDenom 
104440     DEBUG Test worker     d.u.i.k.p.i.IntermediateProofReplayer Proof replay took 27.76ms 
104442     INFO  Test worker     d.u.i.k.p.i.AbstractProblemLoader Loading environment from tacletProofs/IntDiv/Taclet_divMinus.proof 
104443     DEBUG Test worker     d.u.i.k.p.i.AbstractProblemLoader Environment load took 351.11ns 
104444     INFO  Test worker     d.u.i.k.p.i.AbstractProblemLoader Creating init config 
107246     DEBUG Test worker     d.u.i.k.p.i.AbstractProblemLoader Init config took 2.8s 
107246     INFO  Test worker     d.u.i.k.t.l.TacletProofObligationInput Proof obligation for taclet: divMinus 
108146     INFO  Test worker     d.u.i.k.p.i.AbstractProblemLoader Replaying proof Taclet: divMinus 
108194     DEBUG Test worker     d.u.i.k.p.i.IntermediateProofReplayer Proof replay took 41.17ms 
108196     INFO  Test worker     d.u.i.k.p.i.AbstractProblemLoader Loading environment from tacletProofs/IntDiv/Taclet_divMinusDenom.proof 
108196     DEBUG Test worker     d.u.i.k.p.i.AbstractProblemLoader Environment load took 112.6ns 
108197     INFO  Test worker     d.u.i.k.p.i.AbstractProblemLoader Creating init config 
111025     DEBUG Test worker     d.u.i.k.p.i.AbstractProblemLoader Init config took 2.83s 
111026     INFO  Test worker     d.u.i.k.t.l.TacletProofObligationInput Proof obligation for taclet: divMinusDenom 
111930     INFO  Test worker     d.u.i.k.p.i.AbstractProblemLoader Replaying proof Taclet: divMinusDenom 
111963     DEBUG Test worker     d.u.i.k.p.i.IntermediateProofReplayer Proof replay took 28.49ms 
111965     INFO  Test worker     d.u.i.k.p.i.AbstractProblemLoader Loading environment from tacletProofs/IntDiv/Taclet_divLeastDPos.proof 
111965     DEBUG Test worker     d.u.i.k.p.i.AbstractProblemLoader Environment load took 130ns 
111966     INFO  Test worker     d.u.i.k.p.i.AbstractProblemLoader Creating init config 
114848     DEBUG Test worker     d.u.i.k.p.i.AbstractProblemLoader Init config took 2.88s 
114848     INFO  Test worker     d.u.i.k.t.l.TacletProofObligationInput Proof obligation for taclet: divLeastDPos 
115772     INFO  Test worker     d.u.i.k.p.i.AbstractProblemLoader Replaying proof Taclet: divLeastDPos 
115779     DEBUG Test worker     d.u.i.k.p.i.IntermediateProofReplayer Proof replay took 5.12ms 
115781     INFO  Test worker     d.u.i.k.p.i.AbstractProblemLoader Loading environment from tacletProofs/IntDiv/Taclet_divLeastDNeg.proof 
115781     DEBUG Test worker     d.u.i.k.p.i.AbstractProblemLoader Environment load took 109.9ns 
115782     INFO  Test worker     d.u.i.k.p.i.AbstractProblemLoader Creating init config 
118595     DEBUG Test worker     d.u.i.k.p.i.AbstractProblemLoader Init config took 2.81s 
118595     INFO  Test worker     d.u.i.k.t.l.TacletProofObligationInput Proof obligation for taclet: divLeastDNeg 
119531     INFO  Test worker     d.u.i.k.p.i.AbstractProblemLoader Replaying proof Taclet: divLeastDNeg 
119546     DEBUG Test worker     d.u.i.k.p.i.IntermediateProofReplayer Proof replay took 12.26ms 
119551     INFO  Test worker     d.u.i.k.p.i.AbstractProblemLoader Loading environment from tacletProofs/IntDiv/Taclet_divGreatestDPos.proof 
119551     DEBUG Test worker     d.u.i.k.p.i.AbstractProblemLoader Environment load took 342.51ns 
119552     INFO  Test worker     d.u.i.k.p.i.AbstractProblemLoader Creating init config 
122323     DEBUG Test worker     d.u.i.k.p.i.AbstractProblemLoader Init config took 2.77s 
122324     INFO  Test worker     d.u.i.k.t.l.TacletProofObligationInput Proof obligation for taclet: divGreatestDPos 
123253     INFO  Test worker     d.u.i.k.p.i.AbstractProblemLoader Replaying proof Taclet: divGreatestDPos 
123268     DEBUG Test worker     d.u.i.k.p.i.IntermediateProofReplayer Proof replay took 11.82ms 
123277     INFO  Test worker     d.u.i.k.p.i.AbstractProblemLoader Loading environment from tacletProofs/IntDiv/Taclet_divGreatestDNeg.proof 
123277     DEBUG Test worker     d.u.i.k.p.i.AbstractProblemLoader Environment load took 118.3ns 
123278     INFO  Test worker     d.u.i.k.p.i.AbstractProblemLoader Creating init config 
126046     DEBUG Test worker     d.u.i.k.p.i.AbstractProblemLoader Init config took 2.77s 
126047     INFO  Test worker     d.u.i.k.t.l.TacletProofObligationInput Proof obligation for taclet: divGreatestDNeg 
126970     INFO  Test worker     d.u.i.k.p.i.AbstractProblemLoader Replaying proof Taclet: divGreatestDNeg 
126987     DEBUG Test worker     d.u.i.k.p.i.IntermediateProofReplayer Proof replay took 14ms 
126992     INFO  Test worker     d.u.i.k.p.i.AbstractProblemLoader Loading environment from tacletProofs/IntDiv/Taclet_divIncreasingPos.proof 
126992     DEBUG Test worker     d.u.i.k.p.i.AbstractProblemLoader Environment load took 108ns 
126993     INFO  Test worker     d.u.i.k.p.i.AbstractProblemLoader Creating init config 
129789     DEBUG Test worker     d.u.i.k.p.i.AbstractProblemLoader Init config took 2.8s 
129789     INFO  Test worker     d.u.i.k.t.l.TacletProofObligationInput Proof obligation for taclet: divIncreasingPos 
130714     INFO  Test worker     d.u.i.k.p.i.AbstractProblemLoader Replaying proof Taclet: divIncreasingPos 
130721     DEBUG Test worker     d.u.i.k.p.i.IntermediateProofReplayer Proof replay took 5.18ms 
130723     INFO  Test worker     d.u.i.k.p.i.AbstractProblemLoader Loading environment from tacletProofs/IntDiv/Taclet_divIncreasingNeg.proof 
130723     DEBUG Test worker     d.u.i.k.p.i.AbstractProblemLoader Environment load took 112.7ns 
130724     INFO  Test worker     d.u.i.k.p.i.AbstractProblemLoader Creating init config 
133570     DEBUG Test worker     d.u.i.k.p.i.AbstractProblemLoader Init config took 2.85s 
133571     INFO  Test worker     d.u.i.k.t.l.TacletProofObligationInput Proof obligation for taclet: divIncreasingNeg 
134560     INFO  Test worker     d.u.i.k.p.i.AbstractProblemLoader Replaying proof Taclet: divIncreasingNeg 
134568     DEBUG Test worker     d.u.i.k.p.i.IntermediateProofReplayer Proof replay took 5.17ms 
134569     INFO  Test worker     d.u.i.k.p.i.AbstractProblemLoader Loading environment from tacletProofs/IntDiv/Taclet_jdiv_zero.proof 
134569     DEBUG Test worker     d.u.i.k.p.i.AbstractProblemLoader Environment load took 109ns 
134570     INFO  Test worker     d.u.i.k.p.i.AbstractProblemLoader Creating init config 
137370     DEBUG Test worker     d.u.i.k.p.i.AbstractProblemLoader Init config took 2.8s 
137371     INFO  Test worker     d.u.i.k.t.l.TacletProofObligationInput Proof obligation for taclet: jdiv_zero 
138339     INFO  Test worker     d.u.i.k.p.i.AbstractProblemLoader Replaying proof Taclet: jdiv_zero 
138343     DEBUG Test worker     d.u.i.k.p.i.IntermediateProofReplayer Proof replay took 1.74ms 
138346     INFO  Test worker     d.u.i.k.p.i.AbstractProblemLoader Loading environment from tacletProofs/IntDiv/Taclet_jdivPulloutMinusNum.proof 
138346     DEBUG Test worker     d.u.i.k.p.i.AbstractProblemLoader Environment load took 315.81ns 
138347     INFO  Test worker     d.u.i.k.p.i.AbstractProblemLoader Creating init config 
141173     DEBUG Test worker     d.u.i.k.p.i.AbstractProblemLoader Init config took 2.83s 
141174     INFO  Test worker     d.u.i.k.t.l.TacletProofObligationInput Proof obligation for taclet: jdivPulloutMinusNum 
142189     INFO  Test worker     d.u.i.k.p.i.AbstractProblemLoader Replaying proof Taclet: jdivPulloutMinusNum 
142199     DEBUG Test worker     d.u.i.k.p.i.IntermediateProofReplayer Proof replay took 7.87ms 
142206     INFO  Test worker     d.u.i.k.p.i.AbstractProblemLoader Loading environment from tacletProofs/IntDiv/Taclet_jdivPulloutMinusDenom.proof 
142206     DEBUG Test worker     d.u.i.k.p.i.AbstractProblemLoader Environment load took 380.01ns 
142210     INFO  Test worker     d.u.i.k.p.i.AbstractProblemLoader Creating init config 
145030     DEBUG Test worker     d.u.i.k.p.i.AbstractProblemLoader Init config took 2.82s 
145031     INFO  Test worker     d.u.i.k.t.l.TacletProofObligationInput Proof obligation for taclet: jdivPulloutMinusDenom 
145979     INFO  Test worker     d.u.i.k.p.i.AbstractProblemLoader Replaying proof Taclet: jdivPulloutMinusDenom 
146017     DEBUG Test worker     d.u.i.k.p.i.IntermediateProofReplayer Proof replay took 31.67ms 
146020     INFO  Test worker     d.u.i.k.p.i.AbstractProblemLoader Loading environment from tacletProofs/IntDiv/Taclet_jdiv_uniquePosPos.proof 
146020     DEBUG Test worker     d.u.i.k.p.i.AbstractProblemLoader Environment load took 330.81ns 
146022     INFO  Test worker     d.u.i.k.p.i.AbstractProblemLoader Creating init config 
148814     DEBUG Test worker     d.u.i.k.p.i.AbstractProblemLoader Init config took 2.79s 
148814     INFO  Test worker     d.u.i.k.t.l.TacletProofObligationInput Proof obligation for taclet: jdiv_uniquePosPos 
149780     INFO  Test worker     d.u.i.k.p.i.AbstractProblemLoader Replaying proof Taclet: jdiv_uniquePosPos 
149800     DEBUG Test worker     d.u.i.k.p.i.IntermediateProofReplayer Proof replay took 16.75ms 
149803     INFO  Test worker     d.u.i.k.p.i.AbstractProblemLoader Loading environment from tacletProofs/IntDiv/Taclet_jdiv_uniquePosNeg.proof 
149803     DEBUG Test worker     d.u.i.k.p.i.AbstractProblemLoader Environment load took 356.91ns 
149805     INFO  Test worker     d.u.i.k.p.i.AbstractProblemLoader Creating init config 
152718     DEBUG Test worker     d.u.i.k.p.i.AbstractProblemLoader Init config took 2.91s 
152718     INFO  Test worker     d.u.i.k.t.l.TacletProofObligationInput Proof obligation for taclet: jdiv_uniquePosNeg 
153741     INFO  Test worker     d.u.i.k.p.i.AbstractProblemLoader Replaying proof Taclet: jdiv_uniquePosNeg 
153758     DEBUG Test worker     d.u.i.k.p.i.IntermediateProofReplayer Proof replay took 14.4ms 
153760     INFO  Test worker     d.u.i.k.p.i.AbstractProblemLoader Loading environment from tacletProofs/IntDiv/Taclet_jdiv_uniqueNegPos.proof 
153760     DEBUG Test worker     d.u.i.k.p.i.AbstractProblemLoader Environment load took 105.7ns 
153761     INFO  Test worker     d.u.i.k.p.i.AbstractProblemLoader Creating init config 
156615     DEBUG Test worker     d.u.i.k.p.i.AbstractProblemLoader Init config took 2.85s 
156615     INFO  Test worker     d.u.i.k.t.l.TacletProofObligationInput Proof obligation for taclet: jdiv_uniqueNegPos 
157548     INFO  Test worker     d.u.i.k.p.i.AbstractProblemLoader Replaying proof Taclet: jdiv_uniqueNegPos 
157568     DEBUG Test worker     d.u.i.k.p.i.IntermediateProofReplayer Proof replay took 16.39ms 
157569     INFO  Test worker     d.u.i.k.p.i.AbstractProblemLoader Loading environment from tacletProofs/IntDiv/Taclet_jdiv_uniqueNegNeg.proof 
157569     DEBUG Test worker     d.u.i.k.p.i.AbstractProblemLoader Environment load took 102ns 
157570     INFO  Test worker     d.u.i.k.p.i.AbstractProblemLoader Creating init config 
160463     DEBUG Test worker     d.u.i.k.p.i.AbstractProblemLoader Init config took 2.89s 
160463     INFO  Test worker     d.u.i.k.t.l.TacletProofObligationInput Proof obligation for taclet: jdiv_uniqueNegNeg 
161404     INFO  Test worker     d.u.i.k.p.i.AbstractProblemLoader Replaying proof Taclet: jdiv_uniqueNegNeg 
161419     DEBUG Test worker     d.u.i.k.p.i.IntermediateProofReplayer Proof replay took 12.24ms 
161420     INFO  Test worker     d.u.i.k.p.i.AbstractProblemLoader Loading environment from tacletProofs/IntDiv/Taclet_jdivMultDenom1.proof 
161420     DEBUG Test worker     d.u.i.k.p.i.AbstractProblemLoader Environment load took 107.6ns 
161421     INFO  Test worker     d.u.i.k.p.i.AbstractProblemLoader Creating init config 
164236     DEBUG Test worker     d.u.i.k.p.i.AbstractProblemLoader Init config took 2.81s 
164237     INFO  Test worker     d.u.i.k.t.l.TacletProofObligationInput Proof obligation for taclet: jdivMultDenom1 
165165     INFO  Test worker     d.u.i.k.p.i.AbstractProblemLoader Replaying proof Taclet: jdivMultDenom1 
165202     DEBUG Test worker     d.u.i.k.p.i.IntermediateProofReplayer Proof replay took 31.88ms 
165205     INFO  Test worker     d.u.i.k.p.i.AbstractProblemLoader Loading environment from tacletProofs/IntDiv/Taclet_jdivMultDenom2.proof 
165205     DEBUG Test worker     d.u.i.k.p.i.AbstractProblemLoader Environment load took 330.71ns 
165206     INFO  Test worker     d.u.i.k.p.i.AbstractProblemLoader Creating init config 
168009     DEBUG Test worker     d.u.i.k.p.i.AbstractProblemLoader Init config took 2.8s 
168010     INFO  Test worker     d.u.i.k.t.l.TacletProofObligationInput Proof obligation for taclet: jdivMultDenom2 
168959     INFO  Test worker     d.u.i.k.p.i.AbstractProblemLoader Replaying proof Taclet: jdivMultDenom2 
168962     DEBUG Test worker     d.u.i.k.p.i.IntermediateProofReplayer Proof replay took 1.14ms 
168964     INFO  Test worker     d.u.i.k.p.i.AbstractProblemLoader Loading environment from tacletProofs/IntDiv/Taclet_mod_geZero.proof 
168964     DEBUG Test worker     d.u.i.k.p.i.AbstractProblemLoader Environment load took 259.31ns 
168965     INFO  Test worker     d.u.i.k.p.i.AbstractProblemLoader Creating init config 
171793     DEBUG Test worker     d.u.i.k.p.i.AbstractProblemLoader Init config took 2.83s 
171793     INFO  Test worker     d.u.i.k.t.l.TacletProofObligationInput Proof obligation for taclet: mod_geZero 
172743     INFO  Test worker     d.u.i.k.p.i.AbstractProblemLoader Replaying proof Taclet: mod_geZero 
172748     DEBUG Test worker     d.u.i.k.p.i.IntermediateProofReplayer Proof replay took 2.29ms 
172750     INFO  Test worker     d.u.i.k.p.i.AbstractProblemLoader Loading environment from tacletProofs/IntDiv/Taclet_mod_lessDenom.proof 
172750     DEBUG Test worker     d.u.i.k.p.i.AbstractProblemLoader Environment load took 283.01ns 
172751     INFO  Test worker     d.u.i.k.p.i.AbstractProblemLoader Creating init config 
175664     DEBUG Test worker     d.u.i.k.p.i.AbstractProblemLoader Init config took 2.91s 
175664     INFO  Test worker     d.u.i.k.t.l.TacletProofObligationInput Proof obligation for taclet: mod_lessDenom 
176620     INFO  Test worker     d.u.i.k.p.i.AbstractProblemLoader Replaying proof Taclet: mod_lessDenom 
176628     DEBUG Test worker     d.u.i.k.p.i.IntermediateProofReplayer Proof replay took 6.33ms 
176630     INFO  Test worker     d.u.i.k.p.i.AbstractProblemLoader Loading environment from tacletProofs/IntDiv/Taclet_jmod_NumPos.proof 
176630     DEBUG Test worker     d.u.i.k.p.i.AbstractProblemLoader Environment load took 86.7ns 
176631     INFO  Test worker     d.u.i.k.p.i.AbstractProblemLoader Creating init config 
179454     DEBUG Test worker     d.u.i.k.p.i.AbstractProblemLoader Init config took 2.82s 
179454     INFO  Test worker     d.u.i.k.t.l.TacletProofObligationInput Proof obligation for taclet: jmod_NumPos 
180371     INFO  Test worker     d.u.i.k.p.i.AbstractProblemLoader Replaying proof Taclet: jmod_NumPos 
180379     DEBUG Test worker     d.u.i.k.p.i.IntermediateProofReplayer Proof replay took 5.67ms 
180380     INFO  Test worker     d.u.i.k.p.i.AbstractProblemLoader Loading environment from tacletProofs/IntDiv/Taclet_jmod_NumNeg.proof 
180381     DEBUG Test worker     d.u.i.k.p.i.AbstractProblemLoader Environment load took 75.6ns 
180381     INFO  Test worker     d.u.i.k.p.i.AbstractProblemLoader Creating init config 
183140     DEBUG Test worker     d.u.i.k.p.i.AbstractProblemLoader Init config took 2.76s 
183140     INFO  Test worker     d.u.i.k.t.l.TacletProofObligationInput Proof obligation for taclet: jmod_NumNeg 
184060     INFO  Test worker     d.u.i.k.p.i.AbstractProblemLoader Replaying proof Taclet: jmod_NumNeg 
184089     DEBUG Test worker     d.u.i.k.p.i.IntermediateProofReplayer Proof replay took 25.71ms 
184095     INFO  Test worker     d.u.i.k.p.i.AbstractProblemLoader Loading environment from tacletProofs/IntDiv/Taclet_jmod_geZero.proof 
184096     DEBUG Test worker     d.u.i.k.p.i.AbstractProblemLoader Environment load took 627.32ns 
184097     INFO  Test worker     d.u.i.k.p.i.AbstractProblemLoader Creating init config 
186828     DEBUG Test worker     d.u.i.k.p.i.AbstractProblemLoader Init config took 2.73s 
186829     INFO  Test worker     d.u.i.k.t.l.TacletProofObligationInput Proof obligation for taclet: jmod_geZero 
187744     INFO  Test worker     d.u.i.k.p.i.AbstractProblemLoader Replaying proof Taclet: jmod_geZero 
187752     DEBUG Test worker     d.u.i.k.p.i.IntermediateProofReplayer Proof replay took 5.85ms 
187753     INFO  Test worker     d.u.i.k.p.i.AbstractProblemLoader Loading environment from tacletProofs/IntDiv/Taclet_jmodNumZero.proof 
187753     DEBUG Test worker     d.u.i.k.p.i.AbstractProblemLoader Environment load took 83ns 
187754     INFO  Test worker     d.u.i.k.p.i.AbstractProblemLoader Creating init config 
190548     DEBUG Test worker     d.u.i.k.p.i.AbstractProblemLoader Init config took 2.79s 
190548     INFO  Test worker     d.u.i.k.t.l.TacletProofObligationInput Proof obligation for taclet: jmodNumZero 
191508     INFO  Test worker     d.u.i.k.p.i.AbstractProblemLoader Replaying proof Taclet: jmodNumZero 
191511     DEBUG Test worker     d.u.i.k.p.i.IntermediateProofReplayer Proof replay took 1.36ms 
191513     INFO  Test worker     d.u.i.k.p.i.AbstractProblemLoader Loading environment from tacletProofs/IntDiv/Taclet_jmod_pulloutminusNum.proof 
191513     DEBUG Test worker     d.u.i.k.p.i.AbstractProblemLoader Environment load took 86.3ns 
191514     INFO  Test worker     d.u.i.k.p.i.AbstractProblemLoader Creating init config 
194224     DEBUG Test worker     d.u.i.k.p.i.AbstractProblemLoader Init config took 2.71s 
194224     INFO  Test worker     d.u.i.k.t.l.TacletProofObligationInput Proof obligation for taclet: jmod_pulloutminusNum 
195163     INFO  Test worker     d.u.i.k.p.i.AbstractProblemLoader Replaying proof Taclet: jmod_pulloutminusNum 
195167     DEBUG Test worker     d.u.i.k.p.i.IntermediateProofReplayer Proof replay took 1.56ms 
195168     INFO  Test worker     d.u.i.k.p.i.AbstractProblemLoader Loading environment from tacletProofs/IntDiv/Taclet_jmod_pulloutminusDenom.proof 
195168     DEBUG Test worker     d.u.i.k.p.i.AbstractProblemLoader Environment load took 97.3ns 
195169     INFO  Test worker     d.u.i.k.p.i.AbstractProblemLoader Creating init config 
197946     DEBUG Test worker     d.u.i.k.p.i.AbstractProblemLoader Init config took 2.78s 
197947     INFO  Test worker     d.u.i.k.t.l.TacletProofObligationInput Proof obligation for taclet: jmod_pulloutminusDenom 
198827     INFO  Test worker     d.u.i.k.p.i.AbstractProblemLoader Replaying proof Taclet: jmod_pulloutminusDenom 
198831     DEBUG Test worker     d.u.i.k.p.i.IntermediateProofReplayer Proof replay took 1.84ms 
198839     INFO  Test worker     d.u.i.k.p.i.AbstractProblemLoader Loading environment from tacletProofs/IntDiv/Taclet_jmodUnique1.proof 
198839     DEBUG Test worker     d.u.i.k.p.i.AbstractProblemLoader Environment load took 107.2ns 
198840     INFO  Test worker     d.u.i.k.p.i.AbstractProblemLoader Creating init config 
201801     DEBUG Test worker     d.u.i.k.p.i.AbstractProblemLoader Init config took 2.96s 
201801     INFO  Test worker     d.u.i.k.t.l.TacletProofObligationInput Proof obligation for taclet: jmodUnique1 
202706     INFO  Test worker     d.u.i.k.p.i.AbstractProblemLoader Replaying proof Taclet: jmodUnique1 
202764     DEBUG Test worker     d.u.i.k.p.i.IntermediateProofReplayer Proof replay took 49.8ms 
202766     INFO  Test worker     d.u.i.k.p.i.AbstractProblemLoader Loading environment from tacletProofs/IntDiv/Taclet_jmodUnique2.proof 
202766     DEBUG Test worker     d.u.i.k.p.i.AbstractProblemLoader Environment load took 121.4ns 
202767     INFO  Test worker     d.u.i.k.p.i.AbstractProblemLoader Creating init config 
205628     DEBUG Test worker     d.u.i.k.p.i.AbstractProblemLoader Init config took 2.86s 
205629     INFO  Test worker     d.u.i.k.t.l.TacletProofObligationInput Proof obligation for taclet: jmodUnique2 
206580     INFO  Test worker     d.u.i.k.p.i.AbstractProblemLoader Replaying proof Taclet: jmodUnique2 
206656     DEBUG Test worker     d.u.i.k.p.i.IntermediateProofReplayer Proof replay took 66.28ms 
206657     INFO  Test worker     d.u.i.k.p.i.AbstractProblemLoader Loading environment from tacletProofs/IntDiv/Taclet_intDivRem.proof 
206658     DEBUG Test worker     d.u.i.k.p.i.AbstractProblemLoader Environment load took 107.4ns 
206658     INFO  Test worker     d.u.i.k.p.i.AbstractProblemLoader Creating init config 
209461     DEBUG Test worker     d.u.i.k.p.i.AbstractProblemLoader Init config took 2.8s 
209461     INFO  Test worker     d.u.i.k.t.l.TacletProofObligationInput Proof obligation for taclet: intDivRem 
210364     INFO  Test worker     d.u.i.k.p.i.AbstractProblemLoader Replaying proof Taclet: intDivRem 
210368     DEBUG Test worker     d.u.i.k.p.i.IntermediateProofReplayer Proof replay took 1.46ms 
210371     INFO  Test worker     d.u.i.k.p.i.AbstractProblemLoader Loading environment from tacletProofs/IntDiv/Taclet_jmodjmod.proof 
210371     DEBUG Test worker     d.u.i.k.p.i.AbstractProblemLoader Environment load took 306.61ns 
210373     INFO  Test worker     d.u.i.k.p.i.AbstractProblemLoader Creating init config 
213187     DEBUG Test worker     d.u.i.k.p.i.AbstractProblemLoader Init config took 2.81s 
213187     INFO  Test worker     d.u.i.k.t.l.TacletProofObligationInput Proof obligation for taclet: jmodjmod 
214113     INFO  Test worker     d.u.i.k.p.i.AbstractProblemLoader Replaying proof Taclet: jmodjmod 
214144     DEBUG Test worker     d.u.i.k.p.i.IntermediateProofReplayer Proof replay took 26.94ms 
214146     INFO  Test worker     d.u.i.k.p.i.AbstractProblemLoader Loading environment from tacletProofs/IntDiv/Taclet_jmodDivisible.proof 
214146     DEBUG Test worker     d.u.i.k.p.i.AbstractProblemLoader Environment load took 262.71ns 
214147     INFO  Test worker     d.u.i.k.p.i.AbstractProblemLoader Creating init config 
216955     DEBUG Test worker     d.u.i.k.p.i.AbstractProblemLoader Init config took 2.81s 
216955     INFO  Test worker     d.u.i.k.t.l.TacletProofObligationInput Proof obligation for taclet: jmodDivisible 
217819     INFO  Test worker     d.u.i.k.p.i.AbstractProblemLoader Replaying proof Taclet: jmodDivisible 
217840     DEBUG Test worker     d.u.i.k.p.i.IntermediateProofReplayer Proof replay took 18.29ms 
217842     INFO  Test worker     d.u.i.k.p.i.AbstractProblemLoader Loading environment from tacletProofs/IntDiv/Taclet_jmodDivisibleRep.proof 
217842     DEBUG Test worker     d.u.i.k.p.i.AbstractProblemLoader Environment load took 111ns 
217843     INFO  Test worker     d.u.i.k.p.i.AbstractProblemLoader Creating init config 
220626     DEBUG Test worker     d.u.i.k.p.i.AbstractProblemLoader Init config took 2.78s 
220627     INFO  Test worker     d.u.i.k.t.l.TacletProofObligationInput Proof obligation for taclet: jmodDivisibleRep 
221515     INFO  Test worker     d.u.i.k.p.i.AbstractProblemLoader Replaying proof Taclet: jmodDivisibleRep 
221518     DEBUG Test worker     d.u.i.k.p.i.IntermediateProofReplayer Proof replay took 941.02ns 
221519     INFO  Test worker     d.u.i.k.p.i.AbstractProblemLoader Loading environment from tacletProofs/IntDiv/Taclet_jdivAddMultDenom.proof 
221519     DEBUG Test worker     d.u.i.k.p.i.AbstractProblemLoader Environment load took 71.3ns 
221520     INFO  Test worker     d.u.i.k.p.i.AbstractProblemLoader Creating init config 
224391     DEBUG Test worker     d.u.i.k.p.i.AbstractProblemLoader Init config took 2.87s 
224391     INFO  Test worker     d.u.i.k.t.l.TacletProofObligationInput Proof obligation for taclet: jdivAddMultDenom 
225279     INFO  Test worker     d.u.i.k.p.i.AbstractProblemLoader Replaying proof Taclet: jdivAddMultDenom 
225405     DEBUG Test worker     d.u.i.k.p.i.IntermediateProofReplayer Proof replay took 113.61ms 
225411     INFO  Test worker     d.u.i.k.p.i.AbstractProblemLoader Loading environment from tacletProofs/IntDiv/Taclet_jmodAltZero.proof 
225411     DEBUG Test worker     d.u.i.k.p.i.AbstractProblemLoader Environment load took 204.5ns 
225412     INFO  Test worker     d.u.i.k.p.i.AbstractProblemLoader Creating init config 
228225     DEBUG Test worker     d.u.i.k.p.i.AbstractProblemLoader Init config took 2.81s 
228226     INFO  Test worker     d.u.i.k.t.l.TacletProofObligationInput Proof obligation for taclet: jmodAltZero 
229140     INFO  Test worker     d.u.i.k.p.i.AbstractProblemLoader Replaying proof Taclet: jmodAltZero 
229150     DEBUG Test worker     d.u.i.k.p.i.IntermediateProofReplayer Proof replay took 6.91ms 
229152     INFO  Test worker     d.u.i.k.p.i.AbstractProblemLoader Loading environment from tacletProofs/IntDiv/Taclet_jmodAddMultDenomZero.proof 
229152     DEBUG Test worker     d.u.i.k.p.i.AbstractProblemLoader Environment load took 305.41ns 
229153     INFO  Test worker     d.u.i.k.p.i.AbstractProblemLoader Creating init config 
231974     DEBUG Test worker     d.u.i.k.p.i.AbstractProblemLoader Init config took 2.82s 
231974     INFO  Test worker     d.u.i.k.t.l.TacletProofObligationInput Proof obligation for taclet: jmodAddMultDenomZero 
232918     INFO  Test worker     d.u.i.k.p.i.AbstractProblemLoader Replaying proof Taclet: jmodAddMultDenomZero 
232924     DEBUG Test worker     d.u.i.k.p.i.IntermediateProofReplayer Proof replay took 4.23ms 
232925     INFO  Test worker     d.u.i.k.p.i.AbstractProblemLoader Loading environment from tacletProofs/IntDiv/Taclet_polyDiv_zero.proof 
232926     DEBUG Test worker     d.u.i.k.p.i.AbstractProblemLoader Environment load took 76.3ns 
232926     INFO  Test worker     d.u.i.k.p.i.AbstractProblemLoader Creating init config 
235774     DEBUG Test worker     d.u.i.k.p.i.AbstractProblemLoader Init config took 2.85s 
235774     INFO  Test worker     d.u.i.k.t.l.TacletProofObligationInput Proof obligation for taclet: polyDiv_zero 
236691     INFO  Test worker     d.u.i.k.p.i.AbstractProblemLoader Replaying proof Taclet: polyDiv_zero 
236705     DEBUG Test worker     d.u.i.k.p.i.IntermediateProofReplayer Proof replay took 11.55ms 
236706     INFO  Test worker     d.u.i.k.p.i.AbstractProblemLoader Loading environment from tacletProofs/IntDiv/Taclet_polyMod_ltdivDenom.proof 
236707     DEBUG Test worker     d.u.i.k.p.i.AbstractProblemLoader Environment load took 91ns 
236707     INFO  Test worker     d.u.i.k.p.i.AbstractProblemLoader Creating init config 
239444     DEBUG Test worker     d.u.i.k.p.i.AbstractProblemLoader Init config took 2.74s 
239445     INFO  Test worker     d.u.i.k.t.l.TacletProofObligationInput Proof obligation for taclet: polyMod_ltdivDenom 
240353     INFO  Test worker     d.u.i.k.p.i.AbstractProblemLoader Replaying proof Taclet: polyMod_ltdivDenom 
240365     DEBUG Test worker     d.u.i.k.p.i.IntermediateProofReplayer Proof replay took 4.97ms 
240367     INFO  Test worker     d.u.i.k.p.i.AbstractProblemLoader Loading environment from tacletProofs/bsum/Taclet_bsum_empty.proof 
240367     DEBUG Test worker     d.u.i.k.p.i.AbstractProblemLoader Environment load took 94.8ns 
240368     INFO  Test worker     d.u.i.k.p.i.AbstractProblemLoader Creating init config 
243144     DEBUG Test worker     d.u.i.k.p.i.AbstractProblemLoader Init config took 2.78s 
243145     INFO  Test worker     d.u.i.k.t.l.TacletProofObligationInput Proof obligation for taclet: bsum_empty 
244107     INFO  Test worker     d.u.i.k.p.i.AbstractProblemLoader Replaying proof Taclet: bsum_empty 
244110     DEBUG Test worker     d.u.i.k.p.i.IntermediateProofReplayer Proof replay took 1.56ms 
[...]
757848     DEBUG Test worker     d.u.i.k.m.s.ProofScriptEngine [equals(int::cast(any::seqGet(s_0,v_x_0)),v_y_0),equals(any::seqGet(f_s,v_x_0),any::seqGet(f_t,v_x_0)),equals(any::seqGet(f_s,v_y_0),any::seqGet(f_t,v_y_0)),leq(Z(0(#)),v_x_0),lt(v_x_0,seqLen(f_s)),leq(Z(0(#)),v_y_0),lt(v_y_0,seqLen(f_s)),equals(seqLen(f_s),seqLen(f_t)),equals(seqLen(s_0),seqLen(f_s)),leq(Z(0(#)),int::seqGet(s_0,v_x_0)),lt(int::seqGet(s_0,v_x_0),seqLen(s_0)),equals(int::instance(any::seqGet(s_0,v_x_0)),TRUE),leq(Z(0(#)),int::seqGet(s_0,v_y_0)),lt(int::seqGet(s_0,v_y_0),seqLen(s_0)),equals(int::instance(any::seqGet(s_0,v_y_0)),TRUE),leq(Z(0(#)),int::seqGet(s_0,jv_0)),lt(int::seqGet(s_0,jv_0),seqLen(s_0)),equals(int::instance(any::seqGet(s_0,jv_0)),TRUE),leq(Z(0(#)),int::seqGet(s_0,jv_1)),lt(int::seqGet(s_0,jv_1),seqLen(s_0)),equals(int::instance(any::seqGet(s_0,jv_1)),TRUE),leq(Z(0(#)),jv_0),lt(jv_0,seqLen(s_0)),equals(int::cast(any::seqGet(s_0,jv_0)),v_x_0),leq(Z(0(#)),jv_1),lt(jv_1,seqLen(s_0)),equals(int::cast(any::seqGet(s_0,jv_1)),v_y_0),seqNPerm(s_0),equals(any::seqGet(f_s,v_x_0),any::seqGet(f_t,int::seqGet(s_0,v_x_0))),equals(any::seqGet(f_s,v_y_0),any::seqGet(f_t,int::seqGet(s_0,v_y_0))),all{iv:int}(imp(and(leq(Z(0(#)),iv),lt(iv,seqLen(s_0))),equals(any::seqGet(f_s,iv),any::seqGet(f_t,int::seqGet(s_0,iv))))),seqPerm(f_s,f_t)]==>[equals(int::cast(any::seqGet(s_0,v_y_0)),v_y_0),equals(int::cast(any::seqGet(s_0,v_x_0)),v_x_0),equals(int::cast(any::seqGet(s_0,v_x_0)),int::cast(any::seqGet(s_0,v_y_0))),equals(v_x_0,v_y_0),equals(int::seqGet(seqSwap(seqSwap(s_0,jv_0,v_x_0),jv_0,v_y_0),v_x_0),v_x_0)] 
757849     DEBUG Test worker     d.u.i.k.m.s.ProofScriptEngine [leq(Z(0(#)),v_iv_0),lt(v_iv_0,seqLen(f_s)),equals(int::cast(any::seqGet(s_0,v_x_0)),v_y_0),equals(any::seqGet(f_s,v_x_0),any::seqGet(f_t,v_x_0)),equals(any::seqGet(f_s,v_y_0),any::seqGet(f_t,v_y_0)),leq(Z(0(#)),v_x_0),lt(v_x_0,seqLen(f_s)),leq(Z(0(#)),v_y_0),lt(v_y_0,seqLen(f_s)),equals(seqLen(f_s),seqLen(f_t)),equals(seqLen(s_0),seqLen(f_s)),leq(Z(0(#)),int::seqGet(s_0,v_x_0)),lt(int::seqGet(s_0,v_x_0),seqLen(s_0)),equals(int::instance(any::seqGet(s_0,v_x_0)),TRUE),leq(Z(0(#)),int::seqGet(s_0,v_y_0)),lt(int::seqGet(s_0,v_y_0),seqLen(s_0)),equals(int::instance(any::seqGet(s_0,v_y_0)),TRUE),leq(Z(0(#)),int::seqGet(s_0,jv_0)),lt(int::seqGet(s_0,jv_0),seqLen(s_0)),equals(int::instance(any::seqGet(s_0,jv_0)),TRUE),leq(Z(0(#)),int::seqGet(s_0,jv_1)),lt(int::seqGet(s_0,jv_1),seqLen(s_0)),equals(int::instance(any::seqGet(s_0,jv_1)),TRUE),leq(Z(0(#)),jv_0),lt(jv_0,seqLen(s_0)),equals(int::cast(any::seqGet(s_0,jv_0)),v_x_0),leq(Z(0(#)),jv_1),lt(jv_1,seqLen(s_0)),equals(int::cast(any::seqGet(s_0,jv_1)),v_y_0),seqNPerm(s_0),equals(any::seqGet(f_s,v_x_0),any::seqGet(f_t,int::seqGet(s_0,v_x_0))),equals(any::seqGet(f_s,v_y_0),any::seqGet(f_t,int::seqGet(s_0,v_y_0))),equals(any::seqGet(f_s,v_iv_0),any::seqGet(f_t,int::seqGet(s_0,v_iv_0))),all{iv:int}(imp(and(leq(Z(0(#)),iv),lt(iv,seqLen(s_0))),equals(any::seqGet(f_s,iv),any::seqGet(f_t,int::seqGet(s_0,iv))))),seqPerm(f_s,f_t)]==>[equals(int::cast(any::seqGet(s_0,v_y_0)),v_y_0),equals(int::cast(any::seqGet(s_0,v_x_0)),v_x_0),equals(int::cast(any::seqGet(s_0,v_x_0)),int::cast(any::seqGet(s_0,v_y_0))),equals(v_x_0,v_y_0),and(and(and(leq(Z(0(#)),jv_0),leq(Z(0(#)),v_y_0)),lt(jv_0,seqLen(seqSwap(s_0,jv_0,v_x_0)))),lt(v_y_0,seqLen(seqSwap(s_0,jv_0,v_x_0)))),equals(any::seqGet(f_s,v_iv_0),any::seqGet(f_t,int::seqGet(seqSwap(s_0,jv_0,v_x_0),v_iv_0)))] 
757849     DEBUG Test worker     d.u.i.k.m.s.ProofScriptEngine [lt(jv_0,seqLen(seqSwap(s_0,jv_0,v_x_0))),lt(v_y_0,seqLen(seqSwap(s_0,jv_0,v_x_0))),leq(Z(0(#)),v_iv_0),lt(v_iv_0,seqLen(f_s)),equals(int::cast(any::seqGet(s_0,v_x_0)),v_y_0),equals(any::seqGet(f_s,v_x_0),any::seqGet(f_t,v_x_0)),equals(any::seqGet(f_s,v_y_0),any::seqGet(f_t,v_y_0)),leq(Z(0(#)),v_x_0),lt(v_x_0,seqLen(f_s)),leq(Z(0(#)),v_y_0),lt(v_y_0,seqLen(f_s)),equals(seqLen(f_s),seqLen(f_t)),equals(seqLen(s_0),seqLen(f_s)),leq(Z(0(#)),int::seqGet(s_0,v_x_0)),lt(int::seqGet(s_0,v_x_0),seqLen(s_0)),equals(int::instance(any::seqGet(s_0,v_x_0)),TRUE),leq(Z(0(#)),int::seqGet(s_0,v_y_0)),lt(int::seqGet(s_0,v_y_0),seqLen(s_0)),equals(int::instance(any::seqGet(s_0,v_y_0)),TRUE),leq(Z(0(#)),int::seqGet(s_0,jv_0)),lt(int::seqGet(s_0,jv_0),seqLen(s_0)),equals(int::instance(any::seqGet(s_0,jv_0)),TRUE),leq(Z(0(#)),int::seqGet(s_0,jv_1)),lt(int::seqGet(s_0,jv_1),seqLen(s_0)),equals(int::instance(any::seqGet(s_0,jv_1)),TRUE),leq(Z(0(#)),jv_0),lt(jv_0,seqLen(s_0)),equals(int::cast(any::seqGet(s_0,jv_0)),v_x_0),leq(Z(0(#)),jv_1),lt(jv_1,seqLen(s_0)),equals(int::cast(any::seqGet(s_0,jv_1)),v_y_0),seqNPerm(s_0),equals(any::seqGet(f_s,v_x_0),any::seqGet(f_t,int::seqGet(s_0,v_x_0))),equals(any::seqGet(f_s,v_y_0),any::seqGet(f_t,int::seqGet(s_0,v_y_0))),equals(any::seqGet(f_s,v_iv_0),any::seqGet(f_t,int::seqGet(s_0,v_iv_0))),all{iv:int}(imp(and(leq(Z(0(#)),iv),lt(iv,seqLen(s_0))),equals(any::seqGet(f_s,iv),any::seqGet(f_t,int::seqGet(s_0,iv))))),seqPerm(f_s,f_t)]==>[equals(int::cast(any::seqGet(s_0,v_y_0)),v_y_0),equals(int::cast(any::seqGet(s_0,v_x_0)),v_x_0),equals(int::cast(any::seqGet(s_0,v_x_0)),int::cast(any::seqGet(s_0,v_y_0))),equals(v_x_0,v_y_0),equals(v_iv_0,jv_0),equals(v_iv_0,v_y_0),equals(any::seqGet(f_s,v_iv_0),any::seqGet(f_t,int::seqGet(seqSwap(s_0,jv_0,v_x_0),v_iv_0)))] 
757849     DEBUG Test worker     d.u.i.k.m.s.ProofScriptEngine [equals(v_iv_0,v_y_0),lt(jv_0,seqLen(seqSwap(s_0,jv_0,v_x_0))),lt(v_y_0,seqLen(seqSwap(s_0,jv_0,v_x_0))),leq(Z(0(#)),v_iv_0),lt(v_iv_0,seqLen(f_s)),equals(int::cast(any::seqGet(s_0,v_x_0)),v_y_0),equals(any::seqGet(f_s,v_x_0),any::seqGet(f_t,v_x_0)),equals(any::seqGet(f_s,v_y_0),any::seqGet(f_t,v_y_0)),leq(Z(0(#)),v_x_0),lt(v_x_0,seqLen(f_s)),leq(Z(0(#)),v_y_0),lt(v_y_0,seqLen(f_s)),equals(seqLen(f_s),seqLen(f_t)),equals(seqLen(s_0),seqLen(f_s)),leq(Z(0(#)),int::seqGet(s_0,v_x_0)),lt(int::seqGet(s_0,v_x_0),seqLen(s_0)),equals(int::instance(any::seqGet(s_0,v_x_0)),TRUE),leq(Z(0(#)),int::seqGet(s_0,v_y_0)),lt(int::seqGet(s_0,v_y_0),seqLen(s_0)),equals(int::instance(any::seqGet(s_0,v_y_0)),TRUE),leq(Z(0(#)),int::seqGet(s_0,jv_0)),lt(int::seqGet(s_0,jv_0),seqLen(s_0)),equals(int::instance(any::seqGet(s_0,jv_0)),TRUE),leq(Z(0(#)),int::seqGet(s_0,jv_1)),lt(int::seqGet(s_0,jv_1),seqLen(s_0)),equals(int::instance(any::seqGet(s_0,jv_1)),TRUE),leq(Z(0(#)),jv_0),lt(jv_0,seqLen(s_0)),equals(int::cast(any::seqGet(s_0,jv_0)),v_x_0),leq(Z(0(#)),jv_1),lt(jv_1,seqLen(s_0)),equals(int::cast(any::seqGet(s_0,jv_1)),v_y_0),seqNPerm(s_0),equals(any::seqGet(f_s,v_x_0),any::seqGet(f_t,int::seqGet(s_0,v_x_0))),equals(any::seqGet(f_s,v_y_0),any::seqGet(f_t,int::seqGet(s_0,v_y_0))),equals(any::seqGet(f_s,v_iv_0),any::seqGet(f_t,int::seqGet(s_0,v_iv_0))),all{iv:int}(imp(and(leq(Z(0(#)),iv),lt(iv,seqLen(s_0))),equals(any::seqGet(f_s,iv),any::seqGet(f_t,int::seqGet(s_0,iv))))),seqPerm(f_s,f_t)]==>[equals(int::cast(any::seqGet(s_0,v_y_0)),v_y_0),equals(int::cast(any::seqGet(s_0,v_x_0)),v_x_0),equals(int::cast(any::seqGet(s_0,v_x_0)),int::cast(any::seqGet(s_0,v_y_0))),equals(v_x_0,v_y_0),equals(v_iv_0,jv_0),and(and(and(leq(Z(0(#)),jv_0),leq(Z(0(#)),v_x_0)),lt(jv_0,seqLen(s_0))),lt(v_x_0,seqLen(s_0))),equals(any::seqGet(f_s,v_iv_0),any::seqGet(f_t,int::seqGet(s_0,jv_0)))] 
757849     DEBUG Test worker     d.u.i.k.m.s.ProofScriptEngine [equals(jv_0,jv_0),lt(v_x_0,seqLen(s_0)),equals(v_iv_0,v_y_0),lt(jv_0,seqLen(seqSwap(s_0,jv_0,v_x_0))),lt(v_y_0,seqLen(seqSwap(s_0,jv_0,v_x_0))),leq(Z(0(#)),v_iv_0),lt(v_iv_0,seqLen(f_s)),equals(int::cast(any::seqGet(s_0,v_x_0)),v_y_0),equals(any::seqGet(f_s,v_x_0),any::seqGet(f_t,v_x_0)),equals(any::seqGet(f_s,v_y_0),any::seqGet(f_t,v_y_0)),leq(Z(0(#)),v_x_0),lt(v_x_0,seqLen(f_s)),leq(Z(0(#)),v_y_0),lt(v_y_0,seqLen(f_s)),equals(seqLen(f_s),seqLen(f_t)),equals(seqLen(s_0),seqLen(f_s)),leq(Z(0(#)),int::seqGet(s_0,v_x_0)),lt(int::seqGet(s_0,v_x_0),seqLen(s_0)),equals(int::instance(any::seqGet(s_0,v_x_0)),TRUE),leq(Z(0(#)),int::seqGet(s_0,v_y_0)),lt(int::seqGet(s_0,v_y_0),seqLen(s_0)),equals(int::instance(any::seqGet(s_0,v_y_0)),TRUE),leq(Z(0(#)),int::seqGet(s_0,jv_0)),lt(int::seqGet(s_0,jv_0),seqLen(s_0)),equals(int::instance(any::seqGet(s_0,jv_0)),TRUE),leq(Z(0(#)),int::seqGet(s_0,jv_1)),lt(int::seqGet(s_0,jv_1),seqLen(s_0)),equals(int::instance(any::seqGet(s_0,jv_1)),TRUE),leq(Z(0(#)),jv_0),lt(jv_0,seqLen(s_0)),equals(int::cast(any::seqGet(s_0,jv_0)),v_x_0),leq(Z(0(#)),jv_1),lt(jv_1,seqLen(s_0)),equals(int::cast(any::seqGet(s_0,jv_1)),v_y_0),seqNPerm(s_0),equals(any::seqGet(f_s,v_x_0),any::seqGet(f_t,int::seqGet(s_0,v_x_0))),equals(any::seqGet(f_s,v_y_0),any::seqGet(f_t,int::seqGet(s_0,v_y_0))),equals(any::seqGet(f_s,v_iv_0),any::seqGet(f_t,int::seqGet(s_0,v_iv_0))),all{iv:int}(imp(and(leq(Z(0(#)),iv),lt(iv,seqLen(s_0))),equals(any::seqGet(f_s,iv),any::seqGet(f_t,int::seqGet(s_0,iv))))),seqPerm(f_s,f_t)]==>[equals(int::cast(any::seqGet(s_0,v_y_0)),v_y_0),equals(int::cast(any::seqGet(s_0,v_x_0)),v_x_0),equals(int::cast(any::seqGet(s_0,v_x_0)),int::cast(any::seqGet(s_0,v_y_0))),equals(v_x_0,v_y_0),equals(v_iv_0,jv_0),equals(any::seqGet(f_s,v_iv_0),any::seqGet(f_t,int::seqGet(s_0,v_x_0)))] 
757849     DEBUG Test worker     d.u.i.k.m.s.ProofScriptEngine [lt(v_x_0,seqLen(s_0)),equals(v_iv_0,v_y_0),lt(jv_0,seqLen(seqSwap(s_0,jv_0,v_x_0))),lt(v_y_0,seqLen(seqSwap(s_0,jv_0,v_x_0))),leq(Z(0(#)),v_iv_0),lt(v_iv_0,seqLen(f_s)),equals(int::cast(any::seqGet(s_0,v_x_0)),v_y_0),equals(any::seqGet(f_s,v_x_0),any::seqGet(f_t,v_x_0)),equals(any::seqGet(f_s,v_y_0),any::seqGet(f_t,v_y_0)),leq(Z(0(#)),v_x_0),lt(v_x_0,seqLen(f_s)),leq(Z(0(#)),v_y_0),lt(v_y_0,seqLen(f_s)),equals(seqLen(f_s),seqLen(f_t)),equals(seqLen(s_0),seqLen(f_s)),leq(Z(0(#)),int::seqGet(s_0,v_x_0)),lt(int::seqGet(s_0,v_x_0),seqLen(s_0)),equals(int::instance(any::seqGet(s_0,v_x_0)),TRUE),leq(Z(0(#)),int::seqGet(s_0,v_y_0)),lt(int::seqGet(s_0,v_y_0),seqLen(s_0)),equals(int::instance(any::seqGet(s_0,v_y_0)),TRUE),leq(Z(0(#)),int::seqGet(s_0,jv_0)),lt(int::seqGet(s_0,jv_0),seqLen(s_0)),equals(int::instance(any::seqGet(s_0,jv_0)),TRUE),leq(Z(0(#)),int::seqGet(s_0,jv_1)),lt(int::seqGet(s_0,jv_1),seqLen(s_0)),equals(int::instance(any::seqGet(s_0,jv_1)),TRUE),leq(Z(0(#)),jv_0),lt(jv_0,seqLen(s_0)),equals(int::cast(any::seqGet(s_0,jv_0)),v_x_0),leq(Z(0(#)),jv_1),lt(jv_1,seqLen(s_0)),equals(int::cast(any::seqGet(s_0,jv_1)),v_y_0),seqNPerm(s_0),equals(any::seqGet(f_s,v_x_0),any::seqGet(f_t,int::seqGet(s_0,v_x_0))),equals(any::seqGet(f_s,v_y_0),any::seqGet(f_t,int::seqGet(s_0,v_y_0))),equals(any::seqGet(f_s,v_iv_0),any::seqGet(f_t,int::seqGet(s_0,v_iv_0))),all{iv:int}(imp(and(leq(Z(0(#)),iv),lt(iv,seqLen(s_0))),equals(any::seqGet(f_s,iv),any::seqGet(f_t,int::seqGet(s_0,iv))))),seqPerm(f_s,f_t)]==>[equals(int::cast(any::seqGet(s_0,v_y_0)),v_y_0),equals(int::cast(any::seqGet(s_0,v_x_0)),v_x_0),equals(int::cast(any::seqGet(s_0,v_x_0)),int::cast(any::seqGet(s_0,v_y_0))),equals(v_x_0,v_y_0),equals(v_iv_0,jv_0),equals(jv_0,jv_0),equals(any::seqGet(f_s,v_iv_0),any::seqGet(f_t,if-then-else(equals(jv_0,v_x_0),int::seqGet(s_0,jv_0),int::seqGet(s_0,jv_0))))] 
757860     INFO  Test worker     d.u.i.k.p.i.AbstractProblemLoader Loading environment from tacletProofs/seqPerm2/Taclet_schiffl_thm_1.proof 
757860     DEBUG Test worker     d.u.i.k.p.i.AbstractProblemLoader Environment load took 57.4ns 
757861     INFO  Test worker     d.u.i.k.p.i.AbstractProblemLoader Creating init config 
760983     DEBUG Test worker     d.u.i.k.p.i.AbstractProblemLoader Init config took 3.12s 
760983     INFO  Test worker     d.u.i.k.t.l.TacletProofObligationInput Proof obligation for taclet: schiffl_thm_1 
761971     INFO  Test worker     d.u.i.k.p.i.AbstractProblemLoader Replaying proof Taclet: schiffl_thm_1 
761972     DEBUG Test worker     d.u.i.k.p.i.IntermediateProofReplayer Proof replay took 8.2ns 
761973     DEBUG Test worker     d.u.i.k.m.s.ProofScriptEngine 1: 'macro split-prop' 
761981     DEBUG Test worker     d.u.i.k.m.s.ProofScriptEngine 2: 'rule schiffl_lemma_2 formula='seqPerm(f_s, f_t)'' 
761994     DEBUG Test worker     d.u.i.k.m.s.ProofScriptEngine 3: 'instantiate hide var=x with='f_x'' 
761996     DEBUG Test worker     d.u.i.k.m.s.ProofScriptEngine 4: 'instantiate hide var=y with='f_y'' 
761997     DEBUG Test worker     d.u.i.k.m.s.ProofScriptEngine 5: 'rule impLeft' 
761998     DEBUG Test worker     d.u.i.k.m.s.ProofScriptEngine 6: 'tryclose branch' 
762002     DEBUG Test worker     d.u.i.k.m.s.ProofScriptEngine 7: 'rule exLeft' 
762004     DEBUG Test worker     d.u.i.k.m.s.ProofScriptEngine 8: 'macro split-prop' 
762010     DEBUG Test worker     d.u.i.k.m.s.ProofScriptEngine 9: 'rule seqPermDef occ=1' 
762013     DEBUG Test worker     d.u.i.k.m.s.ProofScriptEngine 10: 'rule andRight' 
762013     DEBUG Test worker     d.u.i.k.m.s.ProofScriptEngine 11: 'tryclose branch' 
762024     DEBUG Test worker     d.u.i.k.m.s.ProofScriptEngine 12: 'instantiate hide var=s with='r_0'' 
762028     DEBUG Test worker     d.u.i.k.m.s.ProofScriptEngine 13: 'rule andRight' 
762029     DEBUG Test worker     d.u.i.k.m.s.ProofScriptEngine 14: 'tryclose branch' 
762080     DEBUG Test worker     d.u.i.k.m.s.ProofScriptEngine 15: 'rule allRight' 
762081     DEBUG Test worker     d.u.i.k.m.s.ProofScriptEngine 16: 'rule impRight' 
762082     DEBUG Test worker     d.u.i.k.m.s.ProofScriptEngine 17: 'instantiate hide var=iv with='iv_0'' 
762083     DEBUG Test worker     d.u.i.k.m.s.ProofScriptEngine 18: 'rule impLeft' 
762083     DEBUG Test worker     d.u.i.k.m.s.ProofScriptEngine 19: 'tryclose branch' 
762157     DEBUG Test worker     d.u.i.k.m.s.ProofScriptEngine 20: 'rule andLeft' 
762157     DEBUG Test worker     d.u.i.k.m.s.ProofScriptEngine 21: 'rule seqNPermRange' 
762159     DEBUG Test worker     d.u.i.k.m.s.ProofScriptEngine 22: 'instantiate hide var=iv with='iv_0'' 
762159     DEBUG Test worker     d.u.i.k.m.s.ProofScriptEngine 23: 'rule impLeft' 
762160     DEBUG Test worker     d.u.i.k.m.s.ProofScriptEngine 24: 'tryclose branch' 
762164     DEBUG Test worker     d.u.i.k.m.s.ProofScriptEngine 25: 'rule andLeft' 
762165     DEBUG Test worker     d.u.i.k.m.s.ProofScriptEngine 26: 'rule andLeft' 
762166     DEBUG Test worker     d.u.i.k.m.s.ProofScriptEngine 27: 'rule seqNPermRange' 
762167     DEBUG Test worker     d.u.i.k.m.s.ProofScriptEngine 28: 'instantiate hide var=iv with='f_x'' 
762168     DEBUG Test worker     d.u.i.k.m.s.ProofScriptEngine 29: 'rule impLeft' 
762168     DEBUG Test worker     d.u.i.k.m.s.ProofScriptEngine 30: 'tryclose branch' 
762257     DEBUG Test worker     d.u.i.k.m.s.ProofScriptEngine 31: 'rule andLeft' 
762258     DEBUG Test worker     d.u.i.k.m.s.ProofScriptEngine 32: 'rule andLeft' 
762259     DEBUG Test worker     d.u.i.k.m.s.ProofScriptEngine 33: 'rule seqNPermRange' 
762260     DEBUG Test worker     d.u.i.k.m.s.ProofScriptEngine 34: 'instantiate hide var=iv with='f_y'' 
762261     DEBUG Test worker     d.u.i.k.m.s.ProofScriptEngine 35: 'rule impLeft' 
762262     DEBUG Test worker     d.u.i.k.m.s.ProofScriptEngine 36: 'tryclose branch' 
762356     DEBUG Test worker     d.u.i.k.m.s.ProofScriptEngine 37: 'rule andLeft' 
762357     DEBUG Test worker     d.u.i.k.m.s.ProofScriptEngine 38: 'rule andLeft' 
762358     DEBUG Test worker     d.u.i.k.m.s.ProofScriptEngine 39: 'rule getOfSeqDef occ=0' 
762359     DEBUG Test worker     d.u.i.k.m.s.ProofScriptEngine 40: 'rule getOfSeqDef' 
762360     DEBUG Test worker     d.u.i.k.m.s.ProofScriptEngine 41: 'rule ifthenelse_split occ=0' 
762361     DEBUG Test worker     d.u.i.k.m.s.ProofScriptEngine 42: 'rule andLeft occ=0' 
762361     DEBUG Test worker     d.u.i.k.m.s.ProofScriptEngine 43: 'rule sub_zero_2 occ=0' 
762362     DEBUG Test worker     d.u.i.k.m.s.ProofScriptEngine 44: 'rule ifthenelse_split occ=2' 
762363     DEBUG Test worker     d.u.i.k.m.s.ProofScriptEngine 45: 'rule andLeft' 
762364     DEBUG Test worker     d.u.i.k.m.s.ProofScriptEngine 46: 'rule sub_zero_2 occ=0' 
762364     DEBUG Test worker     d.u.i.k.m.s.ProofScriptEngine 47: 'rule add_zero_right occ=0' 
762365     DEBUG Test worker     d.u.i.k.m.s.ProofScriptEngine 48: 'rule add_zero_right occ=0' 
762366     DEBUG Test worker     d.u.i.k.m.s.ProofScriptEngine 49: 'rule add_zero_right occ=0' 
762366     DEBUG Test worker     d.u.i.k.m.s.ProofScriptEngine 50: 'rule add_zero_right occ=0' 
762367     DEBUG Test worker     d.u.i.k.m.s.ProofScriptEngine 51: 'rule add_zero_right occ=0' 
762368     DEBUG Test worker     d.u.i.k.m.s.ProofScriptEngine 52: 'rule add_zero_right occ=0' 
762369     DEBUG Test worker     d.u.i.k.m.s.ProofScriptEngine 53: 'rule ifthenelse_split occ=0' 
762370     DEBUG Test worker     d.u.i.k.m.s.ProofScriptEngine 54: 'rule ifthenelse_split occ=0' 
762371     DEBUG Test worker     d.u.i.k.m.s.ProofScriptEngine 55: 'tryclose branch' 
762374     DEBUG Test worker     d.u.i.k.m.s.ProofScriptEngine 56: 'tryclose branch' 
762408     DEBUG Test worker     d.u.i.k.m.s.ProofScriptEngine 57: 'rule ifthenelse_split occ=0' 
762410     DEBUG Test worker     d.u.i.k.m.s.ProofScriptEngine 58: 'tryclose branch' 
762472     DEBUG Test worker     d.u.i.k.m.s.ProofScriptEngine 59: 'rule ifthenelse_split occ=0' 
762473     DEBUG Test worker     d.u.i.k.m.s.ProofScriptEngine 60: 'rule seqNPermInjective' 
762475     DEBUG Test worker     d.u.i.k.m.s.ProofScriptEngine 61: 'instantiate hide var=iv with='iv_0'' 
762476     DEBUG Test worker     d.u.i.k.m.s.ProofScriptEngine 62: 'instantiate hide var=jv with='f_y'' 
762477     DEBUG Test worker     d.u.i.k.m.s.ProofScriptEngine 63: 'rule impLeft' 
762477     DEBUG Test worker     d.u.i.k.m.s.ProofScriptEngine 64: 'tryclose branch' 
762534     DEBUG Test worker     d.u.i.k.m.s.ProofScriptEngine 65: 'tryclose branch' 
762536     DEBUG Test worker     d.u.i.k.m.s.ProofScriptEngine 66: 'rule ifthenelse_split occ=0' 
762538     DEBUG Test worker     d.u.i.k.m.s.ProofScriptEngine 67: 'rule seqNPermInjective' 
762539     DEBUG Test worker     d.u.i.k.m.s.ProofScriptEngine 68: 'instantiate hide var=iv with='iv_0'' 
762541     DEBUG Test worker     d.u.i.k.m.s.ProofScriptEngine 69: 'instantiate hide var=jv with='f_x'' 
762541     DEBUG Test worker     d.u.i.k.m.s.ProofScriptEngine 70: 'rule impLeft' 
762543     DEBUG Test worker     d.u.i.k.m.s.ProofScriptEngine 71: 'tryclose branch' 
762598     DEBUG Test worker     d.u.i.k.m.s.ProofScriptEngine 72: 'tryclose branch' 
762601     DEBUG Test worker     d.u.i.k.m.s.ProofScriptEngine 73: 'tryclose branch' 
762604     DEBUG Test worker     d.u.i.k.m.s.ProofScriptEngine 74: 'tryclose branch' 
762661     DEBUG Test worker     d.u.i.k.m.s.ProofScriptEngine 75: 'tryclose branch' 
762724     INFO  Test worker     d.u.i.k.p.i.AbstractProblemLoader Loading environment from tacletProofs/seqRules/Taclet_eqSameSeq.proof 
762725     DEBUG Test worker     d.u.i.k.p.i.AbstractProblemLoader Environment load took 287.11ns 
762726     INFO  Test worker     d.u.i.k.p.i.AbstractProblemLoader Creating init config 
765575     DEBUG Test worker     d.u.i.k.p.i.AbstractProblemLoader Init config took 2.85s 
765575     INFO  Test worker     d.u.i.k.t.l.TacletProofObligationInput Proof obligation for taclet: eqSameSeq 
766572     INFO  Test worker     d.u.i.k.p.i.AbstractProblemLoader Replaying proof Taclet: eqSameSeq 
766601     DEBUG Test worker     d.u.i.k.p.i.IntermediateProofReplayer Proof replay took 25.38ms 
]]></system-out>
  <system-err><![CDATA[]]></system-err>
</testsuite>
