<?xml version="1.0" encoding="UTF-8"?>
<testsuite name="de.uka.ilkd.key.java.TestJP2KeY" tests="13" skipped="1" failures="12" errors="0" timestamp="2023-06-09T14:22:35" hostname="fv-az553-785" time="0.889">
  <properties/>
  <testcase name="xtestFileInput()" classname="de.uka.ilkd.key.java.TestJP2KeY" time="0.0">
    <skipped/>
  </testcase>
  <testcase name="class A1 { public A1() { }} " classname="de.uka.ilkd.key.java.TestJP2KeY" time="0.097">
    <failure message="UnsolvedSymbolException{context='null', name='$initialized', cause='null'}" type="com.github.javaparser.resolution.UnsolvedSymbolException">UnsolvedSymbolException{context='null', name='$initialized', cause='null'}
	at com.github.javaparser.symbolsolver.javaparsermodel.TypeExtractor.solveDotExpressionType(TypeExtractor.java:224)
	at com.github.javaparser.symbolsolver.javaparsermodel.TypeExtractor.visit(TypeExtractor.java:248)
	at com.github.javaparser.symbolsolver.javaparsermodel.TypeExtractor.visit(TypeExtractor.java:65)
	at com.github.javaparser.ast.expr.FieldAccessExpr.accept(FieldAccessExpr.java:90)
	at com.github.javaparser.symbolsolver.javaparsermodel.JavaParserFacade.getTypeConcrete(JavaParserFacade.java:505)
	at com.github.javaparser.symbolsolver.javaparsermodel.JavaParserFacade.getType(JavaParserFacade.java:352)
	at com.github.javaparser.symbolsolver.javaparsermodel.JavaParserFacade.getType(JavaParserFacade.java:334)
	at com.github.javaparser.symbolsolver.JavaSymbolSolver.calculateType(JavaSymbolSolver.java:294)
	at com.github.javaparser.ast.expr.Expression.calculateResolvedType(Expression.java:573)
	at de.uka.ilkd.key.java.JP2KeYVisitor.visit(JP2KeYConverter.java:554)
	at de.uka.ilkd.key.java.JP2KeYVisitor.visit(JP2KeYConverter.java:91)
	at com.github.javaparser.ast.expr.FieldAccessExpr.accept(FieldAccessExpr.java:90)
	at de.uka.ilkd.key.java.JP2KeYVisitor.accept(JP2KeYConverter.java:374)
	at de.uka.ilkd.key.java.JP2KeYVisitor.visit(JP2KeYConverter.java:195)
	at de.uka.ilkd.key.java.JP2KeYVisitor.visit(JP2KeYConverter.java:91)
	at com.github.javaparser.ast.expr.AssignExpr.accept(AssignExpr.java:135)
	at de.uka.ilkd.key.java.JP2KeYVisitor.accept(JP2KeYConverter.java:374)
	at de.uka.ilkd.key.java.JP2KeYVisitor.visit(JP2KeYConverter.java:541)
	at de.uka.ilkd.key.java.JP2KeYVisitor.visit(JP2KeYConverter.java:91)
	at com.github.javaparser.ast.stmt.ExpressionStmt.accept(ExpressionStmt.java:71)
	at de.uka.ilkd.key.java.JP2KeYVisitor.map(JP2KeYConverter.java:430)
	at de.uka.ilkd.key.java.JP2KeYVisitor.visit(JP2KeYConverter.java:279)
	at de.uka.ilkd.key.java.JP2KeYVisitor.visit(JP2KeYConverter.java:91)
	at com.github.javaparser.ast.stmt.BlockStmt.accept(BlockStmt.java:70)
	at de.uka.ilkd.key.java.JP2KeYVisitor.accept(JP2KeYConverter.java:374)
	at de.uka.ilkd.key.java.JP2KeYVisitor.accepto(JP2KeYConverter.java:447)
	at de.uka.ilkd.key.java.JP2KeYVisitor.visit(JP2KeYConverter.java:722)
	at de.uka.ilkd.key.java.JP2KeYVisitor.visit(JP2KeYConverter.java:91)
	at com.github.javaparser.ast.body.MethodDeclaration.accept(MethodDeclaration.java:98)
	at de.uka.ilkd.key.java.JP2KeYVisitor.map(JP2KeYConverter.java:430)
	at de.uka.ilkd.key.java.JP2KeYVisitor.visit(JP2KeYConverter.java:331)
	at de.uka.ilkd.key.java.JP2KeYVisitor.visit(JP2KeYConverter.java:91)
	at com.github.javaparser.ast.body.ClassOrInterfaceDeclaration.accept(ClassOrInterfaceDeclaration.java:95)
	at de.uka.ilkd.key.java.JP2KeYVisitor.map(JP2KeYConverter.java:430)
	at de.uka.ilkd.key.java.JP2KeYVisitor.visit(JP2KeYConverter.java:419)
	at de.uka.ilkd.key.java.JP2KeYVisitor.visit(JP2KeYConverter.java:91)
	at com.github.javaparser.ast.CompilationUnit.accept(CompilationUnit.java:124)
	at de.uka.ilkd.key.java.JP2KeYConverter.process(JP2KeYConverter.java:85)
	at de.uka.ilkd.key.java.JavaService.readCompilationUnit(JavaService.java:259)
	at de.uka.ilkd.key.java.TestJP2KeY.testClass(TestJP2KeY.java:163)
	at de.uka.ilkd.key.java.TestJP2KeY.lambda$testJClasses$2(TestJP2KeY.java:177)
	at org.junit.jupiter.engine.descriptor.DynamicTestTestDescriptor.lambda$execute$0(DynamicTestTestDescriptor.java:53)
	at org.junit.jupiter.engine.execution.InvocationInterceptorChain$ValidatingInvocation.proceed(InvocationInterceptorChain.java:131)
	at org.junit.jupiter.api.extension.InvocationInterceptor.interceptDynamicTest(InvocationInterceptor.java:167)
	at org.junit.jupiter.api.extension.InvocationInterceptor.interceptDynamicTest(InvocationInterceptor.java:184)
	at org.junit.jupiter.engine.descriptor.DynamicTestTestDescriptor.lambda$execute$1(DynamicTestTestDescriptor.java:61)
	at org.junit.jupiter.engine.execution.InvocationInterceptorChain$InterceptorCall.lambda$ofVoid$0(InvocationInterceptorChain.java:78)
	at org.junit.jupiter.engine.execution.InvocationInterceptorChain$InterceptedInvocation.proceed(InvocationInterceptorChain.java:106)
	at org.junit.jupiter.engine.execution.InvocationInterceptorChain.proceed(InvocationInterceptorChain.java:64)
	at org.junit.jupiter.engine.execution.InvocationInterceptorChain.chainAndInvoke(InvocationInterceptorChain.java:45)
	at org.junit.jupiter.engine.execution.InvocationInterceptorChain.invoke(InvocationInterceptorChain.java:37)
	at org.junit.jupiter.engine.descriptor.DynamicTestTestDescriptor.execute(DynamicTestTestDescriptor.java:60)
	at org.junit.jupiter.engine.descriptor.DynamicTestTestDescriptor.execute(DynamicTestTestDescriptor.java:32)
	at org.junit.platform.engine.support.hierarchical.NodeTestTask.lambda$executeRecursively$6(NodeTestTask.java:151)
	at org.junit.platform.engine.support.hierarchical.ThrowableCollector.execute(ThrowableCollector.java:73)
	at org.junit.platform.engine.support.hierarchical.NodeTestTask.lambda$executeRecursively$8(NodeTestTask.java:141)
	at org.junit.platform.engine.support.hierarchical.Node.around(Node.java:137)
	at org.junit.platform.engine.support.hierarchical.NodeTestTask.lambda$executeRecursively$9(NodeTestTask.java:139)
	at org.junit.platform.engine.support.hierarchical.ThrowableCollector.execute(ThrowableCollector.java:73)
	at org.junit.platform.engine.support.hierarchical.NodeTestTask.executeRecursively(NodeTestTask.java:138)
	at org.junit.platform.engine.support.hierarchical.NodeTestTask.execute(NodeTestTask.java:95)
	at org.junit.platform.engine.support.hierarchical.SameThreadHierarchicalTestExecutorService.submit(SameThreadHierarchicalTestExecutorService.java:35)
	at org.junit.platform.engine.support.hierarchical.NodeTestTask$DefaultDynamicTestExecutor.execute(NodeTestTask.java:226)
	at org.junit.platform.engine.support.hierarchical.NodeTestTask$DefaultDynamicTestExecutor.execute(NodeTestTask.java:204)
	at java.base/java.util.Optional.ifPresent(Optional.java:178)
	at org.junit.jupiter.engine.descriptor.TestFactoryTestDescriptor.lambda$invokeTestMethod$1(TestFactoryTestDescriptor.java:108)
	at org.junit.platform.engine.support.hierarchical.ThrowableCollector.execute(ThrowableCollector.java:73)
	at org.junit.jupiter.engine.descriptor.TestFactoryTestDescriptor.invokeTestMethod(TestFactoryTestDescriptor.java:95)
	at org.junit.jupiter.engine.descriptor.TestMethodTestDescriptor.execute(TestMethodTestDescriptor.java:138)
	at org.junit.jupiter.engine.descriptor.TestMethodTestDescriptor.execute(TestMethodTestDescriptor.java:68)
	at org.junit.platform.engine.support.hierarchical.NodeTestTask.lambda$executeRecursively$6(NodeTestTask.java:151)
	at org.junit.platform.engine.support.hierarchical.ThrowableCollector.execute(ThrowableCollector.java:73)
	at org.junit.platform.engine.support.hierarchical.NodeTestTask.lambda$executeRecursively$8(NodeTestTask.java:141)
	at org.junit.platform.engine.support.hierarchical.Node.around(Node.java:137)
	at org.junit.platform.engine.support.hierarchical.NodeTestTask.lambda$executeRecursively$9(NodeTestTask.java:139)
	at org.junit.platform.engine.support.hierarchical.ThrowableCollector.execute(ThrowableCollector.java:73)
	at org.junit.platform.engine.support.hierarchical.NodeTestTask.executeRecursively(NodeTestTask.java:138)
	at org.junit.platform.engine.support.hierarchical.NodeTestTask.execute(NodeTestTask.java:95)
	at java.base/java.util.ArrayList.forEach(ArrayList.java:1511)
	at org.junit.platform.engine.support.hierarchical.SameThreadHierarchicalTestExecutorService.invokeAll(SameThreadHierarchicalTestExecutorService.java:41)
	at org.junit.platform.engine.support.hierarchical.NodeTestTask.lambda$executeRecursively$6(NodeTestTask.java:155)
	at org.junit.platform.engine.support.hierarchical.ThrowableCollector.execute(ThrowableCollector.java:73)
	at org.junit.platform.engine.support.hierarchical.NodeTestTask.lambda$executeRecursively$8(NodeTestTask.java:141)
	at org.junit.platform.engine.support.hierarchical.Node.around(Node.java:137)
	at org.junit.platform.engine.support.hierarchical.NodeTestTask.lambda$executeRecursively$9(NodeTestTask.java:139)
	at org.junit.platform.engine.support.hierarchical.ThrowableCollector.execute(ThrowableCollector.java:73)
	at org.junit.platform.engine.support.hierarchical.NodeTestTask.executeRecursively(NodeTestTask.java:138)
	at org.junit.platform.engine.support.hierarchical.NodeTestTask.execute(NodeTestTask.java:95)
	at java.base/java.util.ArrayList.forEach(ArrayList.java:1511)
	at org.junit.platform.engine.support.hierarchical.SameThreadHierarchicalTestExecutorService.invokeAll(SameThreadHierarchicalTestExecutorService.java:41)
	at org.junit.platform.engine.support.hierarchical.NodeTestTask.lambda$executeRecursively$6(NodeTestTask.java:155)
	at org.junit.platform.engine.support.hierarchical.ThrowableCollector.execute(ThrowableCollector.java:73)
	at org.junit.platform.engine.support.hierarchical.NodeTestTask.lambda$executeRecursively$8(NodeTestTask.java:141)
	at org.junit.platform.engine.support.hierarchical.Node.around(Node.java:137)
	at org.junit.platform.engine.support.hierarchical.NodeTestTask.lambda$executeRecursively$9(NodeTestTask.java:139)
	at org.junit.platform.engine.support.hierarchical.ThrowableCollector.execute(ThrowableCollector.java:73)
	at org.junit.platform.engine.support.hierarchical.NodeTestTask.executeRecursively(NodeTestTask.java:138)
	at org.junit.platform.engine.support.hierarchical.NodeTestTask.execute(NodeTestTask.java:95)
	at org.junit.platform.engine.support.hierarchical.SameThreadHierarchicalTestExecutorService.submit(SameThreadHierarchicalTestExecutorService.java:35)
	at org.junit.platform.engine.support.hierarchical.HierarchicalTestExecutor.execute(HierarchicalTestExecutor.java:57)
	at org.junit.platform.engine.support.hierarchical.HierarchicalTestEngine.execute(HierarchicalTestEngine.java:54)
	at org.junit.platform.launcher.core.EngineExecutionOrchestrator.execute(EngineExecutionOrchestrator.java:107)
	at org.junit.platform.launcher.core.EngineExecutionOrchestrator.execute(EngineExecutionOrchestrator.java:88)
	at org.junit.platform.launcher.core.EngineExecutionOrchestrator.lambda$execute$0(EngineExecutionOrchestrator.java:54)
	at org.junit.platform.launcher.core.EngineExecutionOrchestrator.withInterceptedStreams(EngineExecutionOrchestrator.java:67)
	at org.junit.platform.launcher.core.EngineExecutionOrchestrator.execute(EngineExecutionOrchestrator.java:52)
	at org.junit.platform.launcher.core.DefaultLauncher.execute(DefaultLauncher.java:114)
	at org.junit.platform.launcher.core.DefaultLauncher.execute(DefaultLauncher.java:86)
	at org.junit.platform.launcher.core.DefaultLauncherSession$DelegatingLauncher.execute(DefaultLauncherSession.java:86)
	at org.gradle.api.internal.tasks.testing.junitplatform.JUnitPlatformTestClassProcessor$CollectAllTestClassesExecutor.processAllTestClasses(JUnitPlatformTestClassProcessor.java:110)
	at org.gradle.api.internal.tasks.testing.junitplatform.JUnitPlatformTestClassProcessor$CollectAllTestClassesExecutor.access$000(JUnitPlatformTestClassProcessor.java:90)
	at org.gradle.api.internal.tasks.testing.junitplatform.JUnitPlatformTestClassProcessor.stop(JUnitPlatformTestClassProcessor.java:85)
	at org.gradle.api.internal.tasks.testing.SuiteTestClassProcessor.stop(SuiteTestClassProcessor.java:62)
	at java.base/jdk.internal.reflect.NativeMethodAccessorImpl.invoke0(Native Method)
	at java.base/jdk.internal.reflect.NativeMethodAccessorImpl.invoke(NativeMethodAccessorImpl.java:77)
	at java.base/jdk.internal.reflect.DelegatingMethodAccessorImpl.invoke(DelegatingMethodAccessorImpl.java:43)
	at java.base/java.lang.reflect.Method.invoke(Method.java:568)
	at org.gradle.internal.dispatch.ReflectionDispatch.dispatch(ReflectionDispatch.java:36)
	at org.gradle.internal.dispatch.ReflectionDispatch.dispatch(ReflectionDispatch.java:24)
	at org.gradle.internal.dispatch.ContextClassLoaderDispatch.dispatch(ContextClassLoaderDispatch.java:33)
	at org.gradle.internal.dispatch.ProxyDispatchAdapter$DispatchingInvocationHandler.invoke(ProxyDispatchAdapter.java:94)
	at jdk.proxy2/jdk.proxy2.$Proxy5.stop(Unknown Source)
	at org.gradle.api.internal.tasks.testing.worker.TestWorker$3.run(TestWorker.java:193)
	at org.gradle.api.internal.tasks.testing.worker.TestWorker.executeAndMaintainThreadName(TestWorker.java:129)
	at org.gradle.api.internal.tasks.testing.worker.TestWorker.execute(TestWorker.java:100)
	at org.gradle.api.internal.tasks.testing.worker.TestWorker.execute(TestWorker.java:60)
	at org.gradle.process.internal.worker.child.ActionExecutionWorker.execute(ActionExecutionWorker.java:56)
	at org.gradle.process.internal.worker.child.SystemApplicationClassLoaderWorker.call(SystemApplicationClassLoaderWorker.java:113)
	at org.gradle.process.internal.worker.child.SystemApplicationClassLoaderWorker.call(SystemApplicationClassLoaderWorker.java:65)
	at worker.org.gradle.process.internal.worker.GradleWorkerMain.run(GradleWorkerMain.java:69)
	at worker.org.gradle.process.internal.worker.GradleWorkerMain.main(GradleWorkerMain.java:74)
</failure>
  </testcase>
  <testcase name="package qwe.rty;&#10;import qwe.rty.A;&#10;import dfg.hjk.*;&#10;import java.util.*;&#10;public abstract class A implements Z {&#10;    static { d=3; Object v = new Object();}&#10;    public static int d;A (int j) { d=5; }&#10;    public A (int j, long k) {this(j); d=5; }&#10;    private static final A[] b=new A[]{null};&#10;    long f;&#10;    java.util.List s;&#10;    public void abc() {&#10;        Object z=new A(4, 5) { public int d=7; };&#10;        abc(); A a=(A)null;&#10;        a=def(a); a=def(a).ghi(a).ghi(a);&#10;    }&#10;&#10;    { int x = 1; {int i = &quot;\&quot;.length}&quot;; } }&#10;    protected A def(A a) {a=ghi(a); return new A(3);}&#10;    private synchronized A ghi(A a) { a=ghi(a); ghi(a); A a1=null;  a1=ghi(a1); a=def(a); return null;}&#10;    protected abstract int[] jkl(A a, int i);&#10;    protected Object o() {if (s instanceof Cloneable) return A.class;}}&#10;    interface Z { public int d=0; }&#10;    interface Z0 extends Z {}&#10;    class A1 extends A { public static A a=new A(4); A1 (int j) {super(j);}&#10;}&#10;" classname="de.uka.ilkd.key.java.TestJP2KeY" time="0.064">
    <failure message="JavaBuildingExceptions{issues=[JavaBuildingIssue{node=new A(4, 5) {&#13;&#10;&#13;&#10;    public int d = 7;&#13;&#10;}range=Optional[(line 13,col 18)-(line 13,col 48)], message='Unsupported element detected given by Java Parser: ObjectCreationExpr. Please extend the KeY-Java-Hierarchy'}]}" type="de.uka.ilkd.key.java.JavaBuildingExceptions">JavaBuildingExceptions{issues=[JavaBuildingIssue{node=new A(4, 5) {

    public int d = 7;
}range=Optional[(line 13,col 18)-(line 13,col 48)], message='Unsupported element detected given by Java Parser: ObjectCreationExpr. Please extend the KeY-Java-Hierarchy'}]}
	at app//de.uka.ilkd.key.java.JP2KeYVisitor.reportError(JP2KeYConverter.java:119)
	at app//de.uka.ilkd.key.java.JP2KeYVisitor.reportUnsupportedElement(JP2KeYConverter.java:123)
	at app//de.uka.ilkd.key.java.JP2KeYVisitor.visit(JP2KeYConverter.java:764)
	at app//de.uka.ilkd.key.java.JP2KeYVisitor.visit(JP2KeYConverter.java:91)
	at app//com.github.javaparser.ast.expr.ObjectCreationExpr.accept(ObjectCreationExpr.java:112)
	at app//de.uka.ilkd.key.java.JP2KeYVisitor.accept(JP2KeYConverter.java:374)
	at app//de.uka.ilkd.key.java.JP2KeYVisitor.accepto(JP2KeYConverter.java:447)
	at app//de.uka.ilkd.key.java.JP2KeYVisitor.visitVariableSpecification(JP2KeYConverter.java:1055)
	at app//de.uka.ilkd.key.java.JP2KeYVisitor.visit(JP2KeYConverter.java:1039)
	at app//de.uka.ilkd.key.java.JP2KeYVisitor.visit(JP2KeYConverter.java:91)
	at app//com.github.javaparser.ast.expr.VariableDeclarationExpr.accept(VariableDeclarationExpr.java:112)
	at app//de.uka.ilkd.key.java.JP2KeYVisitor.accept(JP2KeYConverter.java:374)
	at app//de.uka.ilkd.key.java.JP2KeYVisitor.visit(JP2KeYConverter.java:541)
	at app//de.uka.ilkd.key.java.JP2KeYVisitor.visit(JP2KeYConverter.java:91)
	at app//com.github.javaparser.ast.stmt.ExpressionStmt.accept(ExpressionStmt.java:71)
	at app//de.uka.ilkd.key.java.JP2KeYVisitor.map(JP2KeYConverter.java:430)
	at app//de.uka.ilkd.key.java.JP2KeYVisitor.visit(JP2KeYConverter.java:279)
	at app//de.uka.ilkd.key.java.JP2KeYVisitor.visit(JP2KeYConverter.java:91)
	at app//com.github.javaparser.ast.stmt.BlockStmt.accept(BlockStmt.java:70)
	at app//de.uka.ilkd.key.java.JP2KeYVisitor.accept(JP2KeYConverter.java:374)
	at app//de.uka.ilkd.key.java.JP2KeYVisitor.accepto(JP2KeYConverter.java:447)
	at app//de.uka.ilkd.key.java.JP2KeYVisitor.visit(JP2KeYConverter.java:722)
	at app//de.uka.ilkd.key.java.JP2KeYVisitor.visit(JP2KeYConverter.java:91)
	at app//com.github.javaparser.ast.body.MethodDeclaration.accept(MethodDeclaration.java:98)
	at app//de.uka.ilkd.key.java.JP2KeYVisitor.map(JP2KeYConverter.java:430)
	at app//de.uka.ilkd.key.java.JP2KeYVisitor.visit(JP2KeYConverter.java:331)
	at app//de.uka.ilkd.key.java.JP2KeYVisitor.visit(JP2KeYConverter.java:91)
	at app//com.github.javaparser.ast.body.ClassOrInterfaceDeclaration.accept(ClassOrInterfaceDeclaration.java:95)
	at app//de.uka.ilkd.key.java.JP2KeYVisitor.map(JP2KeYConverter.java:430)
	at app//de.uka.ilkd.key.java.JP2KeYVisitor.visit(JP2KeYConverter.java:419)
	at app//de.uka.ilkd.key.java.JP2KeYVisitor.visit(JP2KeYConverter.java:91)
	at app//com.github.javaparser.ast.CompilationUnit.accept(CompilationUnit.java:124)
	at app//de.uka.ilkd.key.java.JP2KeYConverter.process(JP2KeYConverter.java:85)
	at app//de.uka.ilkd.key.java.JavaService.readCompilationUnit(JavaService.java:259)
	at app//de.uka.ilkd.key.java.TestJP2KeY.testClass(TestJP2KeY.java:163)
	at app//de.uka.ilkd.key.java.TestJP2KeY.lambda$testJClasses$2(TestJP2KeY.java:177)
	at app//org.junit.jupiter.engine.descriptor.DynamicTestTestDescriptor.lambda$execute$0(DynamicTestTestDescriptor.java:53)
	at app//org.junit.jupiter.engine.execution.InvocationInterceptorChain$ValidatingInvocation.proceed(InvocationInterceptorChain.java:131)
	at app//org.junit.jupiter.api.extension.InvocationInterceptor.interceptDynamicTest(InvocationInterceptor.java:167)
	at app//org.junit.jupiter.api.extension.InvocationInterceptor.interceptDynamicTest(InvocationInterceptor.java:184)
	at app//org.junit.jupiter.engine.descriptor.DynamicTestTestDescriptor.lambda$execute$1(DynamicTestTestDescriptor.java:61)
	at app//org.junit.jupiter.engine.execution.InvocationInterceptorChain$InterceptorCall.lambda$ofVoid$0(InvocationInterceptorChain.java:78)
	at app//org.junit.jupiter.engine.execution.InvocationInterceptorChain$InterceptedInvocation.proceed(InvocationInterceptorChain.java:106)
	at app//org.junit.jupiter.engine.execution.InvocationInterceptorChain.proceed(InvocationInterceptorChain.java:64)
	at app//org.junit.jupiter.engine.execution.InvocationInterceptorChain.chainAndInvoke(InvocationInterceptorChain.java:45)
	at app//org.junit.jupiter.engine.execution.InvocationInterceptorChain.invoke(InvocationInterceptorChain.java:37)
	at app//org.junit.jupiter.engine.descriptor.DynamicTestTestDescriptor.execute(DynamicTestTestDescriptor.java:60)
	at app//org.junit.jupiter.engine.descriptor.DynamicTestTestDescriptor.execute(DynamicTestTestDescriptor.java:32)
	at app//org.junit.platform.engine.support.hierarchical.NodeTestTask.lambda$executeRecursively$6(NodeTestTask.java:151)
	at app//org.junit.platform.engine.support.hierarchical.ThrowableCollector.execute(ThrowableCollector.java:73)
	at app//org.junit.platform.engine.support.hierarchical.NodeTestTask.lambda$executeRecursively$8(NodeTestTask.java:141)
	at app//org.junit.platform.engine.support.hierarchical.Node.around(Node.java:137)
	at app//org.junit.platform.engine.support.hierarchical.NodeTestTask.lambda$executeRecursively$9(NodeTestTask.java:139)
	at app//org.junit.platform.engine.support.hierarchical.ThrowableCollector.execute(ThrowableCollector.java:73)
	at app//org.junit.platform.engine.support.hierarchical.NodeTestTask.executeRecursively(NodeTestTask.java:138)
	at app//org.junit.platform.engine.support.hierarchical.NodeTestTask.execute(NodeTestTask.java:95)
	at app//org.junit.platform.engine.support.hierarchical.SameThreadHierarchicalTestExecutorService.submit(SameThreadHierarchicalTestExecutorService.java:35)
	at app//org.junit.platform.engine.support.hierarchical.NodeTestTask$DefaultDynamicTestExecutor.execute(NodeTestTask.java:226)
	at app//org.junit.platform.engine.support.hierarchical.NodeTestTask$DefaultDynamicTestExecutor.execute(NodeTestTask.java:204)
	at java.base@17.0.7/java.util.Optional.ifPresent(Optional.java:178)
	at app//org.junit.jupiter.engine.descriptor.TestFactoryTestDescriptor.lambda$invokeTestMethod$1(TestFactoryTestDescriptor.java:108)
	at app//org.junit.platform.engine.support.hierarchical.ThrowableCollector.execute(ThrowableCollector.java:73)
	at app//org.junit.jupiter.engine.descriptor.TestFactoryTestDescriptor.invokeTestMethod(TestFactoryTestDescriptor.java:95)
	at app//org.junit.jupiter.engine.descriptor.TestMethodTestDescriptor.execute(TestMethodTestDescriptor.java:138)
	at app//org.junit.jupiter.engine.descriptor.TestMethodTestDescriptor.execute(TestMethodTestDescriptor.java:68)
	at app//org.junit.platform.engine.support.hierarchical.NodeTestTask.lambda$executeRecursively$6(NodeTestTask.java:151)
	at app//org.junit.platform.engine.support.hierarchical.ThrowableCollector.execute(ThrowableCollector.java:73)
	at app//org.junit.platform.engine.support.hierarchical.NodeTestTask.lambda$executeRecursively$8(NodeTestTask.java:141)
	at app//org.junit.platform.engine.support.hierarchical.Node.around(Node.java:137)
	at app//org.junit.platform.engine.support.hierarchical.NodeTestTask.lambda$executeRecursively$9(NodeTestTask.java:139)
	at app//org.junit.platform.engine.support.hierarchical.ThrowableCollector.execute(ThrowableCollector.java:73)
	at app//org.junit.platform.engine.support.hierarchical.NodeTestTask.executeRecursively(NodeTestTask.java:138)
	at app//org.junit.platform.engine.support.hierarchical.NodeTestTask.execute(NodeTestTask.java:95)
	at java.base@17.0.7/java.util.ArrayList.forEach(ArrayList.java:1511)
	at app//org.junit.platform.engine.support.hierarchical.SameThreadHierarchicalTestExecutorService.invokeAll(SameThreadHierarchicalTestExecutorService.java:41)
	at app//org.junit.platform.engine.support.hierarchical.NodeTestTask.lambda$executeRecursively$6(NodeTestTask.java:155)
	at app//org.junit.platform.engine.support.hierarchical.ThrowableCollector.execute(ThrowableCollector.java:73)
	at app//org.junit.platform.engine.support.hierarchical.NodeTestTask.lambda$executeRecursively$8(NodeTestTask.java:141)
	at app//org.junit.platform.engine.support.hierarchical.Node.around(Node.java:137)
	at app//org.junit.platform.engine.support.hierarchical.NodeTestTask.lambda$executeRecursively$9(NodeTestTask.java:139)
	at app//org.junit.platform.engine.support.hierarchical.ThrowableCollector.execute(ThrowableCollector.java:73)
	at app//org.junit.platform.engine.support.hierarchical.NodeTestTask.executeRecursively(NodeTestTask.java:138)
	at app//org.junit.platform.engine.support.hierarchical.NodeTestTask.execute(NodeTestTask.java:95)
	at java.base@17.0.7/java.util.ArrayList.forEach(ArrayList.java:1511)
	at app//org.junit.platform.engine.support.hierarchical.SameThreadHierarchicalTestExecutorService.invokeAll(SameThreadHierarchicalTestExecutorService.java:41)
	at app//org.junit.platform.engine.support.hierarchical.NodeTestTask.lambda$executeRecursively$6(NodeTestTask.java:155)
	at app//org.junit.platform.engine.support.hierarchical.ThrowableCollector.execute(ThrowableCollector.java:73)
	at app//org.junit.platform.engine.support.hierarchical.NodeTestTask.lambda$executeRecursively$8(NodeTestTask.java:141)
	at app//org.junit.platform.engine.support.hierarchical.Node.around(Node.java:137)
	at app//org.junit.platform.engine.support.hierarchical.NodeTestTask.lambda$executeRecursively$9(NodeTestTask.java:139)
	at app//org.junit.platform.engine.support.hierarchical.ThrowableCollector.execute(ThrowableCollector.java:73)
	at app//org.junit.platform.engine.support.hierarchical.NodeTestTask.executeRecursively(NodeTestTask.java:138)
	at app//org.junit.platform.engine.support.hierarchical.NodeTestTask.execute(NodeTestTask.java:95)
	at app//org.junit.platform.engine.support.hierarchical.SameThreadHierarchicalTestExecutorService.submit(SameThreadHierarchicalTestExecutorService.java:35)
	at app//org.junit.platform.engine.support.hierarchical.HierarchicalTestExecutor.execute(HierarchicalTestExecutor.java:57)
	at app//org.junit.platform.engine.support.hierarchical.HierarchicalTestEngine.execute(HierarchicalTestEngine.java:54)
	at app//org.junit.platform.launcher.core.EngineExecutionOrchestrator.execute(EngineExecutionOrchestrator.java:107)
	at app//org.junit.platform.launcher.core.EngineExecutionOrchestrator.execute(EngineExecutionOrchestrator.java:88)
	at app//org.junit.platform.launcher.core.EngineExecutionOrchestrator.lambda$execute$0(EngineExecutionOrchestrator.java:54)
	at app//org.junit.platform.launcher.core.EngineExecutionOrchestrator.withInterceptedStreams(EngineExecutionOrchestrator.java:67)
	at app//org.junit.platform.launcher.core.EngineExecutionOrchestrator.execute(EngineExecutionOrchestrator.java:52)
	at app//org.junit.platform.launcher.core.DefaultLauncher.execute(DefaultLauncher.java:114)
	at app//org.junit.platform.launcher.core.DefaultLauncher.execute(DefaultLauncher.java:86)
	at app//org.junit.platform.launcher.core.DefaultLauncherSession$DelegatingLauncher.execute(DefaultLauncherSession.java:86)
	at org.gradle.api.internal.tasks.testing.junitplatform.JUnitPlatformTestClassProcessor$CollectAllTestClassesExecutor.processAllTestClasses(JUnitPlatformTestClassProcessor.java:110)
	at org.gradle.api.internal.tasks.testing.junitplatform.JUnitPlatformTestClassProcessor$CollectAllTestClassesExecutor.access$000(JUnitPlatformTestClassProcessor.java:90)
	at org.gradle.api.internal.tasks.testing.junitplatform.JUnitPlatformTestClassProcessor.stop(JUnitPlatformTestClassProcessor.java:85)
	at org.gradle.api.internal.tasks.testing.SuiteTestClassProcessor.stop(SuiteTestClassProcessor.java:62)
	at java.base@17.0.7/jdk.internal.reflect.NativeMethodAccessorImpl.invoke0(Native Method)
	at java.base@17.0.7/jdk.internal.reflect.NativeMethodAccessorImpl.invoke(NativeMethodAccessorImpl.java:77)
	at java.base@17.0.7/jdk.internal.reflect.DelegatingMethodAccessorImpl.invoke(DelegatingMethodAccessorImpl.java:43)
	at java.base@17.0.7/java.lang.reflect.Method.invoke(Method.java:568)
	at org.gradle.internal.dispatch.ReflectionDispatch.dispatch(ReflectionDispatch.java:36)
	at org.gradle.internal.dispatch.ReflectionDispatch.dispatch(ReflectionDispatch.java:24)
	at org.gradle.internal.dispatch.ContextClassLoaderDispatch.dispatch(ContextClassLoaderDispatch.java:33)
	at org.gradle.internal.dispatch.ProxyDispatchAdapter$DispatchingInvocationHandler.invoke(ProxyDispatchAdapter.java:94)
	at jdk.proxy2/jdk.proxy2.$Proxy5.stop(Unknown Source)
	at org.gradle.api.internal.tasks.testing.worker.TestWorker$3.run(TestWorker.java:193)
	at org.gradle.api.internal.tasks.testing.worker.TestWorker.executeAndMaintainThreadName(TestWorker.java:129)
	at org.gradle.api.internal.tasks.testing.worker.TestWorker.execute(TestWorker.java:100)
	at org.gradle.api.internal.tasks.testing.worker.TestWorker.execute(TestWorker.java:60)
	at org.gradle.process.internal.worker.child.ActionExecutionWorker.execute(ActionExecutionWorker.java:56)
	at org.gradle.process.internal.worker.child.SystemApplicationClassLoaderWorker.call(SystemApplicationClassLoaderWorker.java:113)
	at org.gradle.process.internal.worker.child.SystemApplicationClassLoaderWorker.call(SystemApplicationClassLoaderWorker.java:65)
	at app//worker.org.gradle.process.internal.worker.GradleWorkerMain.run(GradleWorkerMain.java:69)
	at app//worker.org.gradle.process.internal.worker.GradleWorkerMain.main(GradleWorkerMain.java:74)
</failure>
  </testcase>
  <testcase name="public class B extends Object {class E  { public E(Object s) {super();} }}" classname="de.uka.ilkd.key.java.TestJP2KeY" time="0.061">
    <failure message="UnsolvedSymbolException{context='null', name='$initialized', cause='null'}" type="com.github.javaparser.resolution.UnsolvedSymbolException">UnsolvedSymbolException{context='null', name='$initialized', cause='null'}
	at com.github.javaparser.symbolsolver.javaparsermodel.TypeExtractor.solveDotExpressionType(TypeExtractor.java:224)
	at com.github.javaparser.symbolsolver.javaparsermodel.TypeExtractor.visit(TypeExtractor.java:248)
	at com.github.javaparser.symbolsolver.javaparsermodel.TypeExtractor.visit(TypeExtractor.java:65)
	at com.github.javaparser.ast.expr.FieldAccessExpr.accept(FieldAccessExpr.java:90)
	at com.github.javaparser.symbolsolver.javaparsermodel.JavaParserFacade.getTypeConcrete(JavaParserFacade.java:505)
	at com.github.javaparser.symbolsolver.javaparsermodel.JavaParserFacade.getType(JavaParserFacade.java:352)
	at com.github.javaparser.symbolsolver.javaparsermodel.JavaParserFacade.getType(JavaParserFacade.java:334)
	at com.github.javaparser.symbolsolver.JavaSymbolSolver.calculateType(JavaSymbolSolver.java:294)
	at com.github.javaparser.ast.expr.Expression.calculateResolvedType(Expression.java:573)
	at de.uka.ilkd.key.java.JP2KeYVisitor.visit(JP2KeYConverter.java:554)
	at de.uka.ilkd.key.java.JP2KeYVisitor.visit(JP2KeYConverter.java:91)
	at com.github.javaparser.ast.expr.FieldAccessExpr.accept(FieldAccessExpr.java:90)
	at de.uka.ilkd.key.java.JP2KeYVisitor.accept(JP2KeYConverter.java:374)
	at de.uka.ilkd.key.java.JP2KeYVisitor.visit(JP2KeYConverter.java:195)
	at de.uka.ilkd.key.java.JP2KeYVisitor.visit(JP2KeYConverter.java:91)
	at com.github.javaparser.ast.expr.AssignExpr.accept(AssignExpr.java:135)
	at de.uka.ilkd.key.java.JP2KeYVisitor.accept(JP2KeYConverter.java:374)
	at de.uka.ilkd.key.java.JP2KeYVisitor.visit(JP2KeYConverter.java:541)
	at de.uka.ilkd.key.java.JP2KeYVisitor.visit(JP2KeYConverter.java:91)
	at com.github.javaparser.ast.stmt.ExpressionStmt.accept(ExpressionStmt.java:71)
	at de.uka.ilkd.key.java.JP2KeYVisitor.map(JP2KeYConverter.java:430)
	at de.uka.ilkd.key.java.JP2KeYVisitor.visit(JP2KeYConverter.java:279)
	at de.uka.ilkd.key.java.JP2KeYVisitor.visit(JP2KeYConverter.java:91)
	at com.github.javaparser.ast.stmt.BlockStmt.accept(BlockStmt.java:70)
	at de.uka.ilkd.key.java.JP2KeYVisitor.accept(JP2KeYConverter.java:374)
	at de.uka.ilkd.key.java.JP2KeYVisitor.accepto(JP2KeYConverter.java:447)
	at de.uka.ilkd.key.java.JP2KeYVisitor.visit(JP2KeYConverter.java:722)
	at de.uka.ilkd.key.java.JP2KeYVisitor.visit(JP2KeYConverter.java:91)
	at com.github.javaparser.ast.body.MethodDeclaration.accept(MethodDeclaration.java:98)
	at de.uka.ilkd.key.java.JP2KeYVisitor.map(JP2KeYConverter.java:430)
	at de.uka.ilkd.key.java.JP2KeYVisitor.visit(JP2KeYConverter.java:331)
	at de.uka.ilkd.key.java.JP2KeYVisitor.visit(JP2KeYConverter.java:91)
	at com.github.javaparser.ast.body.ClassOrInterfaceDeclaration.accept(ClassOrInterfaceDeclaration.java:95)
	at de.uka.ilkd.key.java.JP2KeYVisitor.map(JP2KeYConverter.java:430)
	at de.uka.ilkd.key.java.JP2KeYVisitor.visit(JP2KeYConverter.java:419)
	at de.uka.ilkd.key.java.JP2KeYVisitor.visit(JP2KeYConverter.java:91)
	at com.github.javaparser.ast.CompilationUnit.accept(CompilationUnit.java:124)
	at de.uka.ilkd.key.java.JP2KeYConverter.process(JP2KeYConverter.java:85)
	at de.uka.ilkd.key.java.JavaService.readCompilationUnit(JavaService.java:259)
	at de.uka.ilkd.key.java.TestJP2KeY.testClass(TestJP2KeY.java:163)
	at de.uka.ilkd.key.java.TestJP2KeY.lambda$testJClasses$2(TestJP2KeY.java:177)
	at org.junit.jupiter.engine.descriptor.DynamicTestTestDescriptor.lambda$execute$0(DynamicTestTestDescriptor.java:53)
	at org.junit.jupiter.engine.execution.InvocationInterceptorChain$ValidatingInvocation.proceed(InvocationInterceptorChain.java:131)
	at org.junit.jupiter.api.extension.InvocationInterceptor.interceptDynamicTest(InvocationInterceptor.java:167)
	at org.junit.jupiter.api.extension.InvocationInterceptor.interceptDynamicTest(InvocationInterceptor.java:184)
	at org.junit.jupiter.engine.descriptor.DynamicTestTestDescriptor.lambda$execute$1(DynamicTestTestDescriptor.java:61)
	at org.junit.jupiter.engine.execution.InvocationInterceptorChain$InterceptorCall.lambda$ofVoid$0(InvocationInterceptorChain.java:78)
	at org.junit.jupiter.engine.execution.InvocationInterceptorChain$InterceptedInvocation.proceed(InvocationInterceptorChain.java:106)
	at org.junit.jupiter.engine.execution.InvocationInterceptorChain.proceed(InvocationInterceptorChain.java:64)
	at org.junit.jupiter.engine.execution.InvocationInterceptorChain.chainAndInvoke(InvocationInterceptorChain.java:45)
	at org.junit.jupiter.engine.execution.InvocationInterceptorChain.invoke(InvocationInterceptorChain.java:37)
	at org.junit.jupiter.engine.descriptor.DynamicTestTestDescriptor.execute(DynamicTestTestDescriptor.java:60)
	at org.junit.jupiter.engine.descriptor.DynamicTestTestDescriptor.execute(DynamicTestTestDescriptor.java:32)
	at org.junit.platform.engine.support.hierarchical.NodeTestTask.lambda$executeRecursively$6(NodeTestTask.java:151)
	at org.junit.platform.engine.support.hierarchical.ThrowableCollector.execute(ThrowableCollector.java:73)
	at org.junit.platform.engine.support.hierarchical.NodeTestTask.lambda$executeRecursively$8(NodeTestTask.java:141)
	at org.junit.platform.engine.support.hierarchical.Node.around(Node.java:137)
	at org.junit.platform.engine.support.hierarchical.NodeTestTask.lambda$executeRecursively$9(NodeTestTask.java:139)
	at org.junit.platform.engine.support.hierarchical.ThrowableCollector.execute(ThrowableCollector.java:73)
	at org.junit.platform.engine.support.hierarchical.NodeTestTask.executeRecursively(NodeTestTask.java:138)
	at org.junit.platform.engine.support.hierarchical.NodeTestTask.execute(NodeTestTask.java:95)
	at org.junit.platform.engine.support.hierarchical.SameThreadHierarchicalTestExecutorService.submit(SameThreadHierarchicalTestExecutorService.java:35)
	at org.junit.platform.engine.support.hierarchical.NodeTestTask$DefaultDynamicTestExecutor.execute(NodeTestTask.java:226)
	at org.junit.platform.engine.support.hierarchical.NodeTestTask$DefaultDynamicTestExecutor.execute(NodeTestTask.java:204)
	at java.base/java.util.Optional.ifPresent(Optional.java:178)
	at org.junit.jupiter.engine.descriptor.TestFactoryTestDescriptor.lambda$invokeTestMethod$1(TestFactoryTestDescriptor.java:108)
	at org.junit.platform.engine.support.hierarchical.ThrowableCollector.execute(ThrowableCollector.java:73)
	at org.junit.jupiter.engine.descriptor.TestFactoryTestDescriptor.invokeTestMethod(TestFactoryTestDescriptor.java:95)
	at org.junit.jupiter.engine.descriptor.TestMethodTestDescriptor.execute(TestMethodTestDescriptor.java:138)
	at org.junit.jupiter.engine.descriptor.TestMethodTestDescriptor.execute(TestMethodTestDescriptor.java:68)
	at org.junit.platform.engine.support.hierarchical.NodeTestTask.lambda$executeRecursively$6(NodeTestTask.java:151)
	at org.junit.platform.engine.support.hierarchical.ThrowableCollector.execute(ThrowableCollector.java:73)
	at org.junit.platform.engine.support.hierarchical.NodeTestTask.lambda$executeRecursively$8(NodeTestTask.java:141)
	at org.junit.platform.engine.support.hierarchical.Node.around(Node.java:137)
	at org.junit.platform.engine.support.hierarchical.NodeTestTask.lambda$executeRecursively$9(NodeTestTask.java:139)
	at org.junit.platform.engine.support.hierarchical.ThrowableCollector.execute(ThrowableCollector.java:73)
	at org.junit.platform.engine.support.hierarchical.NodeTestTask.executeRecursively(NodeTestTask.java:138)
	at org.junit.platform.engine.support.hierarchical.NodeTestTask.execute(NodeTestTask.java:95)
	at java.base/java.util.ArrayList.forEach(ArrayList.java:1511)
	at org.junit.platform.engine.support.hierarchical.SameThreadHierarchicalTestExecutorService.invokeAll(SameThreadHierarchicalTestExecutorService.java:41)
	at org.junit.platform.engine.support.hierarchical.NodeTestTask.lambda$executeRecursively$6(NodeTestTask.java:155)
	at org.junit.platform.engine.support.hierarchical.ThrowableCollector.execute(ThrowableCollector.java:73)
	at org.junit.platform.engine.support.hierarchical.NodeTestTask.lambda$executeRecursively$8(NodeTestTask.java:141)
	at org.junit.platform.engine.support.hierarchical.Node.around(Node.java:137)
	at org.junit.platform.engine.support.hierarchical.NodeTestTask.lambda$executeRecursively$9(NodeTestTask.java:139)
	at org.junit.platform.engine.support.hierarchical.ThrowableCollector.execute(ThrowableCollector.java:73)
	at org.junit.platform.engine.support.hierarchical.NodeTestTask.executeRecursively(NodeTestTask.java:138)
	at org.junit.platform.engine.support.hierarchical.NodeTestTask.execute(NodeTestTask.java:95)
	at java.base/java.util.ArrayList.forEach(ArrayList.java:1511)
	at org.junit.platform.engine.support.hierarchical.SameThreadHierarchicalTestExecutorService.invokeAll(SameThreadHierarchicalTestExecutorService.java:41)
	at org.junit.platform.engine.support.hierarchical.NodeTestTask.lambda$executeRecursively$6(NodeTestTask.java:155)
	at org.junit.platform.engine.support.hierarchical.ThrowableCollector.execute(ThrowableCollector.java:73)
	at org.junit.platform.engine.support.hierarchical.NodeTestTask.lambda$executeRecursively$8(NodeTestTask.java:141)
	at org.junit.platform.engine.support.hierarchical.Node.around(Node.java:137)
	at org.junit.platform.engine.support.hierarchical.NodeTestTask.lambda$executeRecursively$9(NodeTestTask.java:139)
	at org.junit.platform.engine.support.hierarchical.ThrowableCollector.execute(ThrowableCollector.java:73)
	at org.junit.platform.engine.support.hierarchical.NodeTestTask.executeRecursively(NodeTestTask.java:138)
	at org.junit.platform.engine.support.hierarchical.NodeTestTask.execute(NodeTestTask.java:95)
	at org.junit.platform.engine.support.hierarchical.SameThreadHierarchicalTestExecutorService.submit(SameThreadHierarchicalTestExecutorService.java:35)
	at org.junit.platform.engine.support.hierarchical.HierarchicalTestExecutor.execute(HierarchicalTestExecutor.java:57)
	at org.junit.platform.engine.support.hierarchical.HierarchicalTestEngine.execute(HierarchicalTestEngine.java:54)
	at org.junit.platform.launcher.core.EngineExecutionOrchestrator.execute(EngineExecutionOrchestrator.java:107)
	at org.junit.platform.launcher.core.EngineExecutionOrchestrator.execute(EngineExecutionOrchestrator.java:88)
	at org.junit.platform.launcher.core.EngineExecutionOrchestrator.lambda$execute$0(EngineExecutionOrchestrator.java:54)
	at org.junit.platform.launcher.core.EngineExecutionOrchestrator.withInterceptedStreams(EngineExecutionOrchestrator.java:67)
	at org.junit.platform.launcher.core.EngineExecutionOrchestrator.execute(EngineExecutionOrchestrator.java:52)
	at org.junit.platform.launcher.core.DefaultLauncher.execute(DefaultLauncher.java:114)
	at org.junit.platform.launcher.core.DefaultLauncher.execute(DefaultLauncher.java:86)
	at org.junit.platform.launcher.core.DefaultLauncherSession$DelegatingLauncher.execute(DefaultLauncherSession.java:86)
	at org.gradle.api.internal.tasks.testing.junitplatform.JUnitPlatformTestClassProcessor$CollectAllTestClassesExecutor.processAllTestClasses(JUnitPlatformTestClassProcessor.java:110)
	at org.gradle.api.internal.tasks.testing.junitplatform.JUnitPlatformTestClassProcessor$CollectAllTestClassesExecutor.access$000(JUnitPlatformTestClassProcessor.java:90)
	at org.gradle.api.internal.tasks.testing.junitplatform.JUnitPlatformTestClassProcessor.stop(JUnitPlatformTestClassProcessor.java:85)
	at org.gradle.api.internal.tasks.testing.SuiteTestClassProcessor.stop(SuiteTestClassProcessor.java:62)
	at java.base/jdk.internal.reflect.NativeMethodAccessorImpl.invoke0(Native Method)
	at java.base/jdk.internal.reflect.NativeMethodAccessorImpl.invoke(NativeMethodAccessorImpl.java:77)
	at java.base/jdk.internal.reflect.DelegatingMethodAccessorImpl.invoke(DelegatingMethodAccessorImpl.java:43)
	at java.base/java.lang.reflect.Method.invoke(Method.java:568)
	at org.gradle.internal.dispatch.ReflectionDispatch.dispatch(ReflectionDispatch.java:36)
	at org.gradle.internal.dispatch.ReflectionDispatch.dispatch(ReflectionDispatch.java:24)
	at org.gradle.internal.dispatch.ContextClassLoaderDispatch.dispatch(ContextClassLoaderDispatch.java:33)
	at org.gradle.internal.dispatch.ProxyDispatchAdapter$DispatchingInvocationHandler.invoke(ProxyDispatchAdapter.java:94)
	at jdk.proxy2/jdk.proxy2.$Proxy5.stop(Unknown Source)
	at org.gradle.api.internal.tasks.testing.worker.TestWorker$3.run(TestWorker.java:193)
	at org.gradle.api.internal.tasks.testing.worker.TestWorker.executeAndMaintainThreadName(TestWorker.java:129)
	at org.gradle.api.internal.tasks.testing.worker.TestWorker.execute(TestWorker.java:100)
	at org.gradle.api.internal.tasks.testing.worker.TestWorker.execute(TestWorker.java:60)
	at org.gradle.process.internal.worker.child.ActionExecutionWorker.execute(ActionExecutionWorker.java:56)
	at org.gradle.process.internal.worker.child.SystemApplicationClassLoaderWorker.call(SystemApplicationClassLoaderWorker.java:113)
	at org.gradle.process.internal.worker.child.SystemApplicationClassLoaderWorker.call(SystemApplicationClassLoaderWorker.java:65)
	at worker.org.gradle.process.internal.worker.GradleWorkerMain.run(GradleWorkerMain.java:69)
	at worker.org.gradle.process.internal.worker.GradleWorkerMain.main(GradleWorkerMain.java:74)
</failure>
  </testcase>
  <testcase name=" class circ_A {   static int a = circ_B.b;   } class circ_B {   static int b = circ_A.a;   }" classname="de.uka.ilkd.key.java.TestJP2KeY" time="0.05">
    <failure message="UnsolvedSymbolException{context='null', name='$initialized', cause='null'}" type="com.github.javaparser.resolution.UnsolvedSymbolException">UnsolvedSymbolException{context='null', name='$initialized', cause='null'}
	at com.github.javaparser.symbolsolver.javaparsermodel.TypeExtractor.solveDotExpressionType(TypeExtractor.java:224)
	at com.github.javaparser.symbolsolver.javaparsermodel.TypeExtractor.visit(TypeExtractor.java:248)
	at com.github.javaparser.symbolsolver.javaparsermodel.TypeExtractor.visit(TypeExtractor.java:65)
	at com.github.javaparser.ast.expr.FieldAccessExpr.accept(FieldAccessExpr.java:90)
	at com.github.javaparser.symbolsolver.javaparsermodel.JavaParserFacade.getTypeConcrete(JavaParserFacade.java:505)
	at com.github.javaparser.symbolsolver.javaparsermodel.JavaParserFacade.getType(JavaParserFacade.java:352)
	at com.github.javaparser.symbolsolver.javaparsermodel.JavaParserFacade.getType(JavaParserFacade.java:334)
	at com.github.javaparser.symbolsolver.JavaSymbolSolver.calculateType(JavaSymbolSolver.java:294)
	at com.github.javaparser.ast.expr.Expression.calculateResolvedType(Expression.java:573)
	at de.uka.ilkd.key.java.JP2KeYVisitor.visit(JP2KeYConverter.java:554)
	at de.uka.ilkd.key.java.JP2KeYVisitor.visit(JP2KeYConverter.java:91)
	at com.github.javaparser.ast.expr.FieldAccessExpr.accept(FieldAccessExpr.java:90)
	at de.uka.ilkd.key.java.JP2KeYVisitor.accept(JP2KeYConverter.java:374)
	at de.uka.ilkd.key.java.JP2KeYVisitor.visit(JP2KeYConverter.java:195)
	at de.uka.ilkd.key.java.JP2KeYVisitor.visit(JP2KeYConverter.java:91)
	at com.github.javaparser.ast.expr.AssignExpr.accept(AssignExpr.java:135)
	at de.uka.ilkd.key.java.JP2KeYVisitor.accept(JP2KeYConverter.java:374)
	at de.uka.ilkd.key.java.JP2KeYVisitor.visit(JP2KeYConverter.java:541)
	at de.uka.ilkd.key.java.JP2KeYVisitor.visit(JP2KeYConverter.java:91)
	at com.github.javaparser.ast.stmt.ExpressionStmt.accept(ExpressionStmt.java:71)
	at de.uka.ilkd.key.java.JP2KeYVisitor.map(JP2KeYConverter.java:430)
	at de.uka.ilkd.key.java.JP2KeYVisitor.visit(JP2KeYConverter.java:279)
	at de.uka.ilkd.key.java.JP2KeYVisitor.visit(JP2KeYConverter.java:91)
	at com.github.javaparser.ast.stmt.BlockStmt.accept(BlockStmt.java:70)
	at de.uka.ilkd.key.java.JP2KeYVisitor.accept(JP2KeYConverter.java:374)
	at de.uka.ilkd.key.java.JP2KeYVisitor.accepto(JP2KeYConverter.java:447)
	at de.uka.ilkd.key.java.JP2KeYVisitor.visit(JP2KeYConverter.java:722)
	at de.uka.ilkd.key.java.JP2KeYVisitor.visit(JP2KeYConverter.java:91)
	at com.github.javaparser.ast.body.MethodDeclaration.accept(MethodDeclaration.java:98)
	at de.uka.ilkd.key.java.JP2KeYVisitor.map(JP2KeYConverter.java:430)
	at de.uka.ilkd.key.java.JP2KeYVisitor.visit(JP2KeYConverter.java:331)
	at de.uka.ilkd.key.java.JP2KeYVisitor.visit(JP2KeYConverter.java:91)
	at com.github.javaparser.ast.body.ClassOrInterfaceDeclaration.accept(ClassOrInterfaceDeclaration.java:95)
	at de.uka.ilkd.key.java.JP2KeYVisitor.map(JP2KeYConverter.java:430)
	at de.uka.ilkd.key.java.JP2KeYVisitor.visit(JP2KeYConverter.java:419)
	at de.uka.ilkd.key.java.JP2KeYVisitor.visit(JP2KeYConverter.java:91)
	at com.github.javaparser.ast.CompilationUnit.accept(CompilationUnit.java:124)
	at de.uka.ilkd.key.java.JP2KeYConverter.process(JP2KeYConverter.java:85)
	at de.uka.ilkd.key.java.JavaService.readCompilationUnit(JavaService.java:259)
	at de.uka.ilkd.key.java.TestJP2KeY.testClass(TestJP2KeY.java:163)
	at de.uka.ilkd.key.java.TestJP2KeY.lambda$testJClasses$2(TestJP2KeY.java:177)
	at org.junit.jupiter.engine.descriptor.DynamicTestTestDescriptor.lambda$execute$0(DynamicTestTestDescriptor.java:53)
	at org.junit.jupiter.engine.execution.InvocationInterceptorChain$ValidatingInvocation.proceed(InvocationInterceptorChain.java:131)
	at org.junit.jupiter.api.extension.InvocationInterceptor.interceptDynamicTest(InvocationInterceptor.java:167)
	at org.junit.jupiter.api.extension.InvocationInterceptor.interceptDynamicTest(InvocationInterceptor.java:184)
	at org.junit.jupiter.engine.descriptor.DynamicTestTestDescriptor.lambda$execute$1(DynamicTestTestDescriptor.java:61)
	at org.junit.jupiter.engine.execution.InvocationInterceptorChain$InterceptorCall.lambda$ofVoid$0(InvocationInterceptorChain.java:78)
	at org.junit.jupiter.engine.execution.InvocationInterceptorChain$InterceptedInvocation.proceed(InvocationInterceptorChain.java:106)
	at org.junit.jupiter.engine.execution.InvocationInterceptorChain.proceed(InvocationInterceptorChain.java:64)
	at org.junit.jupiter.engine.execution.InvocationInterceptorChain.chainAndInvoke(InvocationInterceptorChain.java:45)
	at org.junit.jupiter.engine.execution.InvocationInterceptorChain.invoke(InvocationInterceptorChain.java:37)
	at org.junit.jupiter.engine.descriptor.DynamicTestTestDescriptor.execute(DynamicTestTestDescriptor.java:60)
	at org.junit.jupiter.engine.descriptor.DynamicTestTestDescriptor.execute(DynamicTestTestDescriptor.java:32)
	at org.junit.platform.engine.support.hierarchical.NodeTestTask.lambda$executeRecursively$6(NodeTestTask.java:151)
	at org.junit.platform.engine.support.hierarchical.ThrowableCollector.execute(ThrowableCollector.java:73)
	at org.junit.platform.engine.support.hierarchical.NodeTestTask.lambda$executeRecursively$8(NodeTestTask.java:141)
	at org.junit.platform.engine.support.hierarchical.Node.around(Node.java:137)
	at org.junit.platform.engine.support.hierarchical.NodeTestTask.lambda$executeRecursively$9(NodeTestTask.java:139)
	at org.junit.platform.engine.support.hierarchical.ThrowableCollector.execute(ThrowableCollector.java:73)
	at org.junit.platform.engine.support.hierarchical.NodeTestTask.executeRecursively(NodeTestTask.java:138)
	at org.junit.platform.engine.support.hierarchical.NodeTestTask.execute(NodeTestTask.java:95)
	at org.junit.platform.engine.support.hierarchical.SameThreadHierarchicalTestExecutorService.submit(SameThreadHierarchicalTestExecutorService.java:35)
	at org.junit.platform.engine.support.hierarchical.NodeTestTask$DefaultDynamicTestExecutor.execute(NodeTestTask.java:226)
	at org.junit.platform.engine.support.hierarchical.NodeTestTask$DefaultDynamicTestExecutor.execute(NodeTestTask.java:204)
	at java.base/java.util.Optional.ifPresent(Optional.java:178)
	at org.junit.jupiter.engine.descriptor.TestFactoryTestDescriptor.lambda$invokeTestMethod$1(TestFactoryTestDescriptor.java:108)
	at org.junit.platform.engine.support.hierarchical.ThrowableCollector.execute(ThrowableCollector.java:73)
	at org.junit.jupiter.engine.descriptor.TestFactoryTestDescriptor.invokeTestMethod(TestFactoryTestDescriptor.java:95)
	at org.junit.jupiter.engine.descriptor.TestMethodTestDescriptor.execute(TestMethodTestDescriptor.java:138)
	at org.junit.jupiter.engine.descriptor.TestMethodTestDescriptor.execute(TestMethodTestDescriptor.java:68)
	at org.junit.platform.engine.support.hierarchical.NodeTestTask.lambda$executeRecursively$6(NodeTestTask.java:151)
	at org.junit.platform.engine.support.hierarchical.ThrowableCollector.execute(ThrowableCollector.java:73)
	at org.junit.platform.engine.support.hierarchical.NodeTestTask.lambda$executeRecursively$8(NodeTestTask.java:141)
	at org.junit.platform.engine.support.hierarchical.Node.around(Node.java:137)
	at org.junit.platform.engine.support.hierarchical.NodeTestTask.lambda$executeRecursively$9(NodeTestTask.java:139)
	at org.junit.platform.engine.support.hierarchical.ThrowableCollector.execute(ThrowableCollector.java:73)
	at org.junit.platform.engine.support.hierarchical.NodeTestTask.executeRecursively(NodeTestTask.java:138)
	at org.junit.platform.engine.support.hierarchical.NodeTestTask.execute(NodeTestTask.java:95)
	at java.base/java.util.ArrayList.forEach(ArrayList.java:1511)
	at org.junit.platform.engine.support.hierarchical.SameThreadHierarchicalTestExecutorService.invokeAll(SameThreadHierarchicalTestExecutorService.java:41)
	at org.junit.platform.engine.support.hierarchical.NodeTestTask.lambda$executeRecursively$6(NodeTestTask.java:155)
	at org.junit.platform.engine.support.hierarchical.ThrowableCollector.execute(ThrowableCollector.java:73)
	at org.junit.platform.engine.support.hierarchical.NodeTestTask.lambda$executeRecursively$8(NodeTestTask.java:141)
	at org.junit.platform.engine.support.hierarchical.Node.around(Node.java:137)
	at org.junit.platform.engine.support.hierarchical.NodeTestTask.lambda$executeRecursively$9(NodeTestTask.java:139)
	at org.junit.platform.engine.support.hierarchical.ThrowableCollector.execute(ThrowableCollector.java:73)
	at org.junit.platform.engine.support.hierarchical.NodeTestTask.executeRecursively(NodeTestTask.java:138)
	at org.junit.platform.engine.support.hierarchical.NodeTestTask.execute(NodeTestTask.java:95)
	at java.base/java.util.ArrayList.forEach(ArrayList.java:1511)
	at org.junit.platform.engine.support.hierarchical.SameThreadHierarchicalTestExecutorService.invokeAll(SameThreadHierarchicalTestExecutorService.java:41)
	at org.junit.platform.engine.support.hierarchical.NodeTestTask.lambda$executeRecursively$6(NodeTestTask.java:155)
	at org.junit.platform.engine.support.hierarchical.ThrowableCollector.execute(ThrowableCollector.java:73)
	at org.junit.platform.engine.support.hierarchical.NodeTestTask.lambda$executeRecursively$8(NodeTestTask.java:141)
	at org.junit.platform.engine.support.hierarchical.Node.around(Node.java:137)
	at org.junit.platform.engine.support.hierarchical.NodeTestTask.lambda$executeRecursively$9(NodeTestTask.java:139)
	at org.junit.platform.engine.support.hierarchical.ThrowableCollector.execute(ThrowableCollector.java:73)
	at org.junit.platform.engine.support.hierarchical.NodeTestTask.executeRecursively(NodeTestTask.java:138)
	at org.junit.platform.engine.support.hierarchical.NodeTestTask.execute(NodeTestTask.java:95)
	at org.junit.platform.engine.support.hierarchical.SameThreadHierarchicalTestExecutorService.submit(SameThreadHierarchicalTestExecutorService.java:35)
	at org.junit.platform.engine.support.hierarchical.HierarchicalTestExecutor.execute(HierarchicalTestExecutor.java:57)
	at org.junit.platform.engine.support.hierarchical.HierarchicalTestEngine.execute(HierarchicalTestEngine.java:54)
	at org.junit.platform.launcher.core.EngineExecutionOrchestrator.execute(EngineExecutionOrchestrator.java:107)
	at org.junit.platform.launcher.core.EngineExecutionOrchestrator.execute(EngineExecutionOrchestrator.java:88)
	at org.junit.platform.launcher.core.EngineExecutionOrchestrator.lambda$execute$0(EngineExecutionOrchestrator.java:54)
	at org.junit.platform.launcher.core.EngineExecutionOrchestrator.withInterceptedStreams(EngineExecutionOrchestrator.java:67)
	at org.junit.platform.launcher.core.EngineExecutionOrchestrator.execute(EngineExecutionOrchestrator.java:52)
	at org.junit.platform.launcher.core.DefaultLauncher.execute(DefaultLauncher.java:114)
	at org.junit.platform.launcher.core.DefaultLauncher.execute(DefaultLauncher.java:86)
	at org.junit.platform.launcher.core.DefaultLauncherSession$DelegatingLauncher.execute(DefaultLauncherSession.java:86)
	at org.gradle.api.internal.tasks.testing.junitplatform.JUnitPlatformTestClassProcessor$CollectAllTestClassesExecutor.processAllTestClasses(JUnitPlatformTestClassProcessor.java:110)
	at org.gradle.api.internal.tasks.testing.junitplatform.JUnitPlatformTestClassProcessor$CollectAllTestClassesExecutor.access$000(JUnitPlatformTestClassProcessor.java:90)
	at org.gradle.api.internal.tasks.testing.junitplatform.JUnitPlatformTestClassProcessor.stop(JUnitPlatformTestClassProcessor.java:85)
	at org.gradle.api.internal.tasks.testing.SuiteTestClassProcessor.stop(SuiteTestClassProcessor.java:62)
	at java.base/jdk.internal.reflect.NativeMethodAccessorImpl.invoke0(Native Method)
	at java.base/jdk.internal.reflect.NativeMethodAccessorImpl.invoke(NativeMethodAccessorImpl.java:77)
	at java.base/jdk.internal.reflect.DelegatingMethodAccessorImpl.invoke(DelegatingMethodAccessorImpl.java:43)
	at java.base/java.lang.reflect.Method.invoke(Method.java:568)
	at org.gradle.internal.dispatch.ReflectionDispatch.dispatch(ReflectionDispatch.java:36)
	at org.gradle.internal.dispatch.ReflectionDispatch.dispatch(ReflectionDispatch.java:24)
	at org.gradle.internal.dispatch.ContextClassLoaderDispatch.dispatch(ContextClassLoaderDispatch.java:33)
	at org.gradle.internal.dispatch.ProxyDispatchAdapter$DispatchingInvocationHandler.invoke(ProxyDispatchAdapter.java:94)
	at jdk.proxy2/jdk.proxy2.$Proxy5.stop(Unknown Source)
	at org.gradle.api.internal.tasks.testing.worker.TestWorker$3.run(TestWorker.java:193)
	at org.gradle.api.internal.tasks.testing.worker.TestWorker.executeAndMaintainThreadName(TestWorker.java:129)
	at org.gradle.api.internal.tasks.testing.worker.TestWorker.execute(TestWorker.java:100)
	at org.gradle.api.internal.tasks.testing.worker.TestWorker.execute(TestWorker.java:60)
	at org.gradle.process.internal.worker.child.ActionExecutionWorker.execute(ActionExecutionWorker.java:56)
	at org.gradle.process.internal.worker.child.SystemApplicationClassLoaderWorker.call(SystemApplicationClassLoaderWorker.java:113)
	at org.gradle.process.internal.worker.child.SystemApplicationClassLoaderWorker.call(SystemApplicationClassLoaderWorker.java:65)
	at worker.org.gradle.process.internal.worker.GradleWorkerMain.run(GradleWorkerMain.java:69)
	at worker.org.gradle.process.internal.worker.GradleWorkerMain.main(GradleWorkerMain.java:74)
</failure>
  </testcase>
  <testcase name=" class circ2_A {   static final int a = circ2_B.b;   } class circ2_B {   static final int b = circ2_A.a;   }" classname="de.uka.ilkd.key.java.TestJP2KeY" time="0.057">
    <failure message="UnsolvedSymbolException{context='null', name='$initialized', cause='null'}" type="com.github.javaparser.resolution.UnsolvedSymbolException">UnsolvedSymbolException{context='null', name='$initialized', cause='null'}
	at com.github.javaparser.symbolsolver.javaparsermodel.TypeExtractor.solveDotExpressionType(TypeExtractor.java:224)
	at com.github.javaparser.symbolsolver.javaparsermodel.TypeExtractor.visit(TypeExtractor.java:248)
	at com.github.javaparser.symbolsolver.javaparsermodel.TypeExtractor.visit(TypeExtractor.java:65)
	at com.github.javaparser.ast.expr.FieldAccessExpr.accept(FieldAccessExpr.java:90)
	at com.github.javaparser.symbolsolver.javaparsermodel.JavaParserFacade.getTypeConcrete(JavaParserFacade.java:505)
	at com.github.javaparser.symbolsolver.javaparsermodel.JavaParserFacade.getType(JavaParserFacade.java:352)
	at com.github.javaparser.symbolsolver.javaparsermodel.JavaParserFacade.getType(JavaParserFacade.java:334)
	at com.github.javaparser.symbolsolver.JavaSymbolSolver.calculateType(JavaSymbolSolver.java:294)
	at com.github.javaparser.ast.expr.Expression.calculateResolvedType(Expression.java:573)
	at de.uka.ilkd.key.java.JP2KeYVisitor.visit(JP2KeYConverter.java:554)
	at de.uka.ilkd.key.java.JP2KeYVisitor.visit(JP2KeYConverter.java:91)
	at com.github.javaparser.ast.expr.FieldAccessExpr.accept(FieldAccessExpr.java:90)
	at de.uka.ilkd.key.java.JP2KeYVisitor.accept(JP2KeYConverter.java:374)
	at de.uka.ilkd.key.java.JP2KeYVisitor.visit(JP2KeYConverter.java:195)
	at de.uka.ilkd.key.java.JP2KeYVisitor.visit(JP2KeYConverter.java:91)
	at com.github.javaparser.ast.expr.AssignExpr.accept(AssignExpr.java:135)
	at de.uka.ilkd.key.java.JP2KeYVisitor.accept(JP2KeYConverter.java:374)
	at de.uka.ilkd.key.java.JP2KeYVisitor.visit(JP2KeYConverter.java:541)
	at de.uka.ilkd.key.java.JP2KeYVisitor.visit(JP2KeYConverter.java:91)
	at com.github.javaparser.ast.stmt.ExpressionStmt.accept(ExpressionStmt.java:71)
	at de.uka.ilkd.key.java.JP2KeYVisitor.map(JP2KeYConverter.java:430)
	at de.uka.ilkd.key.java.JP2KeYVisitor.visit(JP2KeYConverter.java:279)
	at de.uka.ilkd.key.java.JP2KeYVisitor.visit(JP2KeYConverter.java:91)
	at com.github.javaparser.ast.stmt.BlockStmt.accept(BlockStmt.java:70)
	at de.uka.ilkd.key.java.JP2KeYVisitor.accept(JP2KeYConverter.java:374)
	at de.uka.ilkd.key.java.JP2KeYVisitor.accepto(JP2KeYConverter.java:447)
	at de.uka.ilkd.key.java.JP2KeYVisitor.visit(JP2KeYConverter.java:722)
	at de.uka.ilkd.key.java.JP2KeYVisitor.visit(JP2KeYConverter.java:91)
	at com.github.javaparser.ast.body.MethodDeclaration.accept(MethodDeclaration.java:98)
	at de.uka.ilkd.key.java.JP2KeYVisitor.map(JP2KeYConverter.java:430)
	at de.uka.ilkd.key.java.JP2KeYVisitor.visit(JP2KeYConverter.java:331)
	at de.uka.ilkd.key.java.JP2KeYVisitor.visit(JP2KeYConverter.java:91)
	at com.github.javaparser.ast.body.ClassOrInterfaceDeclaration.accept(ClassOrInterfaceDeclaration.java:95)
	at de.uka.ilkd.key.java.JP2KeYVisitor.map(JP2KeYConverter.java:430)
	at de.uka.ilkd.key.java.JP2KeYVisitor.visit(JP2KeYConverter.java:419)
	at de.uka.ilkd.key.java.JP2KeYVisitor.visit(JP2KeYConverter.java:91)
	at com.github.javaparser.ast.CompilationUnit.accept(CompilationUnit.java:124)
	at de.uka.ilkd.key.java.JP2KeYConverter.process(JP2KeYConverter.java:85)
	at de.uka.ilkd.key.java.JavaService.readCompilationUnit(JavaService.java:259)
	at de.uka.ilkd.key.java.TestJP2KeY.testClass(TestJP2KeY.java:163)
	at de.uka.ilkd.key.java.TestJP2KeY.lambda$testJClasses$2(TestJP2KeY.java:177)
	at org.junit.jupiter.engine.descriptor.DynamicTestTestDescriptor.lambda$execute$0(DynamicTestTestDescriptor.java:53)
	at org.junit.jupiter.engine.execution.InvocationInterceptorChain$ValidatingInvocation.proceed(InvocationInterceptorChain.java:131)
	at org.junit.jupiter.api.extension.InvocationInterceptor.interceptDynamicTest(InvocationInterceptor.java:167)
	at org.junit.jupiter.api.extension.InvocationInterceptor.interceptDynamicTest(InvocationInterceptor.java:184)
	at org.junit.jupiter.engine.descriptor.DynamicTestTestDescriptor.lambda$execute$1(DynamicTestTestDescriptor.java:61)
	at org.junit.jupiter.engine.execution.InvocationInterceptorChain$InterceptorCall.lambda$ofVoid$0(InvocationInterceptorChain.java:78)
	at org.junit.jupiter.engine.execution.InvocationInterceptorChain$InterceptedInvocation.proceed(InvocationInterceptorChain.java:106)
	at org.junit.jupiter.engine.execution.InvocationInterceptorChain.proceed(InvocationInterceptorChain.java:64)
	at org.junit.jupiter.engine.execution.InvocationInterceptorChain.chainAndInvoke(InvocationInterceptorChain.java:45)
	at org.junit.jupiter.engine.execution.InvocationInterceptorChain.invoke(InvocationInterceptorChain.java:37)
	at org.junit.jupiter.engine.descriptor.DynamicTestTestDescriptor.execute(DynamicTestTestDescriptor.java:60)
	at org.junit.jupiter.engine.descriptor.DynamicTestTestDescriptor.execute(DynamicTestTestDescriptor.java:32)
	at org.junit.platform.engine.support.hierarchical.NodeTestTask.lambda$executeRecursively$6(NodeTestTask.java:151)
	at org.junit.platform.engine.support.hierarchical.ThrowableCollector.execute(ThrowableCollector.java:73)
	at org.junit.platform.engine.support.hierarchical.NodeTestTask.lambda$executeRecursively$8(NodeTestTask.java:141)
	at org.junit.platform.engine.support.hierarchical.Node.around(Node.java:137)
	at org.junit.platform.engine.support.hierarchical.NodeTestTask.lambda$executeRecursively$9(NodeTestTask.java:139)
	at org.junit.platform.engine.support.hierarchical.ThrowableCollector.execute(ThrowableCollector.java:73)
	at org.junit.platform.engine.support.hierarchical.NodeTestTask.executeRecursively(NodeTestTask.java:138)
	at org.junit.platform.engine.support.hierarchical.NodeTestTask.execute(NodeTestTask.java:95)
	at org.junit.platform.engine.support.hierarchical.SameThreadHierarchicalTestExecutorService.submit(SameThreadHierarchicalTestExecutorService.java:35)
	at org.junit.platform.engine.support.hierarchical.NodeTestTask$DefaultDynamicTestExecutor.execute(NodeTestTask.java:226)
	at org.junit.platform.engine.support.hierarchical.NodeTestTask$DefaultDynamicTestExecutor.execute(NodeTestTask.java:204)
	at java.base/java.util.Optional.ifPresent(Optional.java:178)
	at org.junit.jupiter.engine.descriptor.TestFactoryTestDescriptor.lambda$invokeTestMethod$1(TestFactoryTestDescriptor.java:108)
	at org.junit.platform.engine.support.hierarchical.ThrowableCollector.execute(ThrowableCollector.java:73)
	at org.junit.jupiter.engine.descriptor.TestFactoryTestDescriptor.invokeTestMethod(TestFactoryTestDescriptor.java:95)
	at org.junit.jupiter.engine.descriptor.TestMethodTestDescriptor.execute(TestMethodTestDescriptor.java:138)
	at org.junit.jupiter.engine.descriptor.TestMethodTestDescriptor.execute(TestMethodTestDescriptor.java:68)
	at org.junit.platform.engine.support.hierarchical.NodeTestTask.lambda$executeRecursively$6(NodeTestTask.java:151)
	at org.junit.platform.engine.support.hierarchical.ThrowableCollector.execute(ThrowableCollector.java:73)
	at org.junit.platform.engine.support.hierarchical.NodeTestTask.lambda$executeRecursively$8(NodeTestTask.java:141)
	at org.junit.platform.engine.support.hierarchical.Node.around(Node.java:137)
	at org.junit.platform.engine.support.hierarchical.NodeTestTask.lambda$executeRecursively$9(NodeTestTask.java:139)
	at org.junit.platform.engine.support.hierarchical.ThrowableCollector.execute(ThrowableCollector.java:73)
	at org.junit.platform.engine.support.hierarchical.NodeTestTask.executeRecursively(NodeTestTask.java:138)
	at org.junit.platform.engine.support.hierarchical.NodeTestTask.execute(NodeTestTask.java:95)
	at java.base/java.util.ArrayList.forEach(ArrayList.java:1511)
	at org.junit.platform.engine.support.hierarchical.SameThreadHierarchicalTestExecutorService.invokeAll(SameThreadHierarchicalTestExecutorService.java:41)
	at org.junit.platform.engine.support.hierarchical.NodeTestTask.lambda$executeRecursively$6(NodeTestTask.java:155)
	at org.junit.platform.engine.support.hierarchical.ThrowableCollector.execute(ThrowableCollector.java:73)
	at org.junit.platform.engine.support.hierarchical.NodeTestTask.lambda$executeRecursively$8(NodeTestTask.java:141)
	at org.junit.platform.engine.support.hierarchical.Node.around(Node.java:137)
	at org.junit.platform.engine.support.hierarchical.NodeTestTask.lambda$executeRecursively$9(NodeTestTask.java:139)
	at org.junit.platform.engine.support.hierarchical.ThrowableCollector.execute(ThrowableCollector.java:73)
	at org.junit.platform.engine.support.hierarchical.NodeTestTask.executeRecursively(NodeTestTask.java:138)
	at org.junit.platform.engine.support.hierarchical.NodeTestTask.execute(NodeTestTask.java:95)
	at java.base/java.util.ArrayList.forEach(ArrayList.java:1511)
	at org.junit.platform.engine.support.hierarchical.SameThreadHierarchicalTestExecutorService.invokeAll(SameThreadHierarchicalTestExecutorService.java:41)
	at org.junit.platform.engine.support.hierarchical.NodeTestTask.lambda$executeRecursively$6(NodeTestTask.java:155)
	at org.junit.platform.engine.support.hierarchical.ThrowableCollector.execute(ThrowableCollector.java:73)
	at org.junit.platform.engine.support.hierarchical.NodeTestTask.lambda$executeRecursively$8(NodeTestTask.java:141)
	at org.junit.platform.engine.support.hierarchical.Node.around(Node.java:137)
	at org.junit.platform.engine.support.hierarchical.NodeTestTask.lambda$executeRecursively$9(NodeTestTask.java:139)
	at org.junit.platform.engine.support.hierarchical.ThrowableCollector.execute(ThrowableCollector.java:73)
	at org.junit.platform.engine.support.hierarchical.NodeTestTask.executeRecursively(NodeTestTask.java:138)
	at org.junit.platform.engine.support.hierarchical.NodeTestTask.execute(NodeTestTask.java:95)
	at org.junit.platform.engine.support.hierarchical.SameThreadHierarchicalTestExecutorService.submit(SameThreadHierarchicalTestExecutorService.java:35)
	at org.junit.platform.engine.support.hierarchical.HierarchicalTestExecutor.execute(HierarchicalTestExecutor.java:57)
	at org.junit.platform.engine.support.hierarchical.HierarchicalTestEngine.execute(HierarchicalTestEngine.java:54)
	at org.junit.platform.launcher.core.EngineExecutionOrchestrator.execute(EngineExecutionOrchestrator.java:107)
	at org.junit.platform.launcher.core.EngineExecutionOrchestrator.execute(EngineExecutionOrchestrator.java:88)
	at org.junit.platform.launcher.core.EngineExecutionOrchestrator.lambda$execute$0(EngineExecutionOrchestrator.java:54)
	at org.junit.platform.launcher.core.EngineExecutionOrchestrator.withInterceptedStreams(EngineExecutionOrchestrator.java:67)
	at org.junit.platform.launcher.core.EngineExecutionOrchestrator.execute(EngineExecutionOrchestrator.java:52)
	at org.junit.platform.launcher.core.DefaultLauncher.execute(DefaultLauncher.java:114)
	at org.junit.platform.launcher.core.DefaultLauncher.execute(DefaultLauncher.java:86)
	at org.junit.platform.launcher.core.DefaultLauncherSession$DelegatingLauncher.execute(DefaultLauncherSession.java:86)
	at org.gradle.api.internal.tasks.testing.junitplatform.JUnitPlatformTestClassProcessor$CollectAllTestClassesExecutor.processAllTestClasses(JUnitPlatformTestClassProcessor.java:110)
	at org.gradle.api.internal.tasks.testing.junitplatform.JUnitPlatformTestClassProcessor$CollectAllTestClassesExecutor.access$000(JUnitPlatformTestClassProcessor.java:90)
	at org.gradle.api.internal.tasks.testing.junitplatform.JUnitPlatformTestClassProcessor.stop(JUnitPlatformTestClassProcessor.java:85)
	at org.gradle.api.internal.tasks.testing.SuiteTestClassProcessor.stop(SuiteTestClassProcessor.java:62)
	at java.base/jdk.internal.reflect.NativeMethodAccessorImpl.invoke0(Native Method)
	at java.base/jdk.internal.reflect.NativeMethodAccessorImpl.invoke(NativeMethodAccessorImpl.java:77)
	at java.base/jdk.internal.reflect.DelegatingMethodAccessorImpl.invoke(DelegatingMethodAccessorImpl.java:43)
	at java.base/java.lang.reflect.Method.invoke(Method.java:568)
	at org.gradle.internal.dispatch.ReflectionDispatch.dispatch(ReflectionDispatch.java:36)
	at org.gradle.internal.dispatch.ReflectionDispatch.dispatch(ReflectionDispatch.java:24)
	at org.gradle.internal.dispatch.ContextClassLoaderDispatch.dispatch(ContextClassLoaderDispatch.java:33)
	at org.gradle.internal.dispatch.ProxyDispatchAdapter$DispatchingInvocationHandler.invoke(ProxyDispatchAdapter.java:94)
	at jdk.proxy2/jdk.proxy2.$Proxy5.stop(Unknown Source)
	at org.gradle.api.internal.tasks.testing.worker.TestWorker$3.run(TestWorker.java:193)
	at org.gradle.api.internal.tasks.testing.worker.TestWorker.executeAndMaintainThreadName(TestWorker.java:129)
	at org.gradle.api.internal.tasks.testing.worker.TestWorker.execute(TestWorker.java:100)
	at org.gradle.api.internal.tasks.testing.worker.TestWorker.execute(TestWorker.java:60)
	at org.gradle.process.internal.worker.child.ActionExecutionWorker.execute(ActionExecutionWorker.java:56)
	at org.gradle.process.internal.worker.child.SystemApplicationClassLoaderWorker.call(SystemApplicationClassLoaderWorker.java:113)
	at org.gradle.process.internal.worker.child.SystemApplicationClassLoaderWorker.call(SystemApplicationClassLoaderWorker.java:65)
	at worker.org.gradle.process.internal.worker.GradleWorkerMain.run(GradleWorkerMain.java:69)
	at worker.org.gradle.process.internal.worker.GradleWorkerMain.main(GradleWorkerMain.java:74)
</failure>
  </testcase>
  <testcase name="class Cycle1 { void m(Cycle2 c) {} } class Cycle2 { void m(Cycle1 c) {} }" classname="de.uka.ilkd.key.java.TestJP2KeY" time="0.02">
    <failure message="UnsolvedSymbolException{context='null', name='$initialized', cause='null'}" type="com.github.javaparser.resolution.UnsolvedSymbolException">UnsolvedSymbolException{context='null', name='$initialized', cause='null'}
	at com.github.javaparser.symbolsolver.javaparsermodel.TypeExtractor.solveDotExpressionType(TypeExtractor.java:224)
	at com.github.javaparser.symbolsolver.javaparsermodel.TypeExtractor.visit(TypeExtractor.java:248)
	at com.github.javaparser.symbolsolver.javaparsermodel.TypeExtractor.visit(TypeExtractor.java:65)
	at com.github.javaparser.ast.expr.FieldAccessExpr.accept(FieldAccessExpr.java:90)
	at com.github.javaparser.symbolsolver.javaparsermodel.JavaParserFacade.getTypeConcrete(JavaParserFacade.java:505)
	at com.github.javaparser.symbolsolver.javaparsermodel.JavaParserFacade.getType(JavaParserFacade.java:352)
	at com.github.javaparser.symbolsolver.javaparsermodel.JavaParserFacade.getType(JavaParserFacade.java:334)
	at com.github.javaparser.symbolsolver.JavaSymbolSolver.calculateType(JavaSymbolSolver.java:294)
	at com.github.javaparser.ast.expr.Expression.calculateResolvedType(Expression.java:573)
	at de.uka.ilkd.key.java.JP2KeYVisitor.visit(JP2KeYConverter.java:554)
	at de.uka.ilkd.key.java.JP2KeYVisitor.visit(JP2KeYConverter.java:91)
	at com.github.javaparser.ast.expr.FieldAccessExpr.accept(FieldAccessExpr.java:90)
	at de.uka.ilkd.key.java.JP2KeYVisitor.accept(JP2KeYConverter.java:374)
	at de.uka.ilkd.key.java.JP2KeYVisitor.visit(JP2KeYConverter.java:195)
	at de.uka.ilkd.key.java.JP2KeYVisitor.visit(JP2KeYConverter.java:91)
	at com.github.javaparser.ast.expr.AssignExpr.accept(AssignExpr.java:135)
	at de.uka.ilkd.key.java.JP2KeYVisitor.accept(JP2KeYConverter.java:374)
	at de.uka.ilkd.key.java.JP2KeYVisitor.visit(JP2KeYConverter.java:541)
	at de.uka.ilkd.key.java.JP2KeYVisitor.visit(JP2KeYConverter.java:91)
	at com.github.javaparser.ast.stmt.ExpressionStmt.accept(ExpressionStmt.java:71)
	at de.uka.ilkd.key.java.JP2KeYVisitor.map(JP2KeYConverter.java:430)
	at de.uka.ilkd.key.java.JP2KeYVisitor.visit(JP2KeYConverter.java:279)
	at de.uka.ilkd.key.java.JP2KeYVisitor.visit(JP2KeYConverter.java:91)
	at com.github.javaparser.ast.stmt.BlockStmt.accept(BlockStmt.java:70)
	at de.uka.ilkd.key.java.JP2KeYVisitor.accept(JP2KeYConverter.java:374)
	at de.uka.ilkd.key.java.JP2KeYVisitor.accepto(JP2KeYConverter.java:447)
	at de.uka.ilkd.key.java.JP2KeYVisitor.visit(JP2KeYConverter.java:722)
	at de.uka.ilkd.key.java.JP2KeYVisitor.visit(JP2KeYConverter.java:91)
	at com.github.javaparser.ast.body.MethodDeclaration.accept(MethodDeclaration.java:98)
	at de.uka.ilkd.key.java.JP2KeYVisitor.map(JP2KeYConverter.java:430)
	at de.uka.ilkd.key.java.JP2KeYVisitor.visit(JP2KeYConverter.java:331)
	at de.uka.ilkd.key.java.JP2KeYVisitor.visit(JP2KeYConverter.java:91)
	at com.github.javaparser.ast.body.ClassOrInterfaceDeclaration.accept(ClassOrInterfaceDeclaration.java:95)
	at de.uka.ilkd.key.java.JP2KeYVisitor.map(JP2KeYConverter.java:430)
	at de.uka.ilkd.key.java.JP2KeYVisitor.visit(JP2KeYConverter.java:419)
	at de.uka.ilkd.key.java.JP2KeYVisitor.visit(JP2KeYConverter.java:91)
	at com.github.javaparser.ast.CompilationUnit.accept(CompilationUnit.java:124)
	at de.uka.ilkd.key.java.JP2KeYConverter.process(JP2KeYConverter.java:85)
	at de.uka.ilkd.key.java.JavaService.readCompilationUnit(JavaService.java:259)
	at de.uka.ilkd.key.java.TestJP2KeY.testClass(TestJP2KeY.java:163)
	at de.uka.ilkd.key.java.TestJP2KeY.lambda$testJClasses$2(TestJP2KeY.java:177)
	at org.junit.jupiter.engine.descriptor.DynamicTestTestDescriptor.lambda$execute$0(DynamicTestTestDescriptor.java:53)
	at org.junit.jupiter.engine.execution.InvocationInterceptorChain$ValidatingInvocation.proceed(InvocationInterceptorChain.java:131)
	at org.junit.jupiter.api.extension.InvocationInterceptor.interceptDynamicTest(InvocationInterceptor.java:167)
	at org.junit.jupiter.api.extension.InvocationInterceptor.interceptDynamicTest(InvocationInterceptor.java:184)
	at org.junit.jupiter.engine.descriptor.DynamicTestTestDescriptor.lambda$execute$1(DynamicTestTestDescriptor.java:61)
	at org.junit.jupiter.engine.execution.InvocationInterceptorChain$InterceptorCall.lambda$ofVoid$0(InvocationInterceptorChain.java:78)
	at org.junit.jupiter.engine.execution.InvocationInterceptorChain$InterceptedInvocation.proceed(InvocationInterceptorChain.java:106)
	at org.junit.jupiter.engine.execution.InvocationInterceptorChain.proceed(InvocationInterceptorChain.java:64)
	at org.junit.jupiter.engine.execution.InvocationInterceptorChain.chainAndInvoke(InvocationInterceptorChain.java:45)
	at org.junit.jupiter.engine.execution.InvocationInterceptorChain.invoke(InvocationInterceptorChain.java:37)
	at org.junit.jupiter.engine.descriptor.DynamicTestTestDescriptor.execute(DynamicTestTestDescriptor.java:60)
	at org.junit.jupiter.engine.descriptor.DynamicTestTestDescriptor.execute(DynamicTestTestDescriptor.java:32)
	at org.junit.platform.engine.support.hierarchical.NodeTestTask.lambda$executeRecursively$6(NodeTestTask.java:151)
	at org.junit.platform.engine.support.hierarchical.ThrowableCollector.execute(ThrowableCollector.java:73)
	at org.junit.platform.engine.support.hierarchical.NodeTestTask.lambda$executeRecursively$8(NodeTestTask.java:141)
	at org.junit.platform.engine.support.hierarchical.Node.around(Node.java:137)
	at org.junit.platform.engine.support.hierarchical.NodeTestTask.lambda$executeRecursively$9(NodeTestTask.java:139)
	at org.junit.platform.engine.support.hierarchical.ThrowableCollector.execute(ThrowableCollector.java:73)
	at org.junit.platform.engine.support.hierarchical.NodeTestTask.executeRecursively(NodeTestTask.java:138)
	at org.junit.platform.engine.support.hierarchical.NodeTestTask.execute(NodeTestTask.java:95)
	at org.junit.platform.engine.support.hierarchical.SameThreadHierarchicalTestExecutorService.submit(SameThreadHierarchicalTestExecutorService.java:35)
	at org.junit.platform.engine.support.hierarchical.NodeTestTask$DefaultDynamicTestExecutor.execute(NodeTestTask.java:226)
	at org.junit.platform.engine.support.hierarchical.NodeTestTask$DefaultDynamicTestExecutor.execute(NodeTestTask.java:204)
	at java.base/java.util.Optional.ifPresent(Optional.java:178)
	at org.junit.jupiter.engine.descriptor.TestFactoryTestDescriptor.lambda$invokeTestMethod$1(TestFactoryTestDescriptor.java:108)
	at org.junit.platform.engine.support.hierarchical.ThrowableCollector.execute(ThrowableCollector.java:73)
	at org.junit.jupiter.engine.descriptor.TestFactoryTestDescriptor.invokeTestMethod(TestFactoryTestDescriptor.java:95)
	at org.junit.jupiter.engine.descriptor.TestMethodTestDescriptor.execute(TestMethodTestDescriptor.java:138)
	at org.junit.jupiter.engine.descriptor.TestMethodTestDescriptor.execute(TestMethodTestDescriptor.java:68)
	at org.junit.platform.engine.support.hierarchical.NodeTestTask.lambda$executeRecursively$6(NodeTestTask.java:151)
	at org.junit.platform.engine.support.hierarchical.ThrowableCollector.execute(ThrowableCollector.java:73)
	at org.junit.platform.engine.support.hierarchical.NodeTestTask.lambda$executeRecursively$8(NodeTestTask.java:141)
	at org.junit.platform.engine.support.hierarchical.Node.around(Node.java:137)
	at org.junit.platform.engine.support.hierarchical.NodeTestTask.lambda$executeRecursively$9(NodeTestTask.java:139)
	at org.junit.platform.engine.support.hierarchical.ThrowableCollector.execute(ThrowableCollector.java:73)
	at org.junit.platform.engine.support.hierarchical.NodeTestTask.executeRecursively(NodeTestTask.java:138)
	at org.junit.platform.engine.support.hierarchical.NodeTestTask.execute(NodeTestTask.java:95)
	at java.base/java.util.ArrayList.forEach(ArrayList.java:1511)
	at org.junit.platform.engine.support.hierarchical.SameThreadHierarchicalTestExecutorService.invokeAll(SameThreadHierarchicalTestExecutorService.java:41)
	at org.junit.platform.engine.support.hierarchical.NodeTestTask.lambda$executeRecursively$6(NodeTestTask.java:155)
	at org.junit.platform.engine.support.hierarchical.ThrowableCollector.execute(ThrowableCollector.java:73)
	at org.junit.platform.engine.support.hierarchical.NodeTestTask.lambda$executeRecursively$8(NodeTestTask.java:141)
	at org.junit.platform.engine.support.hierarchical.Node.around(Node.java:137)
	at org.junit.platform.engine.support.hierarchical.NodeTestTask.lambda$executeRecursively$9(NodeTestTask.java:139)
	at org.junit.platform.engine.support.hierarchical.ThrowableCollector.execute(ThrowableCollector.java:73)
	at org.junit.platform.engine.support.hierarchical.NodeTestTask.executeRecursively(NodeTestTask.java:138)
	at org.junit.platform.engine.support.hierarchical.NodeTestTask.execute(NodeTestTask.java:95)
	at java.base/java.util.ArrayList.forEach(ArrayList.java:1511)
	at org.junit.platform.engine.support.hierarchical.SameThreadHierarchicalTestExecutorService.invokeAll(SameThreadHierarchicalTestExecutorService.java:41)
	at org.junit.platform.engine.support.hierarchical.NodeTestTask.lambda$executeRecursively$6(NodeTestTask.java:155)
	at org.junit.platform.engine.support.hierarchical.ThrowableCollector.execute(ThrowableCollector.java:73)
	at org.junit.platform.engine.support.hierarchical.NodeTestTask.lambda$executeRecursively$8(NodeTestTask.java:141)
	at org.junit.platform.engine.support.hierarchical.Node.around(Node.java:137)
	at org.junit.platform.engine.support.hierarchical.NodeTestTask.lambda$executeRecursively$9(NodeTestTask.java:139)
	at org.junit.platform.engine.support.hierarchical.ThrowableCollector.execute(ThrowableCollector.java:73)
	at org.junit.platform.engine.support.hierarchical.NodeTestTask.executeRecursively(NodeTestTask.java:138)
	at org.junit.platform.engine.support.hierarchical.NodeTestTask.execute(NodeTestTask.java:95)
	at org.junit.platform.engine.support.hierarchical.SameThreadHierarchicalTestExecutorService.submit(SameThreadHierarchicalTestExecutorService.java:35)
[...]
	at app//org.junit.platform.engine.support.hierarchical.ThrowableCollector.execute(ThrowableCollector.java:73)
	at app//org.junit.platform.engine.support.hierarchical.NodeTestTask.lambda$executeRecursively$8(NodeTestTask.java:141)
	at app//org.junit.platform.engine.support.hierarchical.Node.around(Node.java:137)
	at app//org.junit.platform.engine.support.hierarchical.NodeTestTask.lambda$executeRecursively$9(NodeTestTask.java:139)
	at app//org.junit.platform.engine.support.hierarchical.ThrowableCollector.execute(ThrowableCollector.java:73)
	at app//org.junit.platform.engine.support.hierarchical.NodeTestTask.executeRecursively(NodeTestTask.java:138)
	at app//org.junit.platform.engine.support.hierarchical.NodeTestTask.execute(NodeTestTask.java:95)
	at app//org.junit.platform.engine.support.hierarchical.SameThreadHierarchicalTestExecutorService.submit(SameThreadHierarchicalTestExecutorService.java:35)
	at app//org.junit.platform.engine.support.hierarchical.HierarchicalTestExecutor.execute(HierarchicalTestExecutor.java:57)
	at app//org.junit.platform.engine.support.hierarchical.HierarchicalTestEngine.execute(HierarchicalTestEngine.java:54)
	at app//org.junit.platform.launcher.core.EngineExecutionOrchestrator.execute(EngineExecutionOrchestrator.java:107)
	at app//org.junit.platform.launcher.core.EngineExecutionOrchestrator.execute(EngineExecutionOrchestrator.java:88)
	at app//org.junit.platform.launcher.core.EngineExecutionOrchestrator.lambda$execute$0(EngineExecutionOrchestrator.java:54)
	at app//org.junit.platform.launcher.core.EngineExecutionOrchestrator.withInterceptedStreams(EngineExecutionOrchestrator.java:67)
	at app//org.junit.platform.launcher.core.EngineExecutionOrchestrator.execute(EngineExecutionOrchestrator.java:52)
	at app//org.junit.platform.launcher.core.DefaultLauncher.execute(DefaultLauncher.java:114)
	at app//org.junit.platform.launcher.core.DefaultLauncher.execute(DefaultLauncher.java:86)
	at app//org.junit.platform.launcher.core.DefaultLauncherSession$DelegatingLauncher.execute(DefaultLauncherSession.java:86)
	at org.gradle.api.internal.tasks.testing.junitplatform.JUnitPlatformTestClassProcessor$CollectAllTestClassesExecutor.processAllTestClasses(JUnitPlatformTestClassProcessor.java:110)
	at org.gradle.api.internal.tasks.testing.junitplatform.JUnitPlatformTestClassProcessor$CollectAllTestClassesExecutor.access$000(JUnitPlatformTestClassProcessor.java:90)
	at org.gradle.api.internal.tasks.testing.junitplatform.JUnitPlatformTestClassProcessor.stop(JUnitPlatformTestClassProcessor.java:85)
	at org.gradle.api.internal.tasks.testing.SuiteTestClassProcessor.stop(SuiteTestClassProcessor.java:62)
	at java.base@17.0.7/jdk.internal.reflect.NativeMethodAccessorImpl.invoke0(Native Method)
	at java.base@17.0.7/jdk.internal.reflect.NativeMethodAccessorImpl.invoke(NativeMethodAccessorImpl.java:77)
	at java.base@17.0.7/jdk.internal.reflect.DelegatingMethodAccessorImpl.invoke(DelegatingMethodAccessorImpl.java:43)
	at java.base@17.0.7/java.lang.reflect.Method.invoke(Method.java:568)
	at org.gradle.internal.dispatch.ReflectionDispatch.dispatch(ReflectionDispatch.java:36)
	at org.gradle.internal.dispatch.ReflectionDispatch.dispatch(ReflectionDispatch.java:24)
	at org.gradle.internal.dispatch.ContextClassLoaderDispatch.dispatch(ContextClassLoaderDispatch.java:33)
	at org.gradle.internal.dispatch.ProxyDispatchAdapter$DispatchingInvocationHandler.invoke(ProxyDispatchAdapter.java:94)
	at jdk.proxy2/jdk.proxy2.$Proxy5.stop(Unknown Source)
	at org.gradle.api.internal.tasks.testing.worker.TestWorker$3.run(TestWorker.java:193)
	at org.gradle.api.internal.tasks.testing.worker.TestWorker.executeAndMaintainThreadName(TestWorker.java:129)
	at org.gradle.api.internal.tasks.testing.worker.TestWorker.execute(TestWorker.java:100)
	at org.gradle.api.internal.tasks.testing.worker.TestWorker.execute(TestWorker.java:60)
	at org.gradle.process.internal.worker.child.ActionExecutionWorker.execute(ActionExecutionWorker.java:56)
	at org.gradle.process.internal.worker.child.SystemApplicationClassLoaderWorker.call(SystemApplicationClassLoaderWorker.java:113)
	at org.gradle.process.internal.worker.child.SystemApplicationClassLoaderWorker.call(SystemApplicationClassLoaderWorker.java:65)
	at app//worker.org.gradle.process.internal.worker.GradleWorkerMain.run(GradleWorkerMain.java:69)
	at app//worker.org.gradle.process.internal.worker.GradleWorkerMain.main(GradleWorkerMain.java:74)
</failure>
  </testcase>
  <testcase name="{int[] a; a=new int[3]; a=new int[]{2,3,4}; int j=a[2]; j=a.length;}" classname="de.uka.ilkd.key.java.TestJP2KeY" time="0.042">
    <failure message="org.opentest4j.AssertionFailedError: expected: &lt;{&#13;int[]a;&#13;a=newint[3];&#13;a=newint[]{2,3,4};&#13;intj=a[2];&#13;j=a.length;&#13;}&gt; but was: &lt;{int[][Ia;a=newint[3];a=newint[]{2,3,4};intintj=a[2];j=a.length;}&gt;" type="org.opentest4j.AssertionFailedError">org.opentest4j.AssertionFailedError: expected: &lt;{int[]a;a=newint[3];a=newint[]{2,3,4};intj=a[2];j=a.length;}&gt; but was: &lt;{int[][Ia;a=newint[3];a=newint[]{2,3,4};intintj=a[2];j=a.length;}&gt;
	at app//org.junit.jupiter.api.AssertionFailureBuilder.build(AssertionFailureBuilder.java:151)
	at app//org.junit.jupiter.api.AssertionFailureBuilder.buildAndThrow(AssertionFailureBuilder.java:132)
	at app//org.junit.jupiter.api.AssertEquals.failNotEqual(AssertEquals.java:197)
	at app//org.junit.jupiter.api.AssertEquals.assertEquals(AssertEquals.java:182)
	at app//org.junit.jupiter.api.AssertEquals.assertEquals(AssertEquals.java:177)
	at app//org.junit.jupiter.api.Assertions.assertEquals(Assertions.java:1142)
	at app//de.uka.ilkd.key.java.TestJP2KeY.lambda$testJBlocks$0(TestJP2KeY.java:157)
	at app//org.junit.jupiter.engine.descriptor.DynamicTestTestDescriptor.lambda$execute$0(DynamicTestTestDescriptor.java:53)
	at app//org.junit.jupiter.engine.execution.InvocationInterceptorChain$ValidatingInvocation.proceed(InvocationInterceptorChain.java:131)
	at app//org.junit.jupiter.api.extension.InvocationInterceptor.interceptDynamicTest(InvocationInterceptor.java:167)
	at app//org.junit.jupiter.api.extension.InvocationInterceptor.interceptDynamicTest(InvocationInterceptor.java:184)
	at app//org.junit.jupiter.engine.descriptor.DynamicTestTestDescriptor.lambda$execute$1(DynamicTestTestDescriptor.java:61)
	at app//org.junit.jupiter.engine.execution.InvocationInterceptorChain$InterceptorCall.lambda$ofVoid$0(InvocationInterceptorChain.java:78)
	at app//org.junit.jupiter.engine.execution.InvocationInterceptorChain$InterceptedInvocation.proceed(InvocationInterceptorChain.java:106)
	at app//org.junit.jupiter.engine.execution.InvocationInterceptorChain.proceed(InvocationInterceptorChain.java:64)
	at app//org.junit.jupiter.engine.execution.InvocationInterceptorChain.chainAndInvoke(InvocationInterceptorChain.java:45)
	at app//org.junit.jupiter.engine.execution.InvocationInterceptorChain.invoke(InvocationInterceptorChain.java:37)
	at app//org.junit.jupiter.engine.descriptor.DynamicTestTestDescriptor.execute(DynamicTestTestDescriptor.java:60)
	at app//org.junit.jupiter.engine.descriptor.DynamicTestTestDescriptor.execute(DynamicTestTestDescriptor.java:32)
	at app//org.junit.platform.engine.support.hierarchical.NodeTestTask.lambda$executeRecursively$6(NodeTestTask.java:151)
	at app//org.junit.platform.engine.support.hierarchical.ThrowableCollector.execute(ThrowableCollector.java:73)
	at app//org.junit.platform.engine.support.hierarchical.NodeTestTask.lambda$executeRecursively$8(NodeTestTask.java:141)
	at app//org.junit.platform.engine.support.hierarchical.Node.around(Node.java:137)
	at app//org.junit.platform.engine.support.hierarchical.NodeTestTask.lambda$executeRecursively$9(NodeTestTask.java:139)
	at app//org.junit.platform.engine.support.hierarchical.ThrowableCollector.execute(ThrowableCollector.java:73)
	at app//org.junit.platform.engine.support.hierarchical.NodeTestTask.executeRecursively(NodeTestTask.java:138)
	at app//org.junit.platform.engine.support.hierarchical.NodeTestTask.execute(NodeTestTask.java:95)
	at app//org.junit.platform.engine.support.hierarchical.SameThreadHierarchicalTestExecutorService.submit(SameThreadHierarchicalTestExecutorService.java:35)
	at app//org.junit.platform.engine.support.hierarchical.NodeTestTask$DefaultDynamicTestExecutor.execute(NodeTestTask.java:226)
	at app//org.junit.platform.engine.support.hierarchical.NodeTestTask$DefaultDynamicTestExecutor.execute(NodeTestTask.java:204)
	at java.base@17.0.7/java.util.Optional.ifPresent(Optional.java:178)
	at app//org.junit.jupiter.engine.descriptor.TestFactoryTestDescriptor.lambda$invokeTestMethod$1(TestFactoryTestDescriptor.java:108)
	at app//org.junit.platform.engine.support.hierarchical.ThrowableCollector.execute(ThrowableCollector.java:73)
	at app//org.junit.jupiter.engine.descriptor.TestFactoryTestDescriptor.invokeTestMethod(TestFactoryTestDescriptor.java:95)
	at app//org.junit.jupiter.engine.descriptor.TestMethodTestDescriptor.execute(TestMethodTestDescriptor.java:138)
	at app//org.junit.jupiter.engine.descriptor.TestMethodTestDescriptor.execute(TestMethodTestDescriptor.java:68)
	at app//org.junit.platform.engine.support.hierarchical.NodeTestTask.lambda$executeRecursively$6(NodeTestTask.java:151)
	at app//org.junit.platform.engine.support.hierarchical.ThrowableCollector.execute(ThrowableCollector.java:73)
	at app//org.junit.platform.engine.support.hierarchical.NodeTestTask.lambda$executeRecursively$8(NodeTestTask.java:141)
	at app//org.junit.platform.engine.support.hierarchical.Node.around(Node.java:137)
	at app//org.junit.platform.engine.support.hierarchical.NodeTestTask.lambda$executeRecursively$9(NodeTestTask.java:139)
	at app//org.junit.platform.engine.support.hierarchical.ThrowableCollector.execute(ThrowableCollector.java:73)
	at app//org.junit.platform.engine.support.hierarchical.NodeTestTask.executeRecursively(NodeTestTask.java:138)
	at app//org.junit.platform.engine.support.hierarchical.NodeTestTask.execute(NodeTestTask.java:95)
	at java.base@17.0.7/java.util.ArrayList.forEach(ArrayList.java:1511)
	at app//org.junit.platform.engine.support.hierarchical.SameThreadHierarchicalTestExecutorService.invokeAll(SameThreadHierarchicalTestExecutorService.java:41)
	at app//org.junit.platform.engine.support.hierarchical.NodeTestTask.lambda$executeRecursively$6(NodeTestTask.java:155)
	at app//org.junit.platform.engine.support.hierarchical.ThrowableCollector.execute(ThrowableCollector.java:73)
	at app//org.junit.platform.engine.support.hierarchical.NodeTestTask.lambda$executeRecursively$8(NodeTestTask.java:141)
	at app//org.junit.platform.engine.support.hierarchical.Node.around(Node.java:137)
	at app//org.junit.platform.engine.support.hierarchical.NodeTestTask.lambda$executeRecursively$9(NodeTestTask.java:139)
	at app//org.junit.platform.engine.support.hierarchical.ThrowableCollector.execute(ThrowableCollector.java:73)
	at app//org.junit.platform.engine.support.hierarchical.NodeTestTask.executeRecursively(NodeTestTask.java:138)
	at app//org.junit.platform.engine.support.hierarchical.NodeTestTask.execute(NodeTestTask.java:95)
	at java.base@17.0.7/java.util.ArrayList.forEach(ArrayList.java:1511)
	at app//org.junit.platform.engine.support.hierarchical.SameThreadHierarchicalTestExecutorService.invokeAll(SameThreadHierarchicalTestExecutorService.java:41)
	at app//org.junit.platform.engine.support.hierarchical.NodeTestTask.lambda$executeRecursively$6(NodeTestTask.java:155)
	at app//org.junit.platform.engine.support.hierarchical.ThrowableCollector.execute(ThrowableCollector.java:73)
	at app//org.junit.platform.engine.support.hierarchical.NodeTestTask.lambda$executeRecursively$8(NodeTestTask.java:141)
	at app//org.junit.platform.engine.support.hierarchical.Node.around(Node.java:137)
	at app//org.junit.platform.engine.support.hierarchical.NodeTestTask.lambda$executeRecursively$9(NodeTestTask.java:139)
	at app//org.junit.platform.engine.support.hierarchical.ThrowableCollector.execute(ThrowableCollector.java:73)
	at app//org.junit.platform.engine.support.hierarchical.NodeTestTask.executeRecursively(NodeTestTask.java:138)
	at app//org.junit.platform.engine.support.hierarchical.NodeTestTask.execute(NodeTestTask.java:95)
	at app//org.junit.platform.engine.support.hierarchical.SameThreadHierarchicalTestExecutorService.submit(SameThreadHierarchicalTestExecutorService.java:35)
	at app//org.junit.platform.engine.support.hierarchical.HierarchicalTestExecutor.execute(HierarchicalTestExecutor.java:57)
	at app//org.junit.platform.engine.support.hierarchical.HierarchicalTestEngine.execute(HierarchicalTestEngine.java:54)
	at app//org.junit.platform.launcher.core.EngineExecutionOrchestrator.execute(EngineExecutionOrchestrator.java:107)
	at app//org.junit.platform.launcher.core.EngineExecutionOrchestrator.execute(EngineExecutionOrchestrator.java:88)
	at app//org.junit.platform.launcher.core.EngineExecutionOrchestrator.lambda$execute$0(EngineExecutionOrchestrator.java:54)
	at app//org.junit.platform.launcher.core.EngineExecutionOrchestrator.withInterceptedStreams(EngineExecutionOrchestrator.java:67)
	at app//org.junit.platform.launcher.core.EngineExecutionOrchestrator.execute(EngineExecutionOrchestrator.java:52)
	at app//org.junit.platform.launcher.core.DefaultLauncher.execute(DefaultLauncher.java:114)
	at app//org.junit.platform.launcher.core.DefaultLauncher.execute(DefaultLauncher.java:86)
	at app//org.junit.platform.launcher.core.DefaultLauncherSession$DelegatingLauncher.execute(DefaultLauncherSession.java:86)
	at org.gradle.api.internal.tasks.testing.junitplatform.JUnitPlatformTestClassProcessor$CollectAllTestClassesExecutor.processAllTestClasses(JUnitPlatformTestClassProcessor.java:110)
	at org.gradle.api.internal.tasks.testing.junitplatform.JUnitPlatformTestClassProcessor$CollectAllTestClassesExecutor.access$000(JUnitPlatformTestClassProcessor.java:90)
	at org.gradle.api.internal.tasks.testing.junitplatform.JUnitPlatformTestClassProcessor.stop(JUnitPlatformTestClassProcessor.java:85)
	at org.gradle.api.internal.tasks.testing.SuiteTestClassProcessor.stop(SuiteTestClassProcessor.java:62)
	at java.base@17.0.7/jdk.internal.reflect.NativeMethodAccessorImpl.invoke0(Native Method)
	at java.base@17.0.7/jdk.internal.reflect.NativeMethodAccessorImpl.invoke(NativeMethodAccessorImpl.java:77)
	at java.base@17.0.7/jdk.internal.reflect.DelegatingMethodAccessorImpl.invoke(DelegatingMethodAccessorImpl.java:43)
	at java.base@17.0.7/java.lang.reflect.Method.invoke(Method.java:568)
	at org.gradle.internal.dispatch.ReflectionDispatch.dispatch(ReflectionDispatch.java:36)
	at org.gradle.internal.dispatch.ReflectionDispatch.dispatch(ReflectionDispatch.java:24)
	at org.gradle.internal.dispatch.ContextClassLoaderDispatch.dispatch(ContextClassLoaderDispatch.java:33)
	at org.gradle.internal.dispatch.ProxyDispatchAdapter$DispatchingInvocationHandler.invoke(ProxyDispatchAdapter.java:94)
	at jdk.proxy2/jdk.proxy2.$Proxy5.stop(Unknown Source)
	at org.gradle.api.internal.tasks.testing.worker.TestWorker$3.run(TestWorker.java:193)
	at org.gradle.api.internal.tasks.testing.worker.TestWorker.executeAndMaintainThreadName(TestWorker.java:129)
	at org.gradle.api.internal.tasks.testing.worker.TestWorker.execute(TestWorker.java:100)
	at org.gradle.api.internal.tasks.testing.worker.TestWorker.execute(TestWorker.java:60)
	at org.gradle.process.internal.worker.child.ActionExecutionWorker.execute(ActionExecutionWorker.java:56)
	at org.gradle.process.internal.worker.child.SystemApplicationClassLoaderWorker.call(SystemApplicationClassLoaderWorker.java:113)
	at org.gradle.process.internal.worker.child.SystemApplicationClassLoaderWorker.call(SystemApplicationClassLoaderWorker.java:65)
	at app//worker.org.gradle.process.internal.worker.GradleWorkerMain.run(GradleWorkerMain.java:69)
	at app//worker.org.gradle.process.internal.worker.GradleWorkerMain.main(GradleWorkerMain.java:74)
</failure>
  </testcase>
  <system-out><![CDATA[]]></system-out>
  <system-err><![CDATA[5022       DEBUG Test worker     d.u.i.k.j.JavaService     Reading class A1 { public A1() { }}  
5022       WARN  Test worker     d.u.i.k.j.JavaParserFactory useSystemClassLoaderInResolution activated: Reflection based type solver added. Only for testing purpose! 
5053       ERROR Test worker     d.u.i.k.j.TestJP2KeY      An error occured while parsing: com.github.javaparser.resolution.UnsolvedSymbolException: Unsolved symbol : $initialized
	at com.github.javaparser.symbolsolver.javaparsermodel.TypeExtractor.solveDotExpressionType(TypeExtractor.java:224)

5257       DEBUG Test worker     d.u.i.k.j.JavaService     Reading package qwe.rty;
import qwe.rty.A;
import dfg.hjk.*;
import java.util.*;
public abstract class A implements Z {
    static { d=3; Object v = new [...] 
5320       ERROR Test worker     d.u.i.k.j.TestJP2KeY      An error occured while parsing: de.uka.ilkd.key.java.JavaBuildingExceptions: JavaBuildingIssue{node=new A(4, 5) {

    public int d = 7;
}range=Optional[(line 13,col 18)-(line 13,col 48)], message='Unsupported element detected given by Java Parser: ObjectCreationExpr. Please extend the KeY-Java-Hierarchy'}
	at de.uka.ilkd.key.java.JP2KeYVisitor.reportError(JP2KeYConverter.java:119)

5335       DEBUG Test worker     d.u.i.k.j.JavaService     Reading public class B extends Object {class E  { public E(Object s) {super();} }} 
5382       ERROR Test worker     d.u.i.k.j.TestJP2KeY      An error occured while parsing: com.github.javaparser.resolution.UnsolvedSymbolException: Unsolved symbol : $initialized
	at com.github.javaparser.symbolsolver.javaparsermodel.TypeExtractor.solveDotExpressionType(TypeExtractor.java:224)

5382       DEBUG Test worker     d.u.i.k.j.JavaService     Reading  class circ_A {   static int a = circ_B.b;   } class circ_B {   static int b = circ_A.a;   } 
5445       ERROR Test worker     d.u.i.k.j.TestJP2KeY      An error occured while parsing: com.github.javaparser.resolution.UnsolvedSymbolException: Unsolved symbol : $initialized
	at com.github.javaparser.symbolsolver.javaparsermodel.TypeExtractor.solveDotExpressionType(TypeExtractor.java:224)

5491       DEBUG Test worker     d.u.i.k.j.JavaService     Reading  class circ2_A {   static final int a = circ2_B.b;   } class circ2_B {   static final int b = circ2_A.a;   } 
5538       ERROR Test worker     d.u.i.k.j.TestJP2KeY      An error occured while parsing: com.github.javaparser.resolution.UnsolvedSymbolException: Unsolved symbol : $initialized
	at com.github.javaparser.symbolsolver.javaparsermodel.TypeExtractor.solveDotExpressionType(TypeExtractor.java:224)

5554       DEBUG Test worker     d.u.i.k.j.JavaService     Reading class Cycle1 { void m(Cycle2 c) {} } class Cycle2 { void m(Cycle1 c) {} } 
5570       ERROR Test worker     d.u.i.k.j.TestJP2KeY      An error occured while parsing: com.github.javaparser.resolution.UnsolvedSymbolException: Unsolved symbol : $initialized
	at com.github.javaparser.symbolsolver.javaparsermodel.TypeExtractor.solveDotExpressionType(TypeExtractor.java:224)

5570       DEBUG Test worker     d.u.i.k.j.JavaService     Reading class EmptyConstr { EmptyConstr(); }  
5570       ERROR Test worker     d.u.i.k.j.TestJP2KeY      An error occured while parsing: com.github.javaparser.resolution.UnsolvedSymbolException: Unsolved symbol : $initialized
	at com.github.javaparser.symbolsolver.javaparsermodel.TypeExtractor.solveDotExpressionType(TypeExtractor.java:224)

5679       ERROR Test worker     d.u.i.k.j.KeYJPMapping    Duplicate registration of node: j = 7;, formerNode: j = 7 
5757       ERROR Test worker     d.u.i.k.j.KeYJPMapping    Duplicate registration of node: j = 42;, formerNode: j = 42 
5773       ERROR Test worker     d.u.i.k.j.KeYJPMapping    Duplicate registration of node: continue loop1;, formerNode: continue; 
]]></system-err>
</testsuite>
