<?xml version="1.0" encoding="UTF-8"?>
<testsuite name="de.uka.ilkd.key.proof.proverules.ProveRulesTest" tests="198" skipped="0" failures="2" errors="0" timestamp="2023-04-14T23:27:00" hostname="fv-az456-216" time="692.201">
  <properties/>
  <testcase name="eqTermCut" classname="de.uka.ilkd.key.proof.proverules.ProveRulesTest" time="4.433"/>
  <testcase name="equivAllRight" classname="de.uka.ilkd.key.proof.proverules.ProveRulesTest" time="4.003"/>
  <testcase name="irrflConcrete1" classname="de.uka.ilkd.key.proof.proverules.ProveRulesTest" time="3.874"/>
  <testcase name="irrflConcrete2" classname="de.uka.ilkd.key.proof.proverules.ProveRulesTest" time="3.713"/>
  <testcase name="cancel_gtPos" classname="de.uka.ilkd.key.proof.proverules.ProveRulesTest" time="3.637"/>
  <testcase name="cancel_gtNeg" classname="de.uka.ilkd.key.proof.proverules.ProveRulesTest" time="3.672"/>
  <testcase name="moduloIntIsInInt" classname="de.uka.ilkd.key.proof.proverules.ProveRulesTest" time="3.651"/>
  <testcase name="moduloLongIsInLong" classname="de.uka.ilkd.key.proof.proverules.ProveRulesTest" time="3.473"/>
  <testcase name="moduloShortIsInShort" classname="de.uka.ilkd.key.proof.proverules.ProveRulesTest" time="3.519"/>
  <testcase name="moduloByteIsInByte" classname="de.uka.ilkd.key.proof.proverules.ProveRulesTest" time="3.527"/>
  <testcase name="moduloCharIsInChar" classname="de.uka.ilkd.key.proof.proverules.ProveRulesTest" time="3.508"/>
  <testcase name="div_unique1" classname="de.uka.ilkd.key.proof.proverules.ProveRulesTest" time="3.611"/>
  <testcase name="div_unique2" classname="de.uka.ilkd.key.proof.proverules.ProveRulesTest" time="3.524"/>
  <testcase name="div_exists" classname="de.uka.ilkd.key.proof.proverules.ProveRulesTest" time="3.663"/>
  <testcase name="div_one" classname="de.uka.ilkd.key.proof.proverules.ProveRulesTest" time="3.457"/>
  <testcase name="jdiv_one" classname="de.uka.ilkd.key.proof.proverules.ProveRulesTest" time="3.517"/>
  <testcase name="div_zero" classname="de.uka.ilkd.key.proof.proverules.ProveRulesTest" time="3.723"/>
  <testcase name="divResZero1" classname="de.uka.ilkd.key.proof.proverules.ProveRulesTest" time="3.516"/>
  <testcase name="divResZero2" classname="de.uka.ilkd.key.proof.proverules.ProveRulesTest" time="3.427"/>
  <testcase name="divResOne1" classname="de.uka.ilkd.key.proof.proverules.ProveRulesTest" time="3.446"/>
  <testcase name="divResOne2" classname="de.uka.ilkd.key.proof.proverules.ProveRulesTest" time="3.477"/>
  <testcase name="div_cancel1" classname="de.uka.ilkd.key.proof.proverules.ProveRulesTest" time="3.468"/>
  <testcase name="div_cancel2" classname="de.uka.ilkd.key.proof.proverules.ProveRulesTest" time="3.415"/>
  <testcase name="divAddMultDenom" classname="de.uka.ilkd.key.proof.proverules.ProveRulesTest" time="3.483"/>
  <testcase name="divMinus" classname="de.uka.ilkd.key.proof.proverules.ProveRulesTest" time="3.586"/>
  <testcase name="divMinusDenom" classname="de.uka.ilkd.key.proof.proverules.ProveRulesTest" time="3.507"/>
  <testcase name="divLeastDPos" classname="de.uka.ilkd.key.proof.proverules.ProveRulesTest" time="3.468"/>
  <testcase name="divLeastDNeg" classname="de.uka.ilkd.key.proof.proverules.ProveRulesTest" time="3.487"/>
  <testcase name="divGreatestDPos" classname="de.uka.ilkd.key.proof.proverules.ProveRulesTest" time="3.451"/>
  <testcase name="divGreatestDNeg" classname="de.uka.ilkd.key.proof.proverules.ProveRulesTest" time="3.447"/>
  <testcase name="divIncreasingPos" classname="de.uka.ilkd.key.proof.proverules.ProveRulesTest" time="3.415"/>
  <testcase name="divIncreasingNeg" classname="de.uka.ilkd.key.proof.proverules.ProveRulesTest" time="3.434"/>
  <testcase name="jdiv_zero" classname="de.uka.ilkd.key.proof.proverules.ProveRulesTest" time="3.424"/>
  <testcase name="jdivPulloutMinusNum" classname="de.uka.ilkd.key.proof.proverules.ProveRulesTest" time="3.493"/>
  <testcase name="jdivPulloutMinusDenom" classname="de.uka.ilkd.key.proof.proverules.ProveRulesTest" time="3.581"/>
  <testcase name="jdiv_uniquePosPos" classname="de.uka.ilkd.key.proof.proverules.ProveRulesTest" time="3.407"/>
  <testcase name="jdiv_uniquePosNeg" classname="de.uka.ilkd.key.proof.proverules.ProveRulesTest" time="3.433"/>
  <testcase name="jdiv_uniqueNegPos" classname="de.uka.ilkd.key.proof.proverules.ProveRulesTest" time="3.41"/>
  <testcase name="jdiv_uniqueNegNeg" classname="de.uka.ilkd.key.proof.proverules.ProveRulesTest" time="3.412"/>
  <testcase name="jdivMultDenom1" classname="de.uka.ilkd.key.proof.proverules.ProveRulesTest" time="3.473"/>
  <testcase name="jdivMultDenom2" classname="de.uka.ilkd.key.proof.proverules.ProveRulesTest" time="3.367"/>
  <testcase name="mod_geZero" classname="de.uka.ilkd.key.proof.proverules.ProveRulesTest" time="3.389"/>
  <testcase name="mod_lessDenom" classname="de.uka.ilkd.key.proof.proverules.ProveRulesTest" time="3.394"/>
  <testcase name="jmod_NumPos" classname="de.uka.ilkd.key.proof.proverules.ProveRulesTest" time="3.447"/>
  <testcase name="jmod_NumNeg" classname="de.uka.ilkd.key.proof.proverules.ProveRulesTest" time="3.397"/>
  <testcase name="jmod_geZero" classname="de.uka.ilkd.key.proof.proverules.ProveRulesTest" time="3.412"/>
  <testcase name="jmodNumZero" classname="de.uka.ilkd.key.proof.proverules.ProveRulesTest" time="3.403"/>
  <testcase name="jmod_pulloutminusNum" classname="de.uka.ilkd.key.proof.proverules.ProveRulesTest" time="3.36"/>
  <testcase name="jmod_pulloutminusDenom" classname="de.uka.ilkd.key.proof.proverules.ProveRulesTest" time="3.355"/>
  <testcase name="jmodUnique1" classname="de.uka.ilkd.key.proof.proverules.ProveRulesTest" time="3.539"/>
  <testcase name="jmodUnique2" classname="de.uka.ilkd.key.proof.proverules.ProveRulesTest" time="3.508"/>
  <testcase name="intDivRem" classname="de.uka.ilkd.key.proof.proverules.ProveRulesTest" time="3.653"/>
  <testcase name="jmodjmod" classname="de.uka.ilkd.key.proof.proverules.ProveRulesTest" time="3.757"/>
  <testcase name="jmodDivisible" classname="de.uka.ilkd.key.proof.proverules.ProveRulesTest" time="3.766"/>
  <testcase name="jmodDivisibleRep" classname="de.uka.ilkd.key.proof.proverules.ProveRulesTest" time="3.69"/>
  <testcase name="jdivAddMultDenom" classname="de.uka.ilkd.key.proof.proverules.ProveRulesTest" time="3.885"/>
  <testcase name="jmodAltZero" classname="de.uka.ilkd.key.proof.proverules.ProveRulesTest" time="3.769"/>
  <testcase name="jmodAddMultDenomZero" classname="de.uka.ilkd.key.proof.proverules.ProveRulesTest" time="3.682"/>
  <testcase name="polyDiv_zero" classname="de.uka.ilkd.key.proof.proverules.ProveRulesTest" time="3.628"/>
  <testcase name="polyMod_ltdivDenom" classname="de.uka.ilkd.key.proof.proverules.ProveRulesTest" time="3.651"/>
  <testcase name="bsum_empty" classname="de.uka.ilkd.key.proof.proverules.ProveRulesTest" time="3.539"/>
  <testcase name="bsum_induction_upper" classname="de.uka.ilkd.key.proof.proverules.ProveRulesTest" time="3.575"/>
  <testcase name="bsum_induction_lower" classname="de.uka.ilkd.key.proof.proverules.ProveRulesTest" time="3.646"/>
  <testcase name="bsum_num_of_bounds" classname="de.uka.ilkd.key.proof.proverules.ProveRulesTest" time="3.975"/>
  <testcase name="bsum_num_of_bounds2" classname="de.uka.ilkd.key.proof.proverules.ProveRulesTest" time="3.866"/>
  <testcase name="bsum_induction_upper2" classname="de.uka.ilkd.key.proof.proverules.ProveRulesTest" time="3.715"/>
  <testcase name="bsum_induction_upper_concrete" classname="de.uka.ilkd.key.proof.proverules.ProveRulesTest" time="3.692"/>
  <testcase name="bsum_induction_upper_concrete_2" classname="de.uka.ilkd.key.proof.proverules.ProveRulesTest" time="3.62"/>
  <testcase name="bsum_induction_upper2_concrete" classname="de.uka.ilkd.key.proof.proverules.ProveRulesTest" time="3.515"/>
  <testcase name="bsum_induction_lower_concrete" classname="de.uka.ilkd.key.proof.proverules.ProveRulesTest" time="3.481"/>
  <testcase name="bsum_induction_lower2" classname="de.uka.ilkd.key.proof.proverules.ProveRulesTest" time="3.472"/>
  <testcase name="bsum_induction_lower2_concrete" classname="de.uka.ilkd.key.proof.proverules.ProveRulesTest" time="3.536"/>
  <testcase name="bsum_positive" classname="de.uka.ilkd.key.proof.proverules.ProveRulesTest" time="3.593"/>
  <testcase name="bsum_upper_bound" classname="de.uka.ilkd.key.proof.proverules.ProveRulesTest" time="3.674"/>
  <testcase name="bsum_lower_bound" classname="de.uka.ilkd.key.proof.proverules.ProveRulesTest" time="3.589"/>
  <testcase name="bsum_positive_lower_bound_element" classname="de.uka.ilkd.key.proof.proverules.ProveRulesTest" time="3.553"/>
  <testcase name="bsum_sub_same_index" classname="de.uka.ilkd.key.proof.proverules.ProveRulesTest" time="3.478"/>
  <testcase name="bsum_less_same_index" classname="de.uka.ilkd.key.proof.proverules.ProveRulesTest" time="3.512"/>
  <testcase name="bsum_equal_except_one_index" classname="de.uka.ilkd.key.proof.proverules.ProveRulesTest" time="3.455"/>
  <testcase name="bsum_num_of_is_max" classname="de.uka.ilkd.key.proof.proverules.ProveRulesTest" time="3.403"/>
  <testcase name="bsum_num_of_is_max2" classname="de.uka.ilkd.key.proof.proverules.ProveRulesTest" time="3.398"/>
  <testcase name="bsum_num_of_is_max3" classname="de.uka.ilkd.key.proof.proverules.ProveRulesTest" time="3.46"/>
  <testcase name="bsum_num_of_is_max4" classname="de.uka.ilkd.key.proof.proverules.ProveRulesTest" time="3.409"/>
  <testcase name="bsum_num_of_lt_max" classname="de.uka.ilkd.key.proof.proverules.ProveRulesTest" time="3.413"/>
  <testcase name="bsum_num_of_lt_max2" classname="de.uka.ilkd.key.proof.proverules.ProveRulesTest" time="3.535"/>
  <testcase name="bsum_num_of_lt_max3" classname="de.uka.ilkd.key.proof.proverules.ProveRulesTest" time="3.548"/>
  <testcase name="bsum_num_of_lt_max4" classname="de.uka.ilkd.key.proof.proverules.ProveRulesTest" time="3.45"/>
  <testcase name="bsum_num_of_gt0" classname="de.uka.ilkd.key.proof.proverules.ProveRulesTest" time="3.412"/>
  <testcase name="bsum_num_of_gt0_alt" classname="de.uka.ilkd.key.proof.proverules.ProveRulesTest" time="3.52"/>
  <testcase name="bsum_add_concrete" classname="de.uka.ilkd.key.proof.proverules.ProveRulesTest" time="3.455"/>
  <testcase name="bprod_all_positive" classname="de.uka.ilkd.key.proof.proverules.ProveRulesTest" time="3.436"/>
  <testcase name="bprod_split" classname="de.uka.ilkd.key.proof.proverules.ProveRulesTest" time="3.438"/>
  <testcase name="powConcrete0" classname="de.uka.ilkd.key.proof.proverules.ProveRulesTest" time="3.392"/>
  <testcase name="powConcrete1" classname="de.uka.ilkd.key.proof.proverules.ProveRulesTest" time="3.409"/>
  <testcase name="powSplitFactor" classname="de.uka.ilkd.key.proof.proverules.ProveRulesTest" time="3.412"/>
  <testcase name="powAdd" classname="de.uka.ilkd.key.proof.proverules.ProveRulesTest" time="3.437"/>
  <testcase name="powMono" classname="de.uka.ilkd.key.proof.proverules.ProveRulesTest" time="3.382"/>
  <testcase name="powMonoConcrete" classname="de.uka.ilkd.key.proof.proverules.ProveRulesTest" time="3.378"/>
  <testcase name="powMonoConcreteRight" classname="de.uka.ilkd.key.proof.proverules.ProveRulesTest" time="3.377"/>
  <testcase name="powPositive" classname="de.uka.ilkd.key.proof.proverules.ProveRulesTest" time="3.382"/>
  <testcase name="powPositiveConcrete" classname="de.uka.ilkd.key.proof.proverules.ProveRulesTest" time="3.435"/>
  <testcase name="powGeq1Concrete" classname="de.uka.ilkd.key.proof.proverules.ProveRulesTest" time="3.389"/>
  <testcase name="pow2InIntLower" classname="de.uka.ilkd.key.proof.proverules.ProveRulesTest" time="3.403"/>
  <testcase name="pow2InIntUpper" classname="de.uka.ilkd.key.proof.proverules.ProveRulesTest" time="3.414"/>
  <testcase name="logSelfConcrete" classname="de.uka.ilkd.key.proof.proverules.ProveRulesTest" time="3.349"/>
  <testcase name="log1Concrete" classname="de.uka.ilkd.key.proof.proverules.ProveRulesTest" time="3.412"/>
  <testcase name="logProduct" classname="de.uka.ilkd.key.proof.proverules.ProveRulesTest" time="3.401"/>
  <testcase name="logTimesBaseConcrete" classname="de.uka.ilkd.key.proof.proverules.ProveRulesTest" time="3.369"/>
  <testcase name="logProdIdentity" classname="de.uka.ilkd.key.proof.proverules.ProveRulesTest" time="3.415"/>
  <testcase name="logProdIdentityConcrete" classname="de.uka.ilkd.key.proof.proverules.ProveRulesTest" time="3.395"/>
  <testcase name="logPowIdentity" classname="de.uka.ilkd.key.proof.proverules.ProveRulesTest" time="3.372"/>
  <testcase name="logPowIdentityConcrete" classname="de.uka.ilkd.key.proof.proverules.ProveRulesTest" time="3.428"/>
  <testcase name="logPositive" classname="de.uka.ilkd.key.proof.proverules.ProveRulesTest" time="3.408"/>
  <testcase name="logPositiveConcrete" classname="de.uka.ilkd.key.proof.proverules.ProveRulesTest" time="3.377"/>
  <testcase name="logMono" classname="de.uka.ilkd.key.proof.proverules.ProveRulesTest" time="3.411"/>
  <testcase name="logMonoConcrete" classname="de.uka.ilkd.key.proof.proverules.ProveRulesTest" time="3.382"/>
  <testcase name="powLogLess" classname="de.uka.ilkd.key.proof.proverules.ProveRulesTest" time="3.426"/>
  <testcase name="powLogMore2" classname="de.uka.ilkd.key.proof.proverules.ProveRulesTest" time="3.438"/>
  <testcase name="logLessThanPow" classname="de.uka.ilkd.key.proof.proverules.ProveRulesTest" time="3.434"/>
  <testcase name="logLessThanPowConcrete" classname="de.uka.ilkd.key.proof.proverules.ProveRulesTest" time="3.551"/>
  <testcase name="logSqueeze" classname="de.uka.ilkd.key.proof.proverules.ProveRulesTest" time="3.401"/>
  <testcase name="ifthenelse_equals" classname="de.uka.ilkd.key.proof.proverules.ProveRulesTest" time="3.396"/>
  <testcase name="ifthenelse_equals_1" classname="de.uka.ilkd.key.proof.proverules.ProveRulesTest" time="3.455"/>
  <testcase name="ifthenelse_equals_2" classname="de.uka.ilkd.key.proof.proverules.ProveRulesTest" time="3.388"/>
  <testcase name="disjointWithSingleton1" classname="de.uka.ilkd.key.proof.proverules.ProveRulesTest" time="3.386"/>
  <testcase name="disjointWithSingleton2" classname="de.uka.ilkd.key.proof.proverules.ProveRulesTest" time="3.357"/>
  <testcase name="disjointArrayRanges" classname="de.uka.ilkd.key.proof.proverules.ProveRulesTest" time="3.385"/>
  <testcase name="disjointArrayRangeAllFields1" classname="de.uka.ilkd.key.proof.proverules.ProveRulesTest" time="3.445"/>
  <testcase name="disjointArrayRangeAllFields2" classname="de.uka.ilkd.key.proof.proverules.ProveRulesTest" time="3.367"/>
  <testcase name="seqSelfDefinition" classname="de.uka.ilkd.key.proof.proverules.ProveRulesTest" time="3.449"/>
  <testcase name="seqOutsideValue" classname="de.uka.ilkd.key.proof.proverules.ProveRulesTest" time="3.399"/>
  <testcase name="castedGetAny" classname="de.uka.ilkd.key.proof.proverules.ProveRulesTest" time="3.449"/>
  <testcase name="seqGetAlphaCast" classname="de.uka.ilkd.key.proof.proverules.ProveRulesTest" time="3.592"/>
  <testcase name="getOfSeqSingleton" classname="de.uka.ilkd.key.proof.proverules.ProveRulesTest" time="3.396"/>
  <testcase name="getOfSeqSingletonConcrete" classname="de.uka.ilkd.key.proof.proverules.ProveRulesTest" time="3.365"/>
  <testcase name="getOfSeqConcat" classname="de.uka.ilkd.key.proof.proverules.ProveRulesTest" time="3.42"/>
  <testcase name="getOfSeqSub" classname="de.uka.ilkd.key.proof.proverules.ProveRulesTest" time="3.392"/>
  <testcase name="getOfSeqReverse" classname="de.uka.ilkd.key.proof.proverules.ProveRulesTest" time="3.555"/>
  <testcase name="lenOfSeqEmpty" classname="de.uka.ilkd.key.proof.proverules.ProveRulesTest" time="3.583"/>
  <testcase name="lenOfSeqSingleton" classname="de.uka.ilkd.key.proof.proverules.ProveRulesTest" time="3.473"/>
  <testcase name="lenOfSeqConcat" classname="de.uka.ilkd.key.proof.proverules.ProveRulesTest" time="3.394"/>
  <testcase name="lenOfSeqSub" classname="de.uka.ilkd.key.proof.proverules.ProveRulesTest" time="3.38"/>
  <testcase name="lenOfSeqReverse" classname="de.uka.ilkd.key.proof.proverules.ProveRulesTest" time="3.38"/>
  <testcase name="equalityToSeqGetAndSeqLenLeft" classname="de.uka.ilkd.key.proof.proverules.ProveRulesTest" time="3.372"/>
  <testcase name="equalityToSeqGetAndSeqLenRight" classname="de.uka.ilkd.key.proof.proverules.ProveRulesTest" time="3.454"/>
  <testcase name="getOfSeqSingletonEQ" classname="de.uka.ilkd.key.proof.proverules.ProveRulesTest" time="3.417"/>
  <testcase name="getOfSeqConcatEQ" classname="de.uka.ilkd.key.proof.proverules.ProveRulesTest" time="3.552"/>
  <testcase name="getOfSeqSubEQ" classname="de.uka.ilkd.key.proof.proverules.ProveRulesTest" time="3.532"/>
  <testcase name="getOfSeqReverseEQ" classname="de.uka.ilkd.key.proof.proverules.ProveRulesTest" time="3.511"/>
  <testcase name="lenOfSeqEmptyEQ" classname="de.uka.ilkd.key.proof.proverules.ProveRulesTest" time="3.455"/>
  <testcase name="lenOfSeqSingletonEQ" classname="de.uka.ilkd.key.proof.proverules.ProveRulesTest" time="3.434"/>
  <testcase name="lenOfSeqConcatEQ" classname="de.uka.ilkd.key.proof.proverules.ProveRulesTest" time="3.389"/>
  <testcase name="lenOfSeqSubEQ" classname="de.uka.ilkd.key.proof.proverules.ProveRulesTest" time="3.505"/>
  <testcase name="lenOfSeqReverseEQ" classname="de.uka.ilkd.key.proof.proverules.ProveRulesTest" time="3.436"/>
  <testcase name="getOfSeqDefEQ" classname="de.uka.ilkd.key.proof.proverules.ProveRulesTest" time="3.526"/>
  <testcase name="lenOfSeqDefEQ" classname="de.uka.ilkd.key.proof.proverules.ProveRulesTest" time="3.6"/>
  <testcase name="seqConcatWithSeqEmpty1" classname="de.uka.ilkd.key.proof.proverules.ProveRulesTest" time="3.514"/>
  <testcase name="seqConcatWithSeqEmpty2" classname="de.uka.ilkd.key.proof.proverules.ProveRulesTest" time="3.479"/>
  <testcase name="seqReverseOfSeqEmpty" classname="de.uka.ilkd.key.proof.proverules.ProveRulesTest" time="3.453"/>
  <testcase name="subSeqComplete" classname="de.uka.ilkd.key.proof.proverules.ProveRulesTest" time="3.436"/>
  <testcase name="subSeqTailR" classname="de.uka.ilkd.key.proof.proverules.ProveRulesTest" time="3.43"/>
  <testcase name="subSeqTailL" classname="de.uka.ilkd.key.proof.proverules.ProveRulesTest" time="3.468"/>
  <testcase name="subSeqTailEQR" classname="de.uka.ilkd.key.proof.proverules.ProveRulesTest" time="3.415"/>
  <testcase name="subSeqTailEQL" classname="de.uka.ilkd.key.proof.proverules.ProveRulesTest" time="3.451"/>
  <testcase name="seqDef_split" classname="de.uka.ilkd.key.proof.proverules.ProveRulesTest" time="3.415"/>
  <testcase name="seqDef_induction_upper" classname="de.uka.ilkd.key.proof.proverules.ProveRulesTest" time="3.587"/>
  <testcase name="seqDef_induction_upper_concrete" classname="de.uka.ilkd.key.proof.proverules.ProveRulesTest" time="3.496"/>
  <testcase name="seqDef_induction_lower" classname="de.uka.ilkd.key.proof.proverules.ProveRulesTest" time="3.442"/>
  <testcase name="seqDef_induction_lower_concrete" classname="de.uka.ilkd.key.proof.proverules.ProveRulesTest" time="3.448"/>
  <testcase name="seqDef_split_in_three" classname="de.uka.ilkd.key.proof.proverules.ProveRulesTest" time="3.562"/>
  <testcase name="seqDef_empty" classname="de.uka.ilkd.key.proof.proverules.ProveRulesTest" time="3.43"/>
  <testcase name="seqDef_one_summand" classname="de.uka.ilkd.key.proof.proverules.ProveRulesTest" time="3.419"/>
  <testcase name="seqDef_lower_equals_upper" classname="de.uka.ilkd.key.proof.proverules.ProveRulesTest" time="3.624"/>
  <testcase name="seqDefOfSeq" classname="de.uka.ilkd.key.proof.proverules.ProveRulesTest" time="3.495"/>
  <testcase name="seqSelfDefinitionEQ2" classname="de.uka.ilkd.key.proof.proverules.ProveRulesTest" time="3.456"/>
  <testcase name="indexOfSeqSingleton" classname="de.uka.ilkd.key.proof.proverules.ProveRulesTest" time="3.405"/>
  <testcase name="indexOfSeqConcatFirst" classname="de.uka.ilkd.key.proof.proverules.ProveRulesTest" time="3.408"/>
  <testcase name="indexOfSeqConcatSecond" classname="de.uka.ilkd.key.proof.proverules.ProveRulesTest" time="3.48"/>
  <testcase name="indexOfSeqSub" classname="de.uka.ilkd.key.proof.proverules.ProveRulesTest" time="3.483"/>
  <testcase name="lenOfArray2seq" classname="de.uka.ilkd.key.proof.proverules.ProveRulesTest" time="3.397"/>
  <testcase name="getAnyOfArray2seq" classname="de.uka.ilkd.key.proof.proverules.ProveRulesTest" time="3.51"/>
  <testcase name="getOfArray2seq" classname="de.uka.ilkd.key.proof.proverules.ProveRulesTest" time="3.501"/>
  <testcase name="getAnyOfNPermInv" classname="de.uka.ilkd.key.proof.proverules.ProveRulesTest" time="3.481"/>
  <testcase name="seqNPermRange" classname="de.uka.ilkd.key.proof.proverules.ProveRulesTest" time="3.477"/>
  <testcase name="seqPermTrans" classname="de.uka.ilkd.key.proof.proverules.ProveRulesTest" time="3.487"/>
  <testcase name="seqPermRefl" classname="de.uka.ilkd.key.proof.proverules.ProveRulesTest" time="3.413"/>
  <testcase name="seqPermSplit" classname="de.uka.ilkd.key.proof.proverules.ProveRulesTest" time="3.411"/>
  <testcase name="seqNPermRight" classname="de.uka.ilkd.key.proof.proverules.ProveRulesTest" time="3.761"/>
  <testcase name="seqPermFromSwap" classname="de.uka.ilkd.key.proof.proverules.ProveRulesTest" time="3.509"/>
  <testcase name="seqPermTransAlt0" classname="de.uka.ilkd.key.proof.proverules.ProveRulesTest" time="3.487"/>
  <testcase name="seqPermTransAlt1" classname="de.uka.ilkd.key.proof.proverules.ProveRulesTest" time="3.411"/>
  <testcase name="seqPermTransAlt2" classname="de.uka.ilkd.key.proof.proverules.ProveRulesTest" time="3.393"/>
  <testcase name="seqPermTransAlt3" classname="de.uka.ilkd.key.proof.proverules.ProveRulesTest" time="3.387"/>
  <testcase name="seqPermForall" classname="de.uka.ilkd.key.proof.proverules.ProveRulesTest" time="3.501"/>
  <testcase name="seqPermExists" classname="de.uka.ilkd.key.proof.proverules.ProveRulesTest" time="3.547"/>
  <testcase name="schiffl_lemma_2" classname="de.uka.ilkd.key.proof.proverules.ProveRulesTest" time="3.558">
    <failure message="de.uka.ilkd.key.macros.scripts.ScriptException: Error while executing script: No matching applications.&#10;&#10;Command: rule  seqNPermRange" type="de.uka.ilkd.key.macros.scripts.ScriptException">de.uka.ilkd.key.macros.scripts.ScriptException: Error while executing script: No matching applications.

Command: rule  seqNPermRange
	at app//de.uka.ilkd.key.macros.scripts.ProofScriptEngine.execute(ProofScriptEngine.java:174)
	at app//de.uka.ilkd.key.proof.proverules.ProveRulesTest.loadTacletProof(ProveRulesTest.java:72)
	at app//de.uka.ilkd.key.proof.proverules.ProveRulesTest.lambda$data$0(ProveRulesTest.java:144)
	at app//org.junit.jupiter.engine.descriptor.DynamicTestTestDescriptor.lambda$execute$0(DynamicTestTestDescriptor.java:53)
	at app//org.junit.jupiter.engine.execution.InvocationInterceptorChain$ValidatingInvocation.proceed(InvocationInterceptorChain.java:131)
	at app//org.junit.jupiter.api.extension.InvocationInterceptor.interceptDynamicTest(InvocationInterceptor.java:167)
	at app//org.junit.jupiter.api.extension.InvocationInterceptor.interceptDynamicTest(InvocationInterceptor.java:184)
	at app//org.junit.jupiter.engine.descriptor.DynamicTestTestDescriptor.lambda$execute$1(DynamicTestTestDescriptor.java:61)
	at app//org.junit.jupiter.engine.execution.InvocationInterceptorChain$InterceptorCall.lambda$ofVoid$0(InvocationInterceptorChain.java:78)
	at app//org.junit.jupiter.engine.execution.InvocationInterceptorChain$InterceptedInvocation.proceed(InvocationInterceptorChain.java:106)
	at app//org.junit.jupiter.engine.execution.InvocationInterceptorChain.proceed(InvocationInterceptorChain.java:64)
	at app//org.junit.jupiter.engine.execution.InvocationInterceptorChain.chainAndInvoke(InvocationInterceptorChain.java:45)
	at app//org.junit.jupiter.engine.execution.InvocationInterceptorChain.invoke(InvocationInterceptorChain.java:37)
	at app//org.junit.jupiter.engine.descriptor.DynamicTestTestDescriptor.execute(DynamicTestTestDescriptor.java:60)
	at app//org.junit.jupiter.engine.descriptor.DynamicTestTestDescriptor.execute(DynamicTestTestDescriptor.java:32)
	at app//org.junit.platform.engine.support.hierarchical.NodeTestTask.lambda$executeRecursively$6(NodeTestTask.java:151)
	at app//org.junit.platform.engine.support.hierarchical.ThrowableCollector.execute(ThrowableCollector.java:73)
	at app//org.junit.platform.engine.support.hierarchical.NodeTestTask.lambda$executeRecursively$8(NodeTestTask.java:141)
	at app//org.junit.platform.engine.support.hierarchical.Node.around(Node.java:137)
	at app//org.junit.platform.engine.support.hierarchical.NodeTestTask.lambda$executeRecursively$9(NodeTestTask.java:139)
	at app//org.junit.platform.engine.support.hierarchical.ThrowableCollector.execute(ThrowableCollector.java:73)
	at app//org.junit.platform.engine.support.hierarchical.NodeTestTask.executeRecursively(NodeTestTask.java:138)
	at app//org.junit.platform.engine.support.hierarchical.NodeTestTask.execute(NodeTestTask.java:95)
	at app//org.junit.platform.engine.support.hierarchical.SameThreadHierarchicalTestExecutorService.submit(SameThreadHierarchicalTestExecutorService.java:35)
	at app//org.junit.platform.engine.support.hierarchical.NodeTestTask$DefaultDynamicTestExecutor.execute(NodeTestTask.java:226)
	at app//org.junit.platform.engine.support.hierarchical.NodeTestTask$DefaultDynamicTestExecutor.execute(NodeTestTask.java:204)
	at java.base@11.0.18/java.util.Optional.ifPresent(Optional.java:183)
	at app//org.junit.jupiter.engine.descriptor.TestFactoryTestDescriptor.lambda$invokeTestMethod$1(TestFactoryTestDescriptor.java:108)
	at app//org.junit.platform.engine.support.hierarchical.ThrowableCollector.execute(ThrowableCollector.java:73)
	at app//org.junit.jupiter.engine.descriptor.TestFactoryTestDescriptor.invokeTestMethod(TestFactoryTestDescriptor.java:95)
	at app//org.junit.jupiter.engine.descriptor.TestMethodTestDescriptor.execute(TestMethodTestDescriptor.java:138)
	at app//org.junit.jupiter.engine.descriptor.TestMethodTestDescriptor.execute(TestMethodTestDescriptor.java:68)
	at app//org.junit.platform.engine.support.hierarchical.NodeTestTask.lambda$executeRecursively$6(NodeTestTask.java:151)
	at app//org.junit.platform.engine.support.hierarchical.ThrowableCollector.execute(ThrowableCollector.java:73)
	at app//org.junit.platform.engine.support.hierarchical.NodeTestTask.lambda$executeRecursively$8(NodeTestTask.java:141)
	at app//org.junit.platform.engine.support.hierarchical.Node.around(Node.java:137)
	at app//org.junit.platform.engine.support.hierarchical.NodeTestTask.lambda$executeRecursively$9(NodeTestTask.java:139)
	at app//org.junit.platform.engine.support.hierarchical.ThrowableCollector.execute(ThrowableCollector.java:73)
	at app//org.junit.platform.engine.support.hierarchical.NodeTestTask.executeRecursively(NodeTestTask.java:138)
	at app//org.junit.platform.engine.support.hierarchical.NodeTestTask.execute(NodeTestTask.java:95)
	at java.base@11.0.18/java.util.ArrayList.forEach(ArrayList.java:1541)
	at app//org.junit.platform.engine.support.hierarchical.SameThreadHierarchicalTestExecutorService.invokeAll(SameThreadHierarchicalTestExecutorService.java:41)
	at app//org.junit.platform.engine.support.hierarchical.NodeTestTask.lambda$executeRecursively$6(NodeTestTask.java:155)
	at app//org.junit.platform.engine.support.hierarchical.ThrowableCollector.execute(ThrowableCollector.java:73)
	at app//org.junit.platform.engine.support.hierarchical.NodeTestTask.lambda$executeRecursively$8(NodeTestTask.java:141)
	at app//org.junit.platform.engine.support.hierarchical.Node.around(Node.java:137)
	at app//org.junit.platform.engine.support.hierarchical.NodeTestTask.lambda$executeRecursively$9(NodeTestTask.java:139)
	at app//org.junit.platform.engine.support.hierarchical.ThrowableCollector.execute(ThrowableCollector.java:73)
	at app//org.junit.platform.engine.support.hierarchical.NodeTestTask.executeRecursively(NodeTestTask.java:138)
	at app//org.junit.platform.engine.support.hierarchical.NodeTestTask.execute(NodeTestTask.java:95)
	at java.base@11.0.18/java.util.ArrayList.forEach(ArrayList.java:1541)
	at app//org.junit.platform.engine.support.hierarchical.SameThreadHierarchicalTestExecutorService.invokeAll(SameThreadHierarchicalTestExecutorService.java:41)
	at app//org.junit.platform.engine.support.hierarchical.NodeTestTask.lambda$executeRecursively$6(NodeTestTask.java:155)
	at app//org.junit.platform.engine.support.hierarchical.ThrowableCollector.execute(ThrowableCollector.java:73)
	at app//org.junit.platform.engine.support.hierarchical.NodeTestTask.lambda$executeRecursively$8(NodeTestTask.java:141)
	at app//org.junit.platform.engine.support.hierarchical.Node.around(Node.java:137)
	at app//org.junit.platform.engine.support.hierarchical.NodeTestTask.lambda$executeRecursively$9(NodeTestTask.java:139)
	at app//org.junit.platform.engine.support.hierarchical.ThrowableCollector.execute(ThrowableCollector.java:73)
	at app//org.junit.platform.engine.support.hierarchical.NodeTestTask.executeRecursively(NodeTestTask.java:138)
	at app//org.junit.platform.engine.support.hierarchical.NodeTestTask.execute(NodeTestTask.java:95)
	at app//org.junit.platform.engine.support.hierarchical.SameThreadHierarchicalTestExecutorService.submit(SameThreadHierarchicalTestExecutorService.java:35)
	at app//org.junit.platform.engine.support.hierarchical.HierarchicalTestExecutor.execute(HierarchicalTestExecutor.java:57)
	at app//org.junit.platform.engine.support.hierarchical.HierarchicalTestEngine.execute(HierarchicalTestEngine.java:54)
	at app//org.junit.platform.launcher.core.EngineExecutionOrchestrator.execute(EngineExecutionOrchestrator.java:107)
	at app//org.junit.platform.launcher.core.EngineExecutionOrchestrator.execute(EngineExecutionOrchestrator.java:88)
	at app//org.junit.platform.launcher.core.EngineExecutionOrchestrator.lambda$execute$0(EngineExecutionOrchestrator.java:54)
	at app//org.junit.platform.launcher.core.EngineExecutionOrchestrator.withInterceptedStreams(EngineExecutionOrchestrator.java:67)
	at app//org.junit.platform.launcher.core.EngineExecutionOrchestrator.execute(EngineExecutionOrchestrator.java:52)
	at app//org.junit.platform.launcher.core.DefaultLauncher.execute(DefaultLauncher.java:114)
	at app//org.junit.platform.launcher.core.DefaultLauncher.execute(DefaultLauncher.java:86)
	at app//org.junit.platform.launcher.core.DefaultLauncherSession$DelegatingLauncher.execute(DefaultLauncherSession.java:86)
	at org.gradle.api.internal.tasks.testing.junitplatform.JUnitPlatformTestClassProcessor$CollectAllTestClassesExecutor.processAllTestClasses(JUnitPlatformTestClassProcessor.java:110)
	at org.gradle.api.internal.tasks.testing.junitplatform.JUnitPlatformTestClassProcessor$CollectAllTestClassesExecutor.access$000(JUnitPlatformTestClassProcessor.java:90)
	at org.gradle.api.internal.tasks.testing.junitplatform.JUnitPlatformTestClassProcessor.stop(JUnitPlatformTestClassProcessor.java:85)
	at org.gradle.api.internal.tasks.testing.SuiteTestClassProcessor.stop(SuiteTestClassProcessor.java:62)
	at java.base@11.0.18/jdk.internal.reflect.NativeMethodAccessorImpl.invoke0(Native Method)
	at java.base@11.0.18/jdk.internal.reflect.NativeMethodAccessorImpl.invoke(NativeMethodAccessorImpl.java:62)
	at java.base@11.0.18/jdk.internal.reflect.DelegatingMethodAccessorImpl.invoke(DelegatingMethodAccessorImpl.java:43)
	at java.base@11.0.18/java.lang.reflect.Method.invoke(Method.java:566)
	at org.gradle.internal.dispatch.ReflectionDispatch.dispatch(ReflectionDispatch.java:36)
	at org.gradle.internal.dispatch.ReflectionDispatch.dispatch(ReflectionDispatch.java:24)
	at org.gradle.internal.dispatch.ContextClassLoaderDispatch.dispatch(ContextClassLoaderDispatch.java:33)
	at org.gradle.internal.dispatch.ProxyDispatchAdapter$DispatchingInvocationHandler.invoke(ProxyDispatchAdapter.java:94)
	at com.sun.proxy.$Proxy2.stop(Unknown Source)
	at org.gradle.api.internal.tasks.testing.worker.TestWorker$3.run(TestWorker.java:193)
	at org.gradle.api.internal.tasks.testing.worker.TestWorker.executeAndMaintainThreadName(TestWorker.java:129)
	at org.gradle.api.internal.tasks.testing.worker.TestWorker.execute(TestWorker.java:100)
	at org.gradle.api.internal.tasks.testing.worker.TestWorker.execute(TestWorker.java:60)
	at org.gradle.process.internal.worker.child.ActionExecutionWorker.execute(ActionExecutionWorker.java:56)
	at org.gradle.process.internal.worker.child.SystemApplicationClassLoaderWorker.call(SystemApplicationClassLoaderWorker.java:113)
	at org.gradle.process.internal.worker.child.SystemApplicationClassLoaderWorker.call(SystemApplicationClassLoaderWorker.java:65)
	at app//worker.org.gradle.process.internal.worker.GradleWorkerMain.run(GradleWorkerMain.java:69)
	at app//worker.org.gradle.process.internal.worker.GradleWorkerMain.main(GradleWorkerMain.java:74)
Caused by: de.uka.ilkd.key.macros.scripts.ScriptException: No matching applications.
	at app//de.uka.ilkd.key.macros.scripts.RuleCommand.findTacletApp(RuleCommand.java:225)
	at app//de.uka.ilkd.key.macros.scripts.RuleCommand.makeRuleApp(RuleCommand.java:99)
	at app//de.uka.ilkd.key.macros.scripts.RuleCommand.execute(RuleCommand.java:55)
	at app//de.uka.ilkd.key.macros.scripts.RuleCommand.execute(RuleCommand.java:35)
	at app//de.uka.ilkd.key.macros.scripts.ProofScriptEngine.execute(ProofScriptEngine.java:148)
	... 92 more
</failure>
  </testcase>
  <testcase name="schiffl_thm_1" classname="de.uka.ilkd.key.proof.proverules.ProveRulesTest" time="3.627">
    <failure message="de.uka.ilkd.key.macros.scripts.ScriptException: Error while executing script: No matching applications.&#10;&#10;Command: rule exLeft" type="de.uka.ilkd.key.macros.scripts.ScriptException">de.uka.ilkd.key.macros.scripts.ScriptException: Error while executing script: No matching applications.

Command: rule exLeft
	at app//de.uka.ilkd.key.macros.scripts.ProofScriptEngine.execute(ProofScriptEngine.java:174)
	at app//de.uka.ilkd.key.proof.proverules.ProveRulesTest.loadTacletProof(ProveRulesTest.java:72)
	at app//de.uka.ilkd.key.proof.proverules.ProveRulesTest.lambda$data$0(ProveRulesTest.java:144)
	at app//org.junit.jupiter.engine.descriptor.DynamicTestTestDescriptor.lambda$execute$0(DynamicTestTestDescriptor.java:53)
	at app//org.junit.jupiter.engine.execution.InvocationInterceptorChain$ValidatingInvocation.proceed(InvocationInterceptorChain.java:131)
	at app//org.junit.jupiter.api.extension.InvocationInterceptor.interceptDynamicTest(InvocationInterceptor.java:167)
	at app//org.junit.jupiter.api.extension.InvocationInterceptor.interceptDynamicTest(InvocationInterceptor.java:184)
	at app//org.junit.jupiter.engine.descriptor.DynamicTestTestDescriptor.lambda$execute$1(DynamicTestTestDescriptor.java:61)
	at app//org.junit.jupiter.engine.execution.InvocationInterceptorChain$InterceptorCall.lambda$ofVoid$0(InvocationInterceptorChain.java:78)
	at app//org.junit.jupiter.engine.execution.InvocationInterceptorChain$InterceptedInvocation.proceed(InvocationInterceptorChain.java:106)
	at app//org.junit.jupiter.engine.execution.InvocationInterceptorChain.proceed(InvocationInterceptorChain.java:64)
	at app//org.junit.jupiter.engine.execution.InvocationInterceptorChain.chainAndInvoke(InvocationInterceptorChain.java:45)
	at app//org.junit.jupiter.engine.execution.InvocationInterceptorChain.invoke(InvocationInterceptorChain.java:37)
	at app//org.junit.jupiter.engine.descriptor.DynamicTestTestDescriptor.execute(DynamicTestTestDescriptor.java:60)
	at app//org.junit.jupiter.engine.descriptor.DynamicTestTestDescriptor.execute(DynamicTestTestDescriptor.java:32)
	at app//org.junit.platform.engine.support.hierarchical.NodeTestTask.lambda$executeRecursively$6(NodeTestTask.java:151)
	at app//org.junit.platform.engine.support.hierarchical.ThrowableCollector.execute(ThrowableCollector.java:73)
	at app//org.junit.platform.engine.support.hierarchical.NodeTestTask.lambda$executeRecursively$8(NodeTestTask.java:141)
	at app//org.junit.platform.engine.support.hierarchical.Node.around(Node.java:137)
	at app//org.junit.platform.engine.support.hierarchical.NodeTestTask.lambda$executeRecursively$9(NodeTestTask.java:139)
	at app//org.junit.platform.engine.support.hierarchical.ThrowableCollector.execute(ThrowableCollector.java:73)
	at app//org.junit.platform.engine.support.hierarchical.NodeTestTask.executeRecursively(NodeTestTask.java:138)
	at app//org.junit.platform.engine.support.hierarchical.NodeTestTask.execute(NodeTestTask.java:95)
	at app//org.junit.platform.engine.support.hierarchical.SameThreadHierarchicalTestExecutorService.submit(SameThreadHierarchicalTestExecutorService.java:35)
	at app//org.junit.platform.engine.support.hierarchical.NodeTestTask$DefaultDynamicTestExecutor.execute(NodeTestTask.java:226)
	at app//org.junit.platform.engine.support.hierarchical.NodeTestTask$DefaultDynamicTestExecutor.execute(NodeTestTask.java:204)
	at java.base@11.0.18/java.util.Optional.ifPresent(Optional.java:183)
	at app//org.junit.jupiter.engine.descriptor.TestFactoryTestDescriptor.lambda$invokeTestMethod$1(TestFactoryTestDescriptor.java:108)
	at app//org.junit.platform.engine.support.hierarchical.ThrowableCollector.execute(ThrowableCollector.java:73)
	at app//org.junit.jupiter.engine.descriptor.TestFactoryTestDescriptor.invokeTestMethod(TestFactoryTestDescriptor.java:95)
	at app//org.junit.jupiter.engine.descriptor.TestMethodTestDescriptor.execute(TestMethodTestDescriptor.java:138)
	at app//org.junit.jupiter.engine.descriptor.TestMethodTestDescriptor.execute(TestMethodTestDescriptor.java:68)
	at app//org.junit.platform.engine.support.hierarchical.NodeTestTask.lambda$executeRecursively$6(NodeTestTask.java:151)
	at app//org.junit.platform.engine.support.hierarchical.ThrowableCollector.execute(ThrowableCollector.java:73)
	at app//org.junit.platform.engine.support.hierarchical.NodeTestTask.lambda$executeRecursively$8(NodeTestTask.java:141)
	at app//org.junit.platform.engine.support.hierarchical.Node.around(Node.java:137)
	at app//org.junit.platform.engine.support.hierarchical.NodeTestTask.lambda$executeRecursively$9(NodeTestTask.java:139)
	at app//org.junit.platform.engine.support.hierarchical.ThrowableCollector.execute(ThrowableCollector.java:73)
	at app//org.junit.platform.engine.support.hierarchical.NodeTestTask.executeRecursively(NodeTestTask.java:138)
	at app//org.junit.platform.engine.support.hierarchical.NodeTestTask.execute(NodeTestTask.java:95)
	at java.base@11.0.18/java.util.ArrayList.forEach(ArrayList.java:1541)
	at app//org.junit.platform.engine.support.hierarchical.SameThreadHierarchicalTestExecutorService.invokeAll(SameThreadHierarchicalTestExecutorService.java:41)
	at app//org.junit.platform.engine.support.hierarchical.NodeTestTask.lambda$executeRecursively$6(NodeTestTask.java:155)
	at app//org.junit.platform.engine.support.hierarchical.ThrowableCollector.execute(ThrowableCollector.java:73)
	at app//org.junit.platform.engine.support.hierarchical.NodeTestTask.lambda$executeRecursively$8(NodeTestTask.java:141)
	at app//org.junit.platform.engine.support.hierarchical.Node.around(Node.java:137)
	at app//org.junit.platform.engine.support.hierarchical.NodeTestTask.lambda$executeRecursively$9(NodeTestTask.java:139)
	at app//org.junit.platform.engine.support.hierarchical.ThrowableCollector.execute(ThrowableCollector.java:73)
	at app//org.junit.platform.engine.support.hierarchical.NodeTestTask.executeRecursively(NodeTestTask.java:138)
	at app//org.junit.platform.engine.support.hierarchical.NodeTestTask.execute(NodeTestTask.java:95)
	at java.base@11.0.18/java.util.ArrayList.forEach(ArrayList.java:1541)
	at app//org.junit.platform.engine.support.hierarchical.SameThreadHierarchicalTestExecutorService.invokeAll(SameThreadHierarchicalTestExecutorService.java:41)
	at app//org.junit.platform.engine.support.hierarchical.NodeTestTask.lambda$executeRecursively$6(NodeTestTask.java:155)
	at app//org.junit.platform.engine.support.hierarchical.ThrowableCollector.execute(ThrowableCollector.java:73)
	at app//org.junit.platform.engine.support.hierarchical.NodeTestTask.lambda$executeRecursively$8(NodeTestTask.java:141)
	at app//org.junit.platform.engine.support.hierarchical.Node.around(Node.java:137)
	at app//org.junit.platform.engine.support.hierarchical.NodeTestTask.lambda$executeRecursively$9(NodeTestTask.java:139)
	at app//org.junit.platform.engine.support.hierarchical.ThrowableCollector.execute(ThrowableCollector.java:73)
	at app//org.junit.platform.engine.support.hierarchical.NodeTestTask.executeRecursively(NodeTestTask.java:138)
	at app//org.junit.platform.engine.support.hierarchical.NodeTestTask.execute(NodeTestTask.java:95)
	at app//org.junit.platform.engine.support.hierarchical.SameThreadHierarchicalTestExecutorService.submit(SameThreadHierarchicalTestExecutorService.java:35)
	at app//org.junit.platform.engine.support.hierarchical.HierarchicalTestExecutor.execute(HierarchicalTestExecutor.java:57)
	at app//org.junit.platform.engine.support.hierarchical.HierarchicalTestEngine.execute(HierarchicalTestEngine.java:54)
	at app//org.junit.platform.launcher.core.EngineExecutionOrchestrator.execute(EngineExecutionOrchestrator.java:107)
	at app//org.junit.platform.launcher.core.EngineExecutionOrchestrator.execute(EngineExecutionOrchestrator.java:88)
	at app//org.junit.platform.launcher.core.EngineExecutionOrchestrator.lambda$execute$0(EngineExecutionOrchestrator.java:54)
	at app//org.junit.platform.launcher.core.EngineExecutionOrchestrator.withInterceptedStreams(EngineExecutionOrchestrator.java:67)
	at app//org.junit.platform.launcher.core.EngineExecutionOrchestrator.execute(EngineExecutionOrchestrator.java:52)
	at app//org.junit.platform.launcher.core.DefaultLauncher.execute(DefaultLauncher.java:114)
	at app//org.junit.platform.launcher.core.DefaultLauncher.execute(DefaultLauncher.java:86)
	at app//org.junit.platform.launcher.core.DefaultLauncherSession$DelegatingLauncher.execute(DefaultLauncherSession.java:86)
	at org.gradle.api.internal.tasks.testing.junitplatform.JUnitPlatformTestClassProcessor$CollectAllTestClassesExecutor.processAllTestClasses(JUnitPlatformTestClassProcessor.java:110)
	at org.gradle.api.internal.tasks.testing.junitplatform.JUnitPlatformTestClassProcessor$CollectAllTestClassesExecutor.access$000(JUnitPlatformTestClassProcessor.java:90)
	at org.gradle.api.internal.tasks.testing.junitplatform.JUnitPlatformTestClassProcessor.stop(JUnitPlatformTestClassProcessor.java:85)
	at org.gradle.api.internal.tasks.testing.SuiteTestClassProcessor.stop(SuiteTestClassProcessor.java:62)
	at java.base@11.0.18/jdk.internal.reflect.NativeMethodAccessorImpl.invoke0(Native Method)
	at java.base@11.0.18/jdk.internal.reflect.NativeMethodAccessorImpl.invoke(NativeMethodAccessorImpl.java:62)
	at java.base@11.0.18/jdk.internal.reflect.DelegatingMethodAccessorImpl.invoke(DelegatingMethodAccessorImpl.java:43)
	at java.base@11.0.18/java.lang.reflect.Method.invoke(Method.java:566)
	at org.gradle.internal.dispatch.ReflectionDispatch.dispatch(ReflectionDispatch.java:36)
	at org.gradle.internal.dispatch.ReflectionDispatch.dispatch(ReflectionDispatch.java:24)
	at org.gradle.internal.dispatch.ContextClassLoaderDispatch.dispatch(ContextClassLoaderDispatch.java:33)
	at org.gradle.internal.dispatch.ProxyDispatchAdapter$DispatchingInvocationHandler.invoke(ProxyDispatchAdapter.java:94)
	at com.sun.proxy.$Proxy2.stop(Unknown Source)
	at org.gradle.api.internal.tasks.testing.worker.TestWorker$3.run(TestWorker.java:193)
	at org.gradle.api.internal.tasks.testing.worker.TestWorker.executeAndMaintainThreadName(TestWorker.java:129)
	at org.gradle.api.internal.tasks.testing.worker.TestWorker.execute(TestWorker.java:100)
	at org.gradle.api.internal.tasks.testing.worker.TestWorker.execute(TestWorker.java:60)
	at org.gradle.process.internal.worker.child.ActionExecutionWorker.execute(ActionExecutionWorker.java:56)
	at org.gradle.process.internal.worker.child.SystemApplicationClassLoaderWorker.call(SystemApplicationClassLoaderWorker.java:113)
	at org.gradle.process.internal.worker.child.SystemApplicationClassLoaderWorker.call(SystemApplicationClassLoaderWorker.java:65)
	at app//worker.org.gradle.process.internal.worker.GradleWorkerMain.run(GradleWorkerMain.java:69)
	at app//worker.org.gradle.process.internal.worker.GradleWorkerMain.main(GradleWorkerMain.java:74)
Caused by: de.uka.ilkd.key.macros.scripts.ScriptException: No matching applications.
	at app//de.uka.ilkd.key.macros.scripts.RuleCommand.findTacletApp(RuleCommand.java:225)
	at app//de.uka.ilkd.key.macros.scripts.RuleCommand.makeRuleApp(RuleCommand.java:99)
	at app//de.uka.ilkd.key.macros.scripts.RuleCommand.execute(RuleCommand.java:55)
	at app//de.uka.ilkd.key.macros.scripts.RuleCommand.execute(RuleCommand.java:35)
	at app//de.uka.ilkd.key.macros.scripts.ProofScriptEngine.execute(ProofScriptEngine.java:148)
	... 92 more
</failure>
  </testcase>
  <testcase name="eqSameSeq" classname="de.uka.ilkd.key.proof.proverules.ProveRulesTest" time="3.551"/>
  <system-out><![CDATA[433        DEBUG Test worker     d.u.i.k.p.i.KeYFile       Reading KeY file src/test/resources/testcase/dummyTrue.key 
677        WARN  Test worker     d.u.i.k.s.ProofSettings   No proof-settings could be loaded, using defaults java.io.FileNotFoundException: /home/runner/.key/proof-settings.props (No such file or directory)
	at java.base/java.io.FileInputStream.open0(Native Method)

683        DEBUG Test worker     d.u.i.k.p.i.KeYFile       Reading KeY file file:/home/runner/work/key/key/key.core/build/resources/main/de/uka/ilkd/key/proof/rules/standardRules.key 
705        DEBUG Test worker     d.u.i.k.p.i.KeYFile       Reading KeY file file:/home/runner/work/key/key/key.core/build/resources/main/de/uka/ilkd/key/proof/rules/ldt.key 
711        DEBUG Test worker     d.u.i.k.p.i.KeYFile       Reading KeY file file:/home/runner/work/key/key/key.core/build/resources/main/de/uka/ilkd/key/proof/rules/boolean.key 
722        DEBUG Test worker     d.u.i.k.p.i.KeYFile       Reading KeY file file:/home/runner/work/key/key/key.core/build/resources/main/de/uka/ilkd/key/proof/rules/ruleSetsDeclarations.key 
766        DEBUG Test worker     d.u.i.k.p.i.KeYFile       Reading KeY file file:/home/runner/work/key/key/key.core/build/resources/main/de/uka/ilkd/key/proof/rules/integerHeader.key 
777        DEBUG Test worker     d.u.i.k.p.i.KeYFile       Reading KeY file file:/home/runner/work/key/key/key.core/build/resources/main/de/uka/ilkd/key/proof/rules/floatHeader.key 
782        DEBUG Test worker     d.u.i.k.p.i.KeYFile       Reading KeY file file:/home/runner/work/key/key/key.core/build/resources/main/de/uka/ilkd/key/proof/rules/heap.key 
787        DEBUG Test worker     d.u.i.k.p.i.KeYFile       Reading KeY file file:/home/runner/work/key/key/key.core/build/resources/main/de/uka/ilkd/key/proof/rules/locSets.key 
789        DEBUG Test worker     d.u.i.k.p.i.KeYFile       Reading KeY file file:/home/runner/work/key/key/key.core/build/resources/main/de/uka/ilkd/key/proof/rules/permission.key 
801        DEBUG Test worker     d.u.i.k.p.i.KeYFile       Reading KeY file file:/home/runner/work/key/key/key.core/build/resources/main/de/uka/ilkd/key/proof/rules/reach.key 
802        DEBUG Test worker     d.u.i.k.p.i.KeYFile       Reading KeY file file:/home/runner/work/key/key/key.core/build/resources/main/de/uka/ilkd/key/proof/rules/seq.key 
804        DEBUG Test worker     d.u.i.k.p.i.KeYFile       Reading KeY file file:/home/runner/work/key/key/key.core/build/resources/main/de/uka/ilkd/key/proof/rules/map.key 
845        DEBUG Test worker     d.u.i.k.p.i.KeYFile       Reading KeY file file:/home/runner/work/key/key/key.core/build/resources/main/de/uka/ilkd/key/proof/rules/freeADT.key 
847        DEBUG Test worker     d.u.i.k.p.i.KeYFile       Reading KeY file file:/home/runner/work/key/key/key.core/build/resources/main/de/uka/ilkd/key/proof/rules/wellfound.key 
848        DEBUG Test worker     d.u.i.k.p.i.KeYFile       Reading KeY file file:/home/runner/work/key/key/key.core/build/resources/main/de/uka/ilkd/key/proof/rules/charListHeader.key 
1024       DEBUG Test worker     d.u.i.k.p.i.KeYFile       Reading KeY file file:/home/runner/work/key/key/key.core/build/resources/main/de/uka/ilkd/key/proof/rules/propRule.key 
1068       DEBUG Test worker     d.u.i.k.p.i.KeYFile       Reading KeY file file:/home/runner/work/key/key/key.core/build/resources/main/de/uka/ilkd/key/proof/rules/firstOrderRules.key 
1091       DEBUG Test worker     d.u.i.k.p.i.KeYFile       Reading KeY file file:/home/runner/work/key/key/key.core/build/resources/main/de/uka/ilkd/key/proof/rules/ifThenElseRules.key 
1145       DEBUG Test worker     d.u.i.k.p.i.KeYFile       Reading KeY file file:/home/runner/work/key/key/key.core/build/resources/main/de/uka/ilkd/key/proof/rules/formulaNormalisationRules.key 
1246       DEBUG Test worker     d.u.i.k.p.i.KeYFile       Reading KeY file file:/home/runner/work/key/key/key.core/build/resources/main/de/uka/ilkd/key/proof/rules/updateRules.key 
1285       DEBUG Test worker     d.u.i.k.p.i.KeYFile       Reading KeY file file:/home/runner/work/key/key/key.core/build/resources/main/de/uka/ilkd/key/proof/rules/integerRulesCommon.key 
1394       DEBUG Test worker     d.u.i.k.p.i.KeYFile       Reading KeY file file:/home/runner/work/key/key/key.core/build/resources/main/de/uka/ilkd/key/proof/rules/intRules.key 
1446       DEBUG Test worker     d.u.i.k.p.i.KeYFile       Reading KeY file file:/home/runner/work/key/key/key.core/build/resources/main/de/uka/ilkd/key/proof/rules/intRulesUncheckedSemantics.key 
1462       DEBUG Test worker     d.u.i.k.p.i.KeYFile       Reading KeY file file:/home/runner/work/key/key/key.core/build/resources/main/de/uka/ilkd/key/proof/rules/intRulesCheckedSemantics.key 
1473       DEBUG Test worker     d.u.i.k.p.i.KeYFile       Reading KeY file file:/home/runner/work/key/key/key.core/build/resources/main/de/uka/ilkd/key/proof/rules/intRulesJavaSemantics.key 
1493       DEBUG Test worker     d.u.i.k.p.i.KeYFile       Reading KeY file file:/home/runner/work/key/key/key.core/build/resources/main/de/uka/ilkd/key/proof/rules/integerSimplificationRules.key 
1758       DEBUG Test worker     d.u.i.k.j.TypeConverter   No LDT found for Meta 
1759       DEBUG Test worker     d.u.i.k.j.TypeConverter   No LDT found for Meta 
1763       DEBUG Test worker     d.u.i.k.j.TypeConverter   No LDT found for Meta 
1763       DEBUG Test worker     d.u.i.k.j.TypeConverter   No LDT found for Meta 
1793       DEBUG Test worker     d.u.i.k.p.i.KeYFile       Reading KeY file file:/home/runner/work/key/key/key.core/build/resources/main/de/uka/ilkd/key/proof/rules/intDiv.key 
1842       DEBUG Test worker     d.u.i.k.p.i.KeYFile       Reading KeY file file:/home/runner/work/key/key/key.core/build/resources/main/de/uka/ilkd/key/proof/rules/bsum.key 
2043       DEBUG Test worker     d.u.i.k.p.i.KeYFile       Reading KeY file file:/home/runner/work/key/key/key.core/build/resources/main/de/uka/ilkd/key/proof/rules/bprod.key 
2114       DEBUG Test worker     d.u.i.k.p.i.KeYFile       Reading KeY file file:/home/runner/work/key/key/key.core/build/resources/main/de/uka/ilkd/key/proof/rules/binaryAxioms.key 
2119       DEBUG Test worker     d.u.i.k.p.i.KeYFile       Reading KeY file file:/home/runner/work/key/key/key.core/build/resources/main/de/uka/ilkd/key/proof/rules/binaryLemmas.key 
2131       DEBUG Test worker     d.u.i.k.p.i.KeYFile       Reading KeY file file:/home/runner/work/key/key/key.core/build/resources/main/de/uka/ilkd/key/proof/rules/intPow.key 
2155       DEBUG Test worker     d.u.i.k.p.i.KeYFile       Reading KeY file file:/home/runner/work/key/key/key.core/build/resources/main/de/uka/ilkd/key/proof/rules/floatRulesCommon.key 
2183       DEBUG Test worker     d.u.i.k.p.i.KeYFile       Reading KeY file file:/home/runner/work/key/key/key.core/build/resources/main/de/uka/ilkd/key/proof/rules/floatRules.key 
2185       DEBUG Test worker     d.u.i.k.p.i.KeYFile       Reading KeY file file:/home/runner/work/key/key/key.core/build/resources/main/de/uka/ilkd/key/proof/rules/floatRulesVerifyNormal.key 
2186       DEBUG Test worker     d.u.i.k.p.i.KeYFile       Reading KeY file file:/home/runner/work/key/key/key.core/build/resources/main/de/uka/ilkd/key/proof/rules/floatRulesAssumeStrictfp.key 
2222       DEBUG Test worker     d.u.i.k.p.i.KeYFile       Reading KeY file file:/home/runner/work/key/key/key.core/build/resources/main/de/uka/ilkd/key/proof/rules/genericRules.key 
2239       DEBUG Test worker     d.u.i.k.p.i.KeYFile       Reading KeY file file:/home/runner/work/key/key/key.core/build/resources/main/de/uka/ilkd/key/proof/rules/booleanRules.key 
2245       DEBUG Test worker     d.u.i.k.p.i.KeYFile       Reading KeY file file:/home/runner/work/key/key/key.core/build/resources/main/de/uka/ilkd/key/proof/rules/epsilon.key 
2251       DEBUG Test worker     d.u.i.k.p.i.KeYFile       Reading KeY file file:/home/runner/work/key/key/key.core/build/resources/main/de/uka/ilkd/key/proof/rules/locSetsRules.key 
2345       DEBUG Test worker     d.u.i.k.p.i.KeYFile       Reading KeY file file:/home/runner/work/key/key/key.core/build/resources/main/de/uka/ilkd/key/proof/rules/heapRules.key 
2406       DEBUG Test worker     d.u.i.k.p.i.KeYFile       Reading KeY file file:/home/runner/work/key/key/key.core/build/resources/main/de/uka/ilkd/key/proof/rules/permissionRules.key 
2428       DEBUG Test worker     d.u.i.k.p.i.KeYFile       Reading KeY file file:/home/runner/work/key/key/key.core/build/resources/main/de/uka/ilkd/key/proof/rules/reachRules.key 
2459       DEBUG Test worker     d.u.i.k.p.i.KeYFile       Reading KeY file file:/home/runner/work/key/key/key.core/build/resources/main/de/uka/ilkd/key/proof/rules/seqCoreRules.key 
2462       DEBUG Test worker     d.u.i.k.p.i.KeYFile       Reading KeY file file:/home/runner/work/key/key/key.core/build/resources/main/de/uka/ilkd/key/proof/rules/seqRules.key 
2510       DEBUG Test worker     d.u.i.k.p.i.KeYFile       Reading KeY file file:/home/runner/work/key/key/key.core/build/resources/main/de/uka/ilkd/key/proof/rules/seqPerm.key 
2544       DEBUG Test worker     d.u.i.k.p.i.KeYFile       Reading KeY file file:/home/runner/work/key/key/key.core/build/resources/main/de/uka/ilkd/key/proof/rules/seqPerm2.key 
2550       DEBUG Test worker     d.u.i.k.p.i.KeYFile       Reading KeY file file:/home/runner/work/key/key/key.core/build/resources/main/de/uka/ilkd/key/proof/rules/javaRules.key 
2692       DEBUG Test worker     d.u.i.k.p.i.KeYFile       Reading KeY file file:/home/runner/work/key/key/key.core/build/resources/main/de/uka/ilkd/key/proof/rules/assertions.key 
3199       DEBUG Test worker     d.u.i.k.p.i.KeYFile       Reading KeY file file:/home/runner/work/key/key/key.core/build/resources/main/de/uka/ilkd/key/proof/rules/loopRules.key 
3210       DEBUG Test worker     d.u.i.k.p.i.KeYFile       Reading KeY file file:/home/runner/work/key/key/key.core/build/resources/main/de/uka/ilkd/key/proof/rules/activeUse.key 
3270       DEBUG Test worker     d.u.i.k.p.i.KeYFile       Reading KeY file file:/home/runner/work/key/key/key.core/build/resources/main/de/uka/ilkd/key/proof/rules/instanceAllocation.key 
3289       DEBUG Test worker     d.u.i.k.p.i.KeYFile       Reading KeY file file:/home/runner/work/key/key/key.core/build/resources/main/de/uka/ilkd/key/proof/rules/java5.key 
3294       DEBUG Test worker     d.u.i.k.p.i.KeYFile       Reading KeY file file:/home/runner/work/key/key/key.core/build/resources/main/de/uka/ilkd/key/proof/rules/integerAssignment2UpdateRules.key 
3340       DEBUG Test worker     d.u.i.k.p.i.KeYFile       Reading KeY file file:/home/runner/work/key/key/key.core/build/resources/main/de/uka/ilkd/key/proof/rules/floatAssignment2UpdateRules.key 
3370       DEBUG Test worker     d.u.i.k.p.i.KeYFile       Reading KeY file file:/home/runner/work/key/key/key.core/build/resources/main/de/uka/ilkd/key/proof/rules/bigint.key 
3401       DEBUG Test worker     d.u.i.k.j.TypeConverter   No LDT found for JavaBigintExpression 
3404       DEBUG Test worker     d.u.i.k.p.i.KeYFile       Reading KeY file file:/home/runner/work/key/key/key.core/build/resources/main/de/uka/ilkd/key/proof/rules/adtProgramDecompositionRules.key 
3428       DEBUG Test worker     d.u.i.k.p.i.KeYFile       Reading KeY file file:/home/runner/work/key/key/key.core/build/resources/main/de/uka/ilkd/key/proof/rules/precRules.key 
3441       DEBUG Test worker     d.u.i.k.p.i.KeYFile       Reading KeY file file:/home/runner/work/key/key/key.core/build/resources/main/de/uka/ilkd/key/proof/rules/charListRules.key 
3492       DEBUG Test worker     d.u.i.k.p.i.KeYFile       Reading KeY file file:/home/runner/work/key/key/key.core/build/resources/main/de/uka/ilkd/key/proof/rules/regExTheory.key 
3495       DEBUG Test worker     d.u.i.k.p.i.KeYFile       Reading KeY file file:/home/runner/work/key/key/key.core/build/resources/main/de/uka/ilkd/key/proof/rules/regExHeader.key 
3496       DEBUG Test worker     d.u.i.k.p.i.KeYFile       Reading KeY file file:/home/runner/work/key/key/key.core/build/resources/main/de/uka/ilkd/key/proof/rules/regExAxioms.key 
3500       DEBUG Test worker     d.u.i.k.p.i.KeYFile       Reading KeY file file:/home/runner/work/key/key/key.core/build/resources/main/de/uka/ilkd/key/proof/rules/regExLemmaProven.key 
3507       DEBUG Test worker     d.u.i.k.p.i.KeYFile       Reading KeY file file:/home/runner/work/key/key/key.core/build/resources/main/de/uka/ilkd/key/proof/rules/seqEq.key 
3516       DEBUG Test worker     d.u.i.k.p.i.KeYFile       Reading KeY file file:/home/runner/work/key/key/key.core/build/resources/main/de/uka/ilkd/key/proof/rules/infFlow.key 
3523       DEBUG Test worker     d.u.i.k.p.i.KeYFile       Reading KeY file file:/home/runner/work/key/key/key.core/build/resources/main/de/uka/ilkd/key/proof/rules/mapSize.key 
3527       DEBUG Test worker     d.u.i.k.p.i.KeYFile       Reading KeY file file:/home/runner/work/key/key/key.core/build/resources/main/de/uka/ilkd/key/proof/rules/wd.key 
3529       DEBUG Test worker     d.u.i.k.p.i.KeYFile       Reading KeY file file:/home/runner/work/key/key/key.core/build/resources/main/de/uka/ilkd/key/proof/rules/wdHeader.key 
3532       DEBUG Test worker     d.u.i.k.p.i.KeYFile       Reading KeY file file:/home/runner/work/key/key/key.core/build/resources/main/de/uka/ilkd/key/proof/rules/wdGeneralRules.key 
3539       DEBUG Test worker     d.u.i.k.p.i.KeYFile       Reading KeY file file:/home/runner/work/key/key/key.core/build/resources/main/de/uka/ilkd/key/proof/rules/wdNumericalRules.key 
3564       DEBUG Test worker     d.u.i.k.p.i.KeYFile       Reading KeY file file:/home/runner/work/key/key/key.core/build/resources/main/de/uka/ilkd/key/proof/rules/wdLocSetRules.key 
3572       DEBUG Test worker     d.u.i.k.p.i.KeYFile       Reading KeY file file:/home/runner/work/key/key/key.core/build/resources/main/de/uka/ilkd/key/proof/rules/wdHeapRules.key 
3577       DEBUG Test worker     d.u.i.k.p.i.KeYFile       Reading KeY file file:/home/runner/work/key/key/key.core/build/resources/main/de/uka/ilkd/key/proof/rules/wdReachRules.key 
3580       DEBUG Test worker     d.u.i.k.p.i.KeYFile       Reading KeY file file:/home/runner/work/key/key/key.core/build/resources/main/de/uka/ilkd/key/proof/rules/wdSeqRules.key 
3584       DEBUG Test worker     d.u.i.k.p.i.KeYFile       Reading KeY file file:/home/runner/work/key/key/key.core/build/resources/main/de/uka/ilkd/key/proof/rules/wdStringRules.key 
3589       DEBUG Test worker     d.u.i.k.p.i.KeYFile       Reading KeY file file:/home/runner/work/key/key/key.core/build/resources/main/de/uka/ilkd/key/proof/rules/wdRegExRules.key 
3591       DEBUG Test worker     d.u.i.k.p.i.KeYFile       Reading KeY file file:/home/runner/work/key/key/key.core/build/resources/main/de/uka/ilkd/key/proof/rules/wdFormulaRules.key 
3606       DEBUG Test worker     d.u.i.k.p.i.KeYFile       Reading KeY file file:/home/runner/work/key/key/key.core/build/resources/main/de/uka/ilkd/key/proof/rules/loopInvariantRules.key 
3610       DEBUG Test worker     d.u.i.k.p.i.KeYFile       Reading KeY file file:/home/runner/work/key/key/key.core/build/resources/main/de/uka/ilkd/key/proof/rules/forLoopRules.key 
3614       DEBUG Test worker     d.u.i.k.p.i.KeYFile       Reading KeY file file:/home/runner/work/key/key/key.core/build/resources/main/de/uka/ilkd/key/proof/rules/execRules.key 
3724       DEBUG Test worker     d.u.i.k.p.i.KeYFile       Reading KeY file file:/home/runner/work/key/key/key.core/build/resources/main/de/uka/ilkd/key/proof/rules/loopScopeRules.key 
6907       DEBUG Test worker     d.u.i.k.p.i.KeYFile       Reading KeY file file:/home/runner/work/key/key/key.core/build/resources/main/de/uka/ilkd/key/java/JavaRedux/java/lang/String.key 
9524       DEBUG Test worker     d.u.i.k.p.i.KeYFile       Reading KeY file src/test/resources/testcase/dummyTrue.key 
9536       DEBUG Test worker     d.u.i.k.p.i.KeYFile       Reading KeY file tacletProofs/firstOrder/Taclet_eqTermCut.proof 
10632      DEBUG Test worker     d.u.i.k.p.i.KeYFile       Reading KeY file file:/home/runner/work/key/key/key.core/build/resources/main/de/uka/ilkd/key/java/JavaRedux/java/lang/String.key 
12876      INFO  Test worker     d.u.i.k.t.l.TacletProofObligationInput Proof obligation for taclet: eqTermCut 
13961      DEBUG Test worker     d.u.i.k.p.i.KeYFile       Reading KeY file tacletProofs/firstOrder/Taclet_eqTermCut.proof 
13978      DEBUG Test worker     d.u.i.k.p.i.KeYFile       Reading KeY file tacletProofs/firstOrder/Taclet_equivAllRight.proof 
14909      DEBUG Test worker     d.u.i.k.p.i.KeYFile       Reading KeY file file:/home/runner/work/key/key/key.core/build/resources/main/de/uka/ilkd/key/java/JavaRedux/java/lang/String.key 
16995      INFO  Test worker     d.u.i.k.t.l.TacletProofObligationInput Proof obligation for taclet: equivAllRight 
17978      DEBUG Test worker     d.u.i.k.p.i.KeYFile       Reading KeY file tacletProofs/firstOrder/Taclet_equivAllRight.proof 
17981      DEBUG Test worker     d.u.i.k.p.i.KeYFile       Reading KeY file tacletProofs/IntDiv/Taclet_irrflConcrete1.proof 
18885      DEBUG Test worker     d.u.i.k.p.i.KeYFile       Reading KeY file file:/home/runner/work/key/key/key.core/build/resources/main/de/uka/ilkd/key/java/JavaRedux/java/lang/String.key 
20839      INFO  Test worker     d.u.i.k.t.l.TacletProofObligationInput Proof obligation for taclet: irrflConcrete1 
21853      DEBUG Test worker     d.u.i.k.p.i.KeYFile       Reading KeY file tacletProofs/IntDiv/Taclet_irrflConcrete1.proof 
21857      DEBUG Test worker     d.u.i.k.p.i.KeYFile       Reading KeY file tacletProofs/IntDiv/Taclet_irrflConcrete2.proof 
22721      DEBUG Test worker     d.u.i.k.p.i.KeYFile       Reading KeY file file:/home/runner/work/key/key/key.core/build/resources/main/de/uka/ilkd/key/java/JavaRedux/java/lang/String.key 
24672      INFO  Test worker     d.u.i.k.t.l.TacletProofObligationInput Proof obligation for taclet: irrflConcrete2 
25568      DEBUG Test worker     d.u.i.k.p.i.KeYFile       Reading KeY file tacletProofs/IntDiv/Taclet_irrflConcrete2.proof 
25571      DEBUG Test worker     d.u.i.k.p.i.KeYFile       Reading KeY file tacletProofs/IntDiv/Taclet_cancel_gtPos.proof 
26435      DEBUG Test worker     d.u.i.k.p.i.KeYFile       Reading KeY file file:/home/runner/work/key/key/key.core/build/resources/main/de/uka/ilkd/key/java/JavaRedux/java/lang/String.key 
28258      INFO  Test worker     d.u.i.k.t.l.TacletProofObligationInput Proof obligation for taclet: cancel_gtPos 
29205      DEBUG Test worker     d.u.i.k.p.i.KeYFile       Reading KeY file tacletProofs/IntDiv/Taclet_cancel_gtPos.proof 
29222      DEBUG Test worker     d.u.i.k.p.i.KeYFile       Reading KeY file tacletProofs/IntDiv/Taclet_cancel_gtNeg.proof 
30124      DEBUG Test worker     d.u.i.k.p.i.KeYFile       Reading KeY file file:/home/runner/work/key/key/key.core/build/resources/main/de/uka/ilkd/key/java/JavaRedux/java/lang/String.key 
31951      INFO  Test worker     d.u.i.k.t.l.TacletProofObligationInput Proof obligation for taclet: cancel_gtNeg 
32892      DEBUG Test worker     d.u.i.k.p.i.KeYFile       Reading KeY file tacletProofs/IntDiv/Taclet_cancel_gtNeg.proof 
32893      DEBUG Test worker     d.u.i.k.p.i.KeYFile       Reading KeY file tacletProofs/intRulesIgnoringOF/Taclet_moduloIntIsInInt.proof 
33777      DEBUG Test worker     d.u.i.k.p.i.KeYFile       Reading KeY file file:/home/runner/work/key/key/key.core/build/resources/main/de/uka/ilkd/key/java/JavaRedux/java/lang/String.key 
35617      INFO  Test worker     d.u.i.k.t.l.TacletProofObligationInput Proof obligation for taclet: moduloIntIsInInt 
36542      DEBUG Test worker     d.u.i.k.p.i.KeYFile       Reading KeY file tacletProofs/intRulesIgnoringOF/Taclet_moduloIntIsInInt.proof 
36545      DEBUG Test worker     d.u.i.k.p.i.KeYFile       Reading KeY file tacletProofs/intRulesIgnoringOF/Taclet_moduloLongIsInLong.proof 
37380      DEBUG Test worker     d.u.i.k.p.i.KeYFile       Reading KeY file file:/home/runner/work/key/key/key.core/build/resources/main/de/uka/ilkd/key/java/JavaRedux/java/lang/String.key 
39156      INFO  Test worker     d.u.i.k.t.l.TacletProofObligationInput Proof obligation for taclet: moduloLongIsInLong 
40015      DEBUG Test worker     d.u.i.k.p.i.KeYFile       Reading KeY file tacletProofs/intRulesIgnoringOF/Taclet_moduloLongIsInLong.proof 
40017      DEBUG Test worker     d.u.i.k.p.i.KeYFile       Reading KeY file tacletProofs/intRulesIgnoringOF/Taclet_moduloShortIsInShort.proof 
40872      DEBUG Test worker     d.u.i.k.p.i.KeYFile       Reading KeY file file:/home/runner/work/key/key/key.core/build/resources/main/de/uka/ilkd/key/java/JavaRedux/java/lang/String.key 
42694      INFO  Test worker     d.u.i.k.t.l.TacletProofObligationInput Proof obligation for taclet: moduloShortIsInShort 
43534      DEBUG Test worker     d.u.i.k.p.i.KeYFile       Reading KeY file tacletProofs/intRulesIgnoringOF/Taclet_moduloShortIsInShort.proof 
43536      DEBUG Test worker     d.u.i.k.p.i.KeYFile       Reading KeY file tacletProofs/intRulesIgnoringOF/Taclet_moduloByteIsInByte.proof 
44383      DEBUG Test worker     d.u.i.k.p.i.KeYFile       Reading KeY file file:/home/runner/work/key/key/key.core/build/resources/main/de/uka/ilkd/key/java/JavaRedux/java/lang/String.key 
46174      INFO  Test worker     d.u.i.k.t.l.TacletProofObligationInput Proof obligation for taclet: moduloByteIsInByte 
47061      DEBUG Test worker     d.u.i.k.p.i.KeYFile       Reading KeY file tacletProofs/intRulesIgnoringOF/Taclet_moduloByteIsInByte.proof 
47064      DEBUG Test worker     d.u.i.k.p.i.KeYFile       Reading KeY file tacletProofs/intRulesIgnoringOF/Taclet_moduloCharIsInChar.proof 
47880      DEBUG Test worker     d.u.i.k.p.i.KeYFile       Reading KeY file file:/home/runner/work/key/key/key.core/build/resources/main/de/uka/ilkd/key/java/JavaRedux/java/lang/String.key 
49722      INFO  Test worker     d.u.i.k.t.l.TacletProofObligationInput Proof obligation for taclet: moduloCharIsInChar 
50568      DEBUG Test worker     d.u.i.k.p.i.KeYFile       Reading KeY file tacletProofs/intRulesIgnoringOF/Taclet_moduloCharIsInChar.proof 
50571      DEBUG Test worker     d.u.i.k.p.i.KeYFile       Reading KeY file tacletProofs/IntDiv/Taclet_div_unique1.proof 
51437      DEBUG Test worker     d.u.i.k.p.i.KeYFile       Reading KeY file file:/home/runner/work/key/key/key.core/build/resources/main/de/uka/ilkd/key/java/JavaRedux/java/lang/String.key 
53264      INFO  Test worker     d.u.i.k.t.l.TacletProofObligationInput Proof obligation for taclet: div_unique1 
54180      DEBUG Test worker     d.u.i.k.p.i.KeYFile       Reading KeY file tacletProofs/IntDiv/Taclet_div_unique1.proof 
54184      DEBUG Test worker     d.u.i.k.p.i.KeYFile       Reading KeY file tacletProofs/IntDiv/Taclet_div_unique2.proof 
55026      DEBUG Test worker     d.u.i.k.p.i.KeYFile       Reading KeY file file:/home/runner/work/key/key/key.core/build/resources/main/de/uka/ilkd/key/java/JavaRedux/java/lang/String.key 
56809      INFO  Test worker     d.u.i.k.t.l.TacletProofObligationInput Proof obligation for taclet: div_unique2 
57700      DEBUG Test worker     d.u.i.k.p.i.KeYFile       Reading KeY file tacletProofs/IntDiv/Taclet_div_unique2.proof 
57709      DEBUG Test worker     d.u.i.k.p.i.KeYFile       Reading KeY file tacletProofs/IntDiv/Taclet_div_exists.proof 
58562      DEBUG Test worker     d.u.i.k.p.i.KeYFile       Reading KeY file file:/home/runner/work/key/key/key.core/build/resources/main/de/uka/ilkd/key/java/JavaRedux/java/lang/String.key 
60342      INFO  Test worker     d.u.i.k.t.l.TacletProofObligationInput Proof obligation for taclet: div_exists 
61370      DEBUG Test worker     d.u.i.k.p.i.KeYFile       Reading KeY file tacletProofs/IntDiv/Taclet_div_exists.proof 
61373      DEBUG Test worker     d.u.i.k.p.i.KeYFile       Reading KeY file tacletProofs/IntDiv/Taclet_div_one.proof 
62175      DEBUG Test worker     d.u.i.k.p.i.KeYFile       Reading KeY file file:/home/runner/work/key/key/key.core/build/resources/main/de/uka/ilkd/key/java/JavaRedux/java/lang/String.key 
63962      INFO  Test worker     d.u.i.k.t.l.TacletProofObligationInput Proof obligation for taclet: div_one 
64827      DEBUG Test worker     d.u.i.k.p.i.KeYFile       Reading KeY file tacletProofs/IntDiv/Taclet_div_one.proof 
64829      DEBUG Test worker     d.u.i.k.p.i.KeYFile       Reading KeY file tacletProofs/IntDiv/Taclet_jdiv_one.proof 
65682      DEBUG Test worker     d.u.i.k.p.i.KeYFile       Reading KeY file file:/home/runner/work/key/key/key.core/build/resources/main/de/uka/ilkd/key/java/JavaRedux/java/lang/String.key 
67471      INFO  Test worker     d.u.i.k.t.l.TacletProofObligationInput Proof obligation for taclet: jdiv_one 
68343      DEBUG Test worker     d.u.i.k.p.i.KeYFile       Reading KeY file tacletProofs/IntDiv/Taclet_jdiv_one.proof 
68347      DEBUG Test worker     d.u.i.k.p.i.KeYFile       Reading KeY file tacletProofs/IntDiv/Taclet_div_zero.proof 
69189      DEBUG Test worker     d.u.i.k.p.i.KeYFile       Reading KeY file file:/home/runner/work/key/key/key.core/build/resources/main/de/uka/ilkd/key/java/JavaRedux/java/lang/String.key 
71097      INFO  Test worker     d.u.i.k.t.l.TacletProofObligationInput Proof obligation for taclet: div_zero 
72068      DEBUG Test worker     d.u.i.k.p.i.KeYFile       Reading KeY file tacletProofs/IntDiv/Taclet_div_zero.proof 
72072      DEBUG Test worker     d.u.i.k.p.i.KeYFile       Reading KeY file tacletProofs/IntDiv/Taclet_divResZero1.proof 
72882      DEBUG Test worker     d.u.i.k.p.i.KeYFile       Reading KeY file file:/home/runner/work/key/key/key.core/build/resources/main/de/uka/ilkd/key/java/JavaRedux/java/lang/String.key 
74732      INFO  Test worker     d.u.i.k.t.l.TacletProofObligationInput Proof obligation for taclet: divResZero1 
75585      DEBUG Test worker     d.u.i.k.p.i.KeYFile       Reading KeY file tacletProofs/IntDiv/Taclet_divResZero1.proof 
75588      DEBUG Test worker     d.u.i.k.p.i.KeYFile       Reading KeY file tacletProofs/IntDiv/Taclet_divResZero2.proof 
76414      DEBUG Test worker     d.u.i.k.p.i.KeYFile       Reading KeY file file:/home/runner/work/key/key/key.core/build/resources/main/de/uka/ilkd/key/java/JavaRedux/java/lang/String.key 
78159      INFO  Test worker     d.u.i.k.t.l.TacletProofObligationInput Proof obligation for taclet: divResZero2 
79012      DEBUG Test worker     d.u.i.k.p.i.KeYFile       Reading KeY file tacletProofs/IntDiv/Taclet_divResZero2.proof 
79014      DEBUG Test worker     d.u.i.k.p.i.KeYFile       Reading KeY file tacletProofs/IntDiv/Taclet_divResOne1.proof 
79833      DEBUG Test worker     d.u.i.k.p.i.KeYFile       Reading KeY file file:/home/runner/work/key/key/key.core/build/resources/main/de/uka/ilkd/key/java/JavaRedux/java/lang/String.key 
81620      INFO  Test worker     d.u.i.k.t.l.TacletProofObligationInput Proof obligation for taclet: divResOne1 
82459      DEBUG Test worker     d.u.i.k.p.i.KeYFile       Reading KeY file tacletProofs/IntDiv/Taclet_divResOne1.proof 
82460      DEBUG Test worker     d.u.i.k.p.i.KeYFile       Reading KeY file tacletProofs/IntDiv/Taclet_divResOne2.proof 
83293      DEBUG Test worker     d.u.i.k.p.i.KeYFile       Reading KeY file file:/home/runner/work/key/key/key.core/build/resources/main/de/uka/ilkd/key/java/JavaRedux/java/lang/String.key 
85071      INFO  Test worker     d.u.i.k.t.l.TacletProofObligationInput Proof obligation for taclet: divResOne2 
85935      DEBUG Test worker     d.u.i.k.p.i.KeYFile       Reading KeY file tacletProofs/IntDiv/Taclet_divResOne2.proof 
85938      DEBUG Test worker     d.u.i.k.p.i.KeYFile       Reading KeY file tacletProofs/IntDiv/Taclet_div_cancel1.proof 
86739      DEBUG Test worker     d.u.i.k.p.i.KeYFile       Reading KeY file file:/home/runner/work/key/key/key.core/build/resources/main/de/uka/ilkd/key/java/JavaRedux/java/lang/String.key 
88516      INFO  Test worker     d.u.i.k.t.l.TacletProofObligationInput Proof obligation for taclet: div_cancel1 
89403      DEBUG Test worker     d.u.i.k.p.i.KeYFile       Reading KeY file tacletProofs/IntDiv/Taclet_div_cancel1.proof 
89406      DEBUG Test worker     d.u.i.k.p.i.KeYFile       Reading KeY file tacletProofs/IntDiv/Taclet_div_cancel2.proof 
90222      DEBUG Test worker     d.u.i.k.p.i.KeYFile       Reading KeY file file:/home/runner/work/key/key/key.core/build/resources/main/de/uka/ilkd/key/java/JavaRedux/java/lang/String.key 
91969      INFO  Test worker     d.u.i.k.t.l.TacletProofObligationInput Proof obligation for taclet: div_cancel2 
92819      DEBUG Test worker     d.u.i.k.p.i.KeYFile       Reading KeY file tacletProofs/IntDiv/Taclet_div_cancel2.proof 
92820      DEBUG Test worker     d.u.i.k.p.i.KeYFile       Reading KeY file tacletProofs/IntDiv/Taclet_divAddMultDenom.proof 
93643      DEBUG Test worker     d.u.i.k.p.i.KeYFile       Reading KeY file file:/home/runner/work/key/key/key.core/build/resources/main/de/uka/ilkd/key/java/JavaRedux/java/lang/String.key 
95431      INFO  Test worker     d.u.i.k.t.l.TacletProofObligationInput Proof obligation for taclet: divAddMultDenom 
96301      DEBUG Test worker     d.u.i.k.p.i.KeYFile       Reading KeY file tacletProofs/IntDiv/Taclet_divAddMultDenom.proof 
96303      DEBUG Test worker     d.u.i.k.p.i.KeYFile       Reading KeY file tacletProofs/IntDiv/Taclet_divMinus.proof 
97132      DEBUG Test worker     d.u.i.k.p.i.KeYFile       Reading KeY file file:/home/runner/work/key/key/key.core/build/resources/main/de/uka/ilkd/key/java/JavaRedux/java/lang/String.key 
98933      INFO  Test worker     d.u.i.k.t.l.TacletProofObligationInput Proof obligation for taclet: divMinus 
99884      DEBUG Test worker     d.u.i.k.p.i.KeYFile       Reading KeY file tacletProofs/IntDiv/Taclet_divMinus.proof 
99889      DEBUG Test worker     d.u.i.k.p.i.KeYFile       Reading KeY file tacletProofs/IntDiv/Taclet_divMinusDenom.proof 
100712     DEBUG Test worker     d.u.i.k.p.i.KeYFile       Reading KeY file file:/home/runner/work/key/key/key.core/build/resources/main/de/uka/ilkd/key/java/JavaRedux/java/lang/String.key 
102475     INFO  Test worker     d.u.i.k.t.l.TacletProofObligationInput Proof obligation for taclet: divMinusDenom 
103394     DEBUG Test worker     d.u.i.k.p.i.KeYFile       Reading KeY file tacletProofs/IntDiv/Taclet_divMinusDenom.proof 
103398     DEBUG Test worker     d.u.i.k.p.i.KeYFile       Reading KeY file tacletProofs/IntDiv/Taclet_divLeastDPos.proof 
104239     DEBUG Test worker     d.u.i.k.p.i.KeYFile       Reading KeY file file:/home/runner/work/key/key/key.core/build/resources/main/de/uka/ilkd/key/java/JavaRedux/java/lang/String.key 
106047     INFO  Test worker     d.u.i.k.t.l.TacletProofObligationInput Proof obligation for taclet: divLeastDPos 
106862     DEBUG Test worker     d.u.i.k.p.i.KeYFile       Reading KeY file tacletProofs/IntDiv/Taclet_divLeastDPos.proof 
106863     DEBUG Test worker     d.u.i.k.p.i.KeYFile       Reading KeY file tacletProofs/IntDiv/Taclet_divLeastDNeg.proof 
107702     DEBUG Test worker     d.u.i.k.p.i.KeYFile       Reading KeY file file:/home/runner/work/key/key/key.core/build/resources/main/de/uka/ilkd/key/java/JavaRedux/java/lang/String.key 
109465     INFO  Test worker     d.u.i.k.t.l.TacletProofObligationInput Proof obligation for taclet: divLeastDNeg 
110349     DEBUG Test worker     d.u.i.k.p.i.KeYFile       Reading KeY file tacletProofs/IntDiv/Taclet_divLeastDNeg.proof 
110351     DEBUG Test worker     d.u.i.k.p.i.KeYFile       Reading KeY file tacletProofs/IntDiv/Taclet_divGreatestDPos.proof 
111154     DEBUG Test worker     d.u.i.k.p.i.KeYFile       Reading KeY file file:/home/runner/work/key/key/key.core/build/resources/main/de/uka/ilkd/key/java/JavaRedux/java/lang/String.key 
112946     INFO  Test worker     d.u.i.k.t.l.TacletProofObligationInput Proof obligation for taclet: divGreatestDPos 
113800     DEBUG Test worker     d.u.i.k.p.i.KeYFile       Reading KeY file tacletProofs/IntDiv/Taclet_divGreatestDPos.proof 
113801     DEBUG Test worker     d.u.i.k.p.i.KeYFile       Reading KeY file tacletProofs/IntDiv/Taclet_divGreatestDNeg.proof 
114632     DEBUG Test worker     d.u.i.k.p.i.KeYFile       Reading KeY file file:/home/runner/work/key/key/key.core/build/resources/main/de/uka/ilkd/key/java/JavaRedux/java/lang/String.key 
116396     INFO  Test worker     d.u.i.k.t.l.TacletProofObligationInput Proof obligation for taclet: divGreatestDNeg 
117248     DEBUG Test worker     d.u.i.k.p.i.KeYFile       Reading KeY file tacletProofs/IntDiv/Taclet_divGreatestDNeg.proof 
117249     DEBUG Test worker     d.u.i.k.p.i.KeYFile       Reading KeY file tacletProofs/IntDiv/Taclet_divIncreasingPos.proof 
118061     DEBUG Test worker     d.u.i.k.p.i.KeYFile       Reading KeY file file:/home/runner/work/key/key/key.core/build/resources/main/de/uka/ilkd/key/java/JavaRedux/java/lang/String.key 
119840     INFO  Test worker     d.u.i.k.t.l.TacletProofObligationInput Proof obligation for taclet: divIncreasingPos 
120662     DEBUG Test worker     d.u.i.k.p.i.KeYFile       Reading KeY file tacletProofs/IntDiv/Taclet_divIncreasingPos.proof 
120664     DEBUG Test worker     d.u.i.k.p.i.KeYFile       Reading KeY file tacletProofs/IntDiv/Taclet_divIncreasingNeg.proof 
121495     DEBUG Test worker     d.u.i.k.p.i.KeYFile       Reading KeY file file:/home/runner/work/key/key/key.core/build/resources/main/de/uka/ilkd/key/java/JavaRedux/java/lang/String.key 
123257     INFO  Test worker     d.u.i.k.t.l.TacletProofObligationInput Proof obligation for taclet: divIncreasingNeg 
124097     DEBUG Test worker     d.u.i.k.p.i.KeYFile       Reading KeY file tacletProofs/IntDiv/Taclet_divIncreasingNeg.proof 
124098     DEBUG Test worker     d.u.i.k.p.i.KeYFile       Reading KeY file tacletProofs/IntDiv/Taclet_jdiv_zero.proof 
124918     DEBUG Test worker     d.u.i.k.p.i.KeYFile       Reading KeY file file:/home/runner/work/key/key/key.core/build/resources/main/de/uka/ilkd/key/java/JavaRedux/java/lang/String.key 
126692     INFO  Test worker     d.u.i.k.t.l.TacletProofObligationInput Proof obligation for taclet: jdiv_zero 
127521     DEBUG Test worker     d.u.i.k.p.i.KeYFile       Reading KeY file tacletProofs/IntDiv/Taclet_jdiv_zero.proof 
127522     DEBUG Test worker     d.u.i.k.p.i.KeYFile       Reading KeY file tacletProofs/IntDiv/Taclet_jdivPulloutMinusNum.proof 
128351     DEBUG Test worker     d.u.i.k.p.i.KeYFile       Reading KeY file file:/home/runner/work/key/key/key.core/build/resources/main/de/uka/ilkd/key/java/JavaRedux/java/lang/String.key 
130134     INFO  Test worker     d.u.i.k.t.l.TacletProofObligationInput Proof obligation for taclet: jdivPulloutMinusNum 
131013     DEBUG Test worker     d.u.i.k.p.i.KeYFile       Reading KeY file tacletProofs/IntDiv/Taclet_jdivPulloutMinusNum.proof 
131015     DEBUG Test worker     d.u.i.k.p.i.KeYFile       Reading KeY file tacletProofs/IntDiv/Taclet_jdivPulloutMinusDenom.proof 
[...]
617217     INFO  Test worker     d.u.i.k.t.l.TacletProofObligationInput Proof obligation for taclet: seqDefOfSeq 
618093     DEBUG Test worker     d.u.i.k.p.i.KeYFile       Reading KeY file tacletProofs/seqRules/Taclet_seqDefOfSeq.proof 
618095     DEBUG Test worker     d.u.i.k.p.i.KeYFile       Reading KeY file tacletProofs/seqRules/Taclet_seqSelfDefinitionEQ2.proof 
618955     DEBUG Test worker     d.u.i.k.p.i.KeYFile       Reading KeY file file:/home/runner/work/key/key/key.core/build/resources/main/de/uka/ilkd/key/java/JavaRedux/java/lang/String.key 
620702     INFO  Test worker     d.u.i.k.t.l.TacletProofObligationInput Proof obligation for taclet: seqSelfDefinitionEQ2 
621550     DEBUG Test worker     d.u.i.k.p.i.KeYFile       Reading KeY file tacletProofs/seqRules/Taclet_seqSelfDefinitionEQ2.proof 
621551     DEBUG Test worker     d.u.i.k.p.i.KeYFile       Reading KeY file tacletProofs/seqRules/Taclet_indexOfSeqSingleton.proof 
622366     DEBUG Test worker     d.u.i.k.p.i.KeYFile       Reading KeY file file:/home/runner/work/key/key/key.core/build/resources/main/de/uka/ilkd/key/java/JavaRedux/java/lang/String.key 
624118     INFO  Test worker     d.u.i.k.t.l.TacletProofObligationInput Proof obligation for taclet: indexOfSeqSingleton 
624954     DEBUG Test worker     d.u.i.k.p.i.KeYFile       Reading KeY file tacletProofs/seqRules/Taclet_indexOfSeqSingleton.proof 
624955     DEBUG Test worker     d.u.i.k.p.i.KeYFile       Reading KeY file tacletProofs/seqRules/Taclet_indexOfSeqConcatFirst.proof 
625754     DEBUG Test worker     d.u.i.k.p.i.KeYFile       Reading KeY file file:/home/runner/work/key/key/key.core/build/resources/main/de/uka/ilkd/key/java/JavaRedux/java/lang/String.key 
627483     INFO  Test worker     d.u.i.k.t.l.TacletProofObligationInput Proof obligation for taclet: indexOfSeqConcatFirst 
628363     DEBUG Test worker     d.u.i.k.p.i.KeYFile       Reading KeY file tacletProofs/seqRules/Taclet_indexOfSeqConcatFirst.proof 
628364     DEBUG Test worker     d.u.i.k.p.i.KeYFile       Reading KeY file tacletProofs/seqRules/Taclet_indexOfSeqConcatSecond.proof 
629180     DEBUG Test worker     d.u.i.k.p.i.KeYFile       Reading KeY file file:/home/runner/work/key/key/key.core/build/resources/main/de/uka/ilkd/key/java/JavaRedux/java/lang/String.key 
630975     INFO  Test worker     d.u.i.k.t.l.TacletProofObligationInput Proof obligation for taclet: indexOfSeqConcatSecond 
631843     DEBUG Test worker     d.u.i.k.p.i.KeYFile       Reading KeY file tacletProofs/seqRules/Taclet_indexOfSeqConcatSecond.proof 
631844     DEBUG Test worker     d.u.i.k.p.i.KeYFile       Reading KeY file tacletProofs/seqRules/Taclet_indexOfSeqSub.proof 
632656     DEBUG Test worker     d.u.i.k.p.i.KeYFile       Reading KeY file file:/home/runner/work/key/key/key.core/build/resources/main/de/uka/ilkd/key/java/JavaRedux/java/lang/String.key 
634446     INFO  Test worker     d.u.i.k.t.l.TacletProofObligationInput Proof obligation for taclet: indexOfSeqSub 
635325     DEBUG Test worker     d.u.i.k.p.i.KeYFile       Reading KeY file tacletProofs/seqRules/Taclet_indexOfSeqSub.proof 
635327     DEBUG Test worker     d.u.i.k.p.i.KeYFile       Reading KeY file tacletProofs/seqRules/Taclet_lenOfArray2seq.proof 
636143     DEBUG Test worker     d.u.i.k.p.i.KeYFile       Reading KeY file file:/home/runner/work/key/key/key.core/build/resources/main/de/uka/ilkd/key/java/JavaRedux/java/lang/String.key 
637879     INFO  Test worker     d.u.i.k.t.l.TacletProofObligationInput Proof obligation for taclet: lenOfArray2seq 
638723     DEBUG Test worker     d.u.i.k.p.i.KeYFile       Reading KeY file tacletProofs/seqRules/Taclet_lenOfArray2seq.proof 
638724     DEBUG Test worker     d.u.i.k.p.i.KeYFile       Reading KeY file tacletProofs/seqRules/Taclet_getAnyOfArray2seq.proof 
639619     DEBUG Test worker     d.u.i.k.p.i.KeYFile       Reading KeY file file:/home/runner/work/key/key/key.core/build/resources/main/de/uka/ilkd/key/java/JavaRedux/java/lang/String.key 
641385     INFO  Test worker     d.u.i.k.t.l.TacletProofObligationInput Proof obligation for taclet: getAnyOfArray2seq 
642233     DEBUG Test worker     d.u.i.k.p.i.KeYFile       Reading KeY file tacletProofs/seqRules/Taclet_getAnyOfArray2seq.proof 
642234     DEBUG Test worker     d.u.i.k.p.i.KeYFile       Reading KeY file tacletProofs/seqRules/Taclet_getOfArray2seq.proof 
643102     DEBUG Test worker     d.u.i.k.p.i.KeYFile       Reading KeY file file:/home/runner/work/key/key/key.core/build/resources/main/de/uka/ilkd/key/java/JavaRedux/java/lang/String.key 
644881     INFO  Test worker     d.u.i.k.t.l.TacletProofObligationInput Proof obligation for taclet: getOfArray2seq 
645733     DEBUG Test worker     d.u.i.k.p.i.KeYFile       Reading KeY file tacletProofs/seqRules/Taclet_getOfArray2seq.proof 
645735     DEBUG Test worker     d.u.i.k.p.i.KeYFile       Reading KeY file tacletProofs/seqPerm/Taclet_getAnyOfNPermInv.proof 
646548     DEBUG Test worker     d.u.i.k.p.i.KeYFile       Reading KeY file file:/home/runner/work/key/key/key.core/build/resources/main/de/uka/ilkd/key/java/JavaRedux/java/lang/String.key 
648373     INFO  Test worker     d.u.i.k.t.l.TacletProofObligationInput Proof obligation for taclet: getAnyOfNPermInv 
649215     DEBUG Test worker     d.u.i.k.p.i.KeYFile       Reading KeY file tacletProofs/seqPerm/Taclet_getAnyOfNPermInv.proof 
649216     DEBUG Test worker     d.u.i.k.p.i.KeYFile       Reading KeY file tacletProofs/seqPerm/Taclet_seqNPermRange.proof 
650003     DEBUG Test worker     d.u.i.k.p.i.KeYFile       Reading KeY file file:/home/runner/work/key/key/key.core/build/resources/main/de/uka/ilkd/key/java/JavaRedux/java/lang/String.key 
651775     INFO  Test worker     d.u.i.k.t.l.TacletProofObligationInput Proof obligation for taclet: seqNPermRange 
652691     DEBUG Test worker     d.u.i.k.p.i.KeYFile       Reading KeY file tacletProofs/seqPerm/Taclet_seqNPermRange.proof 
652693     DEBUG Test worker     d.u.i.k.p.i.KeYFile       Reading KeY file tacletProofs/seqPerm/Taclet_seqPermTrans.proof 
653498     DEBUG Test worker     d.u.i.k.p.i.KeYFile       Reading KeY file file:/home/runner/work/key/key/key.core/build/resources/main/de/uka/ilkd/key/java/JavaRedux/java/lang/String.key 
655295     INFO  Test worker     d.u.i.k.t.l.TacletProofObligationInput Proof obligation for taclet: seqPermTrans 
656178     DEBUG Test worker     d.u.i.k.p.i.KeYFile       Reading KeY file tacletProofs/seqPerm/Taclet_seqPermTrans.proof 
656180     DEBUG Test worker     d.u.i.k.p.i.KeYFile       Reading KeY file tacletProofs/seqPerm/Taclet_seqPermRefl.proof 
656985     DEBUG Test worker     d.u.i.k.p.i.KeYFile       Reading KeY file file:/home/runner/work/key/key/key.core/build/resources/main/de/uka/ilkd/key/java/JavaRedux/java/lang/String.key 
658734     INFO  Test worker     d.u.i.k.t.l.TacletProofObligationInput Proof obligation for taclet: seqPermRefl 
659592     DEBUG Test worker     d.u.i.k.p.i.KeYFile       Reading KeY file tacletProofs/seqPerm/Taclet_seqPermRefl.proof 
659593     DEBUG Test worker     d.u.i.k.p.i.KeYFile       Reading KeY file tacletProofs/seqPerm/Taclet_seqPermSplit.proof 
660412     DEBUG Test worker     d.u.i.k.p.i.KeYFile       Reading KeY file file:/home/runner/work/key/key/key.core/build/resources/main/de/uka/ilkd/key/java/JavaRedux/java/lang/String.key 
662166     INFO  Test worker     d.u.i.k.t.l.TacletProofObligationInput Proof obligation for taclet: seqPermSplit 
663003     DEBUG Test worker     d.u.i.k.p.i.KeYFile       Reading KeY file tacletProofs/seqPerm/Taclet_seqPermSplit.proof 
663004     DEBUG Test worker     d.u.i.k.p.i.KeYFile       Reading KeY file tacletProofs/seqRules/Taclet_seqNPermRight.proof 
663858     DEBUG Test worker     d.u.i.k.p.i.KeYFile       Reading KeY file file:/home/runner/work/key/key/key.core/build/resources/main/de/uka/ilkd/key/java/JavaRedux/java/lang/String.key 
665620     INFO  Test worker     d.u.i.k.t.l.TacletProofObligationInput Proof obligation for taclet: seqNPermRight 
666763     DEBUG Test worker     d.u.i.k.p.i.KeYFile       Reading KeY file tacletProofs/seqRules/Taclet_seqNPermRight.proof 
666766     DEBUG Test worker     d.u.i.k.p.i.KeYFile       Reading KeY file tacletProofs/seqPerm/Taclet_seqPermFromSwap.proof 
667568     DEBUG Test worker     d.u.i.k.p.i.KeYFile       Reading KeY file file:/home/runner/work/key/key/key.core/build/resources/main/de/uka/ilkd/key/java/JavaRedux/java/lang/String.key 
669334     INFO  Test worker     d.u.i.k.t.l.TacletProofObligationInput Proof obligation for taclet: seqPermFromSwap 
670272     DEBUG Test worker     d.u.i.k.p.i.KeYFile       Reading KeY file tacletProofs/seqPerm/Taclet_seqPermFromSwap.proof 
670273     DEBUG Test worker     d.u.i.k.p.i.KeYFile       Reading KeY file tacletProofs/seqPerm/Taclet_seqPermTransAlt0.proof 
671124     DEBUG Test worker     d.u.i.k.p.i.KeYFile       Reading KeY file file:/home/runner/work/key/key/key.core/build/resources/main/de/uka/ilkd/key/java/JavaRedux/java/lang/String.key 
672910     INFO  Test worker     d.u.i.k.t.l.TacletProofObligationInput Proof obligation for taclet: seqPermTransAlt0 
673759     DEBUG Test worker     d.u.i.k.p.i.KeYFile       Reading KeY file tacletProofs/seqPerm/Taclet_seqPermTransAlt0.proof 
673760     DEBUG Test worker     d.u.i.k.p.i.KeYFile       Reading KeY file tacletProofs/seqPerm/Taclet_seqPermTransAlt1.proof 
674569     DEBUG Test worker     d.u.i.k.p.i.KeYFile       Reading KeY file file:/home/runner/work/key/key/key.core/build/resources/main/de/uka/ilkd/key/java/JavaRedux/java/lang/String.key 
676318     INFO  Test worker     d.u.i.k.t.l.TacletProofObligationInput Proof obligation for taclet: seqPermTransAlt1 
677170     DEBUG Test worker     d.u.i.k.p.i.KeYFile       Reading KeY file tacletProofs/seqPerm/Taclet_seqPermTransAlt1.proof 
677172     DEBUG Test worker     d.u.i.k.p.i.KeYFile       Reading KeY file tacletProofs/seqPerm/Taclet_seqPermTransAlt2.proof 
677970     DEBUG Test worker     d.u.i.k.p.i.KeYFile       Reading KeY file file:/home/runner/work/key/key/key.core/build/resources/main/de/uka/ilkd/key/java/JavaRedux/java/lang/String.key 
679725     INFO  Test worker     d.u.i.k.t.l.TacletProofObligationInput Proof obligation for taclet: seqPermTransAlt2 
680563     DEBUG Test worker     d.u.i.k.p.i.KeYFile       Reading KeY file tacletProofs/seqPerm/Taclet_seqPermTransAlt2.proof 
680564     DEBUG Test worker     d.u.i.k.p.i.KeYFile       Reading KeY file tacletProofs/seqPerm/Taclet_seqPermTransAlt3.proof 
681373     DEBUG Test worker     d.u.i.k.p.i.KeYFile       Reading KeY file file:/home/runner/work/key/key/key.core/build/resources/main/de/uka/ilkd/key/java/JavaRedux/java/lang/String.key 
683112     INFO  Test worker     d.u.i.k.t.l.TacletProofObligationInput Proof obligation for taclet: seqPermTransAlt3 
683950     DEBUG Test worker     d.u.i.k.p.i.KeYFile       Reading KeY file tacletProofs/seqPerm/Taclet_seqPermTransAlt3.proof 
683951     DEBUG Test worker     d.u.i.k.p.i.KeYFile       Reading KeY file tacletProofs/seqPerm/Taclet_seqPermForall.proof 
684755     DEBUG Test worker     d.u.i.k.p.i.KeYFile       Reading KeY file file:/home/runner/work/key/key/key.core/build/resources/main/de/uka/ilkd/key/java/JavaRedux/java/lang/String.key 
686511     INFO  Test worker     d.u.i.k.t.l.TacletProofObligationInput Proof obligation for taclet: seqPermForall 
687451     DEBUG Test worker     d.u.i.k.p.i.KeYFile       Reading KeY file tacletProofs/seqPerm/Taclet_seqPermForall.proof 
687453     DEBUG Test worker     d.u.i.k.p.i.KeYFile       Reading KeY file tacletProofs/seqPerm/Taclet_seqPermExists.proof 
688284     DEBUG Test worker     d.u.i.k.p.i.KeYFile       Reading KeY file file:/home/runner/work/key/key/key.core/build/resources/main/de/uka/ilkd/key/java/JavaRedux/java/lang/String.key 
690115     INFO  Test worker     d.u.i.k.t.l.TacletProofObligationInput Proof obligation for taclet: seqPermExists 
690998     DEBUG Test worker     d.u.i.k.p.i.KeYFile       Reading KeY file tacletProofs/seqPerm/Taclet_seqPermExists.proof 
691000     DEBUG Test worker     d.u.i.k.p.i.KeYFile       Reading KeY file tacletProofs/seqPerm2/Taclet_schiffl_lemma_2.proof 
691816     DEBUG Test worker     d.u.i.k.s.TermLabelSettings TermLabelSettings: Failure while reading the setting "UseOriginLabels".Using the default value: true.The string read was: null 
691817     DEBUG Test worker     d.u.i.k.p.i.KeYFile       Reading KeY file file:/home/runner/work/key/key/key.core/build/resources/main/de/uka/ilkd/key/java/JavaRedux/java/lang/String.key 
693584     INFO  Test worker     d.u.i.k.t.l.TacletProofObligationInput Proof obligation for taclet: schiffl_lemma_2 
694423     DEBUG Test worker     d.u.i.k.p.i.KeYFile       Reading KeY file tacletProofs/seqPerm2/Taclet_schiffl_lemma_2.proof 
694453     DEBUG Test worker     d.u.i.k.m.s.ProofScriptEngine 1: 'macro split-prop' 
694502     DEBUG Test worker     d.u.i.k.m.s.ProofScriptEngine 2: 'rule allRight' 
694517     DEBUG Test worker     d.u.i.k.m.s.ProofScriptEngine 3: 'rule allRight' 
694524     DEBUG Test worker     d.u.i.k.m.s.ProofScriptEngine 4: 'macro split-prop' 
694526     WARN  Test worker     d.u.i.k.p.i.ApplyStrategy doWork exception de.uka.ilkd.key.util.AssertionFailure: 
Assertion failure: Formula Term subterm: [0,1,0,1,1] of all{v_y:int}(imp(and(and(and(and(and(equals(any::seqGet(f_s,v_x_0),any::seqGet(f_t,v_x_0)),equals(any::seqGet(f_s,v_y),any::seqGet(f_t,v_y))),leq(Z(0(#)),v_x_0)),lt(v_x_0,seqLen(f_s))),leq(Z(0(#)),v_y)),lt(v_y,seqLen(f_s))),exists{v_r:Seq}(and(and(and(and(equals(seqLen(v_r),seqLen(f_s)),seqNPerm(v_r)),all{v_iv:int}(imp(and(leq(Z(0(#)),v_iv),lt(v_iv,seqLen(f_s))),equals(any::seqGet(f_s,v_iv),any::seqGet(f_t,int::seqGet(v_r,v_iv)))))),equals(int::seqGet(v_r,v_x_0),v_x_0)),equals(int::seqGet(v_r,v_y),v_y))))) does not exist
	at de.uka.ilkd.key.util.Debug.fail(Debug.java:105)

694527     DEBUG Test worker     d.u.i.k.m.s.ProofScriptEngine 5: 'rule 'seqPermDefLeft'' 
694535     DEBUG Test worker     d.u.i.k.m.s.ProofScriptEngine 6: 'rule 'andLeft'' 
694537     DEBUG Test worker     d.u.i.k.m.s.ProofScriptEngine 7: 'rule 'exLeft'' 
694538     DEBUG Test worker     d.u.i.k.m.s.ProofScriptEngine 8: 'macro split-prop' 
694539     WARN  Test worker     d.u.i.k.p.i.ApplyStrategy doWork exception de.uka.ilkd.key.util.AssertionFailure: 
Assertion failure: Formula Term subterm: [0,1,0,1,1,1,1] of exists{s:Seq}(and(and(equals(seqLen(s),seqLen(f_s)),seqNPerm(s)),all{iv:int}(imp(and(leq(Z(0(#)),iv),lt(iv,seqLen(s))),equals(any::seqGet(f_s,iv),any::seqGet(f_t,int::seqGet(s,iv))))))) does not exist
	at de.uka.ilkd.key.util.Debug.fail(Debug.java:105)

694541     DEBUG Test worker     d.u.i.k.m.s.ProofScriptEngine 9: 'rule  seqNPermRange' 
694543     DEBUG Test worker     d.u.i.k.m.s.ProofScriptEngine GOALS: 1 
694544     DEBUG Test worker     d.u.i.k.m.s.ProofScriptEngine [equals(seqLen(f_s),seqLen(f_t)),and(and(equals(seqLen(s_0),seqLen(f_s)),seqNPerm(s_0)),all{iv:int}(imp(and(leq(Z(0(#)),iv),lt(iv,seqLen(s_0))),equals(any::seqGet(f_s,iv),any::seqGet(f_t,int::seqGet(s_0,iv)))))),seqPerm(f_s,f_t)]==>[imp(and(and(and(and(and(equals(any::seqGet(f_s,v_x_0),any::seqGet(f_t,v_x_0)),equals(any::seqGet(f_s,v_y_0),any::seqGet(f_t,v_y_0))),leq(Z(0(#)),v_x_0)),lt(v_x_0,seqLen(f_s))),leq(Z(0(#)),v_y_0)),lt(v_y_0,seqLen(f_s))),exists{v_r:Seq}(and(and(and(and(equals(seqLen(v_r),seqLen(f_s)),seqNPerm(v_r)),all{v_iv:int}(imp(and(leq(Z(0(#)),v_iv),lt(v_iv,seqLen(f_s))),equals(any::seqGet(f_s,v_iv),any::seqGet(f_t,int::seqGet(v_r,v_iv)))))),equals(int::seqGet(v_r,v_x_0),v_x_0)),equals(int::seqGet(v_r,v_y_0),v_y_0))))] 
694558     DEBUG Test worker     d.u.i.k.p.i.KeYFile       Reading KeY file tacletProofs/seqPerm2/Taclet_schiffl_thm_1.proof 
695478     DEBUG Test worker     d.u.i.k.s.TermLabelSettings TermLabelSettings: Failure while reading the setting "UseOriginLabels".Using the default value: true.The string read was: null 
695479     DEBUG Test worker     d.u.i.k.p.i.KeYFile       Reading KeY file file:/home/runner/work/key/key/key.core/build/resources/main/de/uka/ilkd/key/java/JavaRedux/java/lang/String.key 
697231     INFO  Test worker     d.u.i.k.t.l.TacletProofObligationInput Proof obligation for taclet: schiffl_thm_1 
698109     DEBUG Test worker     d.u.i.k.p.i.KeYFile       Reading KeY file tacletProofs/seqPerm2/Taclet_schiffl_thm_1.proof 
698110     DEBUG Test worker     d.u.i.k.m.s.ProofScriptEngine 1: 'macro split-prop' 
698119     DEBUG Test worker     d.u.i.k.m.s.ProofScriptEngine 2: 'rule schiffl_lemma_2 formula='seqPerm(f_s, f_t)'' 
698133     DEBUG Test worker     d.u.i.k.m.s.ProofScriptEngine 3: 'instantiate hide var=x with='f_x'' 
698139     DEBUG Test worker     d.u.i.k.m.s.ProofScriptEngine 4: 'instantiate hide var=y with='f_y'' 
698142     DEBUG Test worker     d.u.i.k.m.s.ProofScriptEngine 5: 'rule impLeft' 
698147     DEBUG Test worker     d.u.i.k.m.s.ProofScriptEngine 6: 'tryclose branch' 
698148     WARN  Test worker     d.u.i.k.p.i.ApplyStrategy doWork exception de.uka.ilkd.key.util.AssertionFailure: 
Assertion failure: Formula Term subterm: [1,0,1,1] of imp(and(and(and(and(and(equals(any::seqGet(f_s,f_x),any::seqGet(f_t,f_x)),equals(any::seqGet(f_s,f_y),any::seqGet(f_t,f_y))),leq(Z(0(#)),f_x)),lt(f_x,seqLen(f_s))),leq(Z(0(#)),f_y)),lt(f_y,seqLen(f_s))),exists{r:Seq}(and(and(and(and(equals(seqLen(r),seqLen(f_s)),seqNPerm(r)),all{iv:int}(imp(and(leq(Z(0(#)),iv),lt(iv,seqLen(f_s))),equals(any::seqGet(f_s,iv),any::seqGet(f_t,int::seqGet(r,iv)))))),equals(int::seqGet(r,f_x),f_x)),equals(int::seqGet(r,f_y),f_y)))) does not exist
	at de.uka.ilkd.key.util.Debug.fail(Debug.java:105)

698150     DEBUG Test worker     d.u.i.k.m.s.ProofScriptEngine 7: 'rule exLeft' 
698163     DEBUG Test worker     d.u.i.k.m.s.ProofScriptEngine GOALS: 2 
698163     DEBUG Test worker     d.u.i.k.m.s.ProofScriptEngine [equals(any::seqGet(f_s,f_x),any::seqGet(f_t,f_x)),equals(any::seqGet(f_s,f_y),any::seqGet(f_t,f_y)),leq(Z(0(#)),f_x),lt(f_x,seqLen(f_s)),leq(Z(0(#)),f_y),lt(f_y,seqLen(f_s)),seqPerm(f_s,f_t)]==>[and(and(and(and(and(equals(any::seqGet(f_s,f_x),any::seqGet(f_t,f_x)),equals(any::seqGet(f_s,f_y),any::seqGet(f_t,f_y))),leq(Z(0(#)),f_x)),lt(f_x,seqLen(f_s))),leq(Z(0(#)),f_y)),lt(f_y,seqLen(f_s))),seqPerm(seqDef{v_idx:int}(Z(0(#)),seqLen(f_s),if-then-else(equals(v_idx,f_y),f_b,if-then-else(equals(v_idx,f_x),f_a,any::seqGet(f_s,v_idx)))),seqDef{v_idx:int}(Z(0(#)),seqLen(f_s),if-then-else(equals(v_idx,f_y),f_b,if-then-else(equals(v_idx,f_x),f_a,any::seqGet(f_t,v_idx)))))] 
698163     DEBUG Test worker     d.u.i.k.m.s.ProofScriptEngine [equals(any::seqGet(f_s,f_x),any::seqGet(f_t,f_x)),equals(any::seqGet(f_s,f_y),any::seqGet(f_t,f_y)),leq(Z(0(#)),f_x),lt(f_x,seqLen(f_s)),leq(Z(0(#)),f_y),lt(f_y,seqLen(f_s)),exists{r:Seq}(and(and(and(and(equals(seqLen(r),seqLen(f_s)),seqNPerm(r)),all{iv:int}(imp(and(leq(Z(0(#)),iv),lt(iv,seqLen(f_s))),equals(any::seqGet(f_s,iv),any::seqGet(f_t,int::seqGet(r,iv)))))),equals(int::seqGet(r,f_x),f_x)),equals(int::seqGet(r,f_y),f_y))),seqPerm(f_s,f_t)]==>[seqPerm(seqDef{v_idx:int}(Z(0(#)),seqLen(f_s),if-then-else(equals(v_idx,f_y),f_b,if-then-else(equals(v_idx,f_x),f_a,any::seqGet(f_s,v_idx)))),seqDef{v_idx:int}(Z(0(#)),seqLen(f_s),if-then-else(equals(v_idx,f_y),f_b,if-then-else(equals(v_idx,f_x),f_a,any::seqGet(f_t,v_idx)))))] 
698185     DEBUG Test worker     d.u.i.k.p.i.KeYFile       Reading KeY file tacletProofs/seqRules/Taclet_eqSameSeq.proof 
699002     DEBUG Test worker     d.u.i.k.p.i.KeYFile       Reading KeY file file:/home/runner/work/key/key/key.core/build/resources/main/de/uka/ilkd/key/java/JavaRedux/java/lang/String.key 
700787     INFO  Test worker     d.u.i.k.t.l.TacletProofObligationInput Proof obligation for taclet: eqSameSeq 
701734     DEBUG Test worker     d.u.i.k.p.i.KeYFile       Reading KeY file tacletProofs/seqRules/Taclet_eqSameSeq.proof 
]]></system-out>
  <system-err><![CDATA[]]></system-err>
</testsuite>
