<?xml version="1.0" encoding="UTF-8"?>
<testsuite name="de.uka.ilkd.key.proof.proverules.ProveRulesTest" tests="198" skipped="0" failures="1" errors="0" timestamp="2023-04-19T10:41:10" hostname="fv-az577-668" time="810.964">
  <properties/>
  <testcase name="eqTermCut" classname="de.uka.ilkd.key.proof.proverules.ProveRulesTest" time="5.138"/>
  <testcase name="equivAllRight" classname="de.uka.ilkd.key.proof.proverules.ProveRulesTest" time="4.703"/>
  <testcase name="irrflConcrete1" classname="de.uka.ilkd.key.proof.proverules.ProveRulesTest" time="4.576"/>
  <testcase name="irrflConcrete2" classname="de.uka.ilkd.key.proof.proverules.ProveRulesTest" time="4.459"/>
  <testcase name="cancel_gtPos" classname="de.uka.ilkd.key.proof.proverules.ProveRulesTest" time="4.313"/>
  <testcase name="cancel_gtNeg" classname="de.uka.ilkd.key.proof.proverules.ProveRulesTest" time="4.302"/>
  <testcase name="moduloIntIsInInt" classname="de.uka.ilkd.key.proof.proverules.ProveRulesTest" time="4.321"/>
  <testcase name="moduloLongIsInLong" classname="de.uka.ilkd.key.proof.proverules.ProveRulesTest" time="4.2"/>
  <testcase name="moduloShortIsInShort" classname="de.uka.ilkd.key.proof.proverules.ProveRulesTest" time="4.226"/>
  <testcase name="moduloByteIsInByte" classname="de.uka.ilkd.key.proof.proverules.ProveRulesTest" time="4.063"/>
  <testcase name="moduloCharIsInChar" classname="de.uka.ilkd.key.proof.proverules.ProveRulesTest" time="4.324"/>
  <testcase name="div_unique1" classname="de.uka.ilkd.key.proof.proverules.ProveRulesTest" time="4.247"/>
  <testcase name="div_unique2" classname="de.uka.ilkd.key.proof.proverules.ProveRulesTest" time="4.204"/>
  <testcase name="div_exists" classname="de.uka.ilkd.key.proof.proverules.ProveRulesTest" time="4.326"/>
  <testcase name="div_one" classname="de.uka.ilkd.key.proof.proverules.ProveRulesTest" time="4.109"/>
  <testcase name="jdiv_one" classname="de.uka.ilkd.key.proof.proverules.ProveRulesTest" time="4.194"/>
  <testcase name="div_zero" classname="de.uka.ilkd.key.proof.proverules.ProveRulesTest" time="4.161"/>
  <testcase name="divResZero1" classname="de.uka.ilkd.key.proof.proverules.ProveRulesTest" time="4.237"/>
  <testcase name="divResZero2" classname="de.uka.ilkd.key.proof.proverules.ProveRulesTest" time="4.174"/>
  <testcase name="divResOne1" classname="de.uka.ilkd.key.proof.proverules.ProveRulesTest" time="4.12"/>
  <testcase name="divResOne2" classname="de.uka.ilkd.key.proof.proverules.ProveRulesTest" time="4.084"/>
  <testcase name="div_cancel1" classname="de.uka.ilkd.key.proof.proverules.ProveRulesTest" time="4.117"/>
  <testcase name="div_cancel2" classname="de.uka.ilkd.key.proof.proverules.ProveRulesTest" time="4.142"/>
  <testcase name="divAddMultDenom" classname="de.uka.ilkd.key.proof.proverules.ProveRulesTest" time="4.199"/>
  <testcase name="divMinus" classname="de.uka.ilkd.key.proof.proverules.ProveRulesTest" time="4.311"/>
  <testcase name="divMinusDenom" classname="de.uka.ilkd.key.proof.proverules.ProveRulesTest" time="4.189"/>
  <testcase name="divLeastDPos" classname="de.uka.ilkd.key.proof.proverules.ProveRulesTest" time="4.002"/>
  <testcase name="divLeastDNeg" classname="de.uka.ilkd.key.proof.proverules.ProveRulesTest" time="4.049"/>
  <testcase name="divGreatestDPos" classname="de.uka.ilkd.key.proof.proverules.ProveRulesTest" time="4.015"/>
  <testcase name="divGreatestDNeg" classname="de.uka.ilkd.key.proof.proverules.ProveRulesTest" time="4.061"/>
  <testcase name="divIncreasingPos" classname="de.uka.ilkd.key.proof.proverules.ProveRulesTest" time="4.113"/>
  <testcase name="divIncreasingNeg" classname="de.uka.ilkd.key.proof.proverules.ProveRulesTest" time="4.146"/>
  <testcase name="jdiv_zero" classname="de.uka.ilkd.key.proof.proverules.ProveRulesTest" time="4.039"/>
  <testcase name="jdivPulloutMinusNum" classname="de.uka.ilkd.key.proof.proverules.ProveRulesTest" time="4.108"/>
  <testcase name="jdivPulloutMinusDenom" classname="de.uka.ilkd.key.proof.proverules.ProveRulesTest" time="4.131"/>
  <testcase name="jdiv_uniquePosPos" classname="de.uka.ilkd.key.proof.proverules.ProveRulesTest" time="4.131"/>
  <testcase name="jdiv_uniquePosNeg" classname="de.uka.ilkd.key.proof.proverules.ProveRulesTest" time="4.007"/>
  <testcase name="jdiv_uniqueNegPos" classname="de.uka.ilkd.key.proof.proverules.ProveRulesTest" time="4.006"/>
  <testcase name="jdiv_uniqueNegNeg" classname="de.uka.ilkd.key.proof.proverules.ProveRulesTest" time="3.951"/>
  <testcase name="jdivMultDenom1" classname="de.uka.ilkd.key.proof.proverules.ProveRulesTest" time="3.992"/>
  <testcase name="jdivMultDenom2" classname="de.uka.ilkd.key.proof.proverules.ProveRulesTest" time="3.939"/>
  <testcase name="mod_geZero" classname="de.uka.ilkd.key.proof.proverules.ProveRulesTest" time="4.001"/>
  <testcase name="mod_lessDenom" classname="de.uka.ilkd.key.proof.proverules.ProveRulesTest" time="4.032"/>
  <testcase name="jmod_NumPos" classname="de.uka.ilkd.key.proof.proverules.ProveRulesTest" time="3.899"/>
  <testcase name="jmod_NumNeg" classname="de.uka.ilkd.key.proof.proverules.ProveRulesTest" time="3.974"/>
  <testcase name="jmod_geZero" classname="de.uka.ilkd.key.proof.proverules.ProveRulesTest" time="3.953"/>
  <testcase name="jmodNumZero" classname="de.uka.ilkd.key.proof.proverules.ProveRulesTest" time="3.97"/>
  <testcase name="jmod_pulloutminusNum" classname="de.uka.ilkd.key.proof.proverules.ProveRulesTest" time="4.014"/>
  <testcase name="jmod_pulloutminusDenom" classname="de.uka.ilkd.key.proof.proverules.ProveRulesTest" time="4.035"/>
  <testcase name="jmodUnique1" classname="de.uka.ilkd.key.proof.proverules.ProveRulesTest" time="4.059"/>
  <testcase name="jmodUnique2" classname="de.uka.ilkd.key.proof.proverules.ProveRulesTest" time="4.153"/>
  <testcase name="intDivRem" classname="de.uka.ilkd.key.proof.proverules.ProveRulesTest" time="3.884"/>
  <testcase name="jmodjmod" classname="de.uka.ilkd.key.proof.proverules.ProveRulesTest" time="4.056"/>
  <testcase name="jmodDivisible" classname="de.uka.ilkd.key.proof.proverules.ProveRulesTest" time="4.111"/>
  <testcase name="jmodDivisibleRep" classname="de.uka.ilkd.key.proof.proverules.ProveRulesTest" time="3.995"/>
  <testcase name="jdivAddMultDenom" classname="de.uka.ilkd.key.proof.proverules.ProveRulesTest" time="4.127"/>
  <testcase name="jmodAltZero" classname="de.uka.ilkd.key.proof.proverules.ProveRulesTest" time="4.026"/>
  <testcase name="jmodAddMultDenomZero" classname="de.uka.ilkd.key.proof.proverules.ProveRulesTest" time="4.076"/>
  <testcase name="polyDiv_zero" classname="de.uka.ilkd.key.proof.proverules.ProveRulesTest" time="4.013"/>
  <testcase name="polyMod_ltdivDenom" classname="de.uka.ilkd.key.proof.proverules.ProveRulesTest" time="3.945"/>
  <testcase name="bsum_empty" classname="de.uka.ilkd.key.proof.proverules.ProveRulesTest" time="3.914"/>
  <testcase name="bsum_induction_upper" classname="de.uka.ilkd.key.proof.proverules.ProveRulesTest" time="3.995"/>
  <testcase name="bsum_induction_lower" classname="de.uka.ilkd.key.proof.proverules.ProveRulesTest" time="3.939"/>
  <testcase name="bsum_num_of_bounds" classname="de.uka.ilkd.key.proof.proverules.ProveRulesTest" time="4.002"/>
  <testcase name="bsum_num_of_bounds2" classname="de.uka.ilkd.key.proof.proverules.ProveRulesTest" time="3.984"/>
  <testcase name="bsum_induction_upper2" classname="de.uka.ilkd.key.proof.proverules.ProveRulesTest" time="4.009"/>
  <testcase name="bsum_induction_upper_concrete" classname="de.uka.ilkd.key.proof.proverules.ProveRulesTest" time="3.897"/>
  <testcase name="bsum_induction_upper_concrete_2" classname="de.uka.ilkd.key.proof.proverules.ProveRulesTest" time="3.902"/>
  <testcase name="bsum_induction_upper2_concrete" classname="de.uka.ilkd.key.proof.proverules.ProveRulesTest" time="3.872"/>
  <testcase name="bsum_induction_lower_concrete" classname="de.uka.ilkd.key.proof.proverules.ProveRulesTest" time="3.985"/>
  <testcase name="bsum_induction_lower2" classname="de.uka.ilkd.key.proof.proverules.ProveRulesTest" time="3.92"/>
  <testcase name="bsum_induction_lower2_concrete" classname="de.uka.ilkd.key.proof.proverules.ProveRulesTest" time="4.003"/>
  <testcase name="bsum_positive" classname="de.uka.ilkd.key.proof.proverules.ProveRulesTest" time="4.021"/>
  <testcase name="bsum_upper_bound" classname="de.uka.ilkd.key.proof.proverules.ProveRulesTest" time="4.098"/>
  <testcase name="bsum_lower_bound" classname="de.uka.ilkd.key.proof.proverules.ProveRulesTest" time="4.069"/>
  <testcase name="bsum_positive_lower_bound_element" classname="de.uka.ilkd.key.proof.proverules.ProveRulesTest" time="4.083"/>
  <testcase name="bsum_sub_same_index" classname="de.uka.ilkd.key.proof.proverules.ProveRulesTest" time="4.04"/>
  <testcase name="bsum_less_same_index" classname="de.uka.ilkd.key.proof.proverules.ProveRulesTest" time="4.039"/>
  <testcase name="bsum_equal_except_one_index" classname="de.uka.ilkd.key.proof.proverules.ProveRulesTest" time="3.996"/>
  <testcase name="bsum_num_of_is_max" classname="de.uka.ilkd.key.proof.proverules.ProveRulesTest" time="4.014"/>
  <testcase name="bsum_num_of_is_max2" classname="de.uka.ilkd.key.proof.proverules.ProveRulesTest" time="4.036"/>
  <testcase name="bsum_num_of_is_max3" classname="de.uka.ilkd.key.proof.proverules.ProveRulesTest" time="3.958"/>
  <testcase name="bsum_num_of_is_max4" classname="de.uka.ilkd.key.proof.proverules.ProveRulesTest" time="3.905"/>
  <testcase name="bsum_num_of_lt_max" classname="de.uka.ilkd.key.proof.proverules.ProveRulesTest" time="4.073"/>
  <testcase name="bsum_num_of_lt_max2" classname="de.uka.ilkd.key.proof.proverules.ProveRulesTest" time="3.971"/>
  <testcase name="bsum_num_of_lt_max3" classname="de.uka.ilkd.key.proof.proverules.ProveRulesTest" time="3.977"/>
  <testcase name="bsum_num_of_lt_max4" classname="de.uka.ilkd.key.proof.proverules.ProveRulesTest" time="4.002"/>
  <testcase name="bsum_num_of_gt0" classname="de.uka.ilkd.key.proof.proverules.ProveRulesTest" time="4.013"/>
  <testcase name="bsum_num_of_gt0_alt" classname="de.uka.ilkd.key.proof.proverules.ProveRulesTest" time="4.117"/>
  <testcase name="bsum_add_concrete" classname="de.uka.ilkd.key.proof.proverules.ProveRulesTest" time="4.016"/>
  <testcase name="bprod_all_positive" classname="de.uka.ilkd.key.proof.proverules.ProveRulesTest" time="4.042"/>
  <testcase name="bprod_split" classname="de.uka.ilkd.key.proof.proverules.ProveRulesTest" time="4.044"/>
  <testcase name="powConcrete0" classname="de.uka.ilkd.key.proof.proverules.ProveRulesTest" time="4.055"/>
  <testcase name="powConcrete1" classname="de.uka.ilkd.key.proof.proverules.ProveRulesTest" time="3.984"/>
  <testcase name="powSplitFactor" classname="de.uka.ilkd.key.proof.proverules.ProveRulesTest" time="4.036"/>
  <testcase name="powAdd" classname="de.uka.ilkd.key.proof.proverules.ProveRulesTest" time="4.037"/>
  <testcase name="powMono" classname="de.uka.ilkd.key.proof.proverules.ProveRulesTest" time="4.058"/>
  <testcase name="powMonoConcrete" classname="de.uka.ilkd.key.proof.proverules.ProveRulesTest" time="4.027"/>
  <testcase name="powMonoConcreteRight" classname="de.uka.ilkd.key.proof.proverules.ProveRulesTest" time="4.105"/>
  <testcase name="powPositive" classname="de.uka.ilkd.key.proof.proverules.ProveRulesTest" time="3.982"/>
  <testcase name="powPositiveConcrete" classname="de.uka.ilkd.key.proof.proverules.ProveRulesTest" time="3.971"/>
  <testcase name="powGeq1Concrete" classname="de.uka.ilkd.key.proof.proverules.ProveRulesTest" time="4.042"/>
  <testcase name="pow2InIntLower" classname="de.uka.ilkd.key.proof.proverules.ProveRulesTest" time="4.129"/>
  <testcase name="pow2InIntUpper" classname="de.uka.ilkd.key.proof.proverules.ProveRulesTest" time="4.012"/>
  <testcase name="logSelfConcrete" classname="de.uka.ilkd.key.proof.proverules.ProveRulesTest" time="4.149"/>
  <testcase name="log1Concrete" classname="de.uka.ilkd.key.proof.proverules.ProveRulesTest" time="4.006"/>
  <testcase name="logProduct" classname="de.uka.ilkd.key.proof.proverules.ProveRulesTest" time="3.968"/>
  <testcase name="logTimesBaseConcrete" classname="de.uka.ilkd.key.proof.proverules.ProveRulesTest" time="3.971"/>
  <testcase name="logProdIdentity" classname="de.uka.ilkd.key.proof.proverules.ProveRulesTest" time="4.152"/>
  <testcase name="logProdIdentityConcrete" classname="de.uka.ilkd.key.proof.proverules.ProveRulesTest" time="4.226"/>
  <testcase name="logPowIdentity" classname="de.uka.ilkd.key.proof.proverules.ProveRulesTest" time="4.147"/>
  <testcase name="logPowIdentityConcrete" classname="de.uka.ilkd.key.proof.proverules.ProveRulesTest" time="4.076"/>
  <testcase name="logPositive" classname="de.uka.ilkd.key.proof.proverules.ProveRulesTest" time="4.015"/>
  <testcase name="logPositiveConcrete" classname="de.uka.ilkd.key.proof.proverules.ProveRulesTest" time="3.956"/>
  <testcase name="logMono" classname="de.uka.ilkd.key.proof.proverules.ProveRulesTest" time="3.995"/>
  <testcase name="logMonoConcrete" classname="de.uka.ilkd.key.proof.proverules.ProveRulesTest" time="3.979"/>
  <testcase name="powLogLess" classname="de.uka.ilkd.key.proof.proverules.ProveRulesTest" time="3.978"/>
  <testcase name="powLogMore2" classname="de.uka.ilkd.key.proof.proverules.ProveRulesTest" time="3.999"/>
  <testcase name="logLessThanPow" classname="de.uka.ilkd.key.proof.proverules.ProveRulesTest" time="3.974"/>
  <testcase name="logLessThanPowConcrete" classname="de.uka.ilkd.key.proof.proverules.ProveRulesTest" time="3.993"/>
  <testcase name="logSqueeze" classname="de.uka.ilkd.key.proof.proverules.ProveRulesTest" time="3.885"/>
  <testcase name="ifthenelse_equals" classname="de.uka.ilkd.key.proof.proverules.ProveRulesTest" time="4.004"/>
  <testcase name="ifthenelse_equals_1" classname="de.uka.ilkd.key.proof.proverules.ProveRulesTest" time="3.922"/>
  <testcase name="ifthenelse_equals_2" classname="de.uka.ilkd.key.proof.proverules.ProveRulesTest" time="3.952"/>
  <testcase name="disjointWithSingleton1" classname="de.uka.ilkd.key.proof.proverules.ProveRulesTest" time="4.031"/>
  <testcase name="disjointWithSingleton2" classname="de.uka.ilkd.key.proof.proverules.ProveRulesTest" time="4.112"/>
  <testcase name="disjointArrayRanges" classname="de.uka.ilkd.key.proof.proverules.ProveRulesTest" time="4.017"/>
  <testcase name="disjointArrayRangeAllFields1" classname="de.uka.ilkd.key.proof.proverules.ProveRulesTest" time="3.985"/>
  <testcase name="disjointArrayRangeAllFields2" classname="de.uka.ilkd.key.proof.proverules.ProveRulesTest" time="3.951"/>
  <testcase name="seqSelfDefinition" classname="de.uka.ilkd.key.proof.proverules.ProveRulesTest" time="4.036"/>
  <testcase name="seqOutsideValue" classname="de.uka.ilkd.key.proof.proverules.ProveRulesTest" time="3.987"/>
  <testcase name="castedGetAny" classname="de.uka.ilkd.key.proof.proverules.ProveRulesTest" time="3.933"/>
  <testcase name="seqGetAlphaCast" classname="de.uka.ilkd.key.proof.proverules.ProveRulesTest" time="3.996"/>
  <testcase name="getOfSeqSingleton" classname="de.uka.ilkd.key.proof.proverules.ProveRulesTest" time="3.922"/>
  <testcase name="getOfSeqSingletonConcrete" classname="de.uka.ilkd.key.proof.proverules.ProveRulesTest" time="3.942"/>
  <testcase name="getOfSeqConcat" classname="de.uka.ilkd.key.proof.proverules.ProveRulesTest" time="3.982"/>
  <testcase name="getOfSeqSub" classname="de.uka.ilkd.key.proof.proverules.ProveRulesTest" time="3.921"/>
  <testcase name="getOfSeqReverse" classname="de.uka.ilkd.key.proof.proverules.ProveRulesTest" time="3.962"/>
  <testcase name="lenOfSeqEmpty" classname="de.uka.ilkd.key.proof.proverules.ProveRulesTest" time="4.032"/>
  <testcase name="lenOfSeqSingleton" classname="de.uka.ilkd.key.proof.proverules.ProveRulesTest" time="3.884"/>
  <testcase name="lenOfSeqConcat" classname="de.uka.ilkd.key.proof.proverules.ProveRulesTest" time="3.943"/>
  <testcase name="lenOfSeqSub" classname="de.uka.ilkd.key.proof.proverules.ProveRulesTest" time="3.944"/>
  <testcase name="lenOfSeqReverse" classname="de.uka.ilkd.key.proof.proverules.ProveRulesTest" time="3.927"/>
  <testcase name="equalityToSeqGetAndSeqLenLeft" classname="de.uka.ilkd.key.proof.proverules.ProveRulesTest" time="3.986"/>
  <testcase name="equalityToSeqGetAndSeqLenRight" classname="de.uka.ilkd.key.proof.proverules.ProveRulesTest" time="3.938"/>
  <testcase name="getOfSeqSingletonEQ" classname="de.uka.ilkd.key.proof.proverules.ProveRulesTest" time="3.952"/>
  <testcase name="getOfSeqConcatEQ" classname="de.uka.ilkd.key.proof.proverules.ProveRulesTest" time="4.02"/>
  <testcase name="getOfSeqSubEQ" classname="de.uka.ilkd.key.proof.proverules.ProveRulesTest" time="3.885"/>
  <testcase name="getOfSeqReverseEQ" classname="de.uka.ilkd.key.proof.proverules.ProveRulesTest" time="3.892"/>
  <testcase name="lenOfSeqEmptyEQ" classname="de.uka.ilkd.key.proof.proverules.ProveRulesTest" time="4.007"/>
  <testcase name="lenOfSeqSingletonEQ" classname="de.uka.ilkd.key.proof.proverules.ProveRulesTest" time="3.955"/>
  <testcase name="lenOfSeqConcatEQ" classname="de.uka.ilkd.key.proof.proverules.ProveRulesTest" time="4.007"/>
  <testcase name="lenOfSeqSubEQ" classname="de.uka.ilkd.key.proof.proverules.ProveRulesTest" time="4.027"/>
  <testcase name="lenOfSeqReverseEQ" classname="de.uka.ilkd.key.proof.proverules.ProveRulesTest" time="3.959"/>
  <testcase name="getOfSeqDefEQ" classname="de.uka.ilkd.key.proof.proverules.ProveRulesTest" time="3.97"/>
  <testcase name="lenOfSeqDefEQ" classname="de.uka.ilkd.key.proof.proverules.ProveRulesTest" time="4.081"/>
  <testcase name="seqConcatWithSeqEmpty1" classname="de.uka.ilkd.key.proof.proverules.ProveRulesTest" time="4.015"/>
  <testcase name="seqConcatWithSeqEmpty2" classname="de.uka.ilkd.key.proof.proverules.ProveRulesTest" time="3.988"/>
  <testcase name="seqReverseOfSeqEmpty" classname="de.uka.ilkd.key.proof.proverules.ProveRulesTest" time="3.903"/>
  <testcase name="subSeqComplete" classname="de.uka.ilkd.key.proof.proverules.ProveRulesTest" time="3.964"/>
  <testcase name="subSeqTailR" classname="de.uka.ilkd.key.proof.proverules.ProveRulesTest" time="4.035"/>
  <testcase name="subSeqTailL" classname="de.uka.ilkd.key.proof.proverules.ProveRulesTest" time="3.91"/>
  <testcase name="subSeqTailEQR" classname="de.uka.ilkd.key.proof.proverules.ProveRulesTest" time="3.957"/>
  <testcase name="subSeqTailEQL" classname="de.uka.ilkd.key.proof.proverules.ProveRulesTest" time="4.008"/>
  <testcase name="seqDef_split" classname="de.uka.ilkd.key.proof.proverules.ProveRulesTest" time="3.975"/>
  <testcase name="seqDef_induction_upper" classname="de.uka.ilkd.key.proof.proverules.ProveRulesTest" time="4.016"/>
  <testcase name="seqDef_induction_upper_concrete" classname="de.uka.ilkd.key.proof.proverules.ProveRulesTest" time="4.008"/>
  <testcase name="seqDef_induction_lower" classname="de.uka.ilkd.key.proof.proverules.ProveRulesTest" time="4.035"/>
  <testcase name="seqDef_induction_lower_concrete" classname="de.uka.ilkd.key.proof.proverules.ProveRulesTest" time="4.076"/>
  <testcase name="seqDef_split_in_three" classname="de.uka.ilkd.key.proof.proverules.ProveRulesTest" time="4.005"/>
  <testcase name="seqDef_empty" classname="de.uka.ilkd.key.proof.proverules.ProveRulesTest" time="3.984"/>
  <testcase name="seqDef_one_summand" classname="de.uka.ilkd.key.proof.proverules.ProveRulesTest" time="3.991"/>
  <testcase name="seqDef_lower_equals_upper" classname="de.uka.ilkd.key.proof.proverules.ProveRulesTest" time="3.926"/>
  <testcase name="seqDefOfSeq" classname="de.uka.ilkd.key.proof.proverules.ProveRulesTest" time="4.082"/>
  <testcase name="seqSelfDefinitionEQ2" classname="de.uka.ilkd.key.proof.proverules.ProveRulesTest" time="4.038"/>
  <testcase name="indexOfSeqSingleton" classname="de.uka.ilkd.key.proof.proverules.ProveRulesTest" time="4.081"/>
  <testcase name="indexOfSeqConcatFirst" classname="de.uka.ilkd.key.proof.proverules.ProveRulesTest" time="4.111"/>
  <testcase name="indexOfSeqConcatSecond" classname="de.uka.ilkd.key.proof.proverules.ProveRulesTest" time="4.028"/>
  <testcase name="indexOfSeqSub" classname="de.uka.ilkd.key.proof.proverules.ProveRulesTest" time="4.052"/>
  <testcase name="lenOfArray2seq" classname="de.uka.ilkd.key.proof.proverules.ProveRulesTest" time="4.1"/>
  <testcase name="getAnyOfArray2seq" classname="de.uka.ilkd.key.proof.proverules.ProveRulesTest" time="3.987"/>
  <testcase name="getOfArray2seq" classname="de.uka.ilkd.key.proof.proverules.ProveRulesTest" time="3.998"/>
  <testcase name="getAnyOfNPermInv" classname="de.uka.ilkd.key.proof.proverules.ProveRulesTest" time="4.086"/>
  <testcase name="seqNPermRange" classname="de.uka.ilkd.key.proof.proverules.ProveRulesTest" time="4.082"/>
  <testcase name="seqPermTrans" classname="de.uka.ilkd.key.proof.proverules.ProveRulesTest" time="3.995"/>
  <testcase name="seqPermRefl" classname="de.uka.ilkd.key.proof.proverules.ProveRulesTest" time="4.061"/>
  <testcase name="seqPermSplit" classname="de.uka.ilkd.key.proof.proverules.ProveRulesTest" time="4.028"/>
  <testcase name="seqNPermRight" classname="de.uka.ilkd.key.proof.proverules.ProveRulesTest" time="4.139"/>
  <testcase name="seqPermFromSwap" classname="de.uka.ilkd.key.proof.proverules.ProveRulesTest" time="4.01"/>
  <testcase name="seqPermTransAlt0" classname="de.uka.ilkd.key.proof.proverules.ProveRulesTest" time="4.057"/>
  <testcase name="seqPermTransAlt1" classname="de.uka.ilkd.key.proof.proverules.ProveRulesTest" time="4.01"/>
  <testcase name="seqPermTransAlt2" classname="de.uka.ilkd.key.proof.proverules.ProveRulesTest" time="3.998"/>
  <testcase name="seqPermTransAlt3" classname="de.uka.ilkd.key.proof.proverules.ProveRulesTest" time="3.906"/>
  <testcase name="seqPermForall" classname="de.uka.ilkd.key.proof.proverules.ProveRulesTest" time="4.099"/>
  <testcase name="seqPermExists" classname="de.uka.ilkd.key.proof.proverules.ProveRulesTest" time="4.069"/>
  <testcase name="schiffl_lemma_2" classname="de.uka.ilkd.key.proof.proverules.ProveRulesTest" time="12.323">
    <failure message="de.uka.ilkd.key.macros.scripts.ScriptException: Error while executing script: No matching applications.&#10;&#10;Command: rule getOfSwap" type="de.uka.ilkd.key.macros.scripts.ScriptException">de.uka.ilkd.key.macros.scripts.ScriptException: Error while executing script: No matching applications.

Command: rule getOfSwap
	at app//de.uka.ilkd.key.macros.scripts.ProofScriptEngine.execute(ProofScriptEngine.java:174)
	at app//de.uka.ilkd.key.proof.proverules.ProveRulesTest.loadTacletProof(ProveRulesTest.java:72)
	at app//de.uka.ilkd.key.proof.proverules.ProveRulesTest.lambda$data$0(ProveRulesTest.java:144)
	at app//org.junit.jupiter.engine.descriptor.DynamicTestTestDescriptor.lambda$execute$0(DynamicTestTestDescriptor.java:53)
	at app//org.junit.jupiter.engine.execution.InvocationInterceptorChain$ValidatingInvocation.proceed(InvocationInterceptorChain.java:131)
	at app//org.junit.jupiter.api.extension.InvocationInterceptor.interceptDynamicTest(InvocationInterceptor.java:167)
	at app//org.junit.jupiter.api.extension.InvocationInterceptor.interceptDynamicTest(InvocationInterceptor.java:184)
	at app//org.junit.jupiter.engine.descriptor.DynamicTestTestDescriptor.lambda$execute$1(DynamicTestTestDescriptor.java:61)
	at app//org.junit.jupiter.engine.execution.InvocationInterceptorChain$InterceptorCall.lambda$ofVoid$0(InvocationInterceptorChain.java:78)
	at app//org.junit.jupiter.engine.execution.InvocationInterceptorChain$InterceptedInvocation.proceed(InvocationInterceptorChain.java:106)
	at app//org.junit.jupiter.engine.execution.InvocationInterceptorChain.proceed(InvocationInterceptorChain.java:64)
	at app//org.junit.jupiter.engine.execution.InvocationInterceptorChain.chainAndInvoke(InvocationInterceptorChain.java:45)
	at app//org.junit.jupiter.engine.execution.InvocationInterceptorChain.invoke(InvocationInterceptorChain.java:37)
	at app//org.junit.jupiter.engine.descriptor.DynamicTestTestDescriptor.execute(DynamicTestTestDescriptor.java:60)
	at app//org.junit.jupiter.engine.descriptor.DynamicTestTestDescriptor.execute(DynamicTestTestDescriptor.java:32)
	at app//org.junit.platform.engine.support.hierarchical.NodeTestTask.lambda$executeRecursively$6(NodeTestTask.java:151)
	at app//org.junit.platform.engine.support.hierarchical.ThrowableCollector.execute(ThrowableCollector.java:73)
	at app//org.junit.platform.engine.support.hierarchical.NodeTestTask.lambda$executeRecursively$8(NodeTestTask.java:141)
	at app//org.junit.platform.engine.support.hierarchical.Node.around(Node.java:137)
	at app//org.junit.platform.engine.support.hierarchical.NodeTestTask.lambda$executeRecursively$9(NodeTestTask.java:139)
	at app//org.junit.platform.engine.support.hierarchical.ThrowableCollector.execute(ThrowableCollector.java:73)
	at app//org.junit.platform.engine.support.hierarchical.NodeTestTask.executeRecursively(NodeTestTask.java:138)
	at app//org.junit.platform.engine.support.hierarchical.NodeTestTask.execute(NodeTestTask.java:95)
	at app//org.junit.platform.engine.support.hierarchical.SameThreadHierarchicalTestExecutorService.submit(SameThreadHierarchicalTestExecutorService.java:35)
	at app//org.junit.platform.engine.support.hierarchical.NodeTestTask$DefaultDynamicTestExecutor.execute(NodeTestTask.java:226)
	at app//org.junit.platform.engine.support.hierarchical.NodeTestTask$DefaultDynamicTestExecutor.execute(NodeTestTask.java:204)
	at java.base@11.0.18/java.util.Optional.ifPresent(Optional.java:183)
	at app//org.junit.jupiter.engine.descriptor.TestFactoryTestDescriptor.lambda$invokeTestMethod$1(TestFactoryTestDescriptor.java:108)
	at app//org.junit.platform.engine.support.hierarchical.ThrowableCollector.execute(ThrowableCollector.java:73)
	at app//org.junit.jupiter.engine.descriptor.TestFactoryTestDescriptor.invokeTestMethod(TestFactoryTestDescriptor.java:95)
	at app//org.junit.jupiter.engine.descriptor.TestMethodTestDescriptor.execute(TestMethodTestDescriptor.java:138)
	at app//org.junit.jupiter.engine.descriptor.TestMethodTestDescriptor.execute(TestMethodTestDescriptor.java:68)
	at app//org.junit.platform.engine.support.hierarchical.NodeTestTask.lambda$executeRecursively$6(NodeTestTask.java:151)
	at app//org.junit.platform.engine.support.hierarchical.ThrowableCollector.execute(ThrowableCollector.java:73)
	at app//org.junit.platform.engine.support.hierarchical.NodeTestTask.lambda$executeRecursively$8(NodeTestTask.java:141)
	at app//org.junit.platform.engine.support.hierarchical.Node.around(Node.java:137)
	at app//org.junit.platform.engine.support.hierarchical.NodeTestTask.lambda$executeRecursively$9(NodeTestTask.java:139)
	at app//org.junit.platform.engine.support.hierarchical.ThrowableCollector.execute(ThrowableCollector.java:73)
	at app//org.junit.platform.engine.support.hierarchical.NodeTestTask.executeRecursively(NodeTestTask.java:138)
	at app//org.junit.platform.engine.support.hierarchical.NodeTestTask.execute(NodeTestTask.java:95)
	at java.base@11.0.18/java.util.ArrayList.forEach(ArrayList.java:1541)
	at app//org.junit.platform.engine.support.hierarchical.SameThreadHierarchicalTestExecutorService.invokeAll(SameThreadHierarchicalTestExecutorService.java:41)
	at app//org.junit.platform.engine.support.hierarchical.NodeTestTask.lambda$executeRecursively$6(NodeTestTask.java:155)
	at app//org.junit.platform.engine.support.hierarchical.ThrowableCollector.execute(ThrowableCollector.java:73)
	at app//org.junit.platform.engine.support.hierarchical.NodeTestTask.lambda$executeRecursively$8(NodeTestTask.java:141)
	at app//org.junit.platform.engine.support.hierarchical.Node.around(Node.java:137)
	at app//org.junit.platform.engine.support.hierarchical.NodeTestTask.lambda$executeRecursively$9(NodeTestTask.java:139)
	at app//org.junit.platform.engine.support.hierarchical.ThrowableCollector.execute(ThrowableCollector.java:73)
	at app//org.junit.platform.engine.support.hierarchical.NodeTestTask.executeRecursively(NodeTestTask.java:138)
	at app//org.junit.platform.engine.support.hierarchical.NodeTestTask.execute(NodeTestTask.java:95)
	at java.base@11.0.18/java.util.ArrayList.forEach(ArrayList.java:1541)
	at app//org.junit.platform.engine.support.hierarchical.SameThreadHierarchicalTestExecutorService.invokeAll(SameThreadHierarchicalTestExecutorService.java:41)
	at app//org.junit.platform.engine.support.hierarchical.NodeTestTask.lambda$executeRecursively$6(NodeTestTask.java:155)
	at app//org.junit.platform.engine.support.hierarchical.ThrowableCollector.execute(ThrowableCollector.java:73)
	at app//org.junit.platform.engine.support.hierarchical.NodeTestTask.lambda$executeRecursively$8(NodeTestTask.java:141)
	at app//org.junit.platform.engine.support.hierarchical.Node.around(Node.java:137)
	at app//org.junit.platform.engine.support.hierarchical.NodeTestTask.lambda$executeRecursively$9(NodeTestTask.java:139)
	at app//org.junit.platform.engine.support.hierarchical.ThrowableCollector.execute(ThrowableCollector.java:73)
	at app//org.junit.platform.engine.support.hierarchical.NodeTestTask.executeRecursively(NodeTestTask.java:138)
	at app//org.junit.platform.engine.support.hierarchical.NodeTestTask.execute(NodeTestTask.java:95)
	at app//org.junit.platform.engine.support.hierarchical.SameThreadHierarchicalTestExecutorService.submit(SameThreadHierarchicalTestExecutorService.java:35)
	at app//org.junit.platform.engine.support.hierarchical.HierarchicalTestExecutor.execute(HierarchicalTestExecutor.java:57)
	at app//org.junit.platform.engine.support.hierarchical.HierarchicalTestEngine.execute(HierarchicalTestEngine.java:54)
	at app//org.junit.platform.launcher.core.EngineExecutionOrchestrator.execute(EngineExecutionOrchestrator.java:107)
	at app//org.junit.platform.launcher.core.EngineExecutionOrchestrator.execute(EngineExecutionOrchestrator.java:88)
	at app//org.junit.platform.launcher.core.EngineExecutionOrchestrator.lambda$execute$0(EngineExecutionOrchestrator.java:54)
	at app//org.junit.platform.launcher.core.EngineExecutionOrchestrator.withInterceptedStreams(EngineExecutionOrchestrator.java:67)
	at app//org.junit.platform.launcher.core.EngineExecutionOrchestrator.execute(EngineExecutionOrchestrator.java:52)
	at app//org.junit.platform.launcher.core.DefaultLauncher.execute(DefaultLauncher.java:114)
	at app//org.junit.platform.launcher.core.DefaultLauncher.execute(DefaultLauncher.java:86)
	at app//org.junit.platform.launcher.core.DefaultLauncherSession$DelegatingLauncher.execute(DefaultLauncherSession.java:86)
	at org.gradle.api.internal.tasks.testing.junitplatform.JUnitPlatformTestClassProcessor$CollectAllTestClassesExecutor.processAllTestClasses(JUnitPlatformTestClassProcessor.java:110)
	at org.gradle.api.internal.tasks.testing.junitplatform.JUnitPlatformTestClassProcessor$CollectAllTestClassesExecutor.access$000(JUnitPlatformTestClassProcessor.java:90)
	at org.gradle.api.internal.tasks.testing.junitplatform.JUnitPlatformTestClassProcessor.stop(JUnitPlatformTestClassProcessor.java:85)
	at org.gradle.api.internal.tasks.testing.SuiteTestClassProcessor.stop(SuiteTestClassProcessor.java:62)
	at java.base@11.0.18/jdk.internal.reflect.NativeMethodAccessorImpl.invoke0(Native Method)
	at java.base@11.0.18/jdk.internal.reflect.NativeMethodAccessorImpl.invoke(NativeMethodAccessorImpl.java:62)
	at java.base@11.0.18/jdk.internal.reflect.DelegatingMethodAccessorImpl.invoke(DelegatingMethodAccessorImpl.java:43)
	at java.base@11.0.18/java.lang.reflect.Method.invoke(Method.java:566)
	at org.gradle.internal.dispatch.ReflectionDispatch.dispatch(ReflectionDispatch.java:36)
	at org.gradle.internal.dispatch.ReflectionDispatch.dispatch(ReflectionDispatch.java:24)
	at org.gradle.internal.dispatch.ContextClassLoaderDispatch.dispatch(ContextClassLoaderDispatch.java:33)
	at org.gradle.internal.dispatch.ProxyDispatchAdapter$DispatchingInvocationHandler.invoke(ProxyDispatchAdapter.java:94)
	at com.sun.proxy.$Proxy2.stop(Unknown Source)
	at org.gradle.api.internal.tasks.testing.worker.TestWorker$3.run(TestWorker.java:193)
	at org.gradle.api.internal.tasks.testing.worker.TestWorker.executeAndMaintainThreadName(TestWorker.java:129)
	at org.gradle.api.internal.tasks.testing.worker.TestWorker.execute(TestWorker.java:100)
	at org.gradle.api.internal.tasks.testing.worker.TestWorker.execute(TestWorker.java:60)
	at org.gradle.process.internal.worker.child.ActionExecutionWorker.execute(ActionExecutionWorker.java:56)
	at org.gradle.process.internal.worker.child.SystemApplicationClassLoaderWorker.call(SystemApplicationClassLoaderWorker.java:113)
	at org.gradle.process.internal.worker.child.SystemApplicationClassLoaderWorker.call(SystemApplicationClassLoaderWorker.java:65)
	at app//worker.org.gradle.process.internal.worker.GradleWorkerMain.run(GradleWorkerMain.java:69)
	at app//worker.org.gradle.process.internal.worker.GradleWorkerMain.main(GradleWorkerMain.java:74)
Caused by: de.uka.ilkd.key.macros.scripts.ScriptException: No matching applications.
	at app//de.uka.ilkd.key.macros.scripts.RuleCommand.findTacletApp(RuleCommand.java:225)
	at app//de.uka.ilkd.key.macros.scripts.RuleCommand.makeRuleApp(RuleCommand.java:99)
	at app//de.uka.ilkd.key.macros.scripts.RuleCommand.execute(RuleCommand.java:55)
	at app//de.uka.ilkd.key.macros.scripts.RuleCommand.execute(RuleCommand.java:35)
	at app//de.uka.ilkd.key.macros.scripts.ProofScriptEngine.execute(ProofScriptEngine.java:148)
	... 92 more
</failure>
  </testcase>
  <testcase name="schiffl_thm_1" classname="de.uka.ilkd.key.proof.proverules.ProveRulesTest" time="5.159"/>
  <testcase name="eqSameSeq" classname="de.uka.ilkd.key.proof.proverules.ProveRulesTest" time="4.286"/>
  <system-out><![CDATA[373        INFO  Test worker     d.u.i.k.p.i.AbstractProblemLoader Loading environment from src/test/resources/testcase/dummyTrue.key 
400        DEBUG Test worker     d.u.i.k.p.i.AbstractProblemLoader Environment load took 11.71ms 
670        INFO  Test worker     d.u.i.k.p.i.AbstractProblemLoader Creating init config 
752        WARN  Test worker     d.u.i.k.s.ProofSettings   No proof-settings could be loaded, using defaults java.io.FileNotFoundException: /home/runner/.key/proof-settings.props (No such file or directory)
	at java.base/java.io.FileInputStream.open0(Native Method)

2117       DEBUG Test worker     d.u.i.k.j.TypeConverter   No LDT found for Meta 
2119       DEBUG Test worker     d.u.i.k.j.TypeConverter   No LDT found for Meta 
2124       DEBUG Test worker     d.u.i.k.j.TypeConverter   No LDT found for Meta 
2125       DEBUG Test worker     d.u.i.k.j.TypeConverter   No LDT found for Meta 
3845       DEBUG Test worker     d.u.i.k.j.TypeConverter   No LDT found for JavaBigintExpression 
10957      DEBUG Test worker     d.u.i.k.p.i.AbstractProblemLoader Init config took 10.29s 
11045      INFO  Test worker     d.u.i.k.p.i.AbstractProblemLoader Replaying proof dummyTrue.key 
11091      DEBUG Test worker     d.u.i.k.p.i.IntermediateProofReplayer Proof replay took 32.2ns 
11108      INFO  Test worker     d.u.i.k.p.i.AbstractProblemLoader Loading environment from tacletProofs/firstOrder/Taclet_eqTermCut.proof 
11110      DEBUG Test worker     d.u.i.k.p.i.AbstractProblemLoader Environment load took 1.62ms 
11116      INFO  Test worker     d.u.i.k.p.i.AbstractProblemLoader Creating init config 
14973      DEBUG Test worker     d.u.i.k.p.i.AbstractProblemLoader Init config took 3.86s 
14976      INFO  Test worker     d.u.i.k.t.l.TacletProofObligationInput Proof obligation for taclet: eqTermCut 
16200      INFO  Test worker     d.u.i.k.p.i.AbstractProblemLoader Replaying proof Taclet: eqTermCut 
16233      DEBUG Test worker     d.u.i.k.p.i.IntermediateProofReplayer Proof replay took 25.56ms 
16251      INFO  Test worker     d.u.i.k.p.i.AbstractProblemLoader Loading environment from tacletProofs/firstOrder/Taclet_equivAllRight.proof 
16251      DEBUG Test worker     d.u.i.k.p.i.AbstractProblemLoader Environment load took 448.5ns 
16254      INFO  Test worker     d.u.i.k.p.i.AbstractProblemLoader Creating init config 
19766      DEBUG Test worker     d.u.i.k.p.i.AbstractProblemLoader Init config took 3.51s 
19767      INFO  Test worker     d.u.i.k.t.l.TacletProofObligationInput Proof obligation for taclet: equivAllRight 
20924      INFO  Test worker     d.u.i.k.p.i.AbstractProblemLoader Replaying proof Taclet: equivAllRight 
20950      DEBUG Test worker     d.u.i.k.p.i.IntermediateProofReplayer Proof replay took 17.21ms 
20956      INFO  Test worker     d.u.i.k.p.i.AbstractProblemLoader Loading environment from tacletProofs/IntDiv/Taclet_irrflConcrete1.proof 
20957      DEBUG Test worker     d.u.i.k.p.i.AbstractProblemLoader Environment load took 406.3ns 
20959      INFO  Test worker     d.u.i.k.p.i.AbstractProblemLoader Creating init config 
24394      DEBUG Test worker     d.u.i.k.p.i.AbstractProblemLoader Init config took 3.44s 
24395      INFO  Test worker     d.u.i.k.t.l.TacletProofObligationInput Proof obligation for taclet: irrflConcrete1 
25520      INFO  Test worker     d.u.i.k.p.i.AbstractProblemLoader Replaying proof Taclet: irrflConcrete1 
25528      DEBUG Test worker     d.u.i.k.p.i.IntermediateProofReplayer Proof replay took 3.06ms 
25531      INFO  Test worker     d.u.i.k.p.i.AbstractProblemLoader Loading environment from tacletProofs/IntDiv/Taclet_irrflConcrete2.proof 
25531      DEBUG Test worker     d.u.i.k.p.i.AbstractProblemLoader Environment load took 385.9ns 
25532      INFO  Test worker     d.u.i.k.p.i.AbstractProblemLoader Creating init config 
28928      DEBUG Test worker     d.u.i.k.p.i.AbstractProblemLoader Init config took 3.4s 
28929      INFO  Test worker     d.u.i.k.t.l.TacletProofObligationInput Proof obligation for taclet: irrflConcrete2 
29981      INFO  Test worker     d.u.i.k.p.i.AbstractProblemLoader Replaying proof Taclet: irrflConcrete2 
29987      DEBUG Test worker     d.u.i.k.p.i.IntermediateProofReplayer Proof replay took 2.62ms 
29990      INFO  Test worker     d.u.i.k.p.i.AbstractProblemLoader Loading environment from tacletProofs/IntDiv/Taclet_cancel_gtPos.proof 
29990      DEBUG Test worker     d.u.i.k.p.i.AbstractProblemLoader Environment load took 421.9ns 
29992      INFO  Test worker     d.u.i.k.p.i.AbstractProblemLoader Creating init config 
33216      DEBUG Test worker     d.u.i.k.p.i.AbstractProblemLoader Init config took 3.22s 
33216      INFO  Test worker     d.u.i.k.t.l.TacletProofObligationInput Proof obligation for taclet: cancel_gtPos 
34254      INFO  Test worker     d.u.i.k.p.i.AbstractProblemLoader Replaying proof Taclet: cancel_gtPos 
34300      DEBUG Test worker     d.u.i.k.p.i.IntermediateProofReplayer Proof replay took 42.7ms 
34303      INFO  Test worker     d.u.i.k.p.i.AbstractProblemLoader Loading environment from tacletProofs/IntDiv/Taclet_cancel_gtNeg.proof 
34304      DEBUG Test worker     d.u.i.k.p.i.AbstractProblemLoader Environment load took 386.5ns 
34305      INFO  Test worker     d.u.i.k.p.i.AbstractProblemLoader Creating init config 
37514      DEBUG Test worker     d.u.i.k.p.i.AbstractProblemLoader Init config took 3.21s 
37515      INFO  Test worker     d.u.i.k.t.l.TacletProofObligationInput Proof obligation for taclet: cancel_gtNeg 
38580      INFO  Test worker     d.u.i.k.p.i.AbstractProblemLoader Replaying proof Taclet: cancel_gtNeg 
38603      DEBUG Test worker     d.u.i.k.p.i.IntermediateProofReplayer Proof replay took 19.29ms 
38607      INFO  Test worker     d.u.i.k.p.i.AbstractProblemLoader Loading environment from tacletProofs/intRulesIgnoringOF/Taclet_moduloIntIsInInt.proof 
38608      DEBUG Test worker     d.u.i.k.p.i.AbstractProblemLoader Environment load took 382ns 
38609      INFO  Test worker     d.u.i.k.p.i.AbstractProblemLoader Creating init config 
41882      DEBUG Test worker     d.u.i.k.p.i.AbstractProblemLoader Init config took 3.27s 
41882      INFO  Test worker     d.u.i.k.t.l.TacletProofObligationInput Proof obligation for taclet: moduloIntIsInInt 
42921      INFO  Test worker     d.u.i.k.p.i.AbstractProblemLoader Replaying proof Taclet: moduloIntIsInInt 
42926      DEBUG Test worker     d.u.i.k.p.i.IntermediateProofReplayer Proof replay took 873.4ns 
42928      INFO  Test worker     d.u.i.k.p.i.AbstractProblemLoader Loading environment from tacletProofs/intRulesIgnoringOF/Taclet_moduloLongIsInLong.proof 
42929      DEBUG Test worker     d.u.i.k.p.i.AbstractProblemLoader Environment load took 367.6ns 
42930      INFO  Test worker     d.u.i.k.p.i.AbstractProblemLoader Creating init config 
46099      DEBUG Test worker     d.u.i.k.p.i.AbstractProblemLoader Init config took 3.17s 
46100      INFO  Test worker     d.u.i.k.t.l.TacletProofObligationInput Proof obligation for taclet: moduloLongIsInLong 
47123      INFO  Test worker     d.u.i.k.p.i.AbstractProblemLoader Replaying proof Taclet: moduloLongIsInLong 
47127      DEBUG Test worker     d.u.i.k.p.i.IntermediateProofReplayer Proof replay took 691.8ns 
47129      INFO  Test worker     d.u.i.k.p.i.AbstractProblemLoader Loading environment from tacletProofs/intRulesIgnoringOF/Taclet_moduloShortIsInShort.proof 
47130      DEBUG Test worker     d.u.i.k.p.i.AbstractProblemLoader Environment load took 403.9ns 
47131      INFO  Test worker     d.u.i.k.p.i.AbstractProblemLoader Creating init config 
50329      DEBUG Test worker     d.u.i.k.p.i.AbstractProblemLoader Init config took 3.2s 
50329      INFO  Test worker     d.u.i.k.t.l.TacletProofObligationInput Proof obligation for taclet: moduloShortIsInShort 
51350      INFO  Test worker     d.u.i.k.p.i.AbstractProblemLoader Replaying proof Taclet: moduloShortIsInShort 
51353      DEBUG Test worker     d.u.i.k.p.i.IntermediateProofReplayer Proof replay took 637.9ns 
51357      INFO  Test worker     d.u.i.k.p.i.AbstractProblemLoader Loading environment from tacletProofs/intRulesIgnoringOF/Taclet_moduloByteIsInByte.proof 
51358      DEBUG Test worker     d.u.i.k.p.i.AbstractProblemLoader Environment load took 339.1ns 
51361      INFO  Test worker     d.u.i.k.p.i.AbstractProblemLoader Creating init config 
54420      DEBUG Test worker     d.u.i.k.p.i.AbstractProblemLoader Init config took 3.06s 
54421      INFO  Test worker     d.u.i.k.t.l.TacletProofObligationInput Proof obligation for taclet: moduloByteIsInByte 
55413      INFO  Test worker     d.u.i.k.p.i.AbstractProblemLoader Replaying proof Taclet: moduloByteIsInByte 
55416      DEBUG Test worker     d.u.i.k.p.i.IntermediateProofReplayer Proof replay took 707ns 
55418      INFO  Test worker     d.u.i.k.p.i.AbstractProblemLoader Loading environment from tacletProofs/intRulesIgnoringOF/Taclet_moduloCharIsInChar.proof 
55418      DEBUG Test worker     d.u.i.k.p.i.AbstractProblemLoader Environment load took 103.1ns 
55419      INFO  Test worker     d.u.i.k.p.i.AbstractProblemLoader Creating init config 
58576      DEBUG Test worker     d.u.i.k.p.i.AbstractProblemLoader Init config took 3.16s 
58577      INFO  Test worker     d.u.i.k.t.l.TacletProofObligationInput Proof obligation for taclet: moduloCharIsInChar 
59737      INFO  Test worker     d.u.i.k.p.i.AbstractProblemLoader Replaying proof Taclet: moduloCharIsInChar 
59740      DEBUG Test worker     d.u.i.k.p.i.IntermediateProofReplayer Proof replay took 817ns 
59743      INFO  Test worker     d.u.i.k.p.i.AbstractProblemLoader Loading environment from tacletProofs/IntDiv/Taclet_div_unique1.proof 
59743      DEBUG Test worker     d.u.i.k.p.i.AbstractProblemLoader Environment load took 423ns 
59745      INFO  Test worker     d.u.i.k.p.i.AbstractProblemLoader Creating init config 
62923      DEBUG Test worker     d.u.i.k.p.i.AbstractProblemLoader Init config took 3.18s 
62924      INFO  Test worker     d.u.i.k.t.l.TacletProofObligationInput Proof obligation for taclet: div_unique1 
63936      INFO  Test worker     d.u.i.k.p.i.AbstractProblemLoader Replaying proof Taclet: div_unique1 
63986      DEBUG Test worker     d.u.i.k.p.i.IntermediateProofReplayer Proof replay took 46ms 
63990      INFO  Test worker     d.u.i.k.p.i.AbstractProblemLoader Loading environment from tacletProofs/IntDiv/Taclet_div_unique2.proof 
63992      DEBUG Test worker     d.u.i.k.p.i.AbstractProblemLoader Environment load took 2.12ms 
63994      INFO  Test worker     d.u.i.k.p.i.AbstractProblemLoader Creating init config 
67093      DEBUG Test worker     d.u.i.k.p.i.AbstractProblemLoader Init config took 3.1s 
67093      INFO  Test worker     d.u.i.k.t.l.TacletProofObligationInput Proof obligation for taclet: div_unique2 
68119      INFO  Test worker     d.u.i.k.p.i.AbstractProblemLoader Replaying proof Taclet: div_unique2 
68192      DEBUG Test worker     d.u.i.k.p.i.IntermediateProofReplayer Proof replay took 69.77ms 
68196      INFO  Test worker     d.u.i.k.p.i.AbstractProblemLoader Loading environment from tacletProofs/IntDiv/Taclet_div_exists.proof 
68196      DEBUG Test worker     d.u.i.k.p.i.AbstractProblemLoader Environment load took 135.1ns 
68198      INFO  Test worker     d.u.i.k.p.i.AbstractProblemLoader Creating init config 
71287      DEBUG Test worker     d.u.i.k.p.i.AbstractProblemLoader Init config took 3.09s 
71287      INFO  Test worker     d.u.i.k.t.l.TacletProofObligationInput Proof obligation for taclet: div_exists 
72315      INFO  Test worker     d.u.i.k.p.i.AbstractProblemLoader Replaying proof Taclet: div_exists 
72518      DEBUG Test worker     d.u.i.k.p.i.IntermediateProofReplayer Proof replay took 193.76ms 
72523      INFO  Test worker     d.u.i.k.p.i.AbstractProblemLoader Loading environment from tacletProofs/IntDiv/Taclet_div_one.proof 
72523      DEBUG Test worker     d.u.i.k.p.i.AbstractProblemLoader Environment load took 288.5ns 
72524      INFO  Test worker     d.u.i.k.p.i.AbstractProblemLoader Creating init config 
75626      DEBUG Test worker     d.u.i.k.p.i.AbstractProblemLoader Init config took 3.1s 
75627      INFO  Test worker     d.u.i.k.t.l.TacletProofObligationInput Proof obligation for taclet: div_one 
76624      INFO  Test worker     d.u.i.k.p.i.AbstractProblemLoader Replaying proof Taclet: div_one 
76630      DEBUG Test worker     d.u.i.k.p.i.IntermediateProofReplayer Proof replay took 3.39ms 
76632      INFO  Test worker     d.u.i.k.p.i.AbstractProblemLoader Loading environment from tacletProofs/IntDiv/Taclet_jdiv_one.proof 
76633      DEBUG Test worker     d.u.i.k.p.i.AbstractProblemLoader Environment load took 1.91ms 
76635      INFO  Test worker     d.u.i.k.p.i.AbstractProblemLoader Creating init config 
79810      DEBUG Test worker     d.u.i.k.p.i.AbstractProblemLoader Init config took 3.18s 
79811      INFO  Test worker     d.u.i.k.t.l.TacletProofObligationInput Proof obligation for taclet: jdiv_one 
80819      INFO  Test worker     d.u.i.k.p.i.AbstractProblemLoader Replaying proof Taclet: jdiv_one 
80823      DEBUG Test worker     d.u.i.k.p.i.IntermediateProofReplayer Proof replay took 1.52ms 
80826      INFO  Test worker     d.u.i.k.p.i.AbstractProblemLoader Loading environment from tacletProofs/IntDiv/Taclet_div_zero.proof 
80827      DEBUG Test worker     d.u.i.k.p.i.AbstractProblemLoader Environment load took 303.4ns 
80828      INFO  Test worker     d.u.i.k.p.i.AbstractProblemLoader Creating init config 
83931      DEBUG Test worker     d.u.i.k.p.i.AbstractProblemLoader Init config took 3.1s 
83932      INFO  Test worker     d.u.i.k.t.l.TacletProofObligationInput Proof obligation for taclet: div_zero 
84924      INFO  Test worker     d.u.i.k.p.i.AbstractProblemLoader Replaying proof Taclet: div_zero 
84985      DEBUG Test worker     d.u.i.k.p.i.IntermediateProofReplayer Proof replay took 55.8ms 
84987      INFO  Test worker     d.u.i.k.p.i.AbstractProblemLoader Loading environment from tacletProofs/IntDiv/Taclet_divResZero1.proof 
84988      DEBUG Test worker     d.u.i.k.p.i.AbstractProblemLoader Environment load took 347.8ns 
84989      INFO  Test worker     d.u.i.k.p.i.AbstractProblemLoader Creating init config 
88179      DEBUG Test worker     d.u.i.k.p.i.AbstractProblemLoader Init config took 3.19s 
88179      INFO  Test worker     d.u.i.k.t.l.TacletProofObligationInput Proof obligation for taclet: divResZero1 
89203      INFO  Test worker     d.u.i.k.p.i.AbstractProblemLoader Replaying proof Taclet: divResZero1 
89222      DEBUG Test worker     d.u.i.k.p.i.IntermediateProofReplayer Proof replay took 15.38ms 
89225      INFO  Test worker     d.u.i.k.p.i.AbstractProblemLoader Loading environment from tacletProofs/IntDiv/Taclet_divResZero2.proof 
89225      DEBUG Test worker     d.u.i.k.p.i.AbstractProblemLoader Environment load took 398.8ns 
89226      INFO  Test worker     d.u.i.k.p.i.AbstractProblemLoader Creating init config 
92357      DEBUG Test worker     d.u.i.k.p.i.AbstractProblemLoader Init config took 3.13s 
92357      INFO  Test worker     d.u.i.k.t.l.TacletProofObligationInput Proof obligation for taclet: divResZero2 
93374      INFO  Test worker     d.u.i.k.p.i.AbstractProblemLoader Replaying proof Taclet: divResZero2 
93396      DEBUG Test worker     d.u.i.k.p.i.IntermediateProofReplayer Proof replay took 18.23ms 
93398      INFO  Test worker     d.u.i.k.p.i.AbstractProblemLoader Loading environment from tacletProofs/IntDiv/Taclet_divResOne1.proof 
93400      DEBUG Test worker     d.u.i.k.p.i.AbstractProblemLoader Environment load took 109.8ns 
93404      INFO  Test worker     d.u.i.k.p.i.AbstractProblemLoader Creating init config 
96485      DEBUG Test worker     d.u.i.k.p.i.AbstractProblemLoader Init config took 3.08s 
96486      INFO  Test worker     d.u.i.k.t.l.TacletProofObligationInput Proof obligation for taclet: divResOne1 
97499      INFO  Test worker     d.u.i.k.p.i.AbstractProblemLoader Replaying proof Taclet: divResOne1 
97516      DEBUG Test worker     d.u.i.k.p.i.IntermediateProofReplayer Proof replay took 13.36ms 
97518      INFO  Test worker     d.u.i.k.p.i.AbstractProblemLoader Loading environment from tacletProofs/IntDiv/Taclet_divResOne2.proof 
97518      DEBUG Test worker     d.u.i.k.p.i.AbstractProblemLoader Environment load took 304.4ns 
97520      INFO  Test worker     d.u.i.k.p.i.AbstractProblemLoader Creating init config 
100602     DEBUG Test worker     d.u.i.k.p.i.AbstractProblemLoader Init config took 3.08s 
100603     INFO  Test worker     d.u.i.k.t.l.TacletProofObligationInput Proof obligation for taclet: divResOne2 
101582     INFO  Test worker     d.u.i.k.p.i.AbstractProblemLoader Replaying proof Taclet: divResOne2 
101599     DEBUG Test worker     d.u.i.k.p.i.IntermediateProofReplayer Proof replay took 13.81ms 
101602     INFO  Test worker     d.u.i.k.p.i.AbstractProblemLoader Loading environment from tacletProofs/IntDiv/Taclet_div_cancel1.proof 
101602     DEBUG Test worker     d.u.i.k.p.i.AbstractProblemLoader Environment load took 345.7ns 
101604     INFO  Test worker     d.u.i.k.p.i.AbstractProblemLoader Creating init config 
104705     DEBUG Test worker     d.u.i.k.p.i.AbstractProblemLoader Init config took 3.1s 
104705     INFO  Test worker     d.u.i.k.t.l.TacletProofObligationInput Proof obligation for taclet: div_cancel1 
105692     INFO  Test worker     d.u.i.k.p.i.AbstractProblemLoader Replaying proof Taclet: div_cancel1 
105717     DEBUG Test worker     d.u.i.k.p.i.IntermediateProofReplayer Proof replay took 21.91ms 
105719     INFO  Test worker     d.u.i.k.p.i.AbstractProblemLoader Loading environment from tacletProofs/IntDiv/Taclet_div_cancel2.proof 
105719     DEBUG Test worker     d.u.i.k.p.i.AbstractProblemLoader Environment load took 104ns 
105720     INFO  Test worker     d.u.i.k.p.i.AbstractProblemLoader Creating init config 
108827     DEBUG Test worker     d.u.i.k.p.i.AbstractProblemLoader Init config took 3.11s 
108827     INFO  Test worker     d.u.i.k.t.l.TacletProofObligationInput Proof obligation for taclet: div_cancel2 
109856     INFO  Test worker     d.u.i.k.p.i.AbstractProblemLoader Replaying proof Taclet: div_cancel2 
109859     DEBUG Test worker     d.u.i.k.p.i.IntermediateProofReplayer Proof replay took 1.56ms 
109861     INFO  Test worker     d.u.i.k.p.i.AbstractProblemLoader Loading environment from tacletProofs/IntDiv/Taclet_divAddMultDenom.proof 
109861     DEBUG Test worker     d.u.i.k.p.i.AbstractProblemLoader Environment load took 102.5ns 
109862     INFO  Test worker     d.u.i.k.p.i.AbstractProblemLoader Creating init config 
112980     DEBUG Test worker     d.u.i.k.p.i.AbstractProblemLoader Init config took 3.12s 
112980     INFO  Test worker     d.u.i.k.t.l.TacletProofObligationInput Proof obligation for taclet: divAddMultDenom 
113994     INFO  Test worker     d.u.i.k.p.i.AbstractProblemLoader Replaying proof Taclet: divAddMultDenom 
114058     DEBUG Test worker     d.u.i.k.p.i.IntermediateProofReplayer Proof replay took 48.35ms 
114060     INFO  Test worker     d.u.i.k.p.i.AbstractProblemLoader Loading environment from tacletProofs/IntDiv/Taclet_divMinus.proof 
114060     DEBUG Test worker     d.u.i.k.p.i.AbstractProblemLoader Environment load took 110.1ns 
114061     INFO  Test worker     d.u.i.k.p.i.AbstractProblemLoader Creating init config 
117154     DEBUG Test worker     d.u.i.k.p.i.AbstractProblemLoader Init config took 3.09s 
117154     INFO  Test worker     d.u.i.k.t.l.TacletProofObligationInput Proof obligation for taclet: divMinus 
118307     INFO  Test worker     d.u.i.k.p.i.AbstractProblemLoader Replaying proof Taclet: divMinus 
118369     DEBUG Test worker     d.u.i.k.p.i.IntermediateProofReplayer Proof replay took 55ms 
118372     INFO  Test worker     d.u.i.k.p.i.AbstractProblemLoader Loading environment from tacletProofs/IntDiv/Taclet_divMinusDenom.proof 
118372     DEBUG Test worker     d.u.i.k.p.i.AbstractProblemLoader Environment load took 342.1ns 
118373     INFO  Test worker     d.u.i.k.p.i.AbstractProblemLoader Creating init config 
121478     DEBUG Test worker     d.u.i.k.p.i.AbstractProblemLoader Init config took 3.1s 
121478     INFO  Test worker     d.u.i.k.t.l.TacletProofObligationInput Proof obligation for taclet: divMinusDenom 
122517     INFO  Test worker     d.u.i.k.p.i.AbstractProblemLoader Replaying proof Taclet: divMinusDenom 
122558     DEBUG Test worker     d.u.i.k.p.i.IntermediateProofReplayer Proof replay took 35.78ms 
122561     INFO  Test worker     d.u.i.k.p.i.AbstractProblemLoader Loading environment from tacletProofs/IntDiv/Taclet_divLeastDPos.proof 
122564     DEBUG Test worker     d.u.i.k.p.i.AbstractProblemLoader Environment load took 3.45ms 
122566     INFO  Test worker     d.u.i.k.p.i.AbstractProblemLoader Creating init config 
125566     DEBUG Test worker     d.u.i.k.p.i.AbstractProblemLoader Init config took 3s 
125566     INFO  Test worker     d.u.i.k.t.l.TacletProofObligationInput Proof obligation for taclet: divLeastDPos 
126551     INFO  Test worker     d.u.i.k.p.i.AbstractProblemLoader Replaying proof Taclet: divLeastDPos 
126559     DEBUG Test worker     d.u.i.k.p.i.IntermediateProofReplayer Proof replay took 5.68ms 
126563     INFO  Test worker     d.u.i.k.p.i.AbstractProblemLoader Loading environment from tacletProofs/IntDiv/Taclet_divLeastDNeg.proof 
126564     DEBUG Test worker     d.u.i.k.p.i.AbstractProblemLoader Environment load took 1.08ms 
126566     INFO  Test worker     d.u.i.k.p.i.AbstractProblemLoader Creating init config 
129595     DEBUG Test worker     d.u.i.k.p.i.AbstractProblemLoader Init config took 3.03s 
129596     INFO  Test worker     d.u.i.k.t.l.TacletProofObligationInput Proof obligation for taclet: divLeastDNeg 
130595     INFO  Test worker     d.u.i.k.p.i.AbstractProblemLoader Replaying proof Taclet: divLeastDNeg 
130609     DEBUG Test worker     d.u.i.k.p.i.IntermediateProofReplayer Proof replay took 11.07ms 
130611     INFO  Test worker     d.u.i.k.p.i.AbstractProblemLoader Loading environment from tacletProofs/IntDiv/Taclet_divGreatestDPos.proof 
130612     DEBUG Test worker     d.u.i.k.p.i.AbstractProblemLoader Environment load took 316.1ns 
130613     INFO  Test worker     d.u.i.k.p.i.AbstractProblemLoader Creating init config 
133569     DEBUG Test worker     d.u.i.k.p.i.AbstractProblemLoader Init config took 2.96s 
133569     INFO  Test worker     d.u.i.k.t.l.TacletProofObligationInput Proof obligation for taclet: divGreatestDPos 
134612     INFO  Test worker     d.u.i.k.p.i.AbstractProblemLoader Replaying proof Taclet: divGreatestDPos 
134624     DEBUG Test worker     d.u.i.k.p.i.IntermediateProofReplayer Proof replay took 9.23ms 
134626     INFO  Test worker     d.u.i.k.p.i.AbstractProblemLoader Loading environment from tacletProofs/IntDiv/Taclet_divGreatestDNeg.proof 
134626     DEBUG Test worker     d.u.i.k.p.i.AbstractProblemLoader Environment load took 88.1ns 
134627     INFO  Test worker     d.u.i.k.p.i.AbstractProblemLoader Creating init config 
137682     DEBUG Test worker     d.u.i.k.p.i.AbstractProblemLoader Init config took 3.06s 
137682     INFO  Test worker     d.u.i.k.t.l.TacletProofObligationInput Proof obligation for taclet: divGreatestDNeg 
138677     INFO  Test worker     d.u.i.k.p.i.AbstractProblemLoader Replaying proof Taclet: divGreatestDNeg 
138685     DEBUG Test worker     d.u.i.k.p.i.IntermediateProofReplayer Proof replay took 5.52ms 
138686     INFO  Test worker     d.u.i.k.p.i.AbstractProblemLoader Loading environment from tacletProofs/IntDiv/Taclet_divIncreasingPos.proof 
138686     DEBUG Test worker     d.u.i.k.p.i.AbstractProblemLoader Environment load took 93.6ns 
138687     INFO  Test worker     d.u.i.k.p.i.AbstractProblemLoader Creating init config 
141795     DEBUG Test worker     d.u.i.k.p.i.AbstractProblemLoader Init config took 3.11s 
141795     INFO  Test worker     d.u.i.k.t.l.TacletProofObligationInput Proof obligation for taclet: divIncreasingPos 
142786     INFO  Test worker     d.u.i.k.p.i.AbstractProblemLoader Replaying proof Taclet: divIncreasingPos 
142798     DEBUG Test worker     d.u.i.k.p.i.IntermediateProofReplayer Proof replay took 9.91ms 
142800     INFO  Test worker     d.u.i.k.p.i.AbstractProblemLoader Loading environment from tacletProofs/IntDiv/Taclet_divIncreasingNeg.proof 
142800     DEBUG Test worker     d.u.i.k.p.i.AbstractProblemLoader Environment load took 107.2ns 
142801     INFO  Test worker     d.u.i.k.p.i.AbstractProblemLoader Creating init config 
145961     DEBUG Test worker     d.u.i.k.p.i.AbstractProblemLoader Init config took 3.16s 
145961     INFO  Test worker     d.u.i.k.t.l.TacletProofObligationInput Proof obligation for taclet: divIncreasingNeg 
146937     INFO  Test worker     d.u.i.k.p.i.AbstractProblemLoader Replaying proof Taclet: divIncreasingNeg 
146944     DEBUG Test worker     d.u.i.k.p.i.IntermediateProofReplayer Proof replay took 5.17ms 
146945     INFO  Test worker     d.u.i.k.p.i.AbstractProblemLoader Loading environment from tacletProofs/IntDiv/Taclet_jdiv_zero.proof 
146945     DEBUG Test worker     d.u.i.k.p.i.AbstractProblemLoader Environment load took 110.1ns 
146946     INFO  Test worker     d.u.i.k.p.i.AbstractProblemLoader Creating init config 
150008     DEBUG Test worker     d.u.i.k.p.i.AbstractProblemLoader Init config took 3.06s 
150008     INFO  Test worker     d.u.i.k.t.l.TacletProofObligationInput Proof obligation for taclet: jdiv_zero 
150979     INFO  Test worker     d.u.i.k.p.i.AbstractProblemLoader Replaying proof Taclet: jdiv_zero 
150983     DEBUG Test worker     d.u.i.k.p.i.IntermediateProofReplayer Proof replay took 1.69ms 
150984     INFO  Test worker     d.u.i.k.p.i.AbstractProblemLoader Loading environment from tacletProofs/IntDiv/Taclet_jdivPulloutMinusNum.proof 
150984     DEBUG Test worker     d.u.i.k.p.i.AbstractProblemLoader Environment load took 93.9ns 
150985     INFO  Test worker     d.u.i.k.p.i.AbstractProblemLoader Creating init config 
154078     DEBUG Test worker     d.u.i.k.p.i.AbstractProblemLoader Init config took 3.09s 
154079     INFO  Test worker     d.u.i.k.t.l.TacletProofObligationInput Proof obligation for taclet: jdivPulloutMinusNum 
155075     INFO  Test worker     d.u.i.k.p.i.AbstractProblemLoader Replaying proof Taclet: jdivPulloutMinusNum 
155091     DEBUG Test worker     d.u.i.k.p.i.IntermediateProofReplayer Proof replay took 12.28ms 
155093     INFO  Test worker     d.u.i.k.p.i.AbstractProblemLoader Loading environment from tacletProofs/IntDiv/Taclet_jdivPulloutMinusDenom.proof 
155093     DEBUG Test worker     d.u.i.k.p.i.AbstractProblemLoader Environment load took 103.6ns 
155094     INFO  Test worker     d.u.i.k.p.i.AbstractProblemLoader Creating init config 
158179     DEBUG Test worker     d.u.i.k.p.i.AbstractProblemLoader Init config took 3.09s 
158180     INFO  Test worker     d.u.i.k.t.l.TacletProofObligationInput Proof obligation for taclet: jdivPulloutMinusDenom 
159177     INFO  Test worker     d.u.i.k.p.i.AbstractProblemLoader Replaying proof Taclet: jdivPulloutMinusDenom 
159222     DEBUG Test worker     d.u.i.k.p.i.IntermediateProofReplayer Proof replay took 37.16ms 
159224     INFO  Test worker     d.u.i.k.p.i.AbstractProblemLoader Loading environment from tacletProofs/IntDiv/Taclet_jdiv_uniquePosPos.proof 
159225     DEBUG Test worker     d.u.i.k.p.i.AbstractProblemLoader Environment load took 332.4ns 
159226     INFO  Test worker     d.u.i.k.p.i.AbstractProblemLoader Creating init config 
162338     DEBUG Test worker     d.u.i.k.p.i.AbstractProblemLoader Init config took 3.11s 
162339     INFO  Test worker     d.u.i.k.t.l.TacletProofObligationInput Proof obligation for taclet: jdiv_uniquePosPos 
163333     INFO  Test worker     d.u.i.k.p.i.AbstractProblemLoader Replaying proof Taclet: jdiv_uniquePosPos 
163352     DEBUG Test worker     d.u.i.k.p.i.IntermediateProofReplayer Proof replay took 15.24ms 
163355     INFO  Test worker     d.u.i.k.p.i.AbstractProblemLoader Loading environment from tacletProofs/IntDiv/Taclet_jdiv_uniquePosNeg.proof 
163356     DEBUG Test worker     d.u.i.k.p.i.AbstractProblemLoader Environment load took 320.4ns 
163357     INFO  Test worker     d.u.i.k.p.i.AbstractProblemLoader Creating init config 
166352     DEBUG Test worker     d.u.i.k.p.i.AbstractProblemLoader Init config took 2.99s 
166352     INFO  Test worker     d.u.i.k.t.l.TacletProofObligationInput Proof obligation for taclet: jdiv_uniquePosNeg 
167342     INFO  Test worker     d.u.i.k.p.i.AbstractProblemLoader Replaying proof Taclet: jdiv_uniquePosNeg 
167361     DEBUG Test worker     d.u.i.k.p.i.IntermediateProofReplayer Proof replay took 15.69ms 
167363     INFO  Test worker     d.u.i.k.p.i.AbstractProblemLoader Loading environment from tacletProofs/IntDiv/Taclet_jdiv_uniqueNegPos.proof 
167363     DEBUG Test worker     d.u.i.k.p.i.AbstractProblemLoader Environment load took 117.1ns 
167364     INFO  Test worker     d.u.i.k.p.i.AbstractProblemLoader Creating init config 
170380     DEBUG Test worker     d.u.i.k.p.i.AbstractProblemLoader Init config took 3.02s 
170380     INFO  Test worker     d.u.i.k.t.l.TacletProofObligationInput Proof obligation for taclet: jdiv_uniqueNegPos 
171337     INFO  Test worker     d.u.i.k.p.i.AbstractProblemLoader Replaying proof Taclet: jdiv_uniqueNegPos 
171366     DEBUG Test worker     d.u.i.k.p.i.IntermediateProofReplayer Proof replay took 25ms 
171369     INFO  Test worker     d.u.i.k.p.i.AbstractProblemLoader Loading environment from tacletProofs/IntDiv/Taclet_jdiv_uniqueNegNeg.proof 
171370     DEBUG Test worker     d.u.i.k.p.i.AbstractProblemLoader Environment load took 306.5ns 
171371     INFO  Test worker     d.u.i.k.p.i.AbstractProblemLoader Creating init config 
174362     DEBUG Test worker     d.u.i.k.p.i.AbstractProblemLoader Init config took 2.99s 
174362     INFO  Test worker     d.u.i.k.t.l.TacletProofObligationInput Proof obligation for taclet: jdiv_uniqueNegNeg 
175299     INFO  Test worker     d.u.i.k.p.i.AbstractProblemLoader Replaying proof Taclet: jdiv_uniqueNegNeg 
175318     DEBUG Test worker     d.u.i.k.p.i.IntermediateProofReplayer Proof replay took 14.8ms 
175320     INFO  Test worker     d.u.i.k.p.i.AbstractProblemLoader Loading environment from tacletProofs/IntDiv/Taclet_jdivMultDenom1.proof 
175320     DEBUG Test worker     d.u.i.k.p.i.AbstractProblemLoader Environment load took 296.4ns 
175322     INFO  Test worker     d.u.i.k.p.i.AbstractProblemLoader Creating init config 
178322     DEBUG Test worker     d.u.i.k.p.i.AbstractProblemLoader Init config took 3s 
178323     INFO  Test worker     d.u.i.k.t.l.TacletProofObligationInput Proof obligation for taclet: jdivMultDenom1 
179267     INFO  Test worker     d.u.i.k.p.i.AbstractProblemLoader Replaying proof Taclet: jdivMultDenom1 
179310     DEBUG Test worker     d.u.i.k.p.i.IntermediateProofReplayer Proof replay took 37.73ms 
179312     INFO  Test worker     d.u.i.k.p.i.AbstractProblemLoader Loading environment from tacletProofs/IntDiv/Taclet_jdivMultDenom2.proof 
179312     DEBUG Test worker     d.u.i.k.p.i.AbstractProblemLoader Environment load took 164.7ns 
179313     INFO  Test worker     d.u.i.k.p.i.AbstractProblemLoader Creating init config 
182275     DEBUG Test worker     d.u.i.k.p.i.AbstractProblemLoader Init config took 2.96s 
182275     INFO  Test worker     d.u.i.k.t.l.TacletProofObligationInput Proof obligation for taclet: jdivMultDenom2 
183247     INFO  Test worker     d.u.i.k.p.i.AbstractProblemLoader Replaying proof Taclet: jdivMultDenom2 
183250     DEBUG Test worker     d.u.i.k.p.i.IntermediateProofReplayer Proof replay took 1.15ms 
183251     INFO  Test worker     d.u.i.k.p.i.AbstractProblemLoader Loading environment from tacletProofs/IntDiv/Taclet_mod_geZero.proof 
183251     DEBUG Test worker     d.u.i.k.p.i.AbstractProblemLoader Environment load took 81.2ns 
183252     INFO  Test worker     d.u.i.k.p.i.AbstractProblemLoader Creating init config 
186269     DEBUG Test worker     d.u.i.k.p.i.AbstractProblemLoader Init config took 3.02s 
186270     INFO  Test worker     d.u.i.k.t.l.TacletProofObligationInput Proof obligation for taclet: mod_geZero 
187237     INFO  Test worker     d.u.i.k.p.i.AbstractProblemLoader Replaying proof Taclet: mod_geZero 
187250     DEBUG Test worker     d.u.i.k.p.i.IntermediateProofReplayer Proof replay took 4.38ms 
187253     INFO  Test worker     d.u.i.k.p.i.AbstractProblemLoader Loading environment from tacletProofs/IntDiv/Taclet_mod_lessDenom.proof 
187256     DEBUG Test worker     d.u.i.k.p.i.AbstractProblemLoader Environment load took 2.98ms 
187257     INFO  Test worker     d.u.i.k.p.i.AbstractProblemLoader Creating init config 
190297     DEBUG Test worker     d.u.i.k.p.i.AbstractProblemLoader Init config took 3.04s 
190298     INFO  Test worker     d.u.i.k.t.l.TacletProofObligationInput Proof obligation for taclet: mod_lessDenom 
191273     INFO  Test worker     d.u.i.k.p.i.AbstractProblemLoader Replaying proof Taclet: mod_lessDenom 
191283     DEBUG Test worker     d.u.i.k.p.i.IntermediateProofReplayer Proof replay took 7.24ms 
191284     INFO  Test worker     d.u.i.k.p.i.AbstractProblemLoader Loading environment from tacletProofs/IntDiv/Taclet_jmod_NumPos.proof 
191284     DEBUG Test worker     d.u.i.k.p.i.AbstractProblemLoader Environment load took 88.1ns 
191285     INFO  Test worker     d.u.i.k.p.i.AbstractProblemLoader Creating init config 
194236     DEBUG Test worker     d.u.i.k.p.i.AbstractProblemLoader Init config took 2.95s 
194236     INFO  Test worker     d.u.i.k.t.l.TacletProofObligationInput Proof obligation for taclet: jmod_NumPos 
195172     INFO  Test worker     d.u.i.k.p.i.AbstractProblemLoader Replaying proof Taclet: jmod_NumPos 
195181     DEBUG Test worker     d.u.i.k.p.i.IntermediateProofReplayer Proof replay took 6.57ms 
195182     INFO  Test worker     d.u.i.k.p.i.AbstractProblemLoader Loading environment from tacletProofs/IntDiv/Taclet_jmod_NumNeg.proof 
195182     DEBUG Test worker     d.u.i.k.p.i.AbstractProblemLoader Environment load took 79.3ns 
195183     INFO  Test worker     d.u.i.k.p.i.AbstractProblemLoader Creating init config 
198180     DEBUG Test worker     d.u.i.k.p.i.AbstractProblemLoader Init config took 3s 
198180     INFO  Test worker     d.u.i.k.t.l.TacletProofObligationInput Proof obligation for taclet: jmod_NumNeg 
199134     INFO  Test worker     d.u.i.k.p.i.AbstractProblemLoader Replaying proof Taclet: jmod_NumNeg 
199155     DEBUG Test worker     d.u.i.k.p.i.IntermediateProofReplayer Proof replay took 17.83ms 
199156     INFO  Test worker     d.u.i.k.p.i.AbstractProblemLoader Loading environment from tacletProofs/IntDiv/Taclet_jmod_geZero.proof 
199157     DEBUG Test worker     d.u.i.k.p.i.AbstractProblemLoader Environment load took 91.5ns 
199157     INFO  Test worker     d.u.i.k.p.i.AbstractProblemLoader Creating init config 
202130     DEBUG Test worker     d.u.i.k.p.i.AbstractProblemLoader Init config took 2.97s 
202130     INFO  Test worker     d.u.i.k.t.l.TacletProofObligationInput Proof obligation for taclet: jmod_geZero 
203099     INFO  Test worker     d.u.i.k.p.i.AbstractProblemLoader Replaying proof Taclet: jmod_geZero 
203108     DEBUG Test worker     d.u.i.k.p.i.IntermediateProofReplayer Proof replay took 6.52ms 
203110     INFO  Test worker     d.u.i.k.p.i.AbstractProblemLoader Loading environment from tacletProofs/IntDiv/Taclet_jmodNumZero.proof 
203110     DEBUG Test worker     d.u.i.k.p.i.AbstractProblemLoader Environment load took 96.8ns 
203110     INFO  Test worker     d.u.i.k.p.i.AbstractProblemLoader Creating init config 
206081     DEBUG Test worker     d.u.i.k.p.i.AbstractProblemLoader Init config took 2.97s 
206081     INFO  Test worker     d.u.i.k.t.l.TacletProofObligationInput Proof obligation for taclet: jmodNumZero 
207073     INFO  Test worker     d.u.i.k.p.i.AbstractProblemLoader Replaying proof Taclet: jmodNumZero 
207078     DEBUG Test worker     d.u.i.k.p.i.IntermediateProofReplayer Proof replay took 2.11ms 
207081     INFO  Test worker     d.u.i.k.p.i.AbstractProblemLoader Loading environment from tacletProofs/IntDiv/Taclet_jmod_pulloutminusNum.proof 
207081     DEBUG Test worker     d.u.i.k.p.i.AbstractProblemLoader Environment load took 319.4ns 
207083     INFO  Test worker     d.u.i.k.p.i.AbstractProblemLoader Creating init config 
210078     DEBUG Test worker     d.u.i.k.p.i.AbstractProblemLoader Init config took 3s 
210078     INFO  Test worker     d.u.i.k.t.l.TacletProofObligationInput Proof obligation for taclet: jmod_pulloutminusNum 
211088     INFO  Test worker     d.u.i.k.p.i.AbstractProblemLoader Replaying proof Taclet: jmod_pulloutminusNum 
211092     DEBUG Test worker     d.u.i.k.p.i.IntermediateProofReplayer Proof replay took 2.19ms 
211094     INFO  Test worker     d.u.i.k.p.i.AbstractProblemLoader Loading environment from tacletProofs/IntDiv/Taclet_jmod_pulloutminusDenom.proof 
211094     DEBUG Test worker     d.u.i.k.p.i.AbstractProblemLoader Environment load took 86.2ns 
211094     INFO  Test worker     d.u.i.k.p.i.AbstractProblemLoader Creating init config 
214130     DEBUG Test worker     d.u.i.k.p.i.AbstractProblemLoader Init config took 3.04s 
214130     INFO  Test worker     d.u.i.k.t.l.TacletProofObligationInput Proof obligation for taclet: jmod_pulloutminusDenom 
215121     INFO  Test worker     d.u.i.k.p.i.AbstractProblemLoader Replaying proof Taclet: jmod_pulloutminusDenom 
215127     DEBUG Test worker     d.u.i.k.p.i.IntermediateProofReplayer Proof replay took 2.44ms 
215129     INFO  Test worker     d.u.i.k.p.i.AbstractProblemLoader Loading environment from tacletProofs/IntDiv/Taclet_jmodUnique1.proof 
215129     DEBUG Test worker     d.u.i.k.p.i.AbstractProblemLoader Environment load took 268.7ns 
215131     INFO  Test worker     d.u.i.k.p.i.AbstractProblemLoader Creating init config 
218129     DEBUG Test worker     d.u.i.k.p.i.AbstractProblemLoader Init config took 3s 
218130     INFO  Test worker     d.u.i.k.t.l.TacletProofObligationInput Proof obligation for taclet: jmodUnique1 
219105     INFO  Test worker     d.u.i.k.p.i.AbstractProblemLoader Replaying proof Taclet: jmodUnique1 
219185     DEBUG Test worker     d.u.i.k.p.i.IntermediateProofReplayer Proof replay took 69.71ms 
219188     INFO  Test worker     d.u.i.k.p.i.AbstractProblemLoader Loading environment from tacletProofs/IntDiv/Taclet_jmodUnique2.proof 
219188     DEBUG Test worker     d.u.i.k.p.i.AbstractProblemLoader Environment load took 318.8ns 
219189     INFO  Test worker     d.u.i.k.p.i.AbstractProblemLoader Creating init config 
222239     DEBUG Test worker     d.u.i.k.p.i.AbstractProblemLoader Init config took 3.05s 
222240     INFO  Test worker     d.u.i.k.t.l.TacletProofObligationInput Proof obligation for taclet: jmodUnique2 
223232     INFO  Test worker     d.u.i.k.p.i.AbstractProblemLoader Replaying proof Taclet: jmodUnique2 
223339     DEBUG Test worker     d.u.i.k.p.i.IntermediateProofReplayer Proof replay took 96.49ms 
223344     INFO  Test worker     d.u.i.k.p.i.AbstractProblemLoader Loading environment from tacletProofs/IntDiv/Taclet_intDivRem.proof 
223344     DEBUG Test worker     d.u.i.k.p.i.AbstractProblemLoader Environment load took 310.7ns 
223345     INFO  Test worker     d.u.i.k.p.i.AbstractProblemLoader Creating init config 
226268     DEBUG Test worker     d.u.i.k.p.i.AbstractProblemLoader Init config took 2.92s 
226269     INFO  Test worker     d.u.i.k.t.l.TacletProofObligationInput Proof obligation for taclet: intDivRem 
227221     INFO  Test worker     d.u.i.k.p.i.AbstractProblemLoader Replaying proof Taclet: intDivRem 
227225     DEBUG Test worker     d.u.i.k.p.i.IntermediateProofReplayer Proof replay took 1.38ms 
227227     INFO  Test worker     d.u.i.k.p.i.AbstractProblemLoader Loading environment from tacletProofs/IntDiv/Taclet_jmodjmod.proof 
227227     DEBUG Test worker     d.u.i.k.p.i.AbstractProblemLoader Environment load took 277.6ns 
227231     INFO  Test worker     d.u.i.k.p.i.AbstractProblemLoader Creating init config 
230251     DEBUG Test worker     d.u.i.k.p.i.AbstractProblemLoader Init config took 3.02s 
230252     INFO  Test worker     d.u.i.k.t.l.TacletProofObligationInput Proof obligation for taclet: jmodjmod 
231229     INFO  Test worker     d.u.i.k.p.i.AbstractProblemLoader Replaying proof Taclet: jmodjmod 
231281     DEBUG Test worker     d.u.i.k.p.i.IntermediateProofReplayer Proof replay took 42.52ms 
231282     INFO  Test worker     d.u.i.k.p.i.AbstractProblemLoader Loading environment from tacletProofs/IntDiv/Taclet_jmodDivisible.proof 
231282     DEBUG Test worker     d.u.i.k.p.i.AbstractProblemLoader Environment load took 220.8ns 
231284     INFO  Test worker     d.u.i.k.p.i.AbstractProblemLoader Creating init config 
234376     DEBUG Test worker     d.u.i.k.p.i.AbstractProblemLoader Init config took 3.09s 
234376     INFO  Test worker     d.u.i.k.t.l.TacletProofObligationInput Proof obligation for taclet: jmodDivisible 
235362     INFO  Test worker     d.u.i.k.p.i.AbstractProblemLoader Replaying proof Taclet: jmodDivisible 
235392     DEBUG Test worker     d.u.i.k.p.i.IntermediateProofReplayer Proof replay took 26.15ms 
235393     INFO  Test worker     d.u.i.k.p.i.AbstractProblemLoader Loading environment from tacletProofs/IntDiv/Taclet_jmodDivisibleRep.proof 
235393     DEBUG Test worker     d.u.i.k.p.i.AbstractProblemLoader Environment load took 76.3ns 
235394     INFO  Test worker     d.u.i.k.p.i.AbstractProblemLoader Creating init config 
238410     DEBUG Test worker     d.u.i.k.p.i.AbstractProblemLoader Init config took 3.02s 
238410     INFO  Test worker     d.u.i.k.t.l.TacletProofObligationInput Proof obligation for taclet: jmodDivisibleRep 
239384     INFO  Test worker     d.u.i.k.p.i.AbstractProblemLoader Replaying proof Taclet: jmodDivisibleRep 
239387     DEBUG Test worker     d.u.i.k.p.i.IntermediateProofReplayer Proof replay took 1.14ms 
239390     INFO  Test worker     d.u.i.k.p.i.AbstractProblemLoader Loading environment from tacletProofs/IntDiv/Taclet_jdivAddMultDenom.proof 
239390     DEBUG Test worker     d.u.i.k.p.i.AbstractProblemLoader Environment load took 303.7ns 
239392     INFO  Test worker     d.u.i.k.p.i.AbstractProblemLoader Creating init config 
242371     DEBUG Test worker     d.u.i.k.p.i.AbstractProblemLoader Init config took 2.98s 
242372     INFO  Test worker     d.u.i.k.t.l.TacletProofObligationInput Proof obligation for taclet: jdivAddMultDenom 
243353     INFO  Test worker     d.u.i.k.p.i.AbstractProblemLoader Replaying proof Taclet: jdivAddMultDenom 
243514     DEBUG Test worker     d.u.i.k.p.i.IntermediateProofReplayer Proof replay took 148.55ms 
243517     INFO  Test worker     d.u.i.k.p.i.AbstractProblemLoader Loading environment from tacletProofs/IntDiv/Taclet_jmodAltZero.proof 
243517     DEBUG Test worker     d.u.i.k.p.i.AbstractProblemLoader Environment load took 290.7ns 
243518     INFO  Test worker     d.u.i.k.p.i.AbstractProblemLoader Creating init config 
246548     DEBUG Test worker     d.u.i.k.p.i.AbstractProblemLoader Init config took 3.03s 
246548     INFO  Test worker     d.u.i.k.t.l.TacletProofObligationInput Proof obligation for taclet: jmodAltZero 
247531     INFO  Test worker     d.u.i.k.p.i.AbstractProblemLoader Replaying proof Taclet: jmodAltZero 
247542     DEBUG Test worker     d.u.i.k.p.i.IntermediateProofReplayer Proof replay took 8.89ms 
247543     INFO  Test worker     d.u.i.k.p.i.AbstractProblemLoader Loading environment from tacletProofs/IntDiv/Taclet_jmodAddMultDenomZero.proof 
247543     DEBUG Test worker     d.u.i.k.p.i.AbstractProblemLoader Environment load took 65.5ns 
247544     INFO  Test worker     d.u.i.k.p.i.AbstractProblemLoader Creating init config 
250640     DEBUG Test worker     d.u.i.k.p.i.AbstractProblemLoader Init config took 3.1s 
250640     INFO  Test worker     d.u.i.k.t.l.TacletProofObligationInput Proof obligation for taclet: jmodAddMultDenomZero 
251602     INFO  Test worker     d.u.i.k.p.i.AbstractProblemLoader Replaying proof Taclet: jmodAddMultDenomZero 
251616     DEBUG Test worker     d.u.i.k.p.i.IntermediateProofReplayer Proof replay took 11.44ms 
251619     INFO  Test worker     d.u.i.k.p.i.AbstractProblemLoader Loading environment from tacletProofs/IntDiv/Taclet_polyDiv_zero.proof 
251619     DEBUG Test worker     d.u.i.k.p.i.AbstractProblemLoader Environment load took 265.1ns 
251620     INFO  Test worker     d.u.i.k.p.i.AbstractProblemLoader Creating init config 
254644     DEBUG Test worker     d.u.i.k.p.i.AbstractProblemLoader Init config took 3.02s 
254644     INFO  Test worker     d.u.i.k.t.l.TacletProofObligationInput Proof obligation for taclet: polyDiv_zero 
255611     INFO  Test worker     d.u.i.k.p.i.AbstractProblemLoader Replaying proof Taclet: polyDiv_zero 
255630     DEBUG Test worker     d.u.i.k.p.i.IntermediateProofReplayer Proof replay took 15.74ms 
255631     INFO  Test worker     d.u.i.k.p.i.AbstractProblemLoader Loading environment from tacletProofs/IntDiv/Taclet_polyMod_ltdivDenom.proof 
255632     DEBUG Test worker     d.u.i.k.p.i.AbstractProblemLoader Environment load took 79.6ns 
255632     INFO  Test worker     d.u.i.k.p.i.AbstractProblemLoader Creating init config 
258594     DEBUG Test worker     d.u.i.k.p.i.AbstractProblemLoader Init config took 2.96s 
258594     INFO  Test worker     d.u.i.k.t.l.TacletProofObligationInput Proof obligation for taclet: polyMod_ltdivDenom 
259561     INFO  Test worker     d.u.i.k.p.i.AbstractProblemLoader Replaying proof Taclet: polyMod_ltdivDenom 
259575     DEBUG Test worker     d.u.i.k.p.i.IntermediateProofReplayer Proof replay took 7.32ms 
259580     INFO  Test worker     d.u.i.k.p.i.AbstractProblemLoader Loading environment from tacletProofs/bsum/Taclet_bsum_empty.proof 
259580     DEBUG Test worker     d.u.i.k.p.i.AbstractProblemLoader Environment load took 199.5ns 
259581     INFO  Test worker     d.u.i.k.p.i.AbstractProblemLoader Creating init config 
262539     DEBUG Test worker     d.u.i.k.p.i.AbstractProblemLoader Init config took 2.96s 
262539     INFO  Test worker     d.u.i.k.t.l.TacletProofObligationInput Proof obligation for taclet: bsum_empty 
263487     INFO  Test worker     d.u.i.k.p.i.AbstractProblemLoader Replaying proof Taclet: bsum_empty 
263491     DEBUG Test worker     d.u.i.k.p.i.IntermediateProofReplayer Proof replay took 1.76ms 
[...]
812619     DEBUG Test worker     d.u.i.k.m.s.ProofScriptEngine [equals(int::cast(any::seqGet(s_0,v_x_0)),v_y_0),equals(any::seqGet(f_s,v_x_0),any::seqGet(f_t,v_x_0)),equals(any::seqGet(f_s,v_y_0),any::seqGet(f_t,v_y_0)),leq(Z(0(#)),v_x_0),lt(v_x_0,seqLen(f_s)),leq(Z(0(#)),v_y_0),lt(v_y_0,seqLen(f_s)),equals(seqLen(f_s),seqLen(f_t)),equals(seqLen(s_0),seqLen(f_s)),leq(Z(0(#)),int::seqGet(s_0,v_x_0)),lt(int::seqGet(s_0,v_x_0),seqLen(s_0)),equals(int::instance(any::seqGet(s_0,v_x_0)),TRUE),leq(Z(0(#)),int::seqGet(s_0,v_y_0)),lt(int::seqGet(s_0,v_y_0),seqLen(s_0)),equals(int::instance(any::seqGet(s_0,v_y_0)),TRUE),leq(Z(0(#)),int::seqGet(s_0,jv_0)),lt(int::seqGet(s_0,jv_0),seqLen(s_0)),equals(int::instance(any::seqGet(s_0,jv_0)),TRUE),leq(Z(0(#)),int::seqGet(s_0,jv_1)),lt(int::seqGet(s_0,jv_1),seqLen(s_0)),equals(int::instance(any::seqGet(s_0,jv_1)),TRUE),leq(Z(0(#)),jv_0),lt(jv_0,seqLen(s_0)),equals(int::cast(any::seqGet(s_0,jv_0)),v_x_0),leq(Z(0(#)),jv_1),lt(jv_1,seqLen(s_0)),equals(int::cast(any::seqGet(s_0,jv_1)),v_y_0),seqNPerm(s_0),equals(any::seqGet(f_s,v_x_0),any::seqGet(f_t,int::seqGet(s_0,v_x_0))),equals(any::seqGet(f_s,v_y_0),any::seqGet(f_t,int::seqGet(s_0,v_y_0))),all{iv:int}(imp(and(leq(Z(0(#)),iv),lt(iv,seqLen(s_0))),equals(any::seqGet(f_s,iv),any::seqGet(f_t,int::seqGet(s_0,iv))))),seqPerm(f_s,f_t)]==>[equals(int::cast(any::seqGet(s_0,v_y_0)),v_y_0),equals(int::cast(any::seqGet(s_0,v_x_0)),v_x_0),equals(int::cast(any::seqGet(s_0,v_x_0)),int::cast(any::seqGet(s_0,v_y_0))),equals(v_x_0,v_y_0),equals(int::seqGet(seqSwap(seqSwap(s_0,jv_0,v_x_0),jv_0,v_y_0),v_x_0),v_x_0)] 
812619     DEBUG Test worker     d.u.i.k.m.s.ProofScriptEngine [leq(Z(0(#)),v_iv_0),lt(v_iv_0,seqLen(f_s)),equals(int::cast(any::seqGet(s_0,v_x_0)),v_y_0),equals(any::seqGet(f_s,v_x_0),any::seqGet(f_t,v_x_0)),equals(any::seqGet(f_s,v_y_0),any::seqGet(f_t,v_y_0)),leq(Z(0(#)),v_x_0),lt(v_x_0,seqLen(f_s)),leq(Z(0(#)),v_y_0),lt(v_y_0,seqLen(f_s)),equals(seqLen(f_s),seqLen(f_t)),equals(seqLen(s_0),seqLen(f_s)),leq(Z(0(#)),int::seqGet(s_0,v_x_0)),lt(int::seqGet(s_0,v_x_0),seqLen(s_0)),equals(int::instance(any::seqGet(s_0,v_x_0)),TRUE),leq(Z(0(#)),int::seqGet(s_0,v_y_0)),lt(int::seqGet(s_0,v_y_0),seqLen(s_0)),equals(int::instance(any::seqGet(s_0,v_y_0)),TRUE),leq(Z(0(#)),int::seqGet(s_0,jv_0)),lt(int::seqGet(s_0,jv_0),seqLen(s_0)),equals(int::instance(any::seqGet(s_0,jv_0)),TRUE),leq(Z(0(#)),int::seqGet(s_0,jv_1)),lt(int::seqGet(s_0,jv_1),seqLen(s_0)),equals(int::instance(any::seqGet(s_0,jv_1)),TRUE),leq(Z(0(#)),jv_0),lt(jv_0,seqLen(s_0)),equals(int::cast(any::seqGet(s_0,jv_0)),v_x_0),leq(Z(0(#)),jv_1),lt(jv_1,seqLen(s_0)),equals(int::cast(any::seqGet(s_0,jv_1)),v_y_0),seqNPerm(s_0),equals(any::seqGet(f_s,v_x_0),any::seqGet(f_t,int::seqGet(s_0,v_x_0))),equals(any::seqGet(f_s,v_y_0),any::seqGet(f_t,int::seqGet(s_0,v_y_0))),equals(any::seqGet(f_s,v_iv_0),any::seqGet(f_t,int::seqGet(s_0,v_iv_0))),all{iv:int}(imp(and(leq(Z(0(#)),iv),lt(iv,seqLen(s_0))),equals(any::seqGet(f_s,iv),any::seqGet(f_t,int::seqGet(s_0,iv))))),seqPerm(f_s,f_t)]==>[equals(int::cast(any::seqGet(s_0,v_y_0)),v_y_0),equals(int::cast(any::seqGet(s_0,v_x_0)),v_x_0),equals(int::cast(any::seqGet(s_0,v_x_0)),int::cast(any::seqGet(s_0,v_y_0))),equals(v_x_0,v_y_0),and(and(and(leq(Z(0(#)),jv_0),leq(Z(0(#)),v_y_0)),lt(jv_0,seqLen(seqSwap(s_0,jv_0,v_x_0)))),lt(v_y_0,seqLen(seqSwap(s_0,jv_0,v_x_0)))),equals(any::seqGet(f_s,v_iv_0),any::seqGet(f_t,int::seqGet(seqSwap(s_0,jv_0,v_x_0),v_iv_0)))] 
812619     DEBUG Test worker     d.u.i.k.m.s.ProofScriptEngine [lt(jv_0,seqLen(seqSwap(s_0,jv_0,v_x_0))),lt(v_y_0,seqLen(seqSwap(s_0,jv_0,v_x_0))),leq(Z(0(#)),v_iv_0),lt(v_iv_0,seqLen(f_s)),equals(int::cast(any::seqGet(s_0,v_x_0)),v_y_0),equals(any::seqGet(f_s,v_x_0),any::seqGet(f_t,v_x_0)),equals(any::seqGet(f_s,v_y_0),any::seqGet(f_t,v_y_0)),leq(Z(0(#)),v_x_0),lt(v_x_0,seqLen(f_s)),leq(Z(0(#)),v_y_0),lt(v_y_0,seqLen(f_s)),equals(seqLen(f_s),seqLen(f_t)),equals(seqLen(s_0),seqLen(f_s)),leq(Z(0(#)),int::seqGet(s_0,v_x_0)),lt(int::seqGet(s_0,v_x_0),seqLen(s_0)),equals(int::instance(any::seqGet(s_0,v_x_0)),TRUE),leq(Z(0(#)),int::seqGet(s_0,v_y_0)),lt(int::seqGet(s_0,v_y_0),seqLen(s_0)),equals(int::instance(any::seqGet(s_0,v_y_0)),TRUE),leq(Z(0(#)),int::seqGet(s_0,jv_0)),lt(int::seqGet(s_0,jv_0),seqLen(s_0)),equals(int::instance(any::seqGet(s_0,jv_0)),TRUE),leq(Z(0(#)),int::seqGet(s_0,jv_1)),lt(int::seqGet(s_0,jv_1),seqLen(s_0)),equals(int::instance(any::seqGet(s_0,jv_1)),TRUE),leq(Z(0(#)),jv_0),lt(jv_0,seqLen(s_0)),equals(int::cast(any::seqGet(s_0,jv_0)),v_x_0),leq(Z(0(#)),jv_1),lt(jv_1,seqLen(s_0)),equals(int::cast(any::seqGet(s_0,jv_1)),v_y_0),seqNPerm(s_0),equals(any::seqGet(f_s,v_x_0),any::seqGet(f_t,int::seqGet(s_0,v_x_0))),equals(any::seqGet(f_s,v_y_0),any::seqGet(f_t,int::seqGet(s_0,v_y_0))),equals(any::seqGet(f_s,v_iv_0),any::seqGet(f_t,int::seqGet(s_0,v_iv_0))),all{iv:int}(imp(and(leq(Z(0(#)),iv),lt(iv,seqLen(s_0))),equals(any::seqGet(f_s,iv),any::seqGet(f_t,int::seqGet(s_0,iv))))),seqPerm(f_s,f_t)]==>[equals(int::cast(any::seqGet(s_0,v_y_0)),v_y_0),equals(int::cast(any::seqGet(s_0,v_x_0)),v_x_0),equals(int::cast(any::seqGet(s_0,v_x_0)),int::cast(any::seqGet(s_0,v_y_0))),equals(v_x_0,v_y_0),equals(v_iv_0,jv_0),equals(v_iv_0,v_y_0),equals(any::seqGet(f_s,v_iv_0),any::seqGet(f_t,int::seqGet(seqSwap(s_0,jv_0,v_x_0),v_iv_0)))] 
812619     DEBUG Test worker     d.u.i.k.m.s.ProofScriptEngine [equals(v_iv_0,v_y_0),lt(jv_0,seqLen(seqSwap(s_0,jv_0,v_x_0))),lt(v_y_0,seqLen(seqSwap(s_0,jv_0,v_x_0))),leq(Z(0(#)),v_iv_0),lt(v_iv_0,seqLen(f_s)),equals(int::cast(any::seqGet(s_0,v_x_0)),v_y_0),equals(any::seqGet(f_s,v_x_0),any::seqGet(f_t,v_x_0)),equals(any::seqGet(f_s,v_y_0),any::seqGet(f_t,v_y_0)),leq(Z(0(#)),v_x_0),lt(v_x_0,seqLen(f_s)),leq(Z(0(#)),v_y_0),lt(v_y_0,seqLen(f_s)),equals(seqLen(f_s),seqLen(f_t)),equals(seqLen(s_0),seqLen(f_s)),leq(Z(0(#)),int::seqGet(s_0,v_x_0)),lt(int::seqGet(s_0,v_x_0),seqLen(s_0)),equals(int::instance(any::seqGet(s_0,v_x_0)),TRUE),leq(Z(0(#)),int::seqGet(s_0,v_y_0)),lt(int::seqGet(s_0,v_y_0),seqLen(s_0)),equals(int::instance(any::seqGet(s_0,v_y_0)),TRUE),leq(Z(0(#)),int::seqGet(s_0,jv_0)),lt(int::seqGet(s_0,jv_0),seqLen(s_0)),equals(int::instance(any::seqGet(s_0,jv_0)),TRUE),leq(Z(0(#)),int::seqGet(s_0,jv_1)),lt(int::seqGet(s_0,jv_1),seqLen(s_0)),equals(int::instance(any::seqGet(s_0,jv_1)),TRUE),leq(Z(0(#)),jv_0),lt(jv_0,seqLen(s_0)),equals(int::cast(any::seqGet(s_0,jv_0)),v_x_0),leq(Z(0(#)),jv_1),lt(jv_1,seqLen(s_0)),equals(int::cast(any::seqGet(s_0,jv_1)),v_y_0),seqNPerm(s_0),equals(any::seqGet(f_s,v_x_0),any::seqGet(f_t,int::seqGet(s_0,v_x_0))),equals(any::seqGet(f_s,v_y_0),any::seqGet(f_t,int::seqGet(s_0,v_y_0))),equals(any::seqGet(f_s,v_iv_0),any::seqGet(f_t,int::seqGet(s_0,v_iv_0))),all{iv:int}(imp(and(leq(Z(0(#)),iv),lt(iv,seqLen(s_0))),equals(any::seqGet(f_s,iv),any::seqGet(f_t,int::seqGet(s_0,iv))))),seqPerm(f_s,f_t)]==>[equals(int::cast(any::seqGet(s_0,v_y_0)),v_y_0),equals(int::cast(any::seqGet(s_0,v_x_0)),v_x_0),equals(int::cast(any::seqGet(s_0,v_x_0)),int::cast(any::seqGet(s_0,v_y_0))),equals(v_x_0,v_y_0),equals(v_iv_0,jv_0),and(and(and(leq(Z(0(#)),jv_0),leq(Z(0(#)),v_x_0)),lt(jv_0,seqLen(s_0))),lt(v_x_0,seqLen(s_0))),equals(any::seqGet(f_s,v_iv_0),any::seqGet(f_t,int::seqGet(s_0,jv_0)))] 
812620     DEBUG Test worker     d.u.i.k.m.s.ProofScriptEngine [equals(jv_0,jv_0),lt(v_x_0,seqLen(s_0)),equals(v_iv_0,v_y_0),lt(jv_0,seqLen(seqSwap(s_0,jv_0,v_x_0))),lt(v_y_0,seqLen(seqSwap(s_0,jv_0,v_x_0))),leq(Z(0(#)),v_iv_0),lt(v_iv_0,seqLen(f_s)),equals(int::cast(any::seqGet(s_0,v_x_0)),v_y_0),equals(any::seqGet(f_s,v_x_0),any::seqGet(f_t,v_x_0)),equals(any::seqGet(f_s,v_y_0),any::seqGet(f_t,v_y_0)),leq(Z(0(#)),v_x_0),lt(v_x_0,seqLen(f_s)),leq(Z(0(#)),v_y_0),lt(v_y_0,seqLen(f_s)),equals(seqLen(f_s),seqLen(f_t)),equals(seqLen(s_0),seqLen(f_s)),leq(Z(0(#)),int::seqGet(s_0,v_x_0)),lt(int::seqGet(s_0,v_x_0),seqLen(s_0)),equals(int::instance(any::seqGet(s_0,v_x_0)),TRUE),leq(Z(0(#)),int::seqGet(s_0,v_y_0)),lt(int::seqGet(s_0,v_y_0),seqLen(s_0)),equals(int::instance(any::seqGet(s_0,v_y_0)),TRUE),leq(Z(0(#)),int::seqGet(s_0,jv_0)),lt(int::seqGet(s_0,jv_0),seqLen(s_0)),equals(int::instance(any::seqGet(s_0,jv_0)),TRUE),leq(Z(0(#)),int::seqGet(s_0,jv_1)),lt(int::seqGet(s_0,jv_1),seqLen(s_0)),equals(int::instance(any::seqGet(s_0,jv_1)),TRUE),leq(Z(0(#)),jv_0),lt(jv_0,seqLen(s_0)),equals(int::cast(any::seqGet(s_0,jv_0)),v_x_0),leq(Z(0(#)),jv_1),lt(jv_1,seqLen(s_0)),equals(int::cast(any::seqGet(s_0,jv_1)),v_y_0),seqNPerm(s_0),equals(any::seqGet(f_s,v_x_0),any::seqGet(f_t,int::seqGet(s_0,v_x_0))),equals(any::seqGet(f_s,v_y_0),any::seqGet(f_t,int::seqGet(s_0,v_y_0))),equals(any::seqGet(f_s,v_iv_0),any::seqGet(f_t,int::seqGet(s_0,v_iv_0))),all{iv:int}(imp(and(leq(Z(0(#)),iv),lt(iv,seqLen(s_0))),equals(any::seqGet(f_s,iv),any::seqGet(f_t,int::seqGet(s_0,iv))))),seqPerm(f_s,f_t)]==>[equals(int::cast(any::seqGet(s_0,v_y_0)),v_y_0),equals(int::cast(any::seqGet(s_0,v_x_0)),v_x_0),equals(int::cast(any::seqGet(s_0,v_x_0)),int::cast(any::seqGet(s_0,v_y_0))),equals(v_x_0,v_y_0),equals(v_iv_0,jv_0),equals(any::seqGet(f_s,v_iv_0),any::seqGet(f_t,int::seqGet(s_0,v_x_0)))] 
812620     DEBUG Test worker     d.u.i.k.m.s.ProofScriptEngine [lt(v_x_0,seqLen(s_0)),equals(v_iv_0,v_y_0),lt(jv_0,seqLen(seqSwap(s_0,jv_0,v_x_0))),lt(v_y_0,seqLen(seqSwap(s_0,jv_0,v_x_0))),leq(Z(0(#)),v_iv_0),lt(v_iv_0,seqLen(f_s)),equals(int::cast(any::seqGet(s_0,v_x_0)),v_y_0),equals(any::seqGet(f_s,v_x_0),any::seqGet(f_t,v_x_0)),equals(any::seqGet(f_s,v_y_0),any::seqGet(f_t,v_y_0)),leq(Z(0(#)),v_x_0),lt(v_x_0,seqLen(f_s)),leq(Z(0(#)),v_y_0),lt(v_y_0,seqLen(f_s)),equals(seqLen(f_s),seqLen(f_t)),equals(seqLen(s_0),seqLen(f_s)),leq(Z(0(#)),int::seqGet(s_0,v_x_0)),lt(int::seqGet(s_0,v_x_0),seqLen(s_0)),equals(int::instance(any::seqGet(s_0,v_x_0)),TRUE),leq(Z(0(#)),int::seqGet(s_0,v_y_0)),lt(int::seqGet(s_0,v_y_0),seqLen(s_0)),equals(int::instance(any::seqGet(s_0,v_y_0)),TRUE),leq(Z(0(#)),int::seqGet(s_0,jv_0)),lt(int::seqGet(s_0,jv_0),seqLen(s_0)),equals(int::instance(any::seqGet(s_0,jv_0)),TRUE),leq(Z(0(#)),int::seqGet(s_0,jv_1)),lt(int::seqGet(s_0,jv_1),seqLen(s_0)),equals(int::instance(any::seqGet(s_0,jv_1)),TRUE),leq(Z(0(#)),jv_0),lt(jv_0,seqLen(s_0)),equals(int::cast(any::seqGet(s_0,jv_0)),v_x_0),leq(Z(0(#)),jv_1),lt(jv_1,seqLen(s_0)),equals(int::cast(any::seqGet(s_0,jv_1)),v_y_0),seqNPerm(s_0),equals(any::seqGet(f_s,v_x_0),any::seqGet(f_t,int::seqGet(s_0,v_x_0))),equals(any::seqGet(f_s,v_y_0),any::seqGet(f_t,int::seqGet(s_0,v_y_0))),equals(any::seqGet(f_s,v_iv_0),any::seqGet(f_t,int::seqGet(s_0,v_iv_0))),all{iv:int}(imp(and(leq(Z(0(#)),iv),lt(iv,seqLen(s_0))),equals(any::seqGet(f_s,iv),any::seqGet(f_t,int::seqGet(s_0,iv))))),seqPerm(f_s,f_t)]==>[equals(int::cast(any::seqGet(s_0,v_y_0)),v_y_0),equals(int::cast(any::seqGet(s_0,v_x_0)),v_x_0),equals(int::cast(any::seqGet(s_0,v_x_0)),int::cast(any::seqGet(s_0,v_y_0))),equals(v_x_0,v_y_0),equals(v_iv_0,jv_0),equals(jv_0,jv_0),equals(any::seqGet(f_s,v_iv_0),any::seqGet(f_t,if-then-else(equals(jv_0,v_x_0),int::seqGet(s_0,jv_0),int::seqGet(s_0,jv_0))))] 
812627     INFO  Test worker     d.u.i.k.p.i.AbstractProblemLoader Loading environment from tacletProofs/seqPerm2/Taclet_schiffl_thm_1.proof 
812627     DEBUG Test worker     d.u.i.k.p.i.AbstractProblemLoader Environment load took 56.8ns 
812630     INFO  Test worker     d.u.i.k.p.i.AbstractProblemLoader Creating init config 
815893     DEBUG Test worker     d.u.i.k.p.i.AbstractProblemLoader Init config took 3.26s 
815893     INFO  Test worker     d.u.i.k.t.l.TacletProofObligationInput Proof obligation for taclet: schiffl_thm_1 
816916     INFO  Test worker     d.u.i.k.p.i.AbstractProblemLoader Replaying proof Taclet: schiffl_thm_1 
816917     DEBUG Test worker     d.u.i.k.p.i.IntermediateProofReplayer Proof replay took 6.9ns 
816918     DEBUG Test worker     d.u.i.k.m.s.ProofScriptEngine 1: 'macro split-prop' 
816927     DEBUG Test worker     d.u.i.k.m.s.ProofScriptEngine 2: 'rule schiffl_lemma_2 formula='seqPerm(f_s, f_t)'' 
816937     DEBUG Test worker     d.u.i.k.m.s.ProofScriptEngine 3: 'instantiate hide var=x with='f_x'' 
816940     DEBUG Test worker     d.u.i.k.m.s.ProofScriptEngine 4: 'instantiate hide var=y with='f_y'' 
816943     DEBUG Test worker     d.u.i.k.m.s.ProofScriptEngine 5: 'rule impLeft' 
816945     DEBUG Test worker     d.u.i.k.m.s.ProofScriptEngine 6: 'tryclose branch' 
816951     DEBUG Test worker     d.u.i.k.m.s.ProofScriptEngine 7: 'rule exLeft' 
816951     DEBUG Test worker     d.u.i.k.m.s.ProofScriptEngine 8: 'macro split-prop' 
816957     DEBUG Test worker     d.u.i.k.m.s.ProofScriptEngine 9: 'rule seqPermDef occ=1' 
816957     DEBUG Test worker     d.u.i.k.m.s.ProofScriptEngine 10: 'rule andRight' 
816960     DEBUG Test worker     d.u.i.k.m.s.ProofScriptEngine 11: 'tryclose branch' 
816972     DEBUG Test worker     d.u.i.k.m.s.ProofScriptEngine 12: 'instantiate hide var=s with='r_0'' 
816972     DEBUG Test worker     d.u.i.k.m.s.ProofScriptEngine 13: 'rule andRight' 
816974     DEBUG Test worker     d.u.i.k.m.s.ProofScriptEngine 14: 'tryclose branch' 
817032     DEBUG Test worker     d.u.i.k.m.s.ProofScriptEngine 15: 'rule allRight' 
817033     DEBUG Test worker     d.u.i.k.m.s.ProofScriptEngine 16: 'rule impRight' 
817034     DEBUG Test worker     d.u.i.k.m.s.ProofScriptEngine 17: 'instantiate hide var=iv with='iv_0'' 
817035     DEBUG Test worker     d.u.i.k.m.s.ProofScriptEngine 18: 'rule impLeft' 
817035     DEBUG Test worker     d.u.i.k.m.s.ProofScriptEngine 19: 'tryclose branch' 
817114     DEBUG Test worker     d.u.i.k.m.s.ProofScriptEngine 20: 'rule andLeft' 
817115     DEBUG Test worker     d.u.i.k.m.s.ProofScriptEngine 21: 'rule seqNPermRange' 
817115     DEBUG Test worker     d.u.i.k.m.s.ProofScriptEngine 22: 'instantiate hide var=iv with='iv_0'' 
817116     DEBUG Test worker     d.u.i.k.m.s.ProofScriptEngine 23: 'rule impLeft' 
817117     DEBUG Test worker     d.u.i.k.m.s.ProofScriptEngine 24: 'tryclose branch' 
817122     DEBUG Test worker     d.u.i.k.m.s.ProofScriptEngine 25: 'rule andLeft' 
817122     DEBUG Test worker     d.u.i.k.m.s.ProofScriptEngine 26: 'rule andLeft' 
817123     DEBUG Test worker     d.u.i.k.m.s.ProofScriptEngine 27: 'rule seqNPermRange' 
817123     DEBUG Test worker     d.u.i.k.m.s.ProofScriptEngine 28: 'instantiate hide var=iv with='f_x'' 
817124     DEBUG Test worker     d.u.i.k.m.s.ProofScriptEngine 29: 'rule impLeft' 
817125     DEBUG Test worker     d.u.i.k.m.s.ProofScriptEngine 30: 'tryclose branch' 
817231     DEBUG Test worker     d.u.i.k.m.s.ProofScriptEngine 31: 'rule andLeft' 
817231     DEBUG Test worker     d.u.i.k.m.s.ProofScriptEngine 32: 'rule andLeft' 
817232     DEBUG Test worker     d.u.i.k.m.s.ProofScriptEngine 33: 'rule seqNPermRange' 
817233     DEBUG Test worker     d.u.i.k.m.s.ProofScriptEngine 34: 'instantiate hide var=iv with='f_y'' 
817234     DEBUG Test worker     d.u.i.k.m.s.ProofScriptEngine 35: 'rule impLeft' 
817234     DEBUG Test worker     d.u.i.k.m.s.ProofScriptEngine 36: 'tryclose branch' 
817335     DEBUG Test worker     d.u.i.k.m.s.ProofScriptEngine 37: 'rule andLeft' 
817336     DEBUG Test worker     d.u.i.k.m.s.ProofScriptEngine 38: 'rule andLeft' 
817336     DEBUG Test worker     d.u.i.k.m.s.ProofScriptEngine 39: 'rule getOfSeqDef occ=0' 
817337     DEBUG Test worker     d.u.i.k.m.s.ProofScriptEngine 40: 'rule getOfSeqDef' 
817338     DEBUG Test worker     d.u.i.k.m.s.ProofScriptEngine 41: 'rule ifthenelse_split occ=0' 
817339     DEBUG Test worker     d.u.i.k.m.s.ProofScriptEngine 42: 'rule andLeft occ=0' 
817339     DEBUG Test worker     d.u.i.k.m.s.ProofScriptEngine 43: 'rule sub_zero_2 occ=0' 
817340     DEBUG Test worker     d.u.i.k.m.s.ProofScriptEngine 44: 'rule ifthenelse_split occ=2' 
817341     DEBUG Test worker     d.u.i.k.m.s.ProofScriptEngine 45: 'rule andLeft' 
817341     DEBUG Test worker     d.u.i.k.m.s.ProofScriptEngine 46: 'rule sub_zero_2 occ=0' 
817342     DEBUG Test worker     d.u.i.k.m.s.ProofScriptEngine 47: 'rule add_zero_right occ=0' 
817342     DEBUG Test worker     d.u.i.k.m.s.ProofScriptEngine 48: 'rule add_zero_right occ=0' 
817342     DEBUG Test worker     d.u.i.k.m.s.ProofScriptEngine 49: 'rule add_zero_right occ=0' 
817343     DEBUG Test worker     d.u.i.k.m.s.ProofScriptEngine 50: 'rule add_zero_right occ=0' 
817344     DEBUG Test worker     d.u.i.k.m.s.ProofScriptEngine 51: 'rule add_zero_right occ=0' 
817344     DEBUG Test worker     d.u.i.k.m.s.ProofScriptEngine 52: 'rule add_zero_right occ=0' 
817345     DEBUG Test worker     d.u.i.k.m.s.ProofScriptEngine 53: 'rule ifthenelse_split occ=0' 
817346     DEBUG Test worker     d.u.i.k.m.s.ProofScriptEngine 54: 'rule ifthenelse_split occ=0' 
817347     DEBUG Test worker     d.u.i.k.m.s.ProofScriptEngine 55: 'tryclose branch' 
817350     DEBUG Test worker     d.u.i.k.m.s.ProofScriptEngine 56: 'tryclose branch' 
817397     DEBUG Test worker     d.u.i.k.m.s.ProofScriptEngine 57: 'rule ifthenelse_split occ=0' 
817398     DEBUG Test worker     d.u.i.k.m.s.ProofScriptEngine 58: 'tryclose branch' 
817462     DEBUG Test worker     d.u.i.k.m.s.ProofScriptEngine 59: 'rule ifthenelse_split occ=0' 
817463     DEBUG Test worker     d.u.i.k.m.s.ProofScriptEngine 60: 'rule seqNPermInjective' 
817464     DEBUG Test worker     d.u.i.k.m.s.ProofScriptEngine 61: 'instantiate hide var=iv with='iv_0'' 
817465     DEBUG Test worker     d.u.i.k.m.s.ProofScriptEngine 62: 'instantiate hide var=jv with='f_y'' 
817466     DEBUG Test worker     d.u.i.k.m.s.ProofScriptEngine 63: 'rule impLeft' 
817466     DEBUG Test worker     d.u.i.k.m.s.ProofScriptEngine 64: 'tryclose branch' 
817562     DEBUG Test worker     d.u.i.k.m.s.ProofScriptEngine 65: 'tryclose branch' 
817564     DEBUG Test worker     d.u.i.k.m.s.ProofScriptEngine 66: 'rule ifthenelse_split occ=0' 
817565     DEBUG Test worker     d.u.i.k.m.s.ProofScriptEngine 67: 'rule seqNPermInjective' 
817566     DEBUG Test worker     d.u.i.k.m.s.ProofScriptEngine 68: 'instantiate hide var=iv with='iv_0'' 
817567     DEBUG Test worker     d.u.i.k.m.s.ProofScriptEngine 69: 'instantiate hide var=jv with='f_x'' 
817568     DEBUG Test worker     d.u.i.k.m.s.ProofScriptEngine 70: 'rule impLeft' 
817575     DEBUG Test worker     d.u.i.k.m.s.ProofScriptEngine 71: 'tryclose branch' 
817637     DEBUG Test worker     d.u.i.k.m.s.ProofScriptEngine 72: 'tryclose branch' 
817639     DEBUG Test worker     d.u.i.k.m.s.ProofScriptEngine 73: 'tryclose branch' 
817643     DEBUG Test worker     d.u.i.k.m.s.ProofScriptEngine 74: 'tryclose branch' 
817712     DEBUG Test worker     d.u.i.k.m.s.ProofScriptEngine 75: 'tryclose branch' 
817783     INFO  Test worker     d.u.i.k.p.i.AbstractProblemLoader Loading environment from tacletProofs/seqRules/Taclet_eqSameSeq.proof 
817783     DEBUG Test worker     d.u.i.k.p.i.AbstractProblemLoader Environment load took 104.8ns 
817784     INFO  Test worker     d.u.i.k.p.i.AbstractProblemLoader Creating init config 
820939     DEBUG Test worker     d.u.i.k.p.i.AbstractProblemLoader Init config took 3.16s 
820939     INFO  Test worker     d.u.i.k.t.l.TacletProofObligationInput Proof obligation for taclet: eqSameSeq 
822044     INFO  Test worker     d.u.i.k.p.i.AbstractProblemLoader Replaying proof Taclet: eqSameSeq 
822068     DEBUG Test worker     d.u.i.k.p.i.IntermediateProofReplayer Proof replay took 20.37ms 
]]></system-out>
  <system-err><![CDATA[]]></system-err>
</testsuite>
